[0.066s] Invoking command in '/home/allen/rm_ws/build/linefit_ground_segmentation': CMAKE_PREFIX_PATH=${CMAKE_PREFIX_PATH}:/opt/ros/humble /usr/bin/cmake /home/allen/rm_ws/src/rm_perception/linefit_ground_segementation_ros2/linefit_ground_segmentation -DAMENT_CMAKE_SYMLINK_INSTALL=1 -DCMAKE_INSTALL_PREFIX=/home/allen/rm_ws/install/linefit_ground_segmentation
[0.507s] -- The C compiler identification is GNU 11.4.0
[0.913s] -- The CXX compiler identification is GNU 11.4.0
[0.955s] -- Detecting C compiler ABI info
[1.389s] -- Detecting C compiler ABI info - done
[1.413s] -- Check for working C compiler: /usr/bin/cc - skipped
[1.413s] -- Detecting C compile features
[1.417s] -- Detecting C compile features - done
[1.435s] -- Detecting CXX compiler ABI info
[2.091s] -- Detecting CXX compiler ABI info - done
[2.118s] -- Check for working CXX compiler: /usr/bin/c++ - skipped
[2.125s] -- Detecting CXX compile features
[2.125s] -- Detecting CXX compile features - done
[2.146s] -- Found ament_cmake_auto: 1.3.11 (/opt/ros/humble/share/ament_cmake_auto/cmake)
[2.791s] -- Found Python3: /usr/bin/python3 (found version "3.10.12") found components: Interpreter 
[2.969s] -- Override CMake install command with custom implementation using symlinks instead of copying resources
[4.053s] -- Found rosidl_generator_c: 3.1.6 (/opt/ros/humble/share/rosidl_generator_c/cmake)
[4.104s] -- Found rosidl_adapter: 3.1.6 (/opt/ros/humble/share/rosidl_adapter/cmake)
[4.164s] -- Found rosidl_generator_cpp: 3.1.6 (/opt/ros/humble/share/rosidl_generator_cpp/cmake)
[4.253s] -- Using all available rosidl_typesupport_c: rosidl_typesupport_fastrtps_c;rosidl_typesupport_introspection_c
[4.369s] -- Using all available rosidl_typesupport_cpp: rosidl_typesupport_fastrtps_cpp;rosidl_typesupport_introspection_cpp
[4.751s] -- Found rmw_implementation_cmake: 6.1.2 (/opt/ros/humble/share/rmw_implementation_cmake/cmake)
[4.775s] -- Found rmw_cyclonedds_cpp: 1.3.4 (/opt/ros/humble/share/rmw_cyclonedds_cpp/cmake)
[4.943s] -- Using RMW implementation 'rmw_cyclonedds_cpp' as default
[5.010s] -- Looking for pthread.h
[5.456s] -- Looking for pthread.h - found
[5.459s] -- Performing Test CMAKE_HAVE_LIBC_PTHREAD
[5.828s] -- Performing Test CMAKE_HAVE_LIBC_PTHREAD - Success
[5.829s] -- Found Threads: TRUE  
[6.148s] -- Checking for module 'eigen3'
[6.197s] --   Found eigen3, version 3.4.0
[6.383s] -- Found Eigen: /usr/include/eigen3 (Required is at least version "3.1") 
[6.384s] -- Eigen found (include: /usr/include/eigen3, version: 3.4.0)
[6.604s] -- Checking for module 'flann'
[6.670s] --   Found flann, version 1.9.1
[6.910s] -- Found FLANN: /usr/lib/x86_64-linux-gnu/libflann_cpp.so  
[6.910s] -- FLANN found (include: /usr/include, lib: /usr/lib/x86_64-linux-gnu/libflann_cpp.so)
[10.671s] -- Checking for module 'libusb-1.0'
[10.722s] --   Found libusb-1.0, version 1.0.25
[10.894s] -- Found libusb: /usr/lib/x86_64-linux-gnu/libusb-1.0.so  
[10.898s] -- OpenNI found (version: 1.5.4.0, include: /usr/include/ni, lib: /usr/lib/libOpenNI.so;libusb::libusb)
[11.155s] -- OpenNI2 found (version: 2.2.0.33, include: /usr/include/openni2, lib: /usr/lib/x86_64-linux-gnu/libOpenNI2.so;libusb::libusb)
[11.538s] -- Eigen found (include: /usr/include/eigen3, version: 3.4.0)
[11.559s] -- OpenNI found (version: 1.5.4.0, include: /usr/include/ni, lib: /usr/lib/libOpenNI.so;libusb::libusb)
[11.588s] -- OpenNI2 found (version: 2.2.0.33, include: /usr/include/openni2, lib: /usr/lib/x86_64-linux-gnu/libOpenNI2.so;libusb::libusb)
[11.901s] -- Found Qhull version 8.0.2
[12.219s] -- OpenNI found (version: 1.5.4.0, include: /usr/include/ni, lib: /usr/lib/libOpenNI.so;libusb::libusb)
[12.488s] -- Found PCL_COMMON: /usr/lib/x86_64-linux-gnu/libpcl_common.so  
[12.489s] -- Found PCL_KDTREE: /usr/lib/x86_64-linux-gnu/libpcl_kdtree.so  
[12.493s] -- Found PCL_OCTREE: /usr/lib/x86_64-linux-gnu/libpcl_octree.so  
[12.495s] -- Found PCL_SEARCH: /usr/lib/x86_64-linux-gnu/libpcl_search.so  
[12.499s] -- Found PCL_SAMPLE_CONSENSUS: /usr/lib/x86_64-linux-gnu/libpcl_sample_consensus.so  
[12.500s] -- Found PCL_FILTERS: /usr/lib/x86_64-linux-gnu/libpcl_filters.so  
[12.502s] -- Found PCL_2D: /usr/include/pcl-1.12  
[12.502s] -- Found PCL_GEOMETRY: /usr/include/pcl-1.12  
[12.503s] -- Found PCL_IO: /usr/lib/x86_64-linux-gnu/libpcl_io.so  
[12.505s] -- Found PCL_FEATURES: /usr/lib/x86_64-linux-gnu/libpcl_features.so  
[12.509s] -- Found PCL_ML: /usr/lib/x86_64-linux-gnu/libpcl_ml.so  
[12.509s] -- Found PCL_SEGMENTATION: /usr/lib/x86_64-linux-gnu/libpcl_segmentation.so  
[12.511s] -- Found PCL_VISUALIZATION: /usr/lib/x86_64-linux-gnu/libpcl_visualization.so  
[12.512s] -- Found PCL_SURFACE: /usr/lib/x86_64-linux-gnu/libpcl_surface.so  
[12.514s] -- Found PCL_REGISTRATION: /usr/lib/x86_64-linux-gnu/libpcl_registration.so  
[12.515s] -- Found PCL_KEYPOINTS: /usr/lib/x86_64-linux-gnu/libpcl_keypoints.so  
[12.518s] -- Found PCL_TRACKING: /usr/lib/x86_64-linux-gnu/libpcl_tracking.so  
[12.519s] -- Found PCL_RECOGNITION: /usr/lib/x86_64-linux-gnu/libpcl_recognition.so  
[12.520s] -- Found PCL_STEREO: /usr/lib/x86_64-linux-gnu/libpcl_stereo.so  
[12.524s] -- Found PCL_APPS: /usr/lib/x86_64-linux-gnu/libpcl_apps.so  
[12.525s] -- Found PCL_IN_HAND_SCANNER: /usr/include/pcl-1.12  
[12.525s] -- Found PCL_MODELER: /usr/include/pcl-1.12  
[12.530s] -- Found PCL_POINT_CLOUD_EDITOR: /usr/include/pcl-1.12  
[12.530s] -- Found PCL_OUTOFCORE: /usr/lib/x86_64-linux-gnu/libpcl_outofcore.so  
[12.532s] -- Found PCL_PEOPLE: /usr/lib/x86_64-linux-gnu/libpcl_people.so  
[12.665s] -- Found eigen3_cmake_module: 0.1.1 (/opt/ros/humble/share/eigen3_cmake_module/cmake)
[12.669s] -- Found Eigen3: TRUE (found version "3.4.0") 
[12.669s] -- Ensuring Eigen3 include directory is part of orocos-kdl CMake target
[12.984s] -- Configuring done
[13.249s] -- Generating done
[13.300s] -- Build files have been written to: /home/allen/rm_ws/build/linefit_ground_segmentation
[13.336s] Invoked command in '/home/allen/rm_ws/build/linefit_ground_segmentation' returned '0': CMAKE_PREFIX_PATH=${CMAKE_PREFIX_PATH}:/opt/ros/humble /usr/bin/cmake /home/allen/rm_ws/src/rm_perception/linefit_ground_segementation_ros2/linefit_ground_segmentation -DAMENT_CMAKE_SYMLINK_INSTALL=1 -DCMAKE_INSTALL_PREFIX=/home/allen/rm_ws/install/linefit_ground_segmentation
[13.339s] Invoking command in '/home/allen/rm_ws/build/linefit_ground_segmentation': CMAKE_PREFIX_PATH=${CMAKE_PREFIX_PATH}:/opt/ros/humble /usr/bin/cmake --build /home/allen/rm_ws/build/linefit_ground_segmentation -- -j2 -l2
[13.552s] [ 20%] [32mBuilding CXX object CMakeFiles/linefit_ground_segmentation.dir/src/bin.cc.o[0m
[20.632s] [ 40%] [32mBuilding CXX object CMakeFiles/linefit_ground_segmentation.dir/src/ground_segmentation.cc.o[0m
[36.777s] [ 60%] [32mBuilding CXX object CMakeFiles/linefit_ground_segmentation.dir/src/segment.cc.o[0m
[48.688s] [ 80%] [32mBuilding CXX object CMakeFiles/linefit_ground_segmentation.dir/src/viewer.cc.o[0m
[62.525s] [100%] [32m[1mLinking CXX shared library liblinefit_ground_segmentation.so[0m
[63.764s] [100%] Built target linefit_ground_segmentation
[63.812s] Invoked command in '/home/allen/rm_ws/build/linefit_ground_segmentation' returned '0': CMAKE_PREFIX_PATH=${CMAKE_PREFIX_PATH}:/opt/ros/humble /usr/bin/cmake --build /home/allen/rm_ws/build/linefit_ground_segmentation -- -j2 -l2
[63.813s] Invoking command in '/home/allen/rm_ws/build/linefit_ground_segmentation': CMAKE_PREFIX_PATH=${CMAKE_PREFIX_PATH}:/opt/ros/humble /usr/bin/cmake --install /home/allen/rm_ws/build/linefit_ground_segmentation
[63.856s] -- Install configuration: ""
[63.858s] -- Execute custom install script
[63.864s] -- Symlinking: /home/allen/rm_ws/install/linefit_ground_segmentation/include/ground_segmentation/bin.h
[63.906s] -- Symlinking: /home/allen/rm_ws/install/linefit_ground_segmentation/include/ground_segmentation/ground_segmentation.h
[63.938s] -- Symlinking: /home/allen/rm_ws/install/linefit_ground_segmentation/include/ground_segmentation/segment.h
[63.968s] -- Symlinking: /home/allen/rm_ws/install/linefit_ground_segmentation/include/ground_segmentation/typedefs.h
[64.004s] -- Symlinking: /home/allen/rm_ws/install/linefit_ground_segmentation/include/ground_segmentation/viewer.h
[64.035s] -- Symlinking: /home/allen/rm_ws/install/linefit_ground_segmentation/share/linefit_ground_segmentation/environment/library_path.sh
[64.071s] -- Symlinking: /home/allen/rm_ws/install/linefit_ground_segmentation/share/linefit_ground_segmentation/environment/library_path.dsv
[64.109s] -- Symlinking: /home/allen/rm_ws/install/linefit_ground_segmentation/lib/liblinefit_ground_segmentation.so
[64.145s] -- Symlinking: /home/allen/rm_ws/install/linefit_ground_segmentation/share/ament_index/resource_index/package_run_dependencies/linefit_ground_segmentation
[64.176s] -- Symlinking: /home/allen/rm_ws/install/linefit_ground_segmentation/share/ament_index/resource_index/parent_prefix_path/linefit_ground_segmentation
[64.206s] -- Symlinking: /home/allen/rm_ws/install/linefit_ground_segmentation/share/linefit_ground_segmentation/environment/ament_prefix_path.sh
[64.235s] -- Symlinking: /home/allen/rm_ws/install/linefit_ground_segmentation/share/linefit_ground_segmentation/environment/ament_prefix_path.dsv
[64.267s] -- Symlinking: /home/allen/rm_ws/install/linefit_ground_segmentation/share/linefit_ground_segmentation/environment/path.sh
[64.299s] -- Symlinking: /home/allen/rm_ws/install/linefit_ground_segmentation/share/linefit_ground_segmentation/environment/path.dsv
[64.339s] -- Symlinking: /home/allen/rm_ws/install/linefit_ground_segmentation/share/linefit_ground_segmentation/local_setup.bash
[64.377s] -- Symlinking: /home/allen/rm_ws/install/linefit_ground_segmentation/share/linefit_ground_segmentation/local_setup.sh
[64.420s] -- Symlinking: /home/allen/rm_ws/install/linefit_ground_segmentation/share/linefit_ground_segmentation/local_setup.zsh
[64.463s] -- Symlinking: /home/allen/rm_ws/install/linefit_ground_segmentation/share/linefit_ground_segmentation/local_setup.dsv
[64.502s] -- Symlinking: /home/allen/rm_ws/install/linefit_ground_segmentation/share/linefit_ground_segmentation/package.dsv
[64.545s] -- Symlinking: /home/allen/rm_ws/install/linefit_ground_segmentation/share/ament_index/resource_index/packages/linefit_ground_segmentation
[64.578s] -- Symlinking: /home/allen/rm_ws/install/linefit_ground_segmentation/share/linefit_ground_segmentation/cmake/ament_cmake_export_dependencies-extras.cmake
[64.604s] -- Symlinking: /home/allen/rm_ws/install/linefit_ground_segmentation/share/linefit_ground_segmentation/cmake/ament_cmake_export_include_directories-extras.cmake
[64.638s] -- Symlinking: /home/allen/rm_ws/install/linefit_ground_segmentation/share/linefit_ground_segmentation/cmake/ament_cmake_export_libraries-extras.cmake
[64.667s] -- Symlinking: /home/allen/rm_ws/install/linefit_ground_segmentation/share/linefit_ground_segmentation/cmake/linefit_ground_segmentationConfig.cmake
[64.696s] -- Symlinking: /home/allen/rm_ws/install/linefit_ground_segmentation/share/linefit_ground_segmentation/cmake/linefit_ground_segmentationConfig-version.cmake
[64.722s] -- Symlinking: /home/allen/rm_ws/install/linefit_ground_segmentation/share/linefit_ground_segmentation/package.xml
[64.755s] Invoked command in '/home/allen/rm_ws/build/linefit_ground_segmentation' returned '0': CMAKE_PREFIX_PATH=${CMAKE_PREFIX_PATH}:/opt/ros/humble /usr/bin/cmake --install /home/allen/rm_ws/build/linefit_ground_segmentation
