[0.045s] Invoking command in '/home/allen/rm_ws/build/livox_ros_driver2': CMAKE_PREFIX_PATH=${CMAKE_PREFIX_PATH}:/opt/ros/humble /usr/bin/cmake /home/allen/rm_ws/src/livox_ros_driver2/src -DAMENT_CMAKE_SYMLINK_INSTALL=1 -DCMAKE_INSTALL_PREFIX=/home/allen/rm_ws/install/livox_ros_driver2
[0.228s] -- The C compiler identification is GNU 11.4.0
[0.368s] -- The CXX compiler identification is GNU 11.4.0
[0.392s] -- Detecting C compiler ABI info
[0.638s] -- Detecting C compiler ABI info - done
[0.649s] -- Check for working C compiler: /usr/bin/cc - skipped
[0.650s] -- Detecting C compile features
[0.651s] -- Detecting C compile features - done
[0.656s] -- Detecting CXX compiler ABI info
[1.060s] -- Detecting CXX compiler ABI info - done
[1.072s] -- Check for working CXX compiler: /usr/bin/c++ - skipped
[1.075s] -- Detecting CXX compile features
[1.077s] -- Detecting CXX compile features - done
[1.083s] -- livox_ros_driver2 version: 1.0.0
[1.090s] -- Found ament_cmake_auto: 1.3.11 (/opt/ros/humble/share/ament_cmake_auto/cmake)
[1.406s] -- Found Python3: /usr/bin/python3 (found version "3.10.12") found components: Interpreter 
[1.497s] -- Override CMake install command with custom implementation using symlinks instead of copying resources
[1.686s] -- Using all available rosidl_typesupport_c: rosidl_typesupport_fastrtps_c;rosidl_typesupport_introspection_c
[1.715s] -- Found rosidl_adapter: 3.1.6 (/opt/ros/humble/share/rosidl_adapter/cmake)
[1.883s] -- Using all available rosidl_typesupport_cpp: rosidl_typesupport_fastrtps_cpp;rosidl_typesupport_introspection_cpp
[2.102s] -- Found rmw_implementation_cmake: 6.1.2 (/opt/ros/humble/share/rmw_implementation_cmake/cmake)
[2.118s] -- Found rmw_cyclonedds_cpp: 1.3.4 (/opt/ros/humble/share/rmw_cyclonedds_cpp/cmake)
[2.195s] -- Using RMW implementation 'rmw_cyclonedds_cpp' as default
[2.219s] -- Looking for pthread.h
[2.466s] -- Looking for pthread.h - found
[2.468s] -- Performing Test CMAKE_HAVE_LIBC_PTHREAD
[2.733s] -- Performing Test CMAKE_HAVE_LIBC_PTHREAD - Success
[2.733s] -- Found Threads: TRUE  
[3.168s] -- Checking for module 'eigen3'
[3.234s] --   Found eigen3, version 3.4.0
[3.400s] -- Found Eigen: /usr/include/eigen3 (Required is at least version "3.1") 
[3.400s] -- Eigen found (include: /usr/include/eigen3, version: 3.4.0)
[3.524s] -- Checking for module 'flann'
[3.577s] --   Found flann, version 1.9.1
[3.706s] -- Found FLANN: /usr/lib/x86_64-linux-gnu/libflann_cpp.so  
[3.707s] -- FLANN found (include: /usr/include, lib: /usr/lib/x86_64-linux-gnu/libflann_cpp.so)
[6.148s] -- Checking for module 'libusb-1.0'
[6.191s] --   Found libusb-1.0, version 1.0.25
[6.296s] -- Found libusb: /usr/lib/x86_64-linux-gnu/libusb-1.0.so  
[6.297s] -- OpenNI found (version: 1.5.4.0, include: /usr/include/ni, lib: /usr/lib/libOpenNI.so;libusb::libusb)
[6.468s] -- OpenNI2 found (version: 2.2.0.33, include: /usr/include/openni2, lib: /usr/lib/x86_64-linux-gnu/libOpenNI2.so;libusb::libusb)
[6.694s] -- Eigen found (include: /usr/include/eigen3, version: 3.4.0)
[6.709s] -- OpenNI found (version: 1.5.4.0, include: /usr/include/ni, lib: /usr/lib/libOpenNI.so;libusb::libusb)
[6.723s] -- OpenNI2 found (version: 2.2.0.33, include: /usr/include/openni2, lib: /usr/lib/x86_64-linux-gnu/libOpenNI2.so;libusb::libusb)
[6.942s] -- Found Qhull version 8.0.2
[7.164s] -- OpenNI found (version: 1.5.4.0, include: /usr/include/ni, lib: /usr/lib/libOpenNI.so;libusb::libusb)
[7.368s] -- Found PCL_COMMON: /usr/lib/x86_64-linux-gnu/libpcl_common.so  
[7.370s] -- Found PCL_KDTREE: /usr/lib/x86_64-linux-gnu/libpcl_kdtree.so  
[7.370s] -- Found PCL_OCTREE: /usr/lib/x86_64-linux-gnu/libpcl_octree.so  
[7.372s] -- Found PCL_SEARCH: /usr/lib/x86_64-linux-gnu/libpcl_search.so  
[7.372s] -- Found PCL_SAMPLE_CONSENSUS: /usr/lib/x86_64-linux-gnu/libpcl_sample_consensus.so  
[7.373s] -- Found PCL_FILTERS: /usr/lib/x86_64-linux-gnu/libpcl_filters.so  
[7.374s] -- Found PCL_2D: /usr/include/pcl-1.12  
[7.374s] -- Found PCL_GEOMETRY: /usr/include/pcl-1.12  
[7.375s] -- Found PCL_IO: /usr/lib/x86_64-linux-gnu/libpcl_io.so  
[7.376s] -- Found PCL_FEATURES: /usr/lib/x86_64-linux-gnu/libpcl_features.so  
[7.377s] -- Found PCL_ML: /usr/lib/x86_64-linux-gnu/libpcl_ml.so  
[7.378s] -- Found PCL_SEGMENTATION: /usr/lib/x86_64-linux-gnu/libpcl_segmentation.so  
[7.379s] -- Found PCL_VISUALIZATION: /usr/lib/x86_64-linux-gnu/libpcl_visualization.so  
[7.380s] -- Found PCL_SURFACE: /usr/lib/x86_64-linux-gnu/libpcl_surface.so  
[7.381s] -- Found PCL_REGISTRATION: /usr/lib/x86_64-linux-gnu/libpcl_registration.so  
[7.382s] -- Found PCL_KEYPOINTS: /usr/lib/x86_64-linux-gnu/libpcl_keypoints.so  
[7.383s] -- Found PCL_TRACKING: /usr/lib/x86_64-linux-gnu/libpcl_tracking.so  
[7.386s] -- Found PCL_RECOGNITION: /usr/lib/x86_64-linux-gnu/libpcl_recognition.so  
[7.386s] -- Found PCL_STEREO: /usr/lib/x86_64-linux-gnu/libpcl_stereo.so  
[7.389s] -- Found PCL_APPS: /usr/lib/x86_64-linux-gnu/libpcl_apps.so  
[7.389s] -- Found PCL_IN_HAND_SCANNER: /usr/include/pcl-1.12  
[7.390s] -- Found PCL_MODELER: /usr/include/pcl-1.12  
[7.390s] -- Found PCL_POINT_CLOUD_EDITOR: /usr/include/pcl-1.12  
[7.390s] -- Found PCL_OUTOFCORE: /usr/lib/x86_64-linux-gnu/libpcl_outofcore.so  
[7.390s] -- Found PCL_PEOPLE: /usr/lib/x86_64-linux-gnu/libpcl_people.so  
[7.481s] -- Found PkgConfig: /usr/bin/pkg-config (found version "0.29.2") 
[7.485s] -- Checking for module 'apr-1'
[7.527s] --   Found apr-1, version 1.7.0
[7.633s] [0m/usr/include/apr-1.0[0m
[7.635s] [0mapr-1[0m
[7.952s] -- Found ament_cmake_ros: 0.10.0 (/opt/ros/humble/share/ament_cmake_ros/cmake)
[8.304s] -- Using all available rosidl_typesupport_c: rosidl_typesupport_fastrtps_c;rosidl_typesupport_introspection_c
[8.769s] -- Using all available rosidl_typesupport_cpp: rosidl_typesupport_fastrtps_cpp;rosidl_typesupport_introspection_cpp
[8.812s] -- Found PythonInterp: /usr/bin/python3 (found suitable version "3.10.12", minimum required is "3.6") 
[8.820s] -- Found python_cmake_module: 0.10.0 (/opt/ros/humble/share/python_cmake_module/cmake)
[8.862s] -- Found PythonLibs: /usr/lib/x86_64-linux-gnu/libpython3.10.so (found suitable version "3.10.12", minimum required is "3.5") 
[8.863s] -- Using PYTHON_EXECUTABLE: /usr/bin/python3
[8.863s] -- Using PYTHON_INCLUDE_DIRS: /usr/include/python3.10
[8.863s] -- Using PYTHON_LIBRARIES: /usr/lib/x86_64-linux-gnu/libpython3.10.so
[8.898s] -- Found PythonExtra: .so  
[9.015s] -- Found ament_lint_auto: 0.12.11 (/opt/ros/humble/share/ament_lint_auto/cmake)
[9.089s] -- Added test 'copyright' to check source files copyright and LICENSE
[9.108s] -- Added test 'cppcheck' to perform static code analysis on C / C++ code
[9.109s] -- Configured cppcheck include dirs: /home/allen/rm_ws/src/livox_ros_driver2/src/3rdparty;/home/allen/rm_ws/src/livox_ros_driver2/src/src
[9.109s] -- Configured cppcheck exclude dirs and/or files: 
[9.126s] -- Added test 'cpplint' to check C / C++ code against the Google style
[9.126s] -- Configured cpplint exclude dirs and/or files: 
[9.129s] -- Added test 'flake8' to check Python code syntax and style conventions
[9.134s] -- Added test 'lint_cmake' to check CMake code style
[9.136s] -- Added test 'pep257' to check Python code against some of the docstring style conventions in PEP 257
[9.151s] -- Added test 'uncrustify' to check C / C++ code style
[9.151s] -- Configured uncrustify additional arguments: 
[9.154s] -- Added test 'xmllint' to check XML markup files
[9.161s] -- Configuring done
[9.420s] -- Generating done
[9.458s] -- Build files have been written to: /home/allen/rm_ws/build/livox_ros_driver2
[9.487s] Invoked command in '/home/allen/rm_ws/build/livox_ros_driver2' returned '0': CMAKE_PREFIX_PATH=${CMAKE_PREFIX_PATH}:/opt/ros/humble /usr/bin/cmake /home/allen/rm_ws/src/livox_ros_driver2/src -DAMENT_CMAKE_SYMLINK_INSTALL=1 -DCMAKE_INSTALL_PREFIX=/home/allen/rm_ws/install/livox_ros_driver2
[9.488s] Invoking command in '/home/allen/rm_ws/build/livox_ros_driver2': CMAKE_PREFIX_PATH=${CMAKE_PREFIX_PATH}:/opt/ros/humble /usr/bin/cmake --build /home/allen/rm_ws/build/livox_ros_driver2 -- -j2 -l2
[9.605s] [  1%] [34m[1mGenerating C code for ROS interfaces[0m
[9.658s] [  3%] [34m[1mGenerating C++ code for ROS interfaces[0m
[10.215s] [  5%] [32mBuilding C object CMakeFiles/livox_interfaces2__rosidl_generator_c.dir/rosidl_generator_c/livox_ros_driver2/msg/detail/custom_point__functions.c.o[0m
[10.308s] [  5%] Built target livox_interfaces2__cpp
[10.320s] [  7%] [32mBuilding C object CMakeFiles/livox_interfaces2__rosidl_generator_c.dir/rosidl_generator_c/livox_ros_driver2/msg/detail/custom_msg__functions.c.o[0m
[10.405s] [  7%] Built target ament_cmake_python_symlink_livox_ros_driver2
[10.430s] [  8%] [32m[1mLinking C shared library liblivox_ros_driver2__rosidl_generator_c.so[0m
[10.500s] [ 10%] [32mBuilding CXX object CMakeFiles/livox_ros_driver2_node.dir/rclcpp_components/node_main_livox_ros_driver2_node.cpp.o[0m
[10.590s] [ 10%] Built target livox_interfaces2__rosidl_generator_c
[10.619s] [ 12%] [34m[1mGenerating C++ type support dispatch for ROS interfaces[0m
[11.014s] [ 14%] [32mBuilding CXX object CMakeFiles/livox_interfaces2__rosidl_typesupport_cpp.dir/rosidl_typesupport_cpp/livox_ros_driver2/msg/custom_point__type_support.cpp.o[0m
[11.410s] [ 15%] [32mBuilding CXX object CMakeFiles/livox_interfaces2__rosidl_typesupport_cpp.dir/rosidl_typesupport_cpp/livox_ros_driver2/msg/custom_msg__type_support.cpp.o[0m
[11.808s] [ 17%] [32m[1mLinking CXX shared library liblivox_ros_driver2__rosidl_typesupport_cpp.so[0m
[11.918s] [ 17%] Built target livox_interfaces2__rosidl_typesupport_cpp
[11.952s] [ 19%] [34m[1mGenerating C type support for eProsima Fast-RTPS[0m
[12.420s] [ 21%] [32mBuilding CXX object CMakeFiles/livox_interfaces2__rosidl_typesupport_fastrtps_c.dir/rosidl_typesupport_fastrtps_c/livox_ros_driver2/msg/detail/custom_point__type_support_c.cpp.o[0m
[12.950s] [ 22%] [32mBuilding CXX object CMakeFiles/livox_interfaces2__rosidl_typesupport_fastrtps_c.dir/rosidl_typesupport_fastrtps_c/livox_ros_driver2/msg/detail/custom_msg__type_support_c.cpp.o[0m
[13.448s] [ 24%] [32m[1mLinking CXX shared library liblivox_ros_driver2__rosidl_typesupport_fastrtps_c.so[0m
[13.621s] [ 24%] Built target livox_interfaces2__rosidl_typesupport_fastrtps_c
[13.656s] [ 26%] [34m[1mGenerating C introspection for ROS interfaces[0m
[14.136s] [ 28%] [32mBuilding C object CMakeFiles/livox_interfaces2__rosidl_typesupport_introspection_c.dir/rosidl_typesupport_introspection_c/livox_ros_driver2/msg/detail/custom_point__type_support.c.o[0m
[14.223s] [ 29%] [32mBuilding C object CMakeFiles/livox_interfaces2__rosidl_typesupport_introspection_c.dir/rosidl_typesupport_introspection_c/livox_ros_driver2/msg/detail/custom_msg__type_support.c.o[0m
[14.322s] [ 31%] [32m[1mLinking C shared library liblivox_ros_driver2__rosidl_typesupport_introspection_c.so[0m
[14.414s] [ 31%] Built target livox_interfaces2__rosidl_typesupport_introspection_c
[14.445s] [ 33%] [34m[1mGenerating C type support dispatch for ROS interfaces[0m
[14.884s] [ 35%] [32mBuilding CXX object CMakeFiles/livox_interfaces2__rosidl_typesupport_c.dir/rosidl_typesupport_c/livox_ros_driver2/msg/custom_point__type_support.cpp.o[0m
[14.962s] [ 36%] [32mBuilding CXX object CMakeFiles/livox_interfaces2__rosidl_typesupport_c.dir/rosidl_typesupport_c/livox_ros_driver2/msg/custom_msg__type_support.cpp.o[0m
[15.044s] [ 38%] [32m[1mLinking CXX shared library liblivox_ros_driver2__rosidl_typesupport_c.so[0m
[15.153s] [ 38%] Built target livox_interfaces2__rosidl_typesupport_c
[15.189s] [ 40%] [34m[1mGenerating C++ type support for eProsima Fast-RTPS[0m
[15.205s] [ 42%] [32m[1mLinking CXX executable livox_ros_driver2_node[0m
[15.466s] [ 42%] Built target livox_ros_driver2_node
[15.503s] [ 43%] [34m[1mGenerating C++ introspection for ROS interfaces[0m
[15.706s] [ 45%] [32mBuilding CXX object CMakeFiles/livox_interfaces2__rosidl_typesupport_fastrtps_cpp.dir/rosidl_typesupport_fastrtps_cpp/livox_ros_driver2/msg/detail/dds_fastrtps/custom_point__type_support.cpp.o[0m
[15.986s] [ 47%] [32mBuilding CXX object CMakeFiles/livox_interfaces2__rosidl_typesupport_introspection_cpp.dir/rosidl_typesupport_introspection_cpp/livox_ros_driver2/msg/detail/custom_point__type_support.cpp.o[0m
[16.286s] [ 49%] [32mBuilding CXX object CMakeFiles/livox_interfaces2__rosidl_typesupport_fastrtps_cpp.dir/rosidl_typesupport_fastrtps_cpp/livox_ros_driver2/msg/detail/dds_fastrtps/custom_msg__type_support.cpp.o[0m
[16.548s] [ 50%] [32mBuilding CXX object CMakeFiles/livox_interfaces2__rosidl_typesupport_introspection_cpp.dir/rosidl_typesupport_introspection_cpp/livox_ros_driver2/msg/detail/custom_msg__type_support.cpp.o[0m
[16.974s] [ 52%] [32m[1mLinking CXX shared library liblivox_ros_driver2__rosidl_typesupport_fastrtps_cpp.so[0m
[17.153s] [ 52%] Built target livox_interfaces2__rosidl_typesupport_fastrtps_cpp
[17.200s] [ 54%] [32m[1mLinking CXX shared library liblivox_ros_driver2__rosidl_typesupport_introspection_cpp.so[0m
[17.373s] [ 54%] Built target livox_interfaces2__rosidl_typesupport_introspection_cpp
[17.443s] [ 56%] [32mBuilding CXX object CMakeFiles/livox_ros_driver2.dir/src/livox_ros_driver2.cpp.o[0m
[17.543s] running egg_info
[17.543s] creating livox_ros_driver2.egg-info
[17.543s] writing livox_ros_driver2.egg-info/PKG-INFO
[17.543s] writing dependency_links to livox_ros_driver2.egg-info/dependency_links.txt
[17.543s] writing top-level names to livox_ros_driver2.egg-info/top_level.txt
[17.543s] writing manifest file 'livox_ros_driver2.egg-info/SOURCES.txt'
[17.546s] reading manifest file 'livox_ros_driver2.egg-info/SOURCES.txt'
[17.547s] writing manifest file 'livox_ros_driver2.egg-info/SOURCES.txt'
[17.589s] [ 56%] Built target ament_cmake_python_build_livox_ros_driver2_egg
[17.617s] [ 57%] [32mBuilding CXX object CMakeFiles/livox_ros_driver2.dir/src/lddc.cpp.o[0m
[27.408s] [ 57%] Built target livox_interfaces2
[27.509s] [ 59%] [34m[1mGenerating Python code for ROS interfaces[0m
[28.291s] [ 59%] Built target livox_interfaces2__py
[28.360s] [ 61%] [32mBuilding C object CMakeFiles/livox_interfaces2__rosidl_generator_py.dir/rosidl_generator_py/livox_ros_driver2/msg/_custom_point_s.c.o[0m
[28.561s] [ 63%] [32mBuilding C object CMakeFiles/livox_interfaces2__rosidl_generator_py.dir/rosidl_generator_py/livox_ros_driver2/msg/_custom_msg_s.c.o[0m
[28.768s] [ 64%] [32m[1mLinking C shared library rosidl_generator_py/livox_ros_driver2/liblivox_interfaces2__rosidl_generator_py.so[0m
[28.884s] [ 64%] Built target livox_interfaces2__rosidl_generator_py
[28.953s] [ 66%] [32mBuilding C object CMakeFiles/livox_ros_driver2__rosidl_typesupport_fastrtps_c__pyext.dir/rosidl_generator_py/livox_ros_driver2/_livox_ros_driver2_s.ep.rosidl_typesupport_fastrtps_c.c.o[0m
[29.190s] [ 68%] [32m[1mLinking C shared library rosidl_generator_py/livox_ros_driver2/livox_ros_driver2_s__rosidl_typesupport_fastrtps_c.cpython-310-x86_64-linux-gnu.so[0m
[29.247s] [ 70%] [32mBuilding CXX object CMakeFiles/livox_ros_driver2.dir/src/driver_node.cpp.o[0m
[29.307s] [ 70%] Built target livox_ros_driver2__rosidl_typesupport_fastrtps_c__pyext
[29.334s] [ 71%] [32mBuilding CXX object CMakeFiles/livox_ros_driver2.dir/src/lds.cpp.o[0m
[30.732s] [ 73%] [32mBuilding CXX object CMakeFiles/livox_ros_driver2.dir/src/lds_lidar.cpp.o[0m
[32.428s] [ 75%] [32mBuilding CXX object CMakeFiles/livox_ros_driver2.dir/src/comm/comm.cpp.o[0m
[33.650s] [ 77%] [32mBuilding C object CMakeFiles/livox_ros_driver2__rosidl_typesupport_introspection_c__pyext.dir/rosidl_generator_py/livox_ros_driver2/_livox_ros_driver2_s.ep.rosidl_typesupport_introspection_c.c.o[0m
[33.936s] [ 78%] [32m[1mLinking C shared library rosidl_generator_py/livox_ros_driver2/livox_ros_driver2_s__rosidl_typesupport_introspection_c.cpython-310-x86_64-linux-gnu.so[0m
[34.051s] [ 78%] Built target livox_ros_driver2__rosidl_typesupport_introspection_c__pyext
[34.078s] [ 80%] [32mBuilding CXX object CMakeFiles/livox_ros_driver2.dir/src/comm/ldq.cpp.o[0m
[35.296s] [ 82%] [32mBuilding C object CMakeFiles/livox_ros_driver2__rosidl_typesupport_c__pyext.dir/rosidl_generator_py/livox_ros_driver2/_livox_ros_driver2_s.ep.rosidl_typesupport_c.c.o[0m
[35.527s] [ 84%] [32m[1mLinking C shared library rosidl_generator_py/livox_ros_driver2/livox_ros_driver2_s__rosidl_typesupport_c.cpython-310-x86_64-linux-gnu.so[0m
[35.635s] [ 84%] Built target livox_ros_driver2__rosidl_typesupport_c__pyext
[35.667s] [ 85%] [32mBuilding CXX object CMakeFiles/livox_ros_driver2.dir/src/comm/semaphore.cpp.o[0m
[36.443s] [ 87%] [32mBuilding CXX object CMakeFiles/livox_ros_driver2.dir/src/comm/lidar_imu_data_queue.cpp.o[0m
[37.183s] [ 89%] [32mBuilding CXX object CMakeFiles/livox_ros_driver2.dir/src/comm/cache_index.cpp.o[0m
[38.031s] [ 91%] [32mBuilding CXX object CMakeFiles/livox_ros_driver2.dir/src/comm/pub_handler.cpp.o[0m
[38.431s] [ 92%] [32mBuilding CXX object CMakeFiles/livox_ros_driver2.dir/src/parse_cfg_file/parse_cfg_file.cpp.o[0m
[39.843s] [ 94%] [32mBuilding CXX object CMakeFiles/livox_ros_driver2.dir/src/parse_cfg_file/parse_livox_lidar_cfg.cpp.o[0m
[40.025s] [ 96%] [32mBuilding CXX object CMakeFiles/livox_ros_driver2.dir/src/call_back/lidar_common_callback.cpp.o[0m
[41.278s] [ 98%] [32mBuilding CXX object CMakeFiles/livox_ros_driver2.dir/src/call_back/livox_lidar_callback.cpp.o[0m
[42.522s] [100%] [32m[1mLinking CXX shared library liblivox_ros_driver2.so[0m
[43.786s] [100%] Built target livox_ros_driver2
[43.816s] Invoked command in '/home/allen/rm_ws/build/livox_ros_driver2' returned '0': CMAKE_PREFIX_PATH=${CMAKE_PREFIX_PATH}:/opt/ros/humble /usr/bin/cmake --build /home/allen/rm_ws/build/livox_ros_driver2 -- -j2 -l2
[43.821s] Invoking command in '/home/allen/rm_ws/build/livox_ros_driver2': CMAKE_PREFIX_PATH=${CMAKE_PREFIX_PATH}:/opt/ros/humble /usr/bin/cmake --install /home/allen/rm_ws/build/livox_ros_driver2
[43.842s] -- Install configuration: ""
[43.843s] -- Execute custom install script
[43.844s] -- Symlinking: /home/allen/rm_ws/install/livox_ros_driver2/share/ament_index/resource_index/rosidl_interfaces/livox_ros_driver2
[43.868s] -- Symlinking: /home/allen/rm_ws/install/livox_ros_driver2/include/livox_ros_driver2/livox_ros_driver2/msg/custom_msg.h
[43.892s] -- Symlinking: /home/allen/rm_ws/install/livox_ros_driver2/include/livox_ros_driver2/livox_ros_driver2/msg/custom_point.h
[43.915s] -- Symlinking: /home/allen/rm_ws/install/livox_ros_driver2/include/livox_ros_driver2/livox_ros_driver2/msg/detail/custom_msg__functions.h
[43.939s] -- Symlinking: /home/allen/rm_ws/install/livox_ros_driver2/include/livox_ros_driver2/livox_ros_driver2/msg/detail/custom_msg__struct.h
[43.963s] -- Symlinking: /home/allen/rm_ws/install/livox_ros_driver2/include/livox_ros_driver2/livox_ros_driver2/msg/detail/custom_msg__type_support.h
[43.987s] -- Symlinking: /home/allen/rm_ws/install/livox_ros_driver2/include/livox_ros_driver2/livox_ros_driver2/msg/detail/custom_point__functions.h
[44.013s] -- Symlinking: /home/allen/rm_ws/install/livox_ros_driver2/include/livox_ros_driver2/livox_ros_driver2/msg/detail/custom_point__struct.h
[44.035s] -- Symlinking: /home/allen/rm_ws/install/livox_ros_driver2/include/livox_ros_driver2/livox_ros_driver2/msg/detail/custom_point__type_support.h
[44.058s] -- Symlinking: /home/allen/rm_ws/install/livox_ros_driver2/include/livox_ros_driver2/livox_ros_driver2/msg/rosidl_generator_c__visibility_control.h
[44.084s] -- Symlinking: /home/allen/rm_ws/install/livox_ros_driver2/share/livox_ros_driver2/environment/library_path.sh
[44.107s] -- Symlinking: /home/allen/rm_ws/install/livox_ros_driver2/share/livox_ros_driver2/environment/library_path.dsv
[44.132s] -- Symlinking: /home/allen/rm_ws/install/livox_ros_driver2/include/livox_ros_driver2/livox_ros_driver2/msg/detail/custom_msg__rosidl_typesupport_fastrtps_c.h
[44.156s] -- Symlinking: /home/allen/rm_ws/install/livox_ros_driver2/include/livox_ros_driver2/livox_ros_driver2/msg/detail/custom_point__rosidl_typesupport_fastrtps_c.h
[44.180s] -- Symlinking: /home/allen/rm_ws/install/livox_ros_driver2/include/livox_ros_driver2/livox_ros_driver2/msg/rosidl_typesupport_fastrtps_c__visibility_control.h
[44.204s] -- Symlinking: /home/allen/rm_ws/install/livox_ros_driver2/include/livox_ros_driver2/livox_ros_driver2/msg/detail/custom_msg__rosidl_typesupport_introspection_c.h
[44.227s] -- Symlinking: /home/allen/rm_ws/install/livox_ros_driver2/include/livox_ros_driver2/livox_ros_driver2/msg/detail/custom_point__rosidl_typesupport_introspection_c.h
[44.252s] -- Symlinking: /home/allen/rm_ws/install/livox_ros_driver2/include/livox_ros_driver2/livox_ros_driver2/msg/rosidl_typesupport_introspection_c__visibility_control.h
[44.278s] -- Symlinking: /home/allen/rm_ws/install/livox_ros_driver2/include/livox_ros_driver2/livox_ros_driver2/msg/custom_msg.hpp
[44.308s] -- Symlinking: /home/allen/rm_ws/install/livox_ros_driver2/include/livox_ros_driver2/livox_ros_driver2/msg/custom_point.hpp
[44.334s] -- Symlinking: /home/allen/rm_ws/install/livox_ros_driver2/include/livox_ros_driver2/livox_ros_driver2/msg/detail/custom_msg__builder.hpp
[44.359s] -- Symlinking: /home/allen/rm_ws/install/livox_ros_driver2/include/livox_ros_driver2/livox_ros_driver2/msg/detail/custom_msg__struct.hpp
[44.383s] -- Symlinking: /home/allen/rm_ws/install/livox_ros_driver2/include/livox_ros_driver2/livox_ros_driver2/msg/detail/custom_msg__traits.hpp
[44.407s] -- Symlinking: /home/allen/rm_ws/install/livox_ros_driver2/include/livox_ros_driver2/livox_ros_driver2/msg/detail/custom_msg__type_support.hpp
[44.431s] -- Symlinking: /home/allen/rm_ws/install/livox_ros_driver2/include/livox_ros_driver2/livox_ros_driver2/msg/detail/custom_point__builder.hpp
[44.455s] -- Symlinking: /home/allen/rm_ws/install/livox_ros_driver2/include/livox_ros_driver2/livox_ros_driver2/msg/detail/custom_point__struct.hpp
[44.482s] -- Symlinking: /home/allen/rm_ws/install/livox_ros_driver2/include/livox_ros_driver2/livox_ros_driver2/msg/detail/custom_point__traits.hpp
[44.506s] -- Symlinking: /home/allen/rm_ws/install/livox_ros_driver2/include/livox_ros_driver2/livox_ros_driver2/msg/detail/custom_point__type_support.hpp
[44.529s] -- Symlinking: /home/allen/rm_ws/install/livox_ros_driver2/include/livox_ros_driver2/livox_ros_driver2/msg/rosidl_generator_cpp__visibility_control.hpp
[44.552s] -- Symlinking: /home/allen/rm_ws/install/livox_ros_driver2/include/livox_ros_driver2/livox_ros_driver2/msg/detail/custom_msg__rosidl_typesupport_fastrtps_cpp.hpp
[44.577s] -- Symlinking: /home/allen/rm_ws/install/livox_ros_driver2/include/livox_ros_driver2/livox_ros_driver2/msg/detail/custom_point__rosidl_typesupport_fastrtps_cpp.hpp
[44.601s] -- Symlinking: /home/allen/rm_ws/install/livox_ros_driver2/include/livox_ros_driver2/livox_ros_driver2/msg/rosidl_typesupport_fastrtps_cpp__visibility_control.h
[44.625s] -- Symlinking: /home/allen/rm_ws/install/livox_ros_driver2/include/livox_ros_driver2/livox_ros_driver2/msg/detail/custom_msg__rosidl_typesupport_introspection_cpp.hpp
[44.649s] -- Symlinking: /home/allen/rm_ws/install/livox_ros_driver2/include/livox_ros_driver2/livox_ros_driver2/msg/detail/custom_point__rosidl_typesupport_introspection_cpp.hpp
[44.674s] -- Symlinking: /home/allen/rm_ws/install/livox_ros_driver2/share/livox_ros_driver2/environment/pythonpath.sh
[44.699s] -- Symlinking: /home/allen/rm_ws/install/livox_ros_driver2/share/livox_ros_driver2/environment/pythonpath.dsv
[44.723s] -- Symlinking: /home/allen/rm_ws/install/livox_ros_driver2/local/lib/python3.10/dist-packages/livox_ros_driver2-1.0.0-py3.10.egg-info/PKG-INFO
[44.746s] -- Symlinking: /home/allen/rm_ws/install/livox_ros_driver2/local/lib/python3.10/dist-packages/livox_ros_driver2-1.0.0-py3.10.egg-info/SOURCES.txt
[44.772s] -- Symlinking: /home/allen/rm_ws/install/livox_ros_driver2/local/lib/python3.10/dist-packages/livox_ros_driver2-1.0.0-py3.10.egg-info/dependency_links.txt
[44.795s] -- Symlinking: /home/allen/rm_ws/install/livox_ros_driver2/local/lib/python3.10/dist-packages/livox_ros_driver2-1.0.0-py3.10.egg-info/top_level.txt
[44.820s] -- Symlinking: /home/allen/rm_ws/install/livox_ros_driver2/local/lib/python3.10/dist-packages/livox_ros_driver2/__init__.py
[44.843s] -- Symlinking: /home/allen/rm_ws/install/livox_ros_driver2/local/lib/python3.10/dist-packages/livox_ros_driver2/_livox_ros_driver2_s.ep.rosidl_typesupport_c.c
[44.867s] -- Symlinking: /home/allen/rm_ws/install/livox_ros_driver2/local/lib/python3.10/dist-packages/livox_ros_driver2/_livox_ros_driver2_s.ep.rosidl_typesupport_fastrtps_c.c
[44.891s] -- Symlinking: /home/allen/rm_ws/install/livox_ros_driver2/local/lib/python3.10/dist-packages/livox_ros_driver2/_livox_ros_driver2_s.ep.rosidl_typesupport_introspection_c.c
[44.916s] -- Symlinking: /home/allen/rm_ws/install/livox_ros_driver2/local/lib/python3.10/dist-packages/livox_ros_driver2/liblivox_interfaces2__rosidl_generator_py.so
[44.938s] -- Symlinking: /home/allen/rm_ws/install/livox_ros_driver2/local/lib/python3.10/dist-packages/livox_ros_driver2/livox_ros_driver2_s__rosidl_typesupport_c.cpython-310-x86_64-linux-gnu.so
[44.962s] -- Symlinking: /home/allen/rm_ws/install/livox_ros_driver2/local/lib/python3.10/dist-packages/livox_ros_driver2/livox_ros_driver2_s__rosidl_typesupport_fastrtps_c.cpython-310-x86_64-linux-gnu.so
[44.989s] -- Symlinking: /home/allen/rm_ws/install/livox_ros_driver2/local/lib/python3.10/dist-packages/livox_ros_driver2/livox_ros_driver2_s__rosidl_typesupport_introspection_c.cpython-310-x86_64-linux-gnu.so
[45.012s] -- Symlinking: /home/allen/rm_ws/install/livox_ros_driver2/local/lib/python3.10/dist-packages/livox_ros_driver2/msg/__init__.py
[45.036s] -- Symlinking: /home/allen/rm_ws/install/livox_ros_driver2/local/lib/python3.10/dist-packages/livox_ros_driver2/msg/_custom_msg.py
[45.060s] -- Symlinking: /home/allen/rm_ws/install/livox_ros_driver2/local/lib/python3.10/dist-packages/livox_ros_driver2/msg/_custom_msg_s.c
[45.085s] -- Symlinking: /home/allen/rm_ws/install/livox_ros_driver2/local/lib/python3.10/dist-packages/livox_ros_driver2/msg/_custom_point.py
[45.111s] -- Symlinking: /home/allen/rm_ws/install/livox_ros_driver2/local/lib/python3.10/dist-packages/livox_ros_driver2/msg/_custom_point_s.c
[45.137s] -- Up-to-date symlink: /home/allen/rm_ws/install/livox_ros_driver2/local/lib/python3.10/dist-packages/livox_ros_driver2/livox_ros_driver2_s__rosidl_typesupport_fastrtps_c.cpython-310-x86_64-linux-gnu.so
[45.137s] -- Up-to-date symlink: /home/allen/rm_ws/install/livox_ros_driver2/local/lib/python3.10/dist-packages/livox_ros_driver2/livox_ros_driver2_s__rosidl_typesupport_introspection_c.cpython-310-x86_64-linux-gnu.so
[45.138s] -- Up-to-date symlink: /home/allen/rm_ws/install/livox_ros_driver2/local/lib/python3.10/dist-packages/livox_ros_driver2/livox_ros_driver2_s__rosidl_typesupport_c.cpython-310-x86_64-linux-gnu.so
[45.138s] -- Symlinking: /home/allen/rm_ws/install/livox_ros_driver2/share/livox_ros_driver2/msg/CustomPoint.idl
[45.163s] -- Symlinking: /home/allen/rm_ws/install/livox_ros_driver2/share/livox_ros_driver2/msg/CustomMsg.idl
[45.189s] -- Symlinking: /home/allen/rm_ws/install/livox_ros_driver2/share/livox_ros_driver2/msg/CustomPoint.msg
[45.211s] -- Symlinking: /home/allen/rm_ws/install/livox_ros_driver2/share/livox_ros_driver2/msg/CustomMsg.msg
[45.235s] -- Symlinking: /home/allen/rm_ws/install/livox_ros_driver2/lib/livox_ros_driver2/livox_ros_driver2_node
[45.259s] -- Symlinking: /home/allen/rm_ws/install/livox_ros_driver2/lib/liblivox_ros_driver2.so
[45.286s] -- Symlinking: /home/allen/rm_ws/install/livox_ros_driver2/share/livox_ros_driver2/config/HAP_config.json
[45.310s] -- Symlinking: /home/allen/rm_ws/install/livox_ros_driver2/share/livox_ros_driver2/config/MID360_config.json
[45.333s] -- Symlinking: /home/allen/rm_ws/install/livox_ros_driver2/share/livox_ros_driver2/config/display_point_cloud.rviz
[45.356s] -- Symlinking: /home/allen/rm_ws/install/livox_ros_driver2/share/livox_ros_driver2/config/mixed_HAP_MID360_config.json
[45.381s] -- Symlinking: /home/allen/rm_ws/install/livox_ros_driver2/share/livox_ros_driver2/launch/msg_HAP_launch.py
[45.405s] -- Symlinking: /home/allen/rm_ws/install/livox_ros_driver2/share/livox_ros_driver2/launch/msg_MID360_launch.py
[45.429s] -- Symlinking: /home/allen/rm_ws/install/livox_ros_driver2/share/livox_ros_driver2/launch/rviz_HAP_launch.py
[45.454s] -- Symlinking: /home/allen/rm_ws/install/livox_ros_driver2/share/livox_ros_driver2/launch/rviz_MID360_launch.py
[45.480s] -- Symlinking: /home/allen/rm_ws/install/livox_ros_driver2/share/livox_ros_driver2/launch/rviz_mixed.py
[45.504s] -- Symlinking: /home/allen/rm_ws/install/livox_ros_driver2/share/ament_index/resource_index/package_run_dependencies/livox_ros_driver2
[45.529s] -- Symlinking: /home/allen/rm_ws/install/livox_ros_driver2/share/ament_index/resource_index/parent_prefix_path/livox_ros_driver2
[45.554s] -- Symlinking: /home/allen/rm_ws/install/livox_ros_driver2/share/livox_ros_driver2/environment/ament_prefix_path.sh
[45.579s] -- Symlinking: /home/allen/rm_ws/install/livox_ros_driver2/share/livox_ros_driver2/environment/ament_prefix_path.dsv
[45.603s] -- Symlinking: /home/allen/rm_ws/install/livox_ros_driver2/share/livox_ros_driver2/environment/path.sh
[45.626s] -- Symlinking: /home/allen/rm_ws/install/livox_ros_driver2/share/livox_ros_driver2/environment/path.dsv
[45.651s] -- Symlinking: /home/allen/rm_ws/install/livox_ros_driver2/share/livox_ros_driver2/local_setup.bash
[45.679s] -- Symlinking: /home/allen/rm_ws/install/livox_ros_driver2/share/livox_ros_driver2/local_setup.sh
[45.703s] -- Symlinking: /home/allen/rm_ws/install/livox_ros_driver2/share/livox_ros_driver2/local_setup.zsh
[45.726s] -- Symlinking: /home/allen/rm_ws/install/livox_ros_driver2/share/livox_ros_driver2/local_setup.dsv
[45.751s] -- Symlinking: /home/allen/rm_ws/install/livox_ros_driver2/share/livox_ros_driver2/package.dsv
[45.777s] -- Symlinking: /home/allen/rm_ws/install/livox_ros_driver2/share/ament_index/resource_index/packages/livox_ros_driver2
[45.802s] -- Symlinking: /home/allen/rm_ws/install/livox_ros_driver2/share/ament_index/resource_index/rclcpp_components/livox_ros_driver2
[45.825s] -- Symlinking: /home/allen/rm_ws/install/livox_ros_driver2/share/livox_ros_driver2/cmake/rosidl_cmake-extras.cmake
[45.849s] -- Symlinking: /home/allen/rm_ws/install/livox_ros_driver2/share/livox_ros_driver2/cmake/ament_cmake_export_dependencies-extras.cmake
[45.873s] -- Symlinking: /home/allen/rm_ws/install/livox_ros_driver2/share/livox_ros_driver2/cmake/ament_cmake_export_include_directories-extras.cmake
[45.899s] -- Symlinking: /home/allen/rm_ws/install/livox_ros_driver2/share/livox_ros_driver2/cmake/ament_cmake_export_libraries-extras.cmake
[45.922s] -- Symlinking: /home/allen/rm_ws/install/livox_ros_driver2/share/livox_ros_driver2/cmake/ament_cmake_export_targets-extras.cmake
[45.948s] -- Symlinking: /home/allen/rm_ws/install/livox_ros_driver2/share/livox_ros_driver2/cmake/rosidl_cmake_export_typesupport_targets-extras.cmake
[45.972s] -- Symlinking: /home/allen/rm_ws/install/livox_ros_driver2/share/livox_ros_driver2/cmake/rosidl_cmake_export_typesupport_libraries-extras.cmake
[45.999s] -- Symlinking: /home/allen/rm_ws/install/livox_ros_driver2/share/livox_ros_driver2/cmake/livox_ros_driver2Config.cmake
[46.022s] -- Symlinking: /home/allen/rm_ws/install/livox_ros_driver2/share/livox_ros_driver2/cmake/livox_ros_driver2Config-version.cmake
[46.046s] -- Symlinking: /home/allen/rm_ws/install/livox_ros_driver2/share/livox_ros_driver2/package.xml
[46.071s] -- Installing: /home/allen/rm_ws/install/livox_ros_driver2/lib/liblivox_ros_driver2__rosidl_generator_c.so
[46.075s] -- Set runtime path of "/home/allen/rm_ws/install/livox_ros_driver2/lib/liblivox_ros_driver2__rosidl_generator_c.so" to ""
[46.075s] -- Installing: /home/allen/rm_ws/install/livox_ros_driver2/lib/liblivox_ros_driver2__rosidl_typesupport_fastrtps_c.so
[46.076s] -- Set runtime path of "/home/allen/rm_ws/install/livox_ros_driver2/lib/liblivox_ros_driver2__rosidl_typesupport_fastrtps_c.so" to ""
[46.078s] -- Installing: /home/allen/rm_ws/install/livox_ros_driver2/lib/liblivox_ros_driver2__rosidl_typesupport_introspection_c.so
[46.079s] -- Set runtime path of "/home/allen/rm_ws/install/livox_ros_driver2/lib/liblivox_ros_driver2__rosidl_typesupport_introspection_c.so" to ""
[46.079s] -- Installing: /home/allen/rm_ws/install/livox_ros_driver2/lib/liblivox_ros_driver2__rosidl_typesupport_c.so
[46.080s] -- Set runtime path of "/home/allen/rm_ws/install/livox_ros_driver2/lib/liblivox_ros_driver2__rosidl_typesupport_c.so" to ""
[46.081s] -- Installing: /home/allen/rm_ws/install/livox_ros_driver2/lib/liblivox_ros_driver2__rosidl_typesupport_fastrtps_cpp.so
[46.083s] -- Set runtime path of "/home/allen/rm_ws/install/livox_ros_driver2/lib/liblivox_ros_driver2__rosidl_typesupport_fastrtps_cpp.so" to ""
[46.083s] -- Installing: /home/allen/rm_ws/install/livox_ros_driver2/lib/liblivox_ros_driver2__rosidl_typesupport_introspection_cpp.so
[46.086s] -- Set runtime path of "/home/allen/rm_ws/install/livox_ros_driver2/lib/liblivox_ros_driver2__rosidl_typesupport_introspection_cpp.so" to ""
[46.086s] -- Installing: /home/allen/rm_ws/install/livox_ros_driver2/lib/liblivox_ros_driver2__rosidl_typesupport_cpp.so
[46.087s] -- Set runtime path of "/home/allen/rm_ws/install/livox_ros_driver2/lib/liblivox_ros_driver2__rosidl_typesupport_cpp.so" to ""
[46.138s] Listing '/home/allen/rm_ws/install/livox_ros_driver2/local/lib/python3.10/dist-packages/livox_ros_driver2'...
[46.138s] Compiling '/home/allen/rm_ws/install/livox_ros_driver2/local/lib/python3.10/dist-packages/livox_ros_driver2/__init__.py'...
[46.138s] Listing '/home/allen/rm_ws/install/livox_ros_driver2/local/lib/python3.10/dist-packages/livox_ros_driver2/msg'...
[46.138s] Compiling '/home/allen/rm_ws/install/livox_ros_driver2/local/lib/python3.10/dist-packages/livox_ros_driver2/msg/__init__.py'...
[46.138s] Compiling '/home/allen/rm_ws/install/livox_ros_driver2/local/lib/python3.10/dist-packages/livox_ros_driver2/msg/_custom_msg.py'...
[46.138s] Compiling '/home/allen/rm_ws/install/livox_ros_driver2/local/lib/python3.10/dist-packages/livox_ros_driver2/msg/_custom_point.py'...
[46.144s] -- Installing: /home/allen/rm_ws/install/livox_ros_driver2/lib/liblivox_interfaces2__rosidl_generator_py.so
[46.144s] -- Set runtime path of "/home/allen/rm_ws/install/livox_ros_driver2/lib/liblivox_interfaces2__rosidl_generator_py.so" to ""
[46.144s] -- Installing: /home/allen/rm_ws/install/livox_ros_driver2/share/livox_ros_driver2/cmake/export_livox_interfaces2__rosidl_generator_cExport.cmake
[46.147s] -- Installing: /home/allen/rm_ws/install/livox_ros_driver2/share/livox_ros_driver2/cmake/export_livox_interfaces2__rosidl_generator_cExport-noconfig.cmake
[46.147s] -- Installing: /home/allen/rm_ws/install/livox_ros_driver2/share/livox_ros_driver2/cmake/export_livox_interfaces2__rosidl_typesupport_fastrtps_cExport.cmake
[46.147s] -- Installing: /home/allen/rm_ws/install/livox_ros_driver2/share/livox_ros_driver2/cmake/export_livox_interfaces2__rosidl_typesupport_fastrtps_cExport-noconfig.cmake
[46.147s] -- Installing: /home/allen/rm_ws/install/livox_ros_driver2/share/livox_ros_driver2/cmake/livox_interfaces2__rosidl_typesupport_introspection_cExport.cmake
[46.148s] -- Installing: /home/allen/rm_ws/install/livox_ros_driver2/share/livox_ros_driver2/cmake/livox_interfaces2__rosidl_typesupport_introspection_cExport-noconfig.cmake
[46.149s] -- Installing: /home/allen/rm_ws/install/livox_ros_driver2/share/livox_ros_driver2/cmake/livox_interfaces2__rosidl_typesupport_cExport.cmake
[46.149s] -- Installing: /home/allen/rm_ws/install/livox_ros_driver2/share/livox_ros_driver2/cmake/livox_interfaces2__rosidl_typesupport_cExport-noconfig.cmake
[46.150s] -- Installing: /home/allen/rm_ws/install/livox_ros_driver2/share/livox_ros_driver2/cmake/export_livox_interfaces2__rosidl_generator_cppExport.cmake
[46.150s] -- Installing: /home/allen/rm_ws/install/livox_ros_driver2/share/livox_ros_driver2/cmake/export_livox_interfaces2__rosidl_typesupport_fastrtps_cppExport.cmake
[46.152s] -- Installing: /home/allen/rm_ws/install/livox_ros_driver2/share/livox_ros_driver2/cmake/export_livox_interfaces2__rosidl_typesupport_fastrtps_cppExport-noconfig.cmake
[46.152s] -- Installing: /home/allen/rm_ws/install/livox_ros_driver2/share/livox_ros_driver2/cmake/livox_interfaces2__rosidl_typesupport_introspection_cppExport.cmake
[46.153s] -- Installing: /home/allen/rm_ws/install/livox_ros_driver2/share/livox_ros_driver2/cmake/livox_interfaces2__rosidl_typesupport_introspection_cppExport-noconfig.cmake
[46.153s] -- Installing: /home/allen/rm_ws/install/livox_ros_driver2/share/livox_ros_driver2/cmake/livox_interfaces2__rosidl_typesupport_cppExport.cmake
[46.155s] -- Installing: /home/allen/rm_ws/install/livox_ros_driver2/share/livox_ros_driver2/cmake/livox_interfaces2__rosidl_typesupport_cppExport-noconfig.cmake
[46.155s] -- Installing: /home/allen/rm_ws/install/livox_ros_driver2/share/livox_ros_driver2/cmake/export_livox_interfaces2__rosidl_generator_pyExport.cmake
[46.155s] -- Installing: /home/allen/rm_ws/install/livox_ros_driver2/share/livox_ros_driver2/cmake/export_livox_interfaces2__rosidl_generator_pyExport-noconfig.cmake
[46.160s] Invoked command in '/home/allen/rm_ws/build/livox_ros_driver2' returned '0': CMAKE_PREFIX_PATH=${CMAKE_PREFIX_PATH}:/opt/ros/humble /usr/bin/cmake --install /home/allen/rm_ws/build/livox_ros_driver2
