[0.017s] Invoking command in '/home/allen/rm_ws/build/fake_vel_transform': CMAKE_PREFIX_PATH=/opt/ros/humble /usr/bin/cmake --build /home/allen/rm_ws/build/fake_vel_transform -- -j2 -l2
[0.071s] [35m[1mConsolidate compiler generated dependencies of target fake_vel_transform[0m
[0.091s] [ 50%] Built target fake_vel_transform
[0.108s] [35m[1mConsolidate compiler generated dependencies of target fake_vel_transform_node[0m
[0.131s] [100%] Built target fake_vel_transform_node
[0.146s] Invoked command in '/home/allen/rm_ws/build/fake_vel_transform' returned '0': CMAKE_PREFIX_PATH=/opt/ros/humble /usr/bin/cmake --build /home/allen/rm_ws/build/fake_vel_transform -- -j2 -l2
[0.162s] Invoking command in '/home/allen/rm_ws/build/fake_vel_transform': CMAKE_PREFIX_PATH=/opt/ros/humble /usr/bin/cmake --install /home/allen/rm_ws/build/fake_vel_transform
[0.170s] -- Install configuration: ""
[0.170s] -- Execute custom install script
[0.170s] -- Up-to-date symlink: /home/allen/rm_ws/install/fake_vel_transform/lib/fake_vel_transform/fake_vel_transform_node
[0.171s] -- Up-to-date symlink: /home/allen/rm_ws/install/fake_vel_transform/include/fake_vel_transform/fake_vel_transform.hpp
[0.171s] -- Up-to-date symlink: /home/allen/rm_ws/install/fake_vel_transform/share/fake_vel_transform/environment/library_path.sh
[0.171s] -- Up-to-date symlink: /home/allen/rm_ws/install/fake_vel_transform/share/fake_vel_transform/environment/library_path.dsv
[0.173s] -- Up-to-date symlink: /home/allen/rm_ws/install/fake_vel_transform/lib/libfake_vel_transform.so
[0.173s] -- Up-to-date symlink: /home/allen/rm_ws/install/fake_vel_transform/share/fake_vel_transform/launch/fake_vel_transform.launch.py
[0.173s] -- Up-to-date symlink: /home/allen/rm_ws/install/fake_vel_transform/share/ament_index/resource_index/package_run_dependencies/fake_vel_transform
[0.173s] -- Up-to-date symlink: /home/allen/rm_ws/install/fake_vel_transform/share/ament_index/resource_index/parent_prefix_path/fake_vel_transform
[0.173s] -- Up-to-date symlink: /home/allen/rm_ws/install/fake_vel_transform/share/fake_vel_transform/environment/ament_prefix_path.sh
[0.173s] -- Up-to-date symlink: /home/allen/rm_ws/install/fake_vel_transform/share/fake_vel_transform/environment/ament_prefix_path.dsv
[0.174s] -- Up-to-date symlink: /home/allen/rm_ws/install/fake_vel_transform/share/fake_vel_transform/environment/path.sh
[0.174s] -- Up-to-date symlink: /home/allen/rm_ws/install/fake_vel_transform/share/fake_vel_transform/environment/path.dsv
[0.174s] -- Up-to-date symlink: /home/allen/rm_ws/install/fake_vel_transform/share/fake_vel_transform/local_setup.bash
[0.174s] -- Up-to-date symlink: /home/allen/rm_ws/install/fake_vel_transform/share/fake_vel_transform/local_setup.sh
[0.174s] -- Up-to-date symlink: /home/allen/rm_ws/install/fake_vel_transform/share/fake_vel_transform/local_setup.zsh
[0.175s] -- Up-to-date symlink: /home/allen/rm_ws/install/fake_vel_transform/share/fake_vel_transform/local_setup.dsv
[0.175s] -- Symlinking: /home/allen/rm_ws/install/fake_vel_transform/share/fake_vel_transform/package.dsv
[0.186s] -- Up-to-date symlink: /home/allen/rm_ws/install/fake_vel_transform/share/ament_index/resource_index/packages/fake_vel_transform
[0.186s] -- Up-to-date symlink: /home/allen/rm_ws/install/fake_vel_transform/share/ament_index/resource_index/rclcpp_components/fake_vel_transform
[0.186s] -- Up-to-date symlink: /home/allen/rm_ws/install/fake_vel_transform/share/fake_vel_transform/cmake/ament_cmake_export_dependencies-extras.cmake
[0.186s] -- Up-to-date symlink: /home/allen/rm_ws/install/fake_vel_transform/share/fake_vel_transform/cmake/ament_cmake_export_include_directories-extras.cmake
[0.188s] -- Up-to-date symlink: /home/allen/rm_ws/install/fake_vel_transform/share/fake_vel_transform/cmake/ament_cmake_export_libraries-extras.cmake
[0.188s] -- Up-to-date symlink: /home/allen/rm_ws/install/fake_vel_transform/share/fake_vel_transform/cmake/fake_vel_transformConfig.cmake
[0.188s] -- Up-to-date symlink: /home/allen/rm_ws/install/fake_vel_transform/share/fake_vel_transform/cmake/fake_vel_transformConfig-version.cmake
[0.188s] -- Up-to-date symlink: /home/allen/rm_ws/install/fake_vel_transform/share/fake_vel_transform/package.xml
[0.189s] Invoked command in '/home/allen/rm_ws/build/fake_vel_transform' returned '0': CMAKE_PREFIX_PATH=/opt/ros/humble /usr/bin/cmake --install /home/allen/rm_ws/build/fake_vel_transform
