[0.021s] Invoking command in '/home/allen/rm_ws/build/ros2_livox_simulation': CMAKE_PREFIX_PATH=${CMAKE_PREFIX_PATH}:/opt/ros/humble /usr/bin/cmake /home/allen/rm_ws/src/livox_laser_simulation_RO2 -DAMENT_CMAKE_SYMLINK_INSTALL=1 -DCMAKE_INSTALL_PREFIX=/home/allen/rm_ws/install/ros2_livox_simulation
[0.178s] -- The C compiler identification is GNU 11.4.0
[0.317s] -- The CXX compiler identification is GNU 11.4.0
[0.343s] -- Detecting C compiler ABI info
[0.622s] -- Detecting C compiler ABI info - done
[0.635s] -- Check for working C compiler: /usr/bin/cc - skipped
[0.636s] -- Detecting C compile features
[0.637s] -- Detecting C compile features - done
[0.645s] -- Detecting CXX compiler ABI info
[0.890s] -- Detecting CXX compiler ABI info - done
[0.896s] -- Check for working CXX compiler: /usr/bin/c++ - skipped
[0.898s] -- Detecting CXX compile features
[0.898s] -- Detecting CXX compile features - done
[0.910s] -- Found ament_cmake_auto: 1.3.11 (/opt/ros/humble/share/ament_cmake_auto/cmake)
[1.260s] -- Found Python3: /usr/bin/python3 (found version "3.10.12") found components: Interpreter 
[1.398s] -- Override CMake install command with custom implementation using symlinks instead of copying resources
[1.569s] -- Found rclcpp: 16.0.11 (/opt/ros/humble/share/rclcpp/cmake)
[1.719s] -- Found rosidl_generator_c: 3.1.6 (/opt/ros/humble/share/rosidl_generator_c/cmake)
[1.739s] -- Found rosidl_adapter: 3.1.6 (/opt/ros/humble/share/rosidl_adapter/cmake)
[1.777s] -- Found rosidl_generator_cpp: 3.1.6 (/opt/ros/humble/share/rosidl_generator_cpp/cmake)
[1.823s] -- Using all available rosidl_typesupport_c: rosidl_typesupport_fastrtps_c;rosidl_typesupport_introspection_c
[1.883s] -- Using all available rosidl_typesupport_cpp: rosidl_typesupport_fastrtps_cpp;rosidl_typesupport_introspection_cpp
[2.046s] -- Found rmw_implementation_cmake: 6.1.2 (/opt/ros/humble/share/rmw_implementation_cmake/cmake)
[2.055s] -- Found rmw_cyclonedds_cpp: 1.3.4 (/opt/ros/humble/share/rmw_cyclonedds_cpp/cmake)
[2.134s] -- Using RMW implementation 'rmw_cyclonedds_cpp' as default
[2.159s] -- Looking for pthread.h
[2.375s] -- Looking for pthread.h - found
[2.376s] -- Performing Test CMAKE_HAVE_LIBC_PTHREAD
[2.590s] -- Performing Test CMAKE_HAVE_LIBC_PTHREAD - Success
[2.594s] -- Found Threads: TRUE  
[2.679s] -- Found gazebo_dev: 3.7.0 (/opt/ros/humble/share/gazebo_dev/cmake)
[2.700s] -- Found PkgConfig: /usr/bin/pkg-config (found version "0.29.2") 
[2.705s] -- Checking for module 'bullet>=2.82'
[2.739s] --   Found bullet, version 3.05
[3.055s] -- Found fcl: /usr/include (found suitable version "0.7.0", minimum required is "0.5.0") 
[3.217s] -- Found assimp: /usr/include (found version "5.2.0") 
[3.273s] -- Found DART: /usr/include (Required is at least version "6.6") found components: dart 
[3.358s] -- Found Boost: /usr/lib/x86_64-linux-gnu/cmake/Boost-1.74.0/BoostConfig.cmake (found suitable version "1.74.0", minimum required is "1.40.0") found components: thread system filesystem program_options regex iostreams date_time 
[3.386s] -- Found Protobuf: /usr/lib/x86_64-linux-gnu/libprotobuf.so (found version "3.12.4") 
[3.404s] -- Looking for ignition-math6 -- found version 6.15.1
[3.417s] -- Searching for dependencies of ignition-math6
[3.421s] -- Looking for OGRE...
[3.421s] -- OGRE_PREFIX_WATCH changed.
[3.435s] -- Checking for module 'OGRE'
[3.472s] --   Found OGRE, version 1.9.0
[3.568s] -- Found Ogre Ghadamon (1.9.0)
[3.597s] -- Found OGRE: optimized;/usr/lib/x86_64-linux-gnu/libOgreMain.so;debug;/usr/lib/x86_64-linux-gnu/libOgreMain.so
[3.609s] -- Looking for OGRE_Paging...
[3.618s] -- Found OGRE_Paging: optimized;/usr/lib/x86_64-linux-gnu/libOgrePaging.so;debug;/usr/lib/x86_64-linux-gnu/libOgrePaging.so
[3.619s] -- Looking for OGRE_Terrain...
[3.628s] -- Found OGRE_Terrain: optimized;/usr/lib/x86_64-linux-gnu/libOgreTerrain.so;debug;/usr/lib/x86_64-linux-gnu/libOgreTerrain.so
[3.631s] -- Looking for OGRE_Property...
[3.638s] -- Found OGRE_Property: optimized;/usr/lib/x86_64-linux-gnu/libOgreProperty.so;debug;/usr/lib/x86_64-linux-gnu/libOgreProperty.so
[3.638s] -- Looking for OGRE_RTShaderSystem...
[3.648s] -- Found OGRE_RTShaderSystem: optimized;/usr/lib/x86_64-linux-gnu/libOgreRTShaderSystem.so;debug;/usr/lib/x86_64-linux-gnu/libOgreRTShaderSystem.so
[3.648s] -- Looking for OGRE_Volume...
[3.658s] -- Found OGRE_Volume: optimized;/usr/lib/x86_64-linux-gnu/libOgreVolume.so;debug;/usr/lib/x86_64-linux-gnu/libOgreVolume.so
[3.660s] -- Looking for OGRE_Overlay...
[3.668s] -- Found OGRE_Overlay: optimized;/usr/lib/x86_64-linux-gnu/libOgreOverlay.so;debug;/usr/lib/x86_64-linux-gnu/libOgreOverlay.so
[3.928s] -- Looking for ignition-math6 -- found version 6.15.1
[3.938s] -- Looking for ignition-transport8 -- found version 8.2.1
[3.938s] -- Searching for dependencies of ignition-transport8
[3.972s] -- Found Protobuf: /usr/lib/x86_64-linux-gnu/libprotobuf.so (found suitable version "3.12.4", minimum required is "3") 
[3.989s] -- Config-file not installed for ZeroMQ -- checking for pkg-config
[4.002s] -- Checking for module 'libzmq >= 4'
[4.039s] --   Found libzmq , version 4.3.4
[4.150s] -- Found ZeroMQ: TRUE (Required is at least version "4") 
[4.163s] -- Checking for module 'uuid'
[4.203s] --   Found uuid, version 2.37.2
[4.303s] -- Found UUID: TRUE  
[4.312s] -- Looking for ignition-msgs5 -- found version 5.8.1
[4.312s] -- Searching for dependencies of ignition-msgs5
[4.352s] -- Looking for ignition-math6 -- found version 6.15.1
[4.364s] -- Checking for module 'tinyxml2'
[4.405s] --   Found tinyxml2, version 9.0.0
[4.513s] -- Looking for ignition-msgs5 -- found version 5.8.1
[4.523s] -- Looking for ignition-common3 -- found version 3.14.0
[4.523s] -- Searching for dependencies of ignition-common3
[4.523s] -- Looking for dlfcn.h - found
[4.524s] -- Looking for libdl - found
[4.527s] -- Found DL: TRUE  
[4.553s] -- Found tinyobjloader: /usr/lib/x86_64-linux-gnu/cmake/tinyobjloader/tinyobjloader-config.cmake (found version "2.0.0") 
[4.555s] -- Searching for <ignition-common3> component [graphics]
[4.564s] -- Looking for ignition-common3-graphics -- found version 3.14.0
[4.564s] -- Searching for dependencies of ignition-common3-graphics
[4.565s] -- Looking for ignition-math6 -- found version 6.15.1
[4.577s] -- Looking for ignition-fuel_tools4 -- found version 4.4.0
[4.577s] -- Searching for dependencies of ignition-fuel_tools4
[4.798s] -- Found CURL: /usr/lib/x86_64-linux-gnu/libcurl.so (found version "7.81.0")  
[4.820s] -- Checking for module 'jsoncpp'
[4.860s] --   Found jsoncpp, version 1.9.5
[4.962s] -- Found JSONCPP: TRUE  
[4.977s] -- Checking for module 'libzip'
[5.019s] --   Found libzip, version 1.7.3
[5.124s] -- Found ZIP: TRUE  
[5.125s] -- Looking for ignition-common3 -- found version 3.14.0
[5.126s] -- Looking for ignition-math6 -- found version 6.15.1
[5.126s] -- Looking for ignition-msgs5 -- found version 5.8.1
[5.140s] -- Gazebo version: 11.10
[5.140s] -- Checking for module 'tbb'
[5.181s] --   Found tbb, version 2021.5.0
[5.289s] -- Found gazebo_ros: 3.7.0 (/opt/ros/humble/share/gazebo_ros/cmake)
[5.301s] -- Found sensor_msgs: 4.2.4 (/opt/ros/humble/share/sensor_msgs/cmake)
[5.345s] -- Found tf2_ros: 0.25.11 (/opt/ros/humble/share/tf2_ros/cmake)
[5.525s] [31mCMake Error at CMakeLists.txt:20 (find_package):
[5.525s]   By not providing "Findlivox_ros_driver2.cmake" in CMAKE_MODULE_PATH this
[5.525s]   project has asked CMake to find a package configuration file provided by
[5.525s]   "livox_ros_driver2", but CMake did not find one.
[5.526s] 
[5.526s]   Could not find a package configuration file provided by "livox_ros_driver2"
[5.526s]   with any of the following names:
[5.526s] 
[5.526s]     livox_ros_driver2Config.cmake
[5.526s]     livox_ros_driver2-config.cmake
[5.526s] 
[5.526s]   Add the installation prefix of "livox_ros_driver2" to CMAKE_PREFIX_PATH or
[5.526s]   set "livox_ros_driver2_DIR" to a directory containing one of the above
[5.526s]   files.  If "livox_ros_driver2" provides a separate development package or
[5.527s]   SDK, be sure it has been installed.
[5.527s] 
[5.527s] [0m
[5.527s] -- Configuring incomplete, errors occurred!
[5.527s] See also "/home/allen/rm_ws/build/ros2_livox_simulation/CMakeFiles/CMakeOutput.log".
[5.549s] Invoked command in '/home/allen/rm_ws/build/ros2_livox_simulation' returned '1': CMAKE_PREFIX_PATH=${CMAKE_PREFIX_PATH}:/opt/ros/humble /usr/bin/cmake /home/allen/rm_ws/src/livox_laser_simulation_RO2 -DAMENT_CMAKE_SYMLINK_INSTALL=1 -DCMAKE_INSTALL_PREFIX=/home/allen/rm_ws/install/ros2_livox_simulation
