[0.011s] Invoking command in '/home/allen/rm_ws/build/rm_navigation': CMAKE_PREFIX_PATH=/opt/ros/humble /usr/bin/cmake --build /home/allen/rm_ws/build/rm_navigation -- -j2 -l2
[0.063s] Invoked command in '/home/allen/rm_ws/build/rm_navigation' returned '0': CMAKE_PREFIX_PATH=/opt/ros/humble /usr/bin/cmake --build /home/allen/rm_ws/build/rm_navigation -- -j2 -l2
[0.065s] Invoking command in '/home/allen/rm_ws/build/rm_navigation': CMAKE_PREFIX_PATH=/opt/ros/humble /usr/bin/cmake --install /home/allen/rm_ws/build/rm_navigation
[0.075s] -- Install configuration: ""
[0.078s] -- Execute custom install script
[0.078s] -- Up-to-date symlink: /home/allen/rm_ws/install/rm_navigation/share/rm_navigation/params/mapper_params_online_async.yaml
[0.078s] -- Up-to-date symlink: /home/allen/rm_ws/install/rm_navigation/share/rm_navigation/params/nav2_params.yaml
[0.078s] -- Up-to-date symlink: /home/allen/rm_ws/install/rm_navigation/share/rm_navigation/rviz/nav2.rviz
[0.078s] -- Up-to-date symlink: /home/allen/rm_ws/install/rm_navigation/share/rm_navigation/launch/bringup_rm_navigation.py
[0.079s] -- Up-to-date symlink: /home/allen/rm_ws/install/rm_navigation/share/rm_navigation/launch/localization_amcl_launch.py
[0.079s] -- Up-to-date symlink: /home/allen/rm_ws/install/rm_navigation/share/rm_navigation/launch/map_server_launch.py
[0.080s] -- Up-to-date symlink: /home/allen/rm_ws/install/rm_navigation/share/rm_navigation/launch/navigation_launch.py
[0.080s] -- Up-to-date symlink: /home/allen/rm_ws/install/rm_navigation/share/rm_navigation/launch/rviz_launch.py
[0.080s] -- Up-to-date symlink: /home/allen/rm_ws/install/rm_navigation/share/ament_index/resource_index/package_run_dependencies/rm_navigation
[0.080s] -- Up-to-date symlink: /home/allen/rm_ws/install/rm_navigation/share/ament_index/resource_index/parent_prefix_path/rm_navigation
[0.080s] -- Up-to-date symlink: /home/allen/rm_ws/install/rm_navigation/share/rm_navigation/environment/ament_prefix_path.sh
[0.080s] -- Up-to-date symlink: /home/allen/rm_ws/install/rm_navigation/share/rm_navigation/environment/ament_prefix_path.dsv
[0.084s] -- Up-to-date symlink: /home/allen/rm_ws/install/rm_navigation/share/rm_navigation/environment/path.sh
[0.084s] -- Up-to-date symlink: /home/allen/rm_ws/install/rm_navigation/share/rm_navigation/environment/path.dsv
[0.085s] -- Up-to-date symlink: /home/allen/rm_ws/install/rm_navigation/share/rm_navigation/local_setup.bash
[0.085s] -- Up-to-date symlink: /home/allen/rm_ws/install/rm_navigation/share/rm_navigation/local_setup.sh
[0.085s] -- Up-to-date symlink: /home/allen/rm_ws/install/rm_navigation/share/rm_navigation/local_setup.zsh
[0.085s] -- Up-to-date symlink: /home/allen/rm_ws/install/rm_navigation/share/rm_navigation/local_setup.dsv
[0.085s] -- Symlinking: /home/allen/rm_ws/install/rm_navigation/share/rm_navigation/package.dsv
[0.097s] -- Up-to-date symlink: /home/allen/rm_ws/install/rm_navigation/share/ament_index/resource_index/packages/rm_navigation
[0.099s] -- Up-to-date symlink: /home/allen/rm_ws/install/rm_navigation/share/rm_navigation/cmake/rm_navigationConfig.cmake
[0.099s] -- Up-to-date symlink: /home/allen/rm_ws/install/rm_navigation/share/rm_navigation/cmake/rm_navigationConfig-version.cmake
[0.100s] -- Up-to-date symlink: /home/allen/rm_ws/install/rm_navigation/share/rm_navigation/package.xml
[0.101s] Invoked command in '/home/allen/rm_ws/build/rm_navigation' returned '0': CMAKE_PREFIX_PATH=/opt/ros/humble /usr/bin/cmake --install /home/allen/rm_ws/build/rm_navigation
