[0.021s] Invoking command in '/home/allen/rm_ws/build/rmoss_gz_plugins': CMAKE_PREFIX_PATH=/opt/ros/humble /usr/bin/cmake /home/allen/rm_ws/src/rmoss_gz_plugins -DAMENT_CMAKE_SYMLINK_INSTALL=1 -DCMAKE_INSTALL_PREFIX=/home/allen/rm_ws/install/rmoss_gz_plugins
[0.138s] -- The C compiler identification is GNU 11.4.0
[0.246s] -- The CXX compiler identification is GNU 11.4.0
[0.259s] -- Detecting C compiler ABI info
[0.417s] -- Detecting C compiler ABI info - done
[0.422s] -- Check for working C compiler: /usr/bin/cc - skipped
[0.423s] -- Detecting C compile features
[0.426s] -- Detecting C compile features - done
[0.428s] -- Detecting CXX compiler ABI info
[0.613s] -- Detecting CXX compiler ABI info - done
[0.619s] -- Check for working CXX compiler: /usr/bin/c++ - skipped
[0.620s] -- Detecting CXX compile features
[0.622s] -- Detecting CXX compile features - done
[0.627s] -- Found ament_cmake: 1.3.11 (/opt/ros/humble/share/ament_cmake/cmake)
[0.845s] -- Found Python3: /usr/bin/python3 (found version "3.10.12") found components: Interpreter 
[0.922s] -- Override CMake install command with custom implementation using symlinks instead of copying resources
[0.969s] -- Looking for ignition-msgs8 -- found version 8.7.0
[0.978s] -- Searching for dependencies of ignition-msgs8
[1.357s] -- Found Protobuf: /usr/lib/x86_64-linux-gnu/libprotobuf.so (found suitable version "3.12.4", minimum required is "3") 
[1.358s] -- Looking for ignition-math6 -- found version 6.15.1
[1.359s] -- Searching for dependencies of ignition-math6
[1.372s] -- Checking for module 'tinyxml2'
[1.403s] --   Found tinyxml2, version 9.0.0
[1.483s] -- Looking for ignition-transport11 -- found version 11.4.1
[1.484s] -- Searching for dependencies of ignition-transport11
[1.511s] -- Found Protobuf: /usr/lib/x86_64-linux-gnu/libprotobuf.so (found version "3.12.4") 
[1.528s] -- Config-file not installed for ZeroMQ -- checking for pkg-config
[1.539s] -- Checking for module 'libzmq >= 4'
[1.571s] --   Found libzmq , version 4.3.4
[1.663s] -- Found ZeroMQ: TRUE (Required is at least version "4") 
[1.674s] -- Checking for module 'uuid'
[1.705s] --   Found uuid, version 2.37.2
[1.789s] -- Found UUID: TRUE  
[1.793s] -- Looking for ignition-utils1 -- found version 1.5.1
[1.793s] -- Searching for dependencies of ignition-utils1
[1.794s] -- Searching for <ignition-utils1> component [cli]
[1.797s] -- Looking for ignition-utils1-cli -- found version 1.5.1
[1.799s] -- Searching for dependencies of ignition-utils1-cli
[1.799s] -- Looking for ignition-msgs8 -- found version 8.7.0
[1.804s] -- Looking for ignition-gazebo6 -- found version 6.17.0
[1.804s] -- Searching for dependencies of ignition-gazebo6
[1.807s] -- Looking for sdformat12 -- found version 12.8.0
[1.808s] -- Searching for dependencies of sdformat12
[1.826s] -- Looking for ignition-math6 -- found version 6.15.1
[1.827s] -- Looking for ignition-utils1 -- found version 1.5.1
[1.831s] -- Looking for ignition-plugin1 -- found version 1.4.0
[1.831s] -- Searching for dependencies of ignition-plugin1
[1.832s] -- Searching for <ignition-plugin1> component [loader]
[1.835s] -- Looking for ignition-plugin1-loader -- found version 1.4.0
[1.836s] -- Searching for dependencies of ignition-plugin1-loader
[1.837s] -- Searching for <ignition-plugin1> component [register]
[1.840s] -- Looking for ignition-plugin1-register -- found version 1.4.0
[1.840s] -- Searching for dependencies of ignition-plugin1-register
[1.842s] -- Looking for ignition-transport11 -- found version 11.4.1
[1.842s] -- Searching for dependencies of ignition-transport11
[1.888s] -- Config-file not installed for ZeroMQ -- checking for pkg-config
[1.898s] -- Checking for module 'libzmq >= 4'
[1.930s] --   Found libzmq , version 4.3.4
[2.045s] -- Looking for ignition-utils1 -- found version 1.5.1
[2.047s] -- Looking for ignition-msgs8 -- found version 8.7.0
[2.047s] -- Searching for <ignition-transport11> component [log]
[2.050s] -- Looking for ignition-transport11-log -- found version 11.4.1
[2.050s] -- Searching for dependencies of ignition-transport11-log
[2.051s] -- Searching for <ignition-transport11> component [parameters]
[2.054s] -- Looking for ignition-transport11-parameters -- found version 11.4.1
[2.055s] -- Searching for dependencies of ignition-transport11-parameters
[2.057s] -- Looking for ignition-msgs8 -- found version 8.7.0
[2.060s] -- Looking for ignition-common4 -- found version 4.7.0
[2.061s] -- Searching for dependencies of ignition-common4
[2.061s] -- Looking for dlfcn.h - found
[2.062s] -- Looking for libdl - found
[2.064s] -- Found DL: TRUE  
[2.080s] -- Searching for <ignition-common4> component [profiler]
[2.084s] -- Looking for ignition-common4-profiler -- found version 4.7.0
[2.084s] -- Searching for dependencies of ignition-common4-profiler
[2.085s] -- Searching for <ignition-common4> component [events]
[2.088s] -- Looking for ignition-common4-events -- found version 4.7.0
[2.089s] -- Searching for dependencies of ignition-common4-events
[2.090s] -- Looking for ignition-math6 -- found version 6.15.1
[2.090s] -- Searching for <ignition-common4> component [av]
[2.093s] -- Looking for ignition-common4-av -- found version 4.7.0
[2.094s] -- Searching for dependencies of ignition-common4-av
[2.107s] -- Checking for module 'libswscale'
[2.140s] --   Found libswscale, version 5.9.100
[2.229s] -- Found SWSCALE: TRUE  
[2.240s] -- Checking for module 'libavdevice >= 56.4.100'
[2.273s] --   Found libavdevice , version 58.13.100
[2.379s] -- Found AVDEVICE: TRUE (Required is at least version "56.4.100") 
[2.394s] -- Checking for module 'libavformat'
[2.433s] --   Found libavformat, version 58.76.100
[2.533s] -- Found AVFORMAT: TRUE  
[2.543s] -- Checking for module 'libavcodec'
[2.578s] --   Found libavcodec, version 58.134.100
[2.676s] -- Found AVCODEC: TRUE  
[2.687s] -- Checking for module 'libavutil'
[2.725s] --   Found libavutil, version 56.70.100
[2.821s] -- Found AVUTIL: TRUE  
[2.825s] -- Looking for ignition-fuel_tools7 -- found version 7.3.1
[2.829s] -- Searching for dependencies of ignition-fuel_tools7
[3.021s] -- Found CURL: /usr/lib/x86_64-linux-gnu/libcurl.so (found version "7.81.0")  
[3.039s] -- Checking for module 'jsoncpp'
[3.076s] --   Found jsoncpp, version 1.9.5
[3.170s] -- Found JSONCPP: TRUE  
[3.183s] -- Checking for module 'libzip'
[3.221s] --   Found libzip, version 1.7.3
[3.321s] -- Found ZIP: TRUE  
[3.322s] -- Looking for ignition-common4 -- found version 4.7.0
[3.323s] -- Looking for ignition-math6 -- found version 6.15.1
[3.323s] -- Looking for ignition-msgs8 -- found version 8.7.0
[3.328s] -- Looking for ignition-gui6 -- found version 6.8.0
[3.329s] -- Searching for dependencies of ignition-gui6
[3.360s] -- Found Protobuf: /usr/lib/x86_64-linux-gnu/libprotobuf.so (found suitable version "3.12.4", minimum required is "3") 
[3.378s] -- Looking for ignition-math6 -- found version 6.15.1
[3.378s] -- Looking for ignition-common4 -- found version 4.7.0
[3.379s] -- Looking for ignition-plugin1 -- found version 1.4.0
[3.380s] -- Looking for ignition-transport11 -- found version 11.4.1
[3.384s] -- Looking for ignition-rendering6 -- found version 6.6.3
[3.384s] -- Searching for dependencies of ignition-rendering6
[3.384s] -- Looking for ignition-math6 -- found version 6.15.1
[3.385s] -- Searching for dependencies of ignition-math6
[3.385s] -- Searching for <ignition-math6> component [eigen3]
[3.388s] -- Looking for ignition-math6-eigen3 -- found version 6.15.1
[3.389s] -- Searching for dependencies of ignition-math6-eigen3
[3.399s] -- Looking for ignition-common4 -- found version 4.7.0
[3.400s] -- Searching for dependencies of ignition-common4
[3.400s] -- Looking for dlfcn.h - found
[3.400s] -- Looking for libdl - found
[3.418s] -- Searching for <ignition-common4> component [graphics]
[3.423s] -- Looking for ignition-common4-graphics -- found version 4.7.0
[3.423s] -- Searching for dependencies of ignition-common4-graphics
[3.423s] -- Looking for ignition-math6 -- found version 6.15.1
[3.423s] -- Looking for ignition-utils1 -- found version 1.5.1
[3.425s] -- Searching for <ignition-common4> component [events]
[3.428s] -- Looking for ignition-plugin1 -- found version 1.4.0
[3.428s] -- Searching for dependencies of ignition-plugin1
[3.429s] -- Searching for <ignition-plugin1> component [all]
[3.432s] -- Looking for all libraries of ignition-plugin1 -- found version 1.4.0
[3.435s] -- Looking for ignition-plugin1 -- found version 1.4.0
[3.437s] -- Looking for ignition-msgs8 -- found version 8.7.0
[3.471s] -- Looking for ignition-physics5 -- found version 5.3.2
[3.471s] -- Searching for dependencies of ignition-physics5
[3.472s] -- Looking for ignition-math6 -- found version 6.15.1
[3.472s] -- Looking for ignition-plugin1 -- found version 1.4.0
[3.473s] -- Looking for ignition-utils1 -- found version 1.5.1
[3.474s] -- Searching for <ignition-physics5> component [heightmap]
[3.477s] -- Looking for ignition-physics5-heightmap -- found version 5.3.2
[3.478s] -- Searching for dependencies of ignition-physics5-heightmap
[3.479s] -- Looking for ignition-common4 -- found version 4.7.0
[3.479s] -- Searching for <ignition-physics5> component [mesh]
[3.482s] -- Looking for ignition-physics5-mesh -- found version 5.3.2
[3.483s] -- Searching for dependencies of ignition-physics5-mesh
[3.484s] -- Looking for ignition-common4 -- found version 4.7.0
[3.484s] -- Searching for <ignition-physics5> component [sdf]
[3.487s] -- Looking for ignition-physics5-sdf -- found version 5.3.2
[3.489s] -- Searching for dependencies of ignition-physics5-sdf
[3.489s] -- Looking for sdformat12 -- found version 12.8.0
[3.492s] -- Looking for ignition-sensors6 -- found version 6.8.1
[3.492s] -- Searching for dependencies of ignition-sensors6
[3.523s] -- Found Protobuf: /usr/lib/x86_64-linux-gnu/libprotobuf.so (found version "3.12.4") 
[3.525s] -- Looking for ignition-math6 -- found version 6.15.1
[3.525s] -- Looking for ignition-common4 -- found version 4.7.0
[3.526s] -- Looking for ignition-transport11 -- found version 11.4.1
[3.527s] -- Looking for ignition-rendering6 -- found version 6.6.3
[3.528s] -- Looking for ignition-msgs8 -- found version 8.7.0
[3.528s] -- Looking for sdformat12 -- found version 12.8.0
[3.529s] -- Searching for <ignition-sensors6> component [air_pressure]
[3.533s] -- Looking for ignition-sensors6-air_pressure -- found version 6.8.1
[3.534s] -- Searching for dependencies of ignition-sensors6-air_pressure
[3.534s] -- Searching for <ignition-sensors6> component [altimeter]
[3.537s] -- Looking for ignition-sensors6-altimeter -- found version 6.8.1
[3.538s] -- Searching for dependencies of ignition-sensors6-altimeter
[3.539s] -- Searching for <ignition-sensors6> component [imu]
[3.542s] -- Looking for ignition-sensors6-imu -- found version 6.8.1
[3.543s] -- Searching for dependencies of ignition-sensors6-imu
[3.544s] -- Searching for <ignition-sensors6> component [force_torque]
[3.547s] -- Looking for ignition-sensors6-force_torque -- found version 6.8.1
[3.548s] -- Searching for dependencies of ignition-sensors6-force_torque
[3.548s] -- Searching for <ignition-sensors6> component [logical_camera]
[3.554s] -- Looking for ignition-sensors6-logical_camera -- found version 6.8.1
[3.554s] -- Searching for dependencies of ignition-sensors6-logical_camera
[3.554s] -- Searching for <ignition-sensors6> component [magnetometer]
[3.557s] -- Looking for ignition-sensors6-magnetometer -- found version 6.8.1
[3.558s] -- Searching for dependencies of ignition-sensors6-magnetometer
[3.559s] -- Searching for <ignition-sensors6> component [navsat]
[3.563s] -- Looking for ignition-sensors6-navsat -- found version 6.8.1
[3.563s] -- Searching for dependencies of ignition-sensors6-navsat
[3.566s] -- Searching for <ignition-sensors6> component [rendering]
[3.569s] -- Looking for ignition-sensors6-rendering -- found version 6.8.1
[3.569s] -- Searching for dependencies of ignition-sensors6-rendering
[3.570s] -- Searching for <ignition-sensors6> component [lidar]
[3.574s] -- Looking for ignition-sensors6-lidar -- found version 6.8.1
[3.574s] -- Searching for dependencies of ignition-sensors6-lidar
[3.575s] -- Looking for ignition-sensors6 -- found version 6.8.1
[3.575s] -- Searching for <ignition-sensors6> component [gpu_lidar]
[3.578s] -- Looking for ignition-sensors6-gpu_lidar -- found version 6.8.1
[3.579s] -- Searching for dependencies of ignition-sensors6-gpu_lidar
[3.580s] -- Looking for ignition-sensors6 -- found version 6.8.1
[3.581s] -- Searching for <ignition-sensors6> component [camera]
[3.584s] -- Looking for ignition-sensors6-camera -- found version 6.8.1
[3.584s] -- Searching for dependencies of ignition-sensors6-camera
[3.585s] -- Looking for ignition-sensors6 -- found version 6.8.1
[3.586s] -- Searching for <ignition-sensors6> component [boundingbox_camera]
[3.589s] -- Looking for ignition-sensors6-boundingbox_camera -- found version 6.8.1
[3.590s] -- Searching for dependencies of ignition-sensors6-boundingbox_camera
[3.591s] -- Searching for <ignition-sensors6> component [segmentation_camera]
[3.594s] -- Looking for ignition-sensors6-segmentation_camera -- found version 6.8.1
[3.595s] -- Searching for dependencies of ignition-sensors6-segmentation_camera
[3.595s] -- Searching for <ignition-sensors6> component [depth_camera]
[3.598s] -- Looking for ignition-sensors6-depth_camera -- found version 6.8.1
[3.600s] -- Searching for dependencies of ignition-sensors6-depth_camera
[3.600s] -- Looking for ignition-sensors6 -- found version 6.8.1
[3.600s] -- Searching for <ignition-sensors6> component [rgbd_camera]
[3.606s] -- Looking for ignition-sensors6-rgbd_camera -- found version 6.8.1
[3.606s] -- Searching for dependencies of ignition-sensors6-rgbd_camera
[3.606s] -- Looking for ignition-sensors6 -- found version 6.8.1
[3.606s] -- Searching for <ignition-sensors6> component [thermal_camera]
[3.608s] -- Looking for ignition-sensors6-thermal_camera -- found version 6.8.1
[3.608s] -- Searching for dependencies of ignition-sensors6-thermal_camera
[3.610s] -- Looking for ignition-sensors6 -- found version 6.8.1
[3.612s] -- Looking for ignition-rendering6 -- found version 6.6.3
[3.612s] -- Looking for ignition-math6 -- found version 6.15.1
[3.616s] -- Looking for ignition-utils1 -- found version 1.5.1
[3.744s] -- Configuring done
[3.810s] -- Generating done
[3.819s] -- Build files have been written to: /home/allen/rm_ws/build/rmoss_gz_plugins
[3.837s] Invoked command in '/home/allen/rm_ws/build/rmoss_gz_plugins' returned '0': CMAKE_PREFIX_PATH=/opt/ros/humble /usr/bin/cmake /home/allen/rm_ws/src/rmoss_gz_plugins -DAMENT_CMAKE_SYMLINK_INSTALL=1 -DCMAKE_INSTALL_PREFIX=/home/allen/rm_ws/install/rmoss_gz_plugins
[3.842s] Invoking command in '/home/allen/rm_ws/build/rmoss_gz_plugins': CMAKE_PREFIX_PATH=/opt/ros/humble /usr/bin/cmake --build /home/allen/rm_ws/build/rmoss_gz_plugins -- -j2 -l2
[3.975s] [ 16%] [32mBuilding CXX object CMakeFiles/ProjectileShooter.dir/plugins/projectile_shooter/ProjectileShooter.cc.o[0m
[3.975s] [ 33%] [32mBuilding CXX object CMakeFiles/MecanumDrive2.dir/plugins/mecanum_drive2/MecanumDrive2.cc.o[0m
[13.989s] [ 50%] [32m[1mLinking CXX shared library libMecanumDrive2.so[0m
[14.802s] [ 50%] Built target MecanumDrive2
[14.862s] [ 66%] [32mBuilding CXX object CMakeFiles/LightBarController.dir/plugins/light_bar_controller/LightBarController.cc.o[0m
[15.747s] [ 83%] [32m[1mLinking CXX shared library libProjectileShooter.so[0m
[16.699s] [ 83%] Built target ProjectileShooter
[25.397s] [100%] [32m[1mLinking CXX shared library libLightBarController.so[0m
[26.106s] [100%] Built target LightBarController
[26.134s] Invoked command in '/home/allen/rm_ws/build/rmoss_gz_plugins' returned '0': CMAKE_PREFIX_PATH=/opt/ros/humble /usr/bin/cmake --build /home/allen/rm_ws/build/rmoss_gz_plugins -- -j2 -l2
[26.158s] Invoking command in '/home/allen/rm_ws/build/rmoss_gz_plugins': CMAKE_PREFIX_PATH=/opt/ros/humble /usr/bin/cmake --install /home/allen/rm_ws/build/rmoss_gz_plugins
[26.177s] -- Install configuration: ""
[26.178s] -- Execute custom install script
[26.178s] -- Symlinking: /home/allen/rm_ws/install/rmoss_gz_plugins/plugins/libMecanumDrive2.so
[26.201s] -- Symlinking: /home/allen/rm_ws/install/rmoss_gz_plugins/plugins/libProjectileShooter.so
[26.223s] -- Symlinking: /home/allen/rm_ws/install/rmoss_gz_plugins/plugins/libLightBarController.so
[26.247s] -- Symlinking: /home/allen/rm_ws/install/rmoss_gz_plugins/share/rmoss_gz_plugins/environment/gazebo.dsv
[26.268s] -- Symlinking: /home/allen/rm_ws/install/rmoss_gz_plugins/share/ament_index/resource_index/package_run_dependencies/rmoss_gz_plugins
[26.292s] -- Symlinking: /home/allen/rm_ws/install/rmoss_gz_plugins/share/ament_index/resource_index/parent_prefix_path/rmoss_gz_plugins
[26.314s] -- Symlinking: /home/allen/rm_ws/install/rmoss_gz_plugins/share/rmoss_gz_plugins/environment/ament_prefix_path.sh
[26.336s] -- Symlinking: /home/allen/rm_ws/install/rmoss_gz_plugins/share/rmoss_gz_plugins/environment/ament_prefix_path.dsv
[26.358s] -- Symlinking: /home/allen/rm_ws/install/rmoss_gz_plugins/share/rmoss_gz_plugins/environment/path.sh
[26.386s] -- Symlinking: /home/allen/rm_ws/install/rmoss_gz_plugins/share/rmoss_gz_plugins/environment/path.dsv
[26.410s] -- Symlinking: /home/allen/rm_ws/install/rmoss_gz_plugins/share/rmoss_gz_plugins/local_setup.bash
[26.434s] -- Symlinking: /home/allen/rm_ws/install/rmoss_gz_plugins/share/rmoss_gz_plugins/local_setup.sh
[26.461s] -- Symlinking: /home/allen/rm_ws/install/rmoss_gz_plugins/share/rmoss_gz_plugins/local_setup.zsh
[26.495s] -- Symlinking: /home/allen/rm_ws/install/rmoss_gz_plugins/share/rmoss_gz_plugins/local_setup.dsv
[26.519s] -- Symlinking: /home/allen/rm_ws/install/rmoss_gz_plugins/share/rmoss_gz_plugins/package.dsv
[26.544s] -- Symlinking: /home/allen/rm_ws/install/rmoss_gz_plugins/share/ament_index/resource_index/packages/rmoss_gz_plugins
[26.568s] -- Symlinking: /home/allen/rm_ws/install/rmoss_gz_plugins/share/rmoss_gz_plugins/cmake/rmoss_gz_pluginsConfig.cmake
[26.593s] -- Symlinking: /home/allen/rm_ws/install/rmoss_gz_plugins/share/rmoss_gz_plugins/cmake/rmoss_gz_pluginsConfig-version.cmake
[26.617s] -- Symlinking: /home/allen/rm_ws/install/rmoss_gz_plugins/share/rmoss_gz_plugins/package.xml
[26.643s] Invoked command in '/home/allen/rm_ws/build/rmoss_gz_plugins' returned '0': CMAKE_PREFIX_PATH=/opt/ros/humble /usr/bin/cmake --install /home/allen/rm_ws/build/rmoss_gz_plugins
