[0.139s] DEBUG:colcon:Command line arguments: ['/usr/bin/colcon', 'build', '--packages-select', 'rmoss_gz_plugins', '--symlink-install']
[0.139s] DEBUG:colcon:Parsed command line arguments: Namespace(log_base=None, log_level=None, verb_name='build', build_base='build', install_base='install', merge_install=False, symlink_install=True, test_result_base=None, continue_on_error=False, executor='parallel', parallel_workers=2, event_handlers=None, ignore_user_meta=False, metas=['./colcon.meta'], base_paths=['.'], packages_ignore=None, packages_ignore_regex=None, paths=None, packages_up_to=None, packages_up_to_regex=None, packages_above=None, packages_above_and_dependencies=None, packages_above_depth=None, packages_select_by_dep=None, packages_skip_by_dep=None, packages_skip_up_to=None, packages_select_build_failed=False, packages_skip_build_finished=False, packages_select_test_failures=False, packages_skip_test_passed=False, packages_select=['rmoss_gz_plugins'], packages_skip=None, packages_select_regex=None, packages_skip_regex=None, packages_start=None, packages_end=None, allow_overriding=[], cmake_args=None, cmake_target=None, cmake_target_skip_unavailable=False, cmake_clean_cache=False, cmake_clean_first=False, cmake_force_configure=False, ament_cmake_args=None, catkin_cmake_args=None, catkin_skip_building_tests=False, verb_parser=<colcon_defaults.argument_parser.defaults.DefaultArgumentsDecorator object at 0x75c0d561fca0>, verb_extension=<colcon_core.verb.build.BuildVerb object at 0x75c0d561f3a0>, main=<bound method BuildVerb.main of <colcon_core.verb.build.BuildVerb object at 0x75c0d561f3a0>>)
[0.362s] Level 1:colcon.colcon_core.package_discovery:discover_packages(colcon_meta) check parameters
[0.362s] Level 1:colcon.colcon_core.package_discovery:discover_packages(recursive) check parameters
[0.362s] Level 1:colcon.colcon_core.package_discovery:discover_packages(ignore) check parameters
[0.362s] Level 1:colcon.colcon_core.package_discovery:discover_packages(path) check parameters
[0.362s] Level 1:colcon.colcon_core.package_discovery:discover_packages(colcon_meta) discover
[0.362s] Level 1:colcon.colcon_core.package_discovery:discover_packages(recursive) discover
[0.362s] INFO:colcon.colcon_core.package_discovery:Crawling recursively for packages in '/home/allen/rm_ws'
[0.362s] Level 1:colcon.colcon_core.package_identification:_identify(.) by extensions ['ignore', 'ignore_ament_install']
[0.362s] Level 1:colcon.colcon_core.package_identification:_identify(.) by extension 'ignore'
[0.363s] Level 1:colcon.colcon_core.package_identification:_identify(.) by extension 'ignore_ament_install'
[0.363s] Level 1:colcon.colcon_core.package_identification:_identify(.) by extensions ['colcon_pkg']
[0.363s] Level 1:colcon.colcon_core.package_identification:_identify(.) by extension 'colcon_pkg'
[0.363s] Level 1:colcon.colcon_core.package_identification:_identify(.) by extensions ['colcon_meta']
[0.363s] Level 1:colcon.colcon_core.package_identification:_identify(.) by extension 'colcon_meta'
[0.363s] Level 1:colcon.colcon_core.package_identification:_identify(.) by extensions ['ros']
[0.363s] Level 1:colcon.colcon_core.package_identification:_identify(.) by extension 'ros'
[0.375s] Level 1:colcon.colcon_core.package_identification:_identify(.) by extensions ['cmake', 'python']
[0.375s] Level 1:colcon.colcon_core.package_identification:_identify(.) by extension 'cmake'
[0.375s] Level 1:colcon.colcon_core.package_identification:_identify(.) by extension 'python'
[0.375s] Level 1:colcon.colcon_core.package_identification:_identify(.) by extensions ['python_setup_py']
[0.375s] Level 1:colcon.colcon_core.package_identification:_identify(.) by extension 'python_setup_py'
[0.375s] Level 1:colcon.colcon_core.package_identification:_identify(build) by extensions ['ignore', 'ignore_ament_install']
[0.375s] Level 1:colcon.colcon_core.package_identification:_identify(build) by extension 'ignore'
[0.375s] Level 1:colcon.colcon_core.package_identification:_identify(build) ignored
[0.375s] Level 1:colcon.colcon_core.package_identification:_identify(install) by extensions ['ignore', 'ignore_ament_install']
[0.376s] Level 1:colcon.colcon_core.package_identification:_identify(install) by extension 'ignore'
[0.376s] Level 1:colcon.colcon_core.package_identification:_identify(install) ignored
[0.376s] Level 1:colcon.colcon_core.package_identification:_identify(log) by extensions ['ignore', 'ignore_ament_install']
[0.376s] Level 1:colcon.colcon_core.package_identification:_identify(log) by extension 'ignore'
[0.376s] Level 1:colcon.colcon_core.package_identification:_identify(log) ignored
[0.376s] Level 1:colcon.colcon_core.package_identification:_identify(src) by extensions ['ignore', 'ignore_ament_install']
[0.376s] Level 1:colcon.colcon_core.package_identification:_identify(src) by extension 'ignore'
[0.376s] Level 1:colcon.colcon_core.package_identification:_identify(src) by extension 'ignore_ament_install'
[0.376s] Level 1:colcon.colcon_core.package_identification:_identify(src) by extensions ['colcon_pkg']
[0.376s] Level 1:colcon.colcon_core.package_identification:_identify(src) by extension 'colcon_pkg'
[0.376s] Level 1:colcon.colcon_core.package_identification:_identify(src) by extensions ['colcon_meta']
[0.376s] Level 1:colcon.colcon_core.package_identification:_identify(src) by extension 'colcon_meta'
[0.376s] Level 1:colcon.colcon_core.package_identification:_identify(src) by extensions ['ros']
[0.376s] Level 1:colcon.colcon_core.package_identification:_identify(src) by extension 'ros'
[0.377s] Level 1:colcon.colcon_core.package_identification:_identify(src) by extensions ['cmake', 'python']
[0.377s] Level 1:colcon.colcon_core.package_identification:_identify(src) by extension 'cmake'
[0.377s] Level 1:colcon.colcon_core.package_identification:_identify(src) by extension 'python'
[0.377s] Level 1:colcon.colcon_core.package_identification:_identify(src) by extensions ['python_setup_py']
[0.377s] Level 1:colcon.colcon_core.package_identification:_identify(src) by extension 'python_setup_py'
[0.377s] Level 1:colcon.colcon_core.package_identification:_identify(src/rm_nav_bringup) by extensions ['ignore', 'ignore_ament_install']
[0.377s] Level 1:colcon.colcon_core.package_identification:_identify(src/rm_nav_bringup) by extension 'ignore'
[0.377s] Level 1:colcon.colcon_core.package_identification:_identify(src/rm_nav_bringup) by extension 'ignore_ament_install'
[0.377s] Level 1:colcon.colcon_core.package_identification:_identify(src/rm_nav_bringup) by extensions ['colcon_pkg']
[0.377s] Level 1:colcon.colcon_core.package_identification:_identify(src/rm_nav_bringup) by extension 'colcon_pkg'
[0.377s] Level 1:colcon.colcon_core.package_identification:_identify(src/rm_nav_bringup) by extensions ['colcon_meta']
[0.377s] Level 1:colcon.colcon_core.package_identification:_identify(src/rm_nav_bringup) by extension 'colcon_meta'
[0.377s] Level 1:colcon.colcon_core.package_identification:_identify(src/rm_nav_bringup) by extensions ['ros']
[0.377s] Level 1:colcon.colcon_core.package_identification:_identify(src/rm_nav_bringup) by extension 'ros'
[0.380s] DEBUG:colcon.colcon_core.package_identification:Package 'src/rm_nav_bringup' with type 'ros.ament_cmake' and name 'rm_nav_bringup'
[0.380s] Level 1:colcon.colcon_core.package_identification:_identify(src/rm_navigation) by extensions ['ignore', 'ignore_ament_install']
[0.380s] Level 1:colcon.colcon_core.package_identification:_identify(src/rm_navigation) by extension 'ignore'
[0.380s] Level 1:colcon.colcon_core.package_identification:_identify(src/rm_navigation) by extension 'ignore_ament_install'
[0.380s] Level 1:colcon.colcon_core.package_identification:_identify(src/rm_navigation) by extensions ['colcon_pkg']
[0.380s] Level 1:colcon.colcon_core.package_identification:_identify(src/rm_navigation) by extension 'colcon_pkg'
[0.380s] Level 1:colcon.colcon_core.package_identification:_identify(src/rm_navigation) by extensions ['colcon_meta']
[0.380s] Level 1:colcon.colcon_core.package_identification:_identify(src/rm_navigation) by extension 'colcon_meta'
[0.380s] Level 1:colcon.colcon_core.package_identification:_identify(src/rm_navigation) by extensions ['ros']
[0.381s] Level 1:colcon.colcon_core.package_identification:_identify(src/rm_navigation) by extension 'ros'
[0.381s] Level 1:colcon.colcon_core.package_identification:_identify(src/rm_navigation) by extensions ['cmake', 'python']
[0.381s] Level 1:colcon.colcon_core.package_identification:_identify(src/rm_navigation) by extension 'cmake'
[0.381s] Level 1:colcon.colcon_core.package_identification:_identify(src/rm_navigation) by extension 'python'
[0.381s] Level 1:colcon.colcon_core.package_identification:_identify(src/rm_navigation) by extensions ['python_setup_py']
[0.381s] Level 1:colcon.colcon_core.package_identification:_identify(src/rm_navigation) by extension 'python_setup_py'
[0.381s] Level 1:colcon.colcon_core.package_identification:_identify(src/rm_navigation/costmap_converter) by extensions ['ignore', 'ignore_ament_install']
[0.381s] Level 1:colcon.colcon_core.package_identification:_identify(src/rm_navigation/costmap_converter) by extension 'ignore'
[0.381s] Level 1:colcon.colcon_core.package_identification:_identify(src/rm_navigation/costmap_converter) by extension 'ignore_ament_install'
[0.381s] Level 1:colcon.colcon_core.package_identification:_identify(src/rm_navigation/costmap_converter) by extensions ['colcon_pkg']
[0.381s] Level 1:colcon.colcon_core.package_identification:_identify(src/rm_navigation/costmap_converter) by extension 'colcon_pkg'
[0.381s] Level 1:colcon.colcon_core.package_identification:_identify(src/rm_navigation/costmap_converter) by extensions ['colcon_meta']
[0.381s] Level 1:colcon.colcon_core.package_identification:_identify(src/rm_navigation/costmap_converter) by extension 'colcon_meta'
[0.381s] Level 1:colcon.colcon_core.package_identification:_identify(src/rm_navigation/costmap_converter) by extensions ['ros']
[0.382s] Level 1:colcon.colcon_core.package_identification:_identify(src/rm_navigation/costmap_converter) by extension 'ros'
[0.382s] Level 1:colcon.colcon_core.package_identification:_identify(src/rm_navigation/costmap_converter) by extensions ['cmake', 'python']
[0.382s] Level 1:colcon.colcon_core.package_identification:_identify(src/rm_navigation/costmap_converter) by extension 'cmake'
[0.382s] Level 1:colcon.colcon_core.package_identification:_identify(src/rm_navigation/costmap_converter) by extension 'python'
[0.382s] Level 1:colcon.colcon_core.package_identification:_identify(src/rm_navigation/costmap_converter) by extensions ['python_setup_py']
[0.382s] Level 1:colcon.colcon_core.package_identification:_identify(src/rm_navigation/costmap_converter) by extension 'python_setup_py'
[0.382s] Level 1:colcon.colcon_core.package_identification:_identify(src/rm_navigation/costmap_converter/costmap_converter) by extensions ['ignore', 'ignore_ament_install']
[0.382s] Level 1:colcon.colcon_core.package_identification:_identify(src/rm_navigation/costmap_converter/costmap_converter) by extension 'ignore'
[0.382s] Level 1:colcon.colcon_core.package_identification:_identify(src/rm_navigation/costmap_converter/costmap_converter) by extension 'ignore_ament_install'
[0.382s] Level 1:colcon.colcon_core.package_identification:_identify(src/rm_navigation/costmap_converter/costmap_converter) by extensions ['colcon_pkg']
[0.382s] Level 1:colcon.colcon_core.package_identification:_identify(src/rm_navigation/costmap_converter/costmap_converter) by extension 'colcon_pkg'
[0.382s] Level 1:colcon.colcon_core.package_identification:_identify(src/rm_navigation/costmap_converter/costmap_converter) by extensions ['colcon_meta']
[0.382s] Level 1:colcon.colcon_core.package_identification:_identify(src/rm_navigation/costmap_converter/costmap_converter) by extension 'colcon_meta'
[0.382s] Level 1:colcon.colcon_core.package_identification:_identify(src/rm_navigation/costmap_converter/costmap_converter) by extensions ['ros']
[0.383s] Level 1:colcon.colcon_core.package_identification:_identify(src/rm_navigation/costmap_converter/costmap_converter) by extension 'ros'
[0.383s] DEBUG:colcon.colcon_core.package_identification:Package 'src/rm_navigation/costmap_converter/costmap_converter' with type 'ros.ament_cmake' and name 'costmap_converter'
[0.384s] Level 1:colcon.colcon_core.package_identification:_identify(src/rm_navigation/costmap_converter/costmap_converter_msgs) by extensions ['ignore', 'ignore_ament_install']
[0.384s] Level 1:colcon.colcon_core.package_identification:_identify(src/rm_navigation/costmap_converter/costmap_converter_msgs) by extension 'ignore'
[0.384s] Level 1:colcon.colcon_core.package_identification:_identify(src/rm_navigation/costmap_converter/costmap_converter_msgs) by extension 'ignore_ament_install'
[0.384s] Level 1:colcon.colcon_core.package_identification:_identify(src/rm_navigation/costmap_converter/costmap_converter_msgs) by extensions ['colcon_pkg']
[0.384s] Level 1:colcon.colcon_core.package_identification:_identify(src/rm_navigation/costmap_converter/costmap_converter_msgs) by extension 'colcon_pkg'
[0.384s] Level 1:colcon.colcon_core.package_identification:_identify(src/rm_navigation/costmap_converter/costmap_converter_msgs) by extensions ['colcon_meta']
[0.384s] Level 1:colcon.colcon_core.package_identification:_identify(src/rm_navigation/costmap_converter/costmap_converter_msgs) by extension 'colcon_meta'
[0.384s] Level 1:colcon.colcon_core.package_identification:_identify(src/rm_navigation/costmap_converter/costmap_converter_msgs) by extensions ['ros']
[0.384s] Level 1:colcon.colcon_core.package_identification:_identify(src/rm_navigation/costmap_converter/costmap_converter_msgs) by extension 'ros'
[0.385s] DEBUG:colcon.colcon_core.package_identification:Package 'src/rm_navigation/costmap_converter/costmap_converter_msgs' with type 'ros.ament_cmake' and name 'costmap_converter_msgs'
[0.385s] Level 1:colcon.colcon_core.package_identification:_identify(src/rm_navigation/fake_vel_transform) by extensions ['ignore', 'ignore_ament_install']
[0.385s] Level 1:colcon.colcon_core.package_identification:_identify(src/rm_navigation/fake_vel_transform) by extension 'ignore'
[0.385s] Level 1:colcon.colcon_core.package_identification:_identify(src/rm_navigation/fake_vel_transform) by extension 'ignore_ament_install'
[0.385s] Level 1:colcon.colcon_core.package_identification:_identify(src/rm_navigation/fake_vel_transform) by extensions ['colcon_pkg']
[0.385s] Level 1:colcon.colcon_core.package_identification:_identify(src/rm_navigation/fake_vel_transform) by extension 'colcon_pkg'
[0.385s] Level 1:colcon.colcon_core.package_identification:_identify(src/rm_navigation/fake_vel_transform) by extensions ['colcon_meta']
[0.385s] Level 1:colcon.colcon_core.package_identification:_identify(src/rm_navigation/fake_vel_transform) by extension 'colcon_meta'
[0.385s] Level 1:colcon.colcon_core.package_identification:_identify(src/rm_navigation/fake_vel_transform) by extensions ['ros']
[0.385s] Level 1:colcon.colcon_core.package_identification:_identify(src/rm_navigation/fake_vel_transform) by extension 'ros'
[0.386s] DEBUG:colcon.colcon_core.package_identification:Package 'src/rm_navigation/fake_vel_transform' with type 'ros.ament_cmake' and name 'fake_vel_transform'
[0.387s] Level 1:colcon.colcon_core.package_identification:_identify(src/rm_navigation/rm_navigation) by extensions ['ignore', 'ignore_ament_install']
[0.387s] Level 1:colcon.colcon_core.package_identification:_identify(src/rm_navigation/rm_navigation) by extension 'ignore'
[0.387s] Level 1:colcon.colcon_core.package_identification:_identify(src/rm_navigation/rm_navigation) by extension 'ignore_ament_install'
[0.387s] Level 1:colcon.colcon_core.package_identification:_identify(src/rm_navigation/rm_navigation) by extensions ['colcon_pkg']
[0.387s] Level 1:colcon.colcon_core.package_identification:_identify(src/rm_navigation/rm_navigation) by extension 'colcon_pkg'
[0.387s] Level 1:colcon.colcon_core.package_identification:_identify(src/rm_navigation/rm_navigation) by extensions ['colcon_meta']
[0.387s] Level 1:colcon.colcon_core.package_identification:_identify(src/rm_navigation/rm_navigation) by extension 'colcon_meta'
[0.387s] Level 1:colcon.colcon_core.package_identification:_identify(src/rm_navigation/rm_navigation) by extensions ['ros']
[0.387s] Level 1:colcon.colcon_core.package_identification:_identify(src/rm_navigation/rm_navigation) by extension 'ros'
[0.387s] DEBUG:colcon.colcon_core.package_identification:Package 'src/rm_navigation/rm_navigation' with type 'ros.ament_cmake' and name 'rm_navigation'
[0.388s] Level 1:colcon.colcon_core.package_identification:_identify(src/rm_navigation/teb_local_planner) by extensions ['ignore', 'ignore_ament_install']
[0.388s] Level 1:colcon.colcon_core.package_identification:_identify(src/rm_navigation/teb_local_planner) by extension 'ignore'
[0.388s] Level 1:colcon.colcon_core.package_identification:_identify(src/rm_navigation/teb_local_planner) by extension 'ignore_ament_install'
[0.388s] Level 1:colcon.colcon_core.package_identification:_identify(src/rm_navigation/teb_local_planner) by extensions ['colcon_pkg']
[0.388s] Level 1:colcon.colcon_core.package_identification:_identify(src/rm_navigation/teb_local_planner) by extension 'colcon_pkg'
[0.388s] Level 1:colcon.colcon_core.package_identification:_identify(src/rm_navigation/teb_local_planner) by extensions ['colcon_meta']
[0.388s] Level 1:colcon.colcon_core.package_identification:_identify(src/rm_navigation/teb_local_planner) by extension 'colcon_meta'
[0.388s] Level 1:colcon.colcon_core.package_identification:_identify(src/rm_navigation/teb_local_planner) by extensions ['ros']
[0.388s] Level 1:colcon.colcon_core.package_identification:_identify(src/rm_navigation/teb_local_planner) by extension 'ros'
[0.388s] Level 1:colcon.colcon_core.package_identification:_identify(src/rm_navigation/teb_local_planner) by extensions ['cmake', 'python']
[0.388s] Level 1:colcon.colcon_core.package_identification:_identify(src/rm_navigation/teb_local_planner) by extension 'cmake'
[0.388s] Level 1:colcon.colcon_core.package_identification:_identify(src/rm_navigation/teb_local_planner) by extension 'python'
[0.388s] Level 1:colcon.colcon_core.package_identification:_identify(src/rm_navigation/teb_local_planner) by extensions ['python_setup_py']
[0.388s] Level 1:colcon.colcon_core.package_identification:_identify(src/rm_navigation/teb_local_planner) by extension 'python_setup_py'
[0.389s] Level 1:colcon.colcon_core.package_identification:_identify(src/rm_navigation/teb_local_planner/teb_local_planner) by extensions ['ignore', 'ignore_ament_install']
[0.389s] Level 1:colcon.colcon_core.package_identification:_identify(src/rm_navigation/teb_local_planner/teb_local_planner) by extension 'ignore'
[0.389s] Level 1:colcon.colcon_core.package_identification:_identify(src/rm_navigation/teb_local_planner/teb_local_planner) by extension 'ignore_ament_install'
[0.389s] Level 1:colcon.colcon_core.package_identification:_identify(src/rm_navigation/teb_local_planner/teb_local_planner) by extensions ['colcon_pkg']
[0.389s] Level 1:colcon.colcon_core.package_identification:_identify(src/rm_navigation/teb_local_planner/teb_local_planner) by extension 'colcon_pkg'
[0.389s] Level 1:colcon.colcon_core.package_identification:_identify(src/rm_navigation/teb_local_planner/teb_local_planner) by extensions ['colcon_meta']
[0.389s] Level 1:colcon.colcon_core.package_identification:_identify(src/rm_navigation/teb_local_planner/teb_local_planner) by extension 'colcon_meta'
[0.389s] Level 1:colcon.colcon_core.package_identification:_identify(src/rm_navigation/teb_local_planner/teb_local_planner) by extensions ['ros']
[0.389s] Level 1:colcon.colcon_core.package_identification:_identify(src/rm_navigation/teb_local_planner/teb_local_planner) by extension 'ros'
[0.391s] DEBUG:colcon.colcon_core.package_identification:Package 'src/rm_navigation/teb_local_planner/teb_local_planner' with type 'ros.ament_cmake' and name 'teb_local_planner'
[0.391s] Level 1:colcon.colcon_core.package_identification:_identify(src/rm_navigation/teb_local_planner/teb_msgs) by extensions ['ignore', 'ignore_ament_install']
[0.391s] Level 1:colcon.colcon_core.package_identification:_identify(src/rm_navigation/teb_local_planner/teb_msgs) by extension 'ignore'
[0.391s] Level 1:colcon.colcon_core.package_identification:_identify(src/rm_navigation/teb_local_planner/teb_msgs) by extension 'ignore_ament_install'
[0.391s] Level 1:colcon.colcon_core.package_identification:_identify(src/rm_navigation/teb_local_planner/teb_msgs) by extensions ['colcon_pkg']
[0.391s] Level 1:colcon.colcon_core.package_identification:_identify(src/rm_navigation/teb_local_planner/teb_msgs) by extension 'colcon_pkg'
[0.391s] Level 1:colcon.colcon_core.package_identification:_identify(src/rm_navigation/teb_local_planner/teb_msgs) by extensions ['colcon_meta']
[0.391s] Level 1:colcon.colcon_core.package_identification:_identify(src/rm_navigation/teb_local_planner/teb_msgs) by extension 'colcon_meta'
[0.391s] Level 1:colcon.colcon_core.package_identification:_identify(src/rm_navigation/teb_local_planner/teb_msgs) by extensions ['ros']
[0.391s] Level 1:colcon.colcon_core.package_identification:_identify(src/rm_navigation/teb_local_planner/teb_msgs) by extension 'ros'
[0.392s] DEBUG:colcon.colcon_core.package_identification:Package 'src/rm_navigation/teb_local_planner/teb_msgs' with type 'ros.ament_cmake' and name 'teb_msgs'
[0.392s] Level 1:colcon.colcon_core.package_identification:_identify(src/rmbot2) by extensions ['ignore', 'ignore_ament_install']
[0.392s] Level 1:colcon.colcon_core.package_identification:_identify(src/rmbot2) by extension 'ignore'
[0.392s] Level 1:colcon.colcon_core.package_identification:_identify(src/rmbot2) by extension 'ignore_ament_install'
[0.392s] Level 1:colcon.colcon_core.package_identification:_identify(src/rmbot2) by extensions ['colcon_pkg']
[0.392s] Level 1:colcon.colcon_core.package_identification:_identify(src/rmbot2) by extension 'colcon_pkg'
[0.392s] Level 1:colcon.colcon_core.package_identification:_identify(src/rmbot2) by extensions ['colcon_meta']
[0.393s] Level 1:colcon.colcon_core.package_identification:_identify(src/rmbot2) by extension 'colcon_meta'
[0.393s] Level 1:colcon.colcon_core.package_identification:_identify(src/rmbot2) by extensions ['ros']
[0.393s] Level 1:colcon.colcon_core.package_identification:_identify(src/rmbot2) by extension 'ros'
[0.394s] DEBUG:colcon.colcon_core.package_identification:Package 'src/rmbot2' with type 'ros.ament_cmake' and name 'rmbot2'
[0.394s] Level 1:colcon.colcon_core.package_identification:_identify(src/rmoss_gz_plugins) by extensions ['ignore', 'ignore_ament_install']
[0.394s] Level 1:colcon.colcon_core.package_identification:_identify(src/rmoss_gz_plugins) by extension 'ignore'
[0.394s] Level 1:colcon.colcon_core.package_identification:_identify(src/rmoss_gz_plugins) by extension 'ignore_ament_install'
[0.394s] Level 1:colcon.colcon_core.package_identification:_identify(src/rmoss_gz_plugins) by extensions ['colcon_pkg']
[0.394s] Level 1:colcon.colcon_core.package_identification:_identify(src/rmoss_gz_plugins) by extension 'colcon_pkg'
[0.394s] Level 1:colcon.colcon_core.package_identification:_identify(src/rmoss_gz_plugins) by extensions ['colcon_meta']
[0.394s] Level 1:colcon.colcon_core.package_identification:_identify(src/rmoss_gz_plugins) by extension 'colcon_meta'
[0.394s] Level 1:colcon.colcon_core.package_identification:_identify(src/rmoss_gz_plugins) by extensions ['ros']
[0.395s] Level 1:colcon.colcon_core.package_identification:_identify(src/rmoss_gz_plugins) by extension 'ros'
[0.395s] DEBUG:colcon.colcon_core.package_identification:Package 'src/rmoss_gz_plugins' with type 'ros.ament_cmake' and name 'rmoss_gz_plugins'
[0.395s] Level 1:colcon.colcon_core.package_discovery:discover_packages(recursive) using defaults
[0.395s] Level 1:colcon.colcon_core.package_discovery:discover_packages(ignore) discover
[0.395s] Level 1:colcon.colcon_core.package_discovery:discover_packages(ignore) using defaults
[0.395s] Level 1:colcon.colcon_core.package_discovery:discover_packages(path) discover
[0.395s] Level 1:colcon.colcon_core.package_discovery:discover_packages(path) using defaults
[0.425s] INFO:colcon.colcon_core.package_selection:Skipping not selected package 'costmap_converter_msgs' in 'src/rm_navigation/costmap_converter/costmap_converter_msgs'
[0.425s] INFO:colcon.colcon_core.package_selection:Skipping not selected package 'fake_vel_transform' in 'src/rm_navigation/fake_vel_transform'
[0.425s] INFO:colcon.colcon_core.package_selection:Skipping not selected package 'rm_nav_bringup' in 'src/rm_nav_bringup'
[0.425s] INFO:colcon.colcon_core.package_selection:Skipping not selected package 'rm_navigation' in 'src/rm_navigation/rm_navigation'
[0.425s] INFO:colcon.colcon_core.package_selection:Skipping not selected package 'rmbot2' in 'src/rmbot2'
[0.425s] INFO:colcon.colcon_core.package_selection:Skipping not selected package 'costmap_converter' in 'src/rm_navigation/costmap_converter/costmap_converter'
[0.425s] INFO:colcon.colcon_core.package_selection:Skipping not selected package 'teb_msgs' in 'src/rm_navigation/teb_local_planner/teb_msgs'
[0.426s] INFO:colcon.colcon_core.package_selection:Skipping not selected package 'teb_local_planner' in 'src/rm_navigation/teb_local_planner/teb_local_planner'
[0.426s] Level 1:colcon.colcon_core.package_discovery:discover_packages(prefix_path) check parameters
[0.426s] Level 1:colcon.colcon_core.package_discovery:discover_packages(prefix_path) discover
[0.431s] DEBUG:colcon.colcon_installed_package_information.package_discovery:Found 378 installed packages in /opt/ros/humble
[0.433s] Level 1:colcon.colcon_core.package_discovery:discover_packages(prefix_path) using defaults
[0.493s] Level 5:colcon.colcon_core.verb:set package 'rmoss_gz_plugins' build argument 'cmake_args' from command line to 'None'
[0.493s] Level 5:colcon.colcon_core.verb:set package 'rmoss_gz_plugins' build argument 'cmake_target' from command line to 'None'
[0.493s] Level 5:colcon.colcon_core.verb:set package 'rmoss_gz_plugins' build argument 'cmake_target_skip_unavailable' from command line to 'False'
[0.493s] Level 5:colcon.colcon_core.verb:set package 'rmoss_gz_plugins' build argument 'cmake_clean_cache' from command line to 'False'
[0.493s] Level 5:colcon.colcon_core.verb:set package 'rmoss_gz_plugins' build argument 'cmake_clean_first' from command line to 'False'
[0.493s] Level 5:colcon.colcon_core.verb:set package 'rmoss_gz_plugins' build argument 'cmake_force_configure' from command line to 'False'
[0.493s] Level 5:colcon.colcon_core.verb:set package 'rmoss_gz_plugins' build argument 'ament_cmake_args' from command line to 'None'
[0.493s] Level 5:colcon.colcon_core.verb:set package 'rmoss_gz_plugins' build argument 'catkin_cmake_args' from command line to 'None'
[0.493s] Level 5:colcon.colcon_core.verb:set package 'rmoss_gz_plugins' build argument 'catkin_skip_building_tests' from command line to 'False'
[0.494s] DEBUG:colcon.colcon_core.verb:Building package 'rmoss_gz_plugins' with the following arguments: {'ament_cmake_args': None, 'build_base': '/home/allen/rm_ws/build/rmoss_gz_plugins', 'catkin_cmake_args': None, 'catkin_skip_building_tests': False, 'cmake_args': None, 'cmake_clean_cache': False, 'cmake_clean_first': False, 'cmake_force_configure': False, 'cmake_target': None, 'cmake_target_skip_unavailable': False, 'install_base': '/home/allen/rm_ws/install/rmoss_gz_plugins', 'merge_install': False, 'path': '/home/allen/rm_ws/src/rmoss_gz_plugins', 'symlink_install': True, 'test_result_base': None}
[0.494s] INFO:colcon.colcon_core.executor:Executing jobs using 'parallel' executor
[0.495s] DEBUG:colcon.colcon_parallel_executor.executor.parallel:run_until_complete
[0.496s] INFO:colcon.colcon_ros.task.ament_cmake.build:Building ROS package in '/home/allen/rm_ws/src/rmoss_gz_plugins' with build type 'ament_cmake'
[0.496s] INFO:colcon.colcon_cmake.task.cmake.build:Building CMake package in '/home/allen/rm_ws/src/rmoss_gz_plugins'
[0.499s] INFO:colcon.colcon_core.plugin_system:Skipping extension 'colcon_core.shell.bat': Not used on non-Windows systems
[0.500s] INFO:colcon.colcon_core.shell:Skip shell extension 'powershell' for command environment: Not usable outside of PowerShell
[0.500s] DEBUG:colcon.colcon_core.shell:Skip shell extension 'dsv' for command environment
[0.518s] DEBUG:colcon.colcon_core.event_handler.log_command:Invoking command in '/home/allen/rm_ws/build/rmoss_gz_plugins': CMAKE_PREFIX_PATH=/opt/ros/humble /usr/bin/cmake /home/allen/rm_ws/src/rmoss_gz_plugins -DAMENT_CMAKE_SYMLINK_INSTALL=1 -DCMAKE_INSTALL_PREFIX=/home/allen/rm_ws/install/rmoss_gz_plugins
[4.335s] DEBUG:colcon.colcon_core.event_handler.log_command:Invoked command in '/home/allen/rm_ws/build/rmoss_gz_plugins' returned '0': CMAKE_PREFIX_PATH=/opt/ros/humble /usr/bin/cmake /home/allen/rm_ws/src/rmoss_gz_plugins -DAMENT_CMAKE_SYMLINK_INSTALL=1 -DCMAKE_INSTALL_PREFIX=/home/allen/rm_ws/install/rmoss_gz_plugins
[4.340s] DEBUG:colcon.colcon_core.event_handler.log_command:Invoking command in '/home/allen/rm_ws/build/rmoss_gz_plugins': CMAKE_PREFIX_PATH=/opt/ros/humble /usr/bin/cmake --build /home/allen/rm_ws/build/rmoss_gz_plugins -- -j2 -l2
[26.631s] DEBUG:colcon.colcon_core.event_handler.log_command:Invoked command in '/home/allen/rm_ws/build/rmoss_gz_plugins' returned '0': CMAKE_PREFIX_PATH=/opt/ros/humble /usr/bin/cmake --build /home/allen/rm_ws/build/rmoss_gz_plugins -- -j2 -l2
[26.655s] DEBUG:colcon.colcon_core.event_handler.log_command:Invoking command in '/home/allen/rm_ws/build/rmoss_gz_plugins': CMAKE_PREFIX_PATH=/opt/ros/humble /usr/bin/cmake --install /home/allen/rm_ws/build/rmoss_gz_plugins
[27.140s] Level 1:colcon.colcon_core.environment:create_environment_scripts_only(rmoss_gz_plugins)
[27.141s] DEBUG:colcon.colcon_core.event_handler.log_command:Invoked command in '/home/allen/rm_ws/build/rmoss_gz_plugins' returned '0': CMAKE_PREFIX_PATH=/opt/ros/humble /usr/bin/cmake --install /home/allen/rm_ws/build/rmoss_gz_plugins
[27.144s] Level 1:colcon.colcon_core.environment:checking '/home/allen/rm_ws/install/rmoss_gz_plugins' for CMake module files
[27.145s] Level 1:colcon.colcon_core.environment:checking '/home/allen/rm_ws/install/rmoss_gz_plugins' for CMake config files
[27.145s] Level 1:colcon.colcon_core.shell:create_environment_hook('rmoss_gz_plugins', 'cmake_prefix_path')
[27.145s] INFO:colcon.colcon_core.shell:Creating environment hook '/home/allen/rm_ws/install/rmoss_gz_plugins/share/rmoss_gz_plugins/hook/cmake_prefix_path.ps1'
[27.146s] INFO:colcon.colcon_core.shell:Creating environment descriptor '/home/allen/rm_ws/install/rmoss_gz_plugins/share/rmoss_gz_plugins/hook/cmake_prefix_path.dsv'
[27.147s] INFO:colcon.colcon_core.shell:Creating environment hook '/home/allen/rm_ws/install/rmoss_gz_plugins/share/rmoss_gz_plugins/hook/cmake_prefix_path.sh'
[27.148s] Level 1:colcon.colcon_core.environment:checking '/home/allen/rm_ws/install/rmoss_gz_plugins/bin'
[27.148s] Level 1:colcon.colcon_core.environment:checking '/home/allen/rm_ws/install/rmoss_gz_plugins/lib/pkgconfig/rmoss_gz_plugins.pc'
[27.148s] Level 1:colcon.colcon_core.environment:checking '/home/allen/rm_ws/install/rmoss_gz_plugins/lib/python3.10/site-packages'
[27.148s] Level 1:colcon.colcon_core.environment:checking '/home/allen/rm_ws/install/rmoss_gz_plugins/bin'
[27.149s] INFO:colcon.colcon_core.shell:Creating package script '/home/allen/rm_ws/install/rmoss_gz_plugins/share/rmoss_gz_plugins/package.ps1'
[27.149s] INFO:colcon.colcon_core.shell:Creating package descriptor '/home/allen/rm_ws/install/rmoss_gz_plugins/share/rmoss_gz_plugins/package.dsv'
[27.150s] INFO:colcon.colcon_core.shell:Creating package script '/home/allen/rm_ws/install/rmoss_gz_plugins/share/rmoss_gz_plugins/package.sh'
[27.151s] INFO:colcon.colcon_core.shell:Creating package script '/home/allen/rm_ws/install/rmoss_gz_plugins/share/rmoss_gz_plugins/package.bash'
[27.151s] INFO:colcon.colcon_core.shell:Creating package script '/home/allen/rm_ws/install/rmoss_gz_plugins/share/rmoss_gz_plugins/package.zsh'
[27.152s] Level 1:colcon.colcon_core.environment:create_file_with_runtime_dependencies(/home/allen/rm_ws/install/rmoss_gz_plugins/share/colcon-core/packages/rmoss_gz_plugins)
[27.153s] Level 1:colcon.colcon_core.environment:create_environment_scripts_only(rmoss_gz_plugins)
[27.153s] Level 1:colcon.colcon_core.environment:checking '/home/allen/rm_ws/install/rmoss_gz_plugins' for CMake module files
[27.154s] Level 1:colcon.colcon_core.environment:checking '/home/allen/rm_ws/install/rmoss_gz_plugins' for CMake config files
[27.154s] Level 1:colcon.colcon_core.shell:create_environment_hook('rmoss_gz_plugins', 'cmake_prefix_path')
[27.154s] INFO:colcon.colcon_core.shell:Creating environment hook '/home/allen/rm_ws/install/rmoss_gz_plugins/share/rmoss_gz_plugins/hook/cmake_prefix_path.ps1'
[27.155s] INFO:colcon.colcon_core.shell:Creating environment descriptor '/home/allen/rm_ws/install/rmoss_gz_plugins/share/rmoss_gz_plugins/hook/cmake_prefix_path.dsv'
[27.156s] INFO:colcon.colcon_core.shell:Creating environment hook '/home/allen/rm_ws/install/rmoss_gz_plugins/share/rmoss_gz_plugins/hook/cmake_prefix_path.sh'
[27.157s] Level 1:colcon.colcon_core.environment:checking '/home/allen/rm_ws/install/rmoss_gz_plugins/bin'
[27.157s] Level 1:colcon.colcon_core.environment:checking '/home/allen/rm_ws/install/rmoss_gz_plugins/lib/pkgconfig/rmoss_gz_plugins.pc'
[27.157s] Level 1:colcon.colcon_core.environment:checking '/home/allen/rm_ws/install/rmoss_gz_plugins/lib/python3.10/site-packages'
[27.157s] Level 1:colcon.colcon_core.environment:checking '/home/allen/rm_ws/install/rmoss_gz_plugins/bin'
[27.158s] INFO:colcon.colcon_core.shell:Creating package script '/home/allen/rm_ws/install/rmoss_gz_plugins/share/rmoss_gz_plugins/package.ps1'
[27.158s] INFO:colcon.colcon_core.shell:Creating package descriptor '/home/allen/rm_ws/install/rmoss_gz_plugins/share/rmoss_gz_plugins/package.dsv'
[27.159s] INFO:colcon.colcon_core.shell:Creating package script '/home/allen/rm_ws/install/rmoss_gz_plugins/share/rmoss_gz_plugins/package.sh'
[27.160s] INFO:colcon.colcon_core.shell:Creating package script '/home/allen/rm_ws/install/rmoss_gz_plugins/share/rmoss_gz_plugins/package.bash'
[27.160s] INFO:colcon.colcon_core.shell:Creating package script '/home/allen/rm_ws/install/rmoss_gz_plugins/share/rmoss_gz_plugins/package.zsh'
[27.161s] Level 1:colcon.colcon_core.environment:create_file_with_runtime_dependencies(/home/allen/rm_ws/install/rmoss_gz_plugins/share/colcon-core/packages/rmoss_gz_plugins)
[27.161s] DEBUG:colcon.colcon_parallel_executor.executor.parallel:closing loop
[27.162s] DEBUG:colcon.colcon_parallel_executor.executor.parallel:loop closed
[27.162s] DEBUG:colcon.colcon_parallel_executor.executor.parallel:run_until_complete finished with '0'
[27.162s] DEBUG:colcon.colcon_core.event_reactor:joining thread
[27.174s] INFO:colcon.colcon_core.plugin_system:Skipping extension 'colcon_notification.desktop_notification.terminal_notifier': Not used on non-Darwin systems
[27.174s] INFO:colcon.colcon_core.plugin_system:Skipping extension 'colcon_notification.desktop_notification.win32': Not used on non-Windows systems
[27.174s] INFO:colcon.colcon_notification.desktop_notification:Sending desktop notification using 'notify2'
[27.200s] DEBUG:colcon.colcon_core.event_reactor:joined thread
[27.200s] INFO:colcon.colcon_core.shell:Creating prefix script '/home/allen/rm_ws/install/local_setup.ps1'
[27.201s] INFO:colcon.colcon_core.shell:Creating prefix util module '/home/allen/rm_ws/install/_local_setup_util_ps1.py'
[27.202s] INFO:colcon.colcon_core.shell:Creating prefix chain script '/home/allen/rm_ws/install/setup.ps1'
[27.203s] INFO:colcon.colcon_core.shell:Creating prefix script '/home/allen/rm_ws/install/local_setup.sh'
[27.204s] INFO:colcon.colcon_core.shell:Creating prefix util module '/home/allen/rm_ws/install/_local_setup_util_sh.py'
[27.204s] INFO:colcon.colcon_core.shell:Creating prefix chain script '/home/allen/rm_ws/install/setup.sh'
[27.207s] INFO:colcon.colcon_core.shell:Creating prefix script '/home/allen/rm_ws/install/local_setup.bash'
[27.208s] INFO:colcon.colcon_core.shell:Creating prefix chain script '/home/allen/rm_ws/install/setup.bash'
[27.209s] INFO:colcon.colcon_core.shell:Creating prefix script '/home/allen/rm_ws/install/local_setup.zsh'
[27.210s] INFO:colcon.colcon_core.shell:Creating prefix chain script '/home/allen/rm_ws/install/setup.zsh'
