-- Found ament_cmake: 1.3.11 (/opt/ros/humble/share/ament_cmake/cmake)
-- Override CMake install command with custom implementation using symlinks instead of copying resources
-- Found rclcpp: 16.0.11 (/opt/ros/humble/share/rclcpp/cmake)
-- Found rosidl_generator_c: 3.1.6 (/opt/ros/humble/share/rosidl_generator_c/cmake)
-- Found rosidl_adapter: 3.1.6 (/opt/ros/humble/share/rosidl_adapter/cmake)
-- Found rosidl_generator_cpp: 3.1.6 (/opt/ros/humble/share/rosidl_generator_cpp/cmake)
-- Using all available rosidl_typesupport_c: rosidl_typesupport_fastrtps_c;rosidl_typesupport_introspection_c
-- Using all available rosidl_typesupport_cpp: rosidl_typesupport_fastrtps_cpp;rosidl_typesupport_introspection_cpp
-- Found rmw_implementation_cmake: 6.1.2 (/opt/ros/humble/share/rmw_implementation_cmake/cmake)
-- Found rmw_cyclonedds_cpp: 1.3.4 (/opt/ros/humble/share/rmw_cyclonedds_cpp/cmake)
-- Using RMW implementation 'rmw_cyclonedds_cpp' as default
-- Found ament_lint_auto: 0.12.11 (/opt/ros/humble/share/ament_lint_auto/cmake)
-- Added test 'cppcheck' to perform static code analysis on C / C++ code
-- Configured cppcheck include dirs: 
-- Configured cppcheck exclude dirs and/or files: 
-- Added test 'flake8' to check Python code syntax and style conventions
-- Added test 'lint_cmake' to check CMake code style
-- Added test 'pep257' to check Python code against some of the docstring style conventions in PEP 257
-- Added test 'uncrustify' to check C / C++ code style
-- Configured uncrustify additional arguments: 
-- Added test 'xmllint' to check XML markup files
-- Configuring done
-- Generating done
-- Build files have been written to: /home/allen/rm_ws/build/rmbot2
-- Install configuration: ""
-- Execute custom install script
-- Up-to-date symlink: /home/allen/rm_ws/install/rmbot2/share/rmbot2/config/simulation/fastlio_mid360_sim.yaml
-- Up-to-date symlink: /home/allen/rm_ws/install/rmbot2/share/rmbot2/config/simulation/mapper_params_offline_async.yaml
-- Up-to-date symlink: /home/allen/rm_ws/install/rmbot2/share/rmbot2/config/simulation/mapper_params_online_async_sim.yaml
-- Up-to-date symlink: /home/allen/rm_ws/install/rmbot2/share/rmbot2/config/simulation/segmentation_sim.yaml
-- Up-to-date symlink: /home/allen/rm_ws/install/rmbot2/share/rmbot2/description/gazebo_control.xacro
-- Up-to-date symlink: /home/allen/rm_ws/install/rmbot2/share/rmbot2/description/gazebo_control2.xacro
-- Up-to-date symlink: /home/allen/rm_ws/install/rmbot2/share/rmbot2/description/gazebo_control3.xacro
-- Up-to-date symlink: /home/allen/rm_ws/install/rmbot2/share/rmbot2/description/inertial_macros.xacro
-- Up-to-date symlink: /home/allen/rm_ws/install/rmbot2/share/rmbot2/description/lidar.xacro
-- Up-to-date symlink: /home/allen/rm_ws/install/rmbot2/share/rmbot2/description/mid360.xacro
-- Up-to-date symlink: /home/allen/rm_ws/install/rmbot2/share/rmbot2/description/robot.urdf.xacro
-- Up-to-date symlink: /home/allen/rm_ws/install/rmbot2/share/rmbot2/description/robot_core2.xacro
-- Up-to-date symlink: /home/allen/rm_ws/install/rmbot2/share/rmbot2/description/robot_core_upper.xacro
-- Up-to-date symlink: /home/allen/rm_ws/install/rmbot2/share/rmbot2/description/robot_structure.xacro
-- Up-to-date symlink: /home/allen/rm_ws/install/rmbot2/share/rmbot2/description/wheel.xacro
-- Up-to-date symlink: /home/allen/rm_ws/install/rmbot2/share/rmbot2/launch/launch_world.launch.py
-- Up-to-date symlink: /home/allen/rm_ws/install/rmbot2/share/rmbot2/launch/lidar.launch.py
-- Up-to-date symlink: /home/allen/rm_ws/install/rmbot2/share/rmbot2/launch/mapping.launch.py
-- Up-to-date symlink: /home/allen/rm_ws/install/rmbot2/share/rmbot2/launch/rsp.launch.py
-- Up-to-date symlink: /home/allen/rm_ws/install/rmbot2/share/rmbot2/launch/view.launch.py
-- Up-to-date symlink: /home/allen/rm_ws/install/rmbot2/share/rmbot2/world/RMUC2024_world/RMUC2024_world.world
-- Up-to-date symlink: /home/allen/rm_ws/install/rmbot2/share/rmbot2/world/RMUL2024_world/RMUL2024_world.world
-- Up-to-date symlink: /home/allen/rm_ws/install/rmbot2/share/rmbot2/world/RMUL2024_world/RMUL2024_world_dynamic_obstacles.world
-- Up-to-date symlink: /home/allen/rm_ws/install/rmbot2/share/rmbot2/world/RMUL2024_world/model.config
-- Up-to-date symlink: /home/allen/rm_ws/install/rmbot2/share/rmbot2/world/RMUL2024_world/model.sdf
-- Up-to-date symlink: /home/allen/rm_ws/install/rmbot2/share/rmbot2/world/RMUL2025NA_world/RMULNA2025_world.world
-- Up-to-date symlink: /home/allen/rm_ws/install/rmbot2/share/rmbot2/world/RMUL2025NA_world/RMULNA2025_world_dynamic_obstacles.world
-- Up-to-date symlink: /home/allen/rm_ws/install/rmbot2/share/rmbot2/world/RMUL2025NA_world/model.config
-- Up-to-date symlink: /home/allen/rm_ws/install/rmbot2/share/rmbot2/world/RMUL2025NA_world/model.sdf
-- Up-to-date symlink: /home/allen/rm_ws/install/rmbot2/share/rmbot2/map/rmul_map_save.pgm
-- Up-to-date symlink: /home/allen/rm_ws/install/rmbot2/share/rmbot2/map/rmul_map_save.yaml
-- Up-to-date symlink: /home/allen/rm_ws/install/rmbot2/share/rmbot2/map/rmul_map_serial.data
-- Up-to-date symlink: /home/allen/rm_ws/install/rmbot2/share/rmbot2/map/rmul_map_serial.posegraph
-- Up-to-date symlink: /home/allen/rm_ws/install/rmbot2/share/rmbot2/map/ul_map.data
-- Up-to-date symlink: /home/allen/rm_ws/install/rmbot2/share/rmbot2/map/ul_map.pgm
-- Up-to-date symlink: /home/allen/rm_ws/install/rmbot2/share/rmbot2/map/ul_map.posegraph
-- Up-to-date symlink: /home/allen/rm_ws/install/rmbot2/share/rmbot2/map/ul_map.yaml
-- Up-to-date symlink: /home/allen/rm_ws/install/rmbot2/share/rmbot2/meshes/RMUC2024_world/meshes/RMUC_2024.stl
-- Up-to-date symlink: /home/allen/rm_ws/install/rmbot2/share/rmbot2/meshes/RMUC2024_world/model.config
-- Up-to-date symlink: /home/allen/rm_ws/install/rmbot2/share/rmbot2/meshes/RMUC2024_world/model.sdf
-- Up-to-date symlink: /home/allen/rm_ws/install/rmbot2/share/rmbot2/meshes/RMUL2024_world/meshes/RMUL_2024.stl
-- Up-to-date symlink: /home/allen/rm_ws/install/rmbot2/share/rmbot2/meshes/mid360.stl
-- Up-to-date symlink: /home/allen/rm_ws/install/rmbot2/share/rmbot2/meshes/obstacles/obstacle1/model.config
-- Up-to-date symlink: /home/allen/rm_ws/install/rmbot2/share/rmbot2/meshes/obstacles/obstacle1/model.sdf
-- Up-to-date symlink: /home/allen/rm_ws/install/rmbot2/share/rmbot2/meshes/obstacles/obstacle10/model.config
-- Up-to-date symlink: /home/allen/rm_ws/install/rmbot2/share/rmbot2/meshes/obstacles/obstacle10/model.sdf
-- Up-to-date symlink: /home/allen/rm_ws/install/rmbot2/share/rmbot2/meshes/obstacles/obstacle11/model.config
-- Up-to-date symlink: /home/allen/rm_ws/install/rmbot2/share/rmbot2/meshes/obstacles/obstacle11/model.sdf
-- Up-to-date symlink: /home/allen/rm_ws/install/rmbot2/share/rmbot2/meshes/obstacles/obstacle12/model.config
-- Up-to-date symlink: /home/allen/rm_ws/install/rmbot2/share/rmbot2/meshes/obstacles/obstacle12/model.sdf
-- Up-to-date symlink: /home/allen/rm_ws/install/rmbot2/share/rmbot2/meshes/obstacles/obstacle2/model.config
-- Up-to-date symlink: /home/allen/rm_ws/install/rmbot2/share/rmbot2/meshes/obstacles/obstacle2/model.sdf
-- Up-to-date symlink: /home/allen/rm_ws/install/rmbot2/share/rmbot2/meshes/obstacles/obstacle3/model.config
-- Up-to-date symlink: /home/allen/rm_ws/install/rmbot2/share/rmbot2/meshes/obstacles/obstacle3/model.sdf
-- Up-to-date symlink: /home/allen/rm_ws/install/rmbot2/share/rmbot2/meshes/obstacles/obstacle4/model.config
-- Up-to-date symlink: /home/allen/rm_ws/install/rmbot2/share/rmbot2/meshes/obstacles/obstacle4/model.sdf
-- Up-to-date symlink: /home/allen/rm_ws/install/rmbot2/share/rmbot2/meshes/obstacles/obstacle5/model.config
-- Up-to-date symlink: /home/allen/rm_ws/install/rmbot2/share/rmbot2/meshes/obstacles/obstacle5/model.sdf
-- Up-to-date symlink: /home/allen/rm_ws/install/rmbot2/share/rmbot2/meshes/obstacles/obstacle6/model.config
-- Up-to-date symlink: /home/allen/rm_ws/install/rmbot2/share/rmbot2/meshes/obstacles/obstacle6/model.sdf
-- Up-to-date symlink: /home/allen/rm_ws/install/rmbot2/share/rmbot2/meshes/obstacles/obstacle7/model.config
-- Up-to-date symlink: /home/allen/rm_ws/install/rmbot2/share/rmbot2/meshes/obstacles/obstacle7/model.sdf
-- Up-to-date symlink: /home/allen/rm_ws/install/rmbot2/share/rmbot2/meshes/obstacles/obstacle8/model.config
-- Up-to-date symlink: /home/allen/rm_ws/install/rmbot2/share/rmbot2/meshes/obstacles/obstacle8/model.sdf
-- Up-to-date symlink: /home/allen/rm_ws/install/rmbot2/share/rmbot2/meshes/obstacles/obstacle9/model.config
-- Up-to-date symlink: /home/allen/rm_ws/install/rmbot2/share/rmbot2/meshes/obstacles/obstacle9/model.sdf
-- Up-to-date symlink: /home/allen/rm_ws/install/rmbot2/share/rmbot2/meshes/obstacles/obstacle_plugin/CMakeLists.txt
-- Up-to-date symlink: /home/allen/rm_ws/install/rmbot2/share/rmbot2/meshes/obstacles/obstacle_plugin/lib/libobstacle1.so
-- Up-to-date symlink: /home/allen/rm_ws/install/rmbot2/share/rmbot2/meshes/obstacles/obstacle_plugin/lib/libobstacle10.so
-- Up-to-date symlink: /home/allen/rm_ws/install/rmbot2/share/rmbot2/meshes/obstacles/obstacle_plugin/lib/libobstacle11.so
-- Up-to-date symlink: /home/allen/rm_ws/install/rmbot2/share/rmbot2/meshes/obstacles/obstacle_plugin/lib/libobstacle12.so
-- Up-to-date symlink: /home/allen/rm_ws/install/rmbot2/share/rmbot2/meshes/obstacles/obstacle_plugin/lib/libobstacle2.so
-- Up-to-date symlink: /home/allen/rm_ws/install/rmbot2/share/rmbot2/meshes/obstacles/obstacle_plugin/lib/libobstacle3.so
-- Up-to-date symlink: /home/allen/rm_ws/install/rmbot2/share/rmbot2/meshes/obstacles/obstacle_plugin/lib/libobstacle4.so
-- Up-to-date symlink: /home/allen/rm_ws/install/rmbot2/share/rmbot2/meshes/obstacles/obstacle_plugin/lib/libobstacle5.so
-- Up-to-date symlink: /home/allen/rm_ws/install/rmbot2/share/rmbot2/meshes/obstacles/obstacle_plugin/lib/libobstacle6.so
-- Up-to-date symlink: /home/allen/rm_ws/install/rmbot2/share/rmbot2/meshes/obstacles/obstacle_plugin/lib/libobstacle7.so
-- Up-to-date symlink: /home/allen/rm_ws/install/rmbot2/share/rmbot2/meshes/obstacles/obstacle_plugin/lib/libobstacle8.so
-- Up-to-date symlink: /home/allen/rm_ws/install/rmbot2/share/rmbot2/meshes/obstacles/obstacle_plugin/lib/libobstacle9.so
-- Up-to-date symlink: /home/allen/rm_ws/install/rmbot2/share/rmbot2/meshes/obstacles/obstacle_plugin/lib/libobstacles.so
-- Up-to-date symlink: /home/allen/rm_ws/install/rmbot2/share/rmbot2/meshes/obstacles/obstacle_plugin/obstacle1.cc
-- Up-to-date symlink: /home/allen/rm_ws/install/rmbot2/share/rmbot2/meshes/obstacles/obstacle_plugin/obstacle10.cc
-- Up-to-date symlink: /home/allen/rm_ws/install/rmbot2/share/rmbot2/meshes/obstacles/obstacle_plugin/obstacle11.cc
-- Up-to-date symlink: /home/allen/rm_ws/install/rmbot2/share/rmbot2/meshes/obstacles/obstacle_plugin/obstacle12.cc
-- Up-to-date symlink: /home/allen/rm_ws/install/rmbot2/share/rmbot2/meshes/obstacles/obstacle_plugin/obstacle13.cc
-- Up-to-date symlink: /home/allen/rm_ws/install/rmbot2/share/rmbot2/meshes/obstacles/obstacle_plugin/obstacle2.cc
-- Up-to-date symlink: /home/allen/rm_ws/install/rmbot2/share/rmbot2/meshes/obstacles/obstacle_plugin/obstacle3.cc
-- Up-to-date symlink: /home/allen/rm_ws/install/rmbot2/share/rmbot2/meshes/obstacles/obstacle_plugin/obstacle4.cc
-- Up-to-date symlink: /home/allen/rm_ws/install/rmbot2/share/rmbot2/meshes/obstacles/obstacle_plugin/obstacle5.cc
-- Up-to-date symlink: /home/allen/rm_ws/install/rmbot2/share/rmbot2/meshes/obstacles/obstacle_plugin/obstacle6.cc
-- Up-to-date symlink: /home/allen/rm_ws/install/rmbot2/share/rmbot2/meshes/obstacles/obstacle_plugin/obstacle7.cc
-- Up-to-date symlink: /home/allen/rm_ws/install/rmbot2/share/rmbot2/meshes/obstacles/obstacle_plugin/obstacle8.cc
-- Up-to-date symlink: /home/allen/rm_ws/install/rmbot2/share/rmbot2/meshes/obstacles/obstacle_plugin/obstacle9.cc
-- Up-to-date symlink: /home/allen/rm_ws/install/rmbot2/share/rmbot2/meshes/obstacles/obstacle_plugin/obstacles.cc
-- Up-to-date symlink: /home/allen/rm_ws/install/rmbot2/share/rmbot2/rviz/fastlio.rviz
-- Up-to-date symlink: /home/allen/rm_ws/install/rmbot2/share/rmbot2/rviz/gazebo.rviz
-- Up-to-date symlink: /home/allen/rm_ws/install/rmbot2/share/rmbot2/rviz/pointlio.rviz
-- Up-to-date symlink: /home/allen/rm_ws/install/rmbot2/share/rmbot2/rviz/rviz2.rviz
-- Up-to-date symlink: /home/allen/rm_ws/install/rmbot2/share/rmbot2/rviz/rviz_lidar.rviz
-- Symlinking: /home/allen/rm_ws/install/rmbot2/share/ament_index/resource_index/package_run_dependencies/rmbot2
-- Symlinking: /home/allen/rm_ws/install/rmbot2/share/ament_index/resource_index/parent_prefix_path/rmbot2
-- Symlinking: /home/allen/rm_ws/install/rmbot2/share/rmbot2/environment/ament_prefix_path.sh
-- Symlinking: /home/allen/rm_ws/install/rmbot2/share/rmbot2/environment/ament_prefix_path.dsv
-- Symlinking: /home/allen/rm_ws/install/rmbot2/share/rmbot2/environment/path.sh
-- Symlinking: /home/allen/rm_ws/install/rmbot2/share/rmbot2/environment/path.dsv
-- Symlinking: /home/allen/rm_ws/install/rmbot2/share/rmbot2/local_setup.bash
-- Symlinking: /home/allen/rm_ws/install/rmbot2/share/rmbot2/local_setup.sh
-- Symlinking: /home/allen/rm_ws/install/rmbot2/share/rmbot2/local_setup.zsh
-- Symlinking: /home/allen/rm_ws/install/rmbot2/share/rmbot2/local_setup.dsv
-- Symlinking: /home/allen/rm_ws/install/rmbot2/share/rmbot2/package.dsv
-- Symlinking: /home/allen/rm_ws/install/rmbot2/share/ament_index/resource_index/packages/rmbot2
-- Symlinking: /home/allen/rm_ws/install/rmbot2/share/rmbot2/cmake/rmbot2Config.cmake
-- Symlinking: /home/allen/rm_ws/install/rmbot2/share/rmbot2/cmake/rmbot2Config-version.cmake
-- Symlinking: /home/allen/rm_ws/install/rmbot2/share/rmbot2/package.xml
