[0.029s] Invoking command in '/home/allen/rm_ws/build/rmbot2': CMAKE_PREFIX_PATH=${CMAKE_PREFIX_PATH}:/opt/ros/humble /usr/bin/cmake --build /home/allen/rm_ws/build/rmbot2 -- -j2 -l2
[0.141s] Invoked command in '/home/allen/rm_ws/build/rmbot2' returned '0': CMAKE_PREFIX_PATH=${CMAKE_PREFIX_PATH}:/opt/ros/humble /usr/bin/cmake --build /home/allen/rm_ws/build/rmbot2 -- -j2 -l2
[0.167s] Invoking command in '/home/allen/rm_ws/build/rmbot2': CMAKE_PREFIX_PATH=${CMAKE_PREFIX_PATH}:/opt/ros/humble /usr/bin/cmake --install /home/allen/rm_ws/build/rmbot2
[0.191s] -- Install configuration: ""
[0.191s] -- Execute custom install script
[0.191s] -- Up-to-date symlink: /home/allen/rm_ws/install/rmbot2/share/rmbot2/config/simulation/fastlio_mid360_sim.yaml
[0.192s] -- Up-to-date symlink: /home/allen/rm_ws/install/rmbot2/share/rmbot2/config/simulation/mapper_params_offline_async.yaml
[0.192s] -- Up-to-date symlink: /home/allen/rm_ws/install/rmbot2/share/rmbot2/config/simulation/mapper_params_online_async_sim.yaml
[0.193s] -- Up-to-date symlink: /home/allen/rm_ws/install/rmbot2/share/rmbot2/config/simulation/segmentation_sim.yaml
[0.193s] -- Up-to-date symlink: /home/allen/rm_ws/install/rmbot2/share/rmbot2/description/gazebo_control.xacro
[0.194s] -- Up-to-date symlink: /home/allen/rm_ws/install/rmbot2/share/rmbot2/description/gazebo_control2.xacro
[0.194s] -- Up-to-date symlink: /home/allen/rm_ws/install/rmbot2/share/rmbot2/description/gazebo_control3.xacro
[0.194s] -- Symlinking: /home/allen/rm_ws/install/rmbot2/share/rmbot2/description/gazebo_control4.xacro
[0.219s] -- Up-to-date symlink: /home/allen/rm_ws/install/rmbot2/share/rmbot2/description/inertial_macros.xacro
[0.219s] -- Up-to-date symlink: /home/allen/rm_ws/install/rmbot2/share/rmbot2/description/lidar.xacro
[0.220s] -- Up-to-date symlink: /home/allen/rm_ws/install/rmbot2/share/rmbot2/description/mid360.xacro
[0.222s] -- Up-to-date symlink: /home/allen/rm_ws/install/rmbot2/share/rmbot2/description/robot.urdf.xacro
[0.222s] -- Up-to-date symlink: /home/allen/rm_ws/install/rmbot2/share/rmbot2/description/robot_core2.xacro
[0.222s] -- Symlinking: /home/allen/rm_ws/install/rmbot2/share/rmbot2/description/robot_core3.xacro
[0.246s] -- Up-to-date symlink: /home/allen/rm_ws/install/rmbot2/share/rmbot2/description/robot_core_upper.xacro
[0.247s] -- Up-to-date symlink: /home/allen/rm_ws/install/rmbot2/share/rmbot2/description/robot_structure.xacro
[0.247s] -- Up-to-date symlink: /home/allen/rm_ws/install/rmbot2/share/rmbot2/description/wheel.xacro
[0.248s] -- Up-to-date symlink: /home/allen/rm_ws/install/rmbot2/share/rmbot2/launch/launch_world.launch.py
[0.248s] -- Up-to-date symlink: /home/allen/rm_ws/install/rmbot2/share/rmbot2/launch/lidar.launch.py
[0.249s] -- Up-to-date symlink: /home/allen/rm_ws/install/rmbot2/share/rmbot2/launch/mapping.launch.py
[0.249s] -- Up-to-date symlink: /home/allen/rm_ws/install/rmbot2/share/rmbot2/launch/nav.launch.py
[0.250s] -- Up-to-date symlink: /home/allen/rm_ws/install/rmbot2/share/rmbot2/launch/rsp.launch.py
[0.251s] -- Up-to-date symlink: /home/allen/rm_ws/install/rmbot2/share/rmbot2/launch/view.launch.py
[0.251s] -- Up-to-date symlink: /home/allen/rm_ws/install/rmbot2/share/rmbot2/world/RMUC2024_world/RMUC2024_world.world
[0.251s] -- Up-to-date symlink: /home/allen/rm_ws/install/rmbot2/share/rmbot2/world/RMUL2024_world/RMUL2024_world.world
[0.251s] -- Up-to-date symlink: /home/allen/rm_ws/install/rmbot2/share/rmbot2/world/RMUL2024_world/RMUL2024_world_dynamic_obstacles.world
[0.252s] -- Up-to-date symlink: /home/allen/rm_ws/install/rmbot2/share/rmbot2/world/RMUL2024_world/model.config
[0.252s] -- Up-to-date symlink: /home/allen/rm_ws/install/rmbot2/share/rmbot2/world/RMUL2024_world/model.sdf
[0.253s] -- Up-to-date symlink: /home/allen/rm_ws/install/rmbot2/share/rmbot2/world/RMUL2025NA_world/RMULNA2025_world.world
[0.254s] -- Up-to-date symlink: /home/allen/rm_ws/install/rmbot2/share/rmbot2/world/RMUL2025NA_world/RMULNA2025_world_dynamic_obstacles.world
[0.254s] -- Up-to-date symlink: /home/allen/rm_ws/install/rmbot2/share/rmbot2/world/RMUL2025NA_world/model.config
[0.254s] -- Up-to-date symlink: /home/allen/rm_ws/install/rmbot2/share/rmbot2/world/RMUL2025NA_world/model.sdf
[0.254s] -- Up-to-date symlink: /home/allen/rm_ws/install/rmbot2/share/rmbot2/map/rmul_map_save.pgm
[0.254s] -- Up-to-date symlink: /home/allen/rm_ws/install/rmbot2/share/rmbot2/map/rmul_map_save.yaml
[0.255s] -- Up-to-date symlink: /home/allen/rm_ws/install/rmbot2/share/rmbot2/map/rmul_map_serial.data
[0.255s] -- Up-to-date symlink: /home/allen/rm_ws/install/rmbot2/share/rmbot2/map/rmul_map_serial.posegraph
[0.255s] -- Up-to-date symlink: /home/allen/rm_ws/install/rmbot2/share/rmbot2/map/ul_map.data
[0.256s] -- Up-to-date symlink: /home/allen/rm_ws/install/rmbot2/share/rmbot2/map/ul_map.pgm
[0.256s] -- Up-to-date symlink: /home/allen/rm_ws/install/rmbot2/share/rmbot2/map/ul_map.posegraph
[0.257s] -- Up-to-date symlink: /home/allen/rm_ws/install/rmbot2/share/rmbot2/map/ul_map.yaml
[0.259s] -- Up-to-date symlink: /home/allen/rm_ws/install/rmbot2/share/rmbot2/meshes/RMUC2024_world/meshes/RMUC_2024.stl
[0.260s] -- Up-to-date symlink: /home/allen/rm_ws/install/rmbot2/share/rmbot2/meshes/RMUC2024_world/model.config
[0.260s] -- Up-to-date symlink: /home/allen/rm_ws/install/rmbot2/share/rmbot2/meshes/RMUC2024_world/model.sdf
[0.261s] -- Up-to-date symlink: /home/allen/rm_ws/install/rmbot2/share/rmbot2/meshes/RMUL2024_world/meshes/RMUL_2024.stl
[0.261s] -- Up-to-date symlink: /home/allen/rm_ws/install/rmbot2/share/rmbot2/meshes/mid360.stl
[0.262s] -- Up-to-date symlink: /home/allen/rm_ws/install/rmbot2/share/rmbot2/meshes/obstacles/obstacle1/model.config
[0.263s] -- Up-to-date symlink: /home/allen/rm_ws/install/rmbot2/share/rmbot2/meshes/obstacles/obstacle1/model.sdf
[0.263s] -- Up-to-date symlink: /home/allen/rm_ws/install/rmbot2/share/rmbot2/meshes/obstacles/obstacle10/model.config
[0.263s] -- Up-to-date symlink: /home/allen/rm_ws/install/rmbot2/share/rmbot2/meshes/obstacles/obstacle10/model.sdf
[0.264s] -- Up-to-date symlink: /home/allen/rm_ws/install/rmbot2/share/rmbot2/meshes/obstacles/obstacle11/model.config
[0.264s] -- Up-to-date symlink: /home/allen/rm_ws/install/rmbot2/share/rmbot2/meshes/obstacles/obstacle11/model.sdf
[0.264s] -- Up-to-date symlink: /home/allen/rm_ws/install/rmbot2/share/rmbot2/meshes/obstacles/obstacle12/model.config
[0.265s] -- Up-to-date symlink: /home/allen/rm_ws/install/rmbot2/share/rmbot2/meshes/obstacles/obstacle12/model.sdf
[0.265s] -- Up-to-date symlink: /home/allen/rm_ws/install/rmbot2/share/rmbot2/meshes/obstacles/obstacle2/model.config
[0.265s] -- Up-to-date symlink: /home/allen/rm_ws/install/rmbot2/share/rmbot2/meshes/obstacles/obstacle2/model.sdf
[0.266s] -- Up-to-date symlink: /home/allen/rm_ws/install/rmbot2/share/rmbot2/meshes/obstacles/obstacle3/model.config
[0.266s] -- Up-to-date symlink: /home/allen/rm_ws/install/rmbot2/share/rmbot2/meshes/obstacles/obstacle3/model.sdf
[0.267s] -- Up-to-date symlink: /home/allen/rm_ws/install/rmbot2/share/rmbot2/meshes/obstacles/obstacle4/model.config
[0.267s] -- Up-to-date symlink: /home/allen/rm_ws/install/rmbot2/share/rmbot2/meshes/obstacles/obstacle4/model.sdf
[0.268s] -- Up-to-date symlink: /home/allen/rm_ws/install/rmbot2/share/rmbot2/meshes/obstacles/obstacle5/model.config
[0.268s] -- Up-to-date symlink: /home/allen/rm_ws/install/rmbot2/share/rmbot2/meshes/obstacles/obstacle5/model.sdf
[0.268s] -- Up-to-date symlink: /home/allen/rm_ws/install/rmbot2/share/rmbot2/meshes/obstacles/obstacle6/model.config
[0.269s] -- Up-to-date symlink: /home/allen/rm_ws/install/rmbot2/share/rmbot2/meshes/obstacles/obstacle6/model.sdf
[0.269s] -- Up-to-date symlink: /home/allen/rm_ws/install/rmbot2/share/rmbot2/meshes/obstacles/obstacle7/model.config
[0.270s] -- Up-to-date symlink: /home/allen/rm_ws/install/rmbot2/share/rmbot2/meshes/obstacles/obstacle7/model.sdf
[0.270s] -- Up-to-date symlink: /home/allen/rm_ws/install/rmbot2/share/rmbot2/meshes/obstacles/obstacle8/model.config
[0.271s] -- Up-to-date symlink: /home/allen/rm_ws/install/rmbot2/share/rmbot2/meshes/obstacles/obstacle8/model.sdf
[0.271s] -- Up-to-date symlink: /home/allen/rm_ws/install/rmbot2/share/rmbot2/meshes/obstacles/obstacle9/model.config
[0.272s] -- Up-to-date symlink: /home/allen/rm_ws/install/rmbot2/share/rmbot2/meshes/obstacles/obstacle9/model.sdf
[0.272s] -- Up-to-date symlink: /home/allen/rm_ws/install/rmbot2/share/rmbot2/meshes/obstacles/obstacle_plugin/CMakeLists.txt
[0.272s] -- Up-to-date symlink: /home/allen/rm_ws/install/rmbot2/share/rmbot2/meshes/obstacles/obstacle_plugin/lib/libobstacle1.so
[0.273s] -- Up-to-date symlink: /home/allen/rm_ws/install/rmbot2/share/rmbot2/meshes/obstacles/obstacle_plugin/lib/libobstacle10.so
[0.273s] -- Up-to-date symlink: /home/allen/rm_ws/install/rmbot2/share/rmbot2/meshes/obstacles/obstacle_plugin/lib/libobstacle11.so
[0.274s] -- Up-to-date symlink: /home/allen/rm_ws/install/rmbot2/share/rmbot2/meshes/obstacles/obstacle_plugin/lib/libobstacle12.so
[0.274s] -- Up-to-date symlink: /home/allen/rm_ws/install/rmbot2/share/rmbot2/meshes/obstacles/obstacle_plugin/lib/libobstacle2.so
[0.274s] -- Up-to-date symlink: /home/allen/rm_ws/install/rmbot2/share/rmbot2/meshes/obstacles/obstacle_plugin/lib/libobstacle3.so
[0.274s] -- Up-to-date symlink: /home/allen/rm_ws/install/rmbot2/share/rmbot2/meshes/obstacles/obstacle_plugin/lib/libobstacle4.so
[0.275s] -- Up-to-date symlink: /home/allen/rm_ws/install/rmbot2/share/rmbot2/meshes/obstacles/obstacle_plugin/lib/libobstacle5.so
[0.275s] -- Up-to-date symlink: /home/allen/rm_ws/install/rmbot2/share/rmbot2/meshes/obstacles/obstacle_plugin/lib/libobstacle6.so
[0.275s] -- Up-to-date symlink: /home/allen/rm_ws/install/rmbot2/share/rmbot2/meshes/obstacles/obstacle_plugin/lib/libobstacle7.so
[0.276s] -- Up-to-date symlink: /home/allen/rm_ws/install/rmbot2/share/rmbot2/meshes/obstacles/obstacle_plugin/lib/libobstacle8.so
[0.276s] -- Up-to-date symlink: /home/allen/rm_ws/install/rmbot2/share/rmbot2/meshes/obstacles/obstacle_plugin/lib/libobstacle9.so
[0.277s] -- Up-to-date symlink: /home/allen/rm_ws/install/rmbot2/share/rmbot2/meshes/obstacles/obstacle_plugin/lib/libobstacles.so
[0.277s] -- Up-to-date symlink: /home/allen/rm_ws/install/rmbot2/share/rmbot2/meshes/obstacles/obstacle_plugin/obstacle1.cc
[0.278s] -- Up-to-date symlink: /home/allen/rm_ws/install/rmbot2/share/rmbot2/meshes/obstacles/obstacle_plugin/obstacle10.cc
[0.278s] -- Up-to-date symlink: /home/allen/rm_ws/install/rmbot2/share/rmbot2/meshes/obstacles/obstacle_plugin/obstacle11.cc
[0.278s] -- Up-to-date symlink: /home/allen/rm_ws/install/rmbot2/share/rmbot2/meshes/obstacles/obstacle_plugin/obstacle12.cc
[0.279s] -- Up-to-date symlink: /home/allen/rm_ws/install/rmbot2/share/rmbot2/meshes/obstacles/obstacle_plugin/obstacle13.cc
[0.279s] -- Up-to-date symlink: /home/allen/rm_ws/install/rmbot2/share/rmbot2/meshes/obstacles/obstacle_plugin/obstacle2.cc
[0.280s] -- Up-to-date symlink: /home/allen/rm_ws/install/rmbot2/share/rmbot2/meshes/obstacles/obstacle_plugin/obstacle3.cc
[0.280s] -- Up-to-date symlink: /home/allen/rm_ws/install/rmbot2/share/rmbot2/meshes/obstacles/obstacle_plugin/obstacle4.cc
[0.280s] -- Up-to-date symlink: /home/allen/rm_ws/install/rmbot2/share/rmbot2/meshes/obstacles/obstacle_plugin/obstacle5.cc
[0.281s] -- Up-to-date symlink: /home/allen/rm_ws/install/rmbot2/share/rmbot2/meshes/obstacles/obstacle_plugin/obstacle6.cc
[0.282s] -- Up-to-date symlink: /home/allen/rm_ws/install/rmbot2/share/rmbot2/meshes/obstacles/obstacle_plugin/obstacle7.cc
[0.282s] -- Up-to-date symlink: /home/allen/rm_ws/install/rmbot2/share/rmbot2/meshes/obstacles/obstacle_plugin/obstacle8.cc
[0.283s] -- Up-to-date symlink: /home/allen/rm_ws/install/rmbot2/share/rmbot2/meshes/obstacles/obstacle_plugin/obstacle9.cc
[0.283s] -- Up-to-date symlink: /home/allen/rm_ws/install/rmbot2/share/rmbot2/meshes/obstacles/obstacle_plugin/obstacles.cc
[0.283s] -- Up-to-date symlink: /home/allen/rm_ws/install/rmbot2/share/rmbot2/rviz/fastlio.rviz
[0.284s] -- Up-to-date symlink: /home/allen/rm_ws/install/rmbot2/share/rmbot2/rviz/gazebo.rviz
[0.284s] -- Up-to-date symlink: /home/allen/rm_ws/install/rmbot2/share/rmbot2/rviz/pointlio.rviz
[0.284s] -- Up-to-date symlink: /home/allen/rm_ws/install/rmbot2/share/rmbot2/rviz/rviz2.rviz
[0.284s] -- Up-to-date symlink: /home/allen/rm_ws/install/rmbot2/share/rmbot2/rviz/rviz_lidar.rviz
[0.284s] -- Up-to-date symlink: /home/allen/rm_ws/install/rmbot2/share/ament_index/resource_index/package_run_dependencies/rmbot2
[0.285s] -- Up-to-date symlink: /home/allen/rm_ws/install/rmbot2/share/ament_index/resource_index/parent_prefix_path/rmbot2
[0.285s] -- Up-to-date symlink: /home/allen/rm_ws/install/rmbot2/share/rmbot2/environment/ament_prefix_path.sh
[0.286s] -- Up-to-date symlink: /home/allen/rm_ws/install/rmbot2/share/rmbot2/environment/ament_prefix_path.dsv
[0.286s] -- Up-to-date symlink: /home/allen/rm_ws/install/rmbot2/share/rmbot2/environment/path.sh
[0.287s] -- Up-to-date symlink: /home/allen/rm_ws/install/rmbot2/share/rmbot2/environment/path.dsv
[0.287s] -- Up-to-date symlink: /home/allen/rm_ws/install/rmbot2/share/rmbot2/local_setup.bash
[0.287s] -- Up-to-date symlink: /home/allen/rm_ws/install/rmbot2/share/rmbot2/local_setup.sh
[0.288s] -- Up-to-date symlink: /home/allen/rm_ws/install/rmbot2/share/rmbot2/local_setup.zsh
[0.288s] -- Up-to-date symlink: /home/allen/rm_ws/install/rmbot2/share/rmbot2/local_setup.dsv
[0.289s] -- Symlinking: /home/allen/rm_ws/install/rmbot2/share/rmbot2/package.dsv
[0.314s] -- Up-to-date symlink: /home/allen/rm_ws/install/rmbot2/share/ament_index/resource_index/packages/rmbot2
[0.314s] -- Up-to-date symlink: /home/allen/rm_ws/install/rmbot2/share/rmbot2/cmake/rmbot2Config.cmake
[0.314s] -- Up-to-date symlink: /home/allen/rm_ws/install/rmbot2/share/rmbot2/cmake/rmbot2Config-version.cmake
[0.314s] -- Up-to-date symlink: /home/allen/rm_ws/install/rmbot2/share/rmbot2/package.xml
[0.317s] Invoked command in '/home/allen/rm_ws/build/rmbot2' returned '0': CMAKE_PREFIX_PATH=${CMAKE_PREFIX_PATH}:/opt/ros/humble /usr/bin/cmake --install /home/allen/rm_ws/build/rmbot2
