[0.047s] Invoking command in '/home/allen/rm_ws/build/livox_ros_driver2': CMAKE_PREFIX_PATH=${CMAKE_PREFIX_PATH}:/opt/ros/humble /usr/bin/cmake --build /home/allen/rm_ws/build/livox_ros_driver2 -- -j2 -l2
[0.343s] [35m[1mConsolidate compiler generated dependencies of target livox_interfaces2__rosidl_generator_c[0m
[0.407s] [  7%] Built target livox_interfaces2__rosidl_generator_c
[0.413s] [  8%] Built target livox_interfaces2__cpp
[0.479s] [35m[1mConsolidate compiler generated dependencies of target livox_ros_driver2_node[0m
[0.583s] [ 12%] Built target livox_ros_driver2_node
[0.642s] [35m[1mConsolidate compiler generated dependencies of target livox_interfaces2__rosidl_typesupport_cpp[0m
[0.709s] [ 12%] Built target ament_cmake_python_symlink_livox_ros_driver2
[0.745s] [ 19%] Built target livox_interfaces2__rosidl_typesupport_cpp
[0.794s] [35m[1mConsolidate compiler generated dependencies of target livox_interfaces2__rosidl_typesupport_introspection_c[0m
[0.833s] [35m[1mConsolidate compiler generated dependencies of target livox_interfaces2__rosidl_typesupport_fastrtps_c[0m
[0.846s] [ 26%] Built target livox_interfaces2__rosidl_typesupport_introspection_c
[0.959s] [ 33%] Built target livox_interfaces2__rosidl_typesupport_fastrtps_c
[0.960s] [35m[1mConsolidate compiler generated dependencies of target livox_interfaces2__rosidl_typesupport_c[0m
[1.047s] [35m[1mConsolidate compiler generated dependencies of target livox_interfaces2__rosidl_typesupport_fastrtps_cpp[0m
[1.070s] [ 40%] Built target livox_interfaces2__rosidl_typesupport_c
[1.164s] [ 47%] Built target livox_interfaces2__rosidl_typesupport_fastrtps_cpp
[1.182s] [35m[1mConsolidate compiler generated dependencies of target livox_interfaces2__rosidl_typesupport_introspection_cpp[0m
[1.311s] [ 54%] Built target livox_interfaces2__rosidl_typesupport_introspection_cpp
[1.484s] [35m[1mConsolidate compiler generated dependencies of target livox_ros_driver2[0m
[1.848s] [ 82%] Built target livox_ros_driver2
[2.005s] [ 82%] Built target livox_interfaces2
[2.170s] [ 84%] Built target livox_interfaces2__py
[2.236s] [35m[1mConsolidate compiler generated dependencies of target livox_interfaces2__rosidl_generator_py[0m
[2.304s] running egg_info
[2.304s] writing livox_ros_driver2.egg-info/PKG-INFO
[2.307s] writing dependency_links to livox_ros_driver2.egg-info/dependency_links.txt
[2.309s] writing top-level names to livox_ros_driver2.egg-info/top_level.txt
[2.321s] reading manifest file 'livox_ros_driver2.egg-info/SOURCES.txt'
[2.321s] writing manifest file 'livox_ros_driver2.egg-info/SOURCES.txt'
[2.335s] [ 89%] Built target livox_interfaces2__rosidl_generator_py
[2.410s] [35m[1mConsolidate compiler generated dependencies of target livox_ros_driver2__rosidl_typesupport_fastrtps_c__pyext[0m
[2.432s] [ 89%] Built target ament_cmake_python_build_livox_ros_driver2_egg
[2.499s] [ 92%] Built target livox_ros_driver2__rosidl_typesupport_fastrtps_c__pyext
[2.502s] [35m[1mConsolidate compiler generated dependencies of target livox_ros_driver2__rosidl_typesupport_introspection_c__pyext[0m
[2.578s] [35m[1mConsolidate compiler generated dependencies of target livox_ros_driver2__rosidl_typesupport_c__pyext[0m
[2.602s] [ 96%] Built target livox_ros_driver2__rosidl_typesupport_introspection_c__pyext
[2.638s] [100%] Built target livox_ros_driver2__rosidl_typesupport_c__pyext
[2.673s] Invoked command in '/home/allen/rm_ws/build/livox_ros_driver2' returned '0': CMAKE_PREFIX_PATH=${CMAKE_PREFIX_PATH}:/opt/ros/humble /usr/bin/cmake --build /home/allen/rm_ws/build/livox_ros_driver2 -- -j2 -l2
[2.679s] Invoking command in '/home/allen/rm_ws/build/livox_ros_driver2': CMAKE_PREFIX_PATH=${CMAKE_PREFIX_PATH}:/opt/ros/humble /usr/bin/cmake --install /home/allen/rm_ws/build/livox_ros_driver2
[2.724s] -- Install configuration: ""
[2.725s] -- Execute custom install script
[2.729s] -- Up-to-date symlink: /home/allen/rm_ws/install/livox_ros_driver2/share/ament_index/resource_index/rosidl_interfaces/livox_ros_driver2
[2.729s] -- Up-to-date symlink: /home/allen/rm_ws/install/livox_ros_driver2/include/livox_ros_driver2/livox_ros_driver2/msg/custom_msg.h
[2.733s] -- Up-to-date symlink: /home/allen/rm_ws/install/livox_ros_driver2/include/livox_ros_driver2/livox_ros_driver2/msg/custom_point.h
[2.737s] -- Up-to-date symlink: /home/allen/rm_ws/install/livox_ros_driver2/include/livox_ros_driver2/livox_ros_driver2/msg/detail/custom_msg__functions.h
[2.738s] -- Up-to-date symlink: /home/allen/rm_ws/install/livox_ros_driver2/include/livox_ros_driver2/livox_ros_driver2/msg/detail/custom_msg__struct.h
[2.738s] -- Up-to-date symlink: /home/allen/rm_ws/install/livox_ros_driver2/include/livox_ros_driver2/livox_ros_driver2/msg/detail/custom_msg__type_support.h
[2.740s] -- Up-to-date symlink: /home/allen/rm_ws/install/livox_ros_driver2/include/livox_ros_driver2/livox_ros_driver2/msg/detail/custom_point__functions.h
[2.740s] -- Up-to-date symlink: /home/allen/rm_ws/install/livox_ros_driver2/include/livox_ros_driver2/livox_ros_driver2/msg/detail/custom_point__struct.h
[2.741s] -- Up-to-date symlink: /home/allen/rm_ws/install/livox_ros_driver2/include/livox_ros_driver2/livox_ros_driver2/msg/detail/custom_point__type_support.h
[2.742s] -- Up-to-date symlink: /home/allen/rm_ws/install/livox_ros_driver2/include/livox_ros_driver2/livox_ros_driver2/msg/rosidl_generator_c__visibility_control.h
[2.743s] -- Up-to-date symlink: /home/allen/rm_ws/install/livox_ros_driver2/share/livox_ros_driver2/environment/library_path.sh
[2.745s] -- Up-to-date symlink: /home/allen/rm_ws/install/livox_ros_driver2/share/livox_ros_driver2/environment/library_path.dsv
[2.745s] -- Up-to-date symlink: /home/allen/rm_ws/install/livox_ros_driver2/include/livox_ros_driver2/livox_ros_driver2/msg/detail/custom_msg__rosidl_typesupport_fastrtps_c.h
[2.747s] -- Up-to-date symlink: /home/allen/rm_ws/install/livox_ros_driver2/include/livox_ros_driver2/livox_ros_driver2/msg/detail/custom_point__rosidl_typesupport_fastrtps_c.h
[2.748s] -- Up-to-date symlink: /home/allen/rm_ws/install/livox_ros_driver2/include/livox_ros_driver2/livox_ros_driver2/msg/rosidl_typesupport_fastrtps_c__visibility_control.h
[2.748s] -- Up-to-date symlink: /home/allen/rm_ws/install/livox_ros_driver2/include/livox_ros_driver2/livox_ros_driver2/msg/detail/custom_msg__rosidl_typesupport_introspection_c.h
[2.749s] -- Up-to-date symlink: /home/allen/rm_ws/install/livox_ros_driver2/include/livox_ros_driver2/livox_ros_driver2/msg/detail/custom_point__rosidl_typesupport_introspection_c.h
[2.750s] -- Up-to-date symlink: /home/allen/rm_ws/install/livox_ros_driver2/include/livox_ros_driver2/livox_ros_driver2/msg/rosidl_typesupport_introspection_c__visibility_control.h
[2.751s] -- Up-to-date symlink: /home/allen/rm_ws/install/livox_ros_driver2/include/livox_ros_driver2/livox_ros_driver2/msg/custom_msg.hpp
[2.752s] -- Up-to-date symlink: /home/allen/rm_ws/install/livox_ros_driver2/include/livox_ros_driver2/livox_ros_driver2/msg/custom_point.hpp
[2.753s] -- Up-to-date symlink: /home/allen/rm_ws/install/livox_ros_driver2/include/livox_ros_driver2/livox_ros_driver2/msg/detail/custom_msg__builder.hpp
[2.754s] -- Up-to-date symlink: /home/allen/rm_ws/install/livox_ros_driver2/include/livox_ros_driver2/livox_ros_driver2/msg/detail/custom_msg__struct.hpp
[2.755s] -- Up-to-date symlink: /home/allen/rm_ws/install/livox_ros_driver2/include/livox_ros_driver2/livox_ros_driver2/msg/detail/custom_msg__traits.hpp
[2.755s] -- Up-to-date symlink: /home/allen/rm_ws/install/livox_ros_driver2/include/livox_ros_driver2/livox_ros_driver2/msg/detail/custom_msg__type_support.hpp
[2.756s] -- Up-to-date symlink: /home/allen/rm_ws/install/livox_ros_driver2/include/livox_ros_driver2/livox_ros_driver2/msg/detail/custom_point__builder.hpp
[2.756s] -- Up-to-date symlink: /home/allen/rm_ws/install/livox_ros_driver2/include/livox_ros_driver2/livox_ros_driver2/msg/detail/custom_point__struct.hpp
[2.757s] -- Up-to-date symlink: /home/allen/rm_ws/install/livox_ros_driver2/include/livox_ros_driver2/livox_ros_driver2/msg/detail/custom_point__traits.hpp
[2.759s] -- Up-to-date symlink: /home/allen/rm_ws/install/livox_ros_driver2/include/livox_ros_driver2/livox_ros_driver2/msg/detail/custom_point__type_support.hpp
[2.761s] -- Up-to-date symlink: /home/allen/rm_ws/install/livox_ros_driver2/include/livox_ros_driver2/livox_ros_driver2/msg/rosidl_generator_cpp__visibility_control.hpp
[2.761s] -- Up-to-date symlink: /home/allen/rm_ws/install/livox_ros_driver2/include/livox_ros_driver2/livox_ros_driver2/msg/detail/custom_msg__rosidl_typesupport_fastrtps_cpp.hpp
[2.765s] -- Up-to-date symlink: /home/allen/rm_ws/install/livox_ros_driver2/include/livox_ros_driver2/livox_ros_driver2/msg/detail/custom_point__rosidl_typesupport_fastrtps_cpp.hpp
[2.765s] -- Up-to-date symlink: /home/allen/rm_ws/install/livox_ros_driver2/include/livox_ros_driver2/livox_ros_driver2/msg/rosidl_typesupport_fastrtps_cpp__visibility_control.h
[2.765s] -- Up-to-date symlink: /home/allen/rm_ws/install/livox_ros_driver2/include/livox_ros_driver2/livox_ros_driver2/msg/detail/custom_msg__rosidl_typesupport_introspection_cpp.hpp
[2.765s] -- Up-to-date symlink: /home/allen/rm_ws/install/livox_ros_driver2/include/livox_ros_driver2/livox_ros_driver2/msg/detail/custom_point__rosidl_typesupport_introspection_cpp.hpp
[2.765s] -- Up-to-date symlink: /home/allen/rm_ws/install/livox_ros_driver2/share/livox_ros_driver2/environment/pythonpath.sh
[2.765s] -- Up-to-date symlink: /home/allen/rm_ws/install/livox_ros_driver2/share/livox_ros_driver2/environment/pythonpath.dsv
[2.766s] -- Up-to-date symlink: /home/allen/rm_ws/install/livox_ros_driver2/local/lib/python3.10/dist-packages/livox_ros_driver2-1.0.0-py3.10.egg-info/PKG-INFO
[2.767s] -- Up-to-date symlink: /home/allen/rm_ws/install/livox_ros_driver2/local/lib/python3.10/dist-packages/livox_ros_driver2-1.0.0-py3.10.egg-info/SOURCES.txt
[2.768s] -- Up-to-date symlink: /home/allen/rm_ws/install/livox_ros_driver2/local/lib/python3.10/dist-packages/livox_ros_driver2-1.0.0-py3.10.egg-info/dependency_links.txt
[2.769s] -- Up-to-date symlink: /home/allen/rm_ws/install/livox_ros_driver2/local/lib/python3.10/dist-packages/livox_ros_driver2-1.0.0-py3.10.egg-info/top_level.txt
[2.771s] -- Up-to-date symlink: /home/allen/rm_ws/install/livox_ros_driver2/local/lib/python3.10/dist-packages/livox_ros_driver2/__init__.py
[2.771s] -- Up-to-date symlink: /home/allen/rm_ws/install/livox_ros_driver2/local/lib/python3.10/dist-packages/livox_ros_driver2/_livox_ros_driver2_s.ep.rosidl_typesupport_c.c
[2.772s] -- Up-to-date symlink: /home/allen/rm_ws/install/livox_ros_driver2/local/lib/python3.10/dist-packages/livox_ros_driver2/_livox_ros_driver2_s.ep.rosidl_typesupport_fastrtps_c.c
[2.773s] -- Up-to-date symlink: /home/allen/rm_ws/install/livox_ros_driver2/local/lib/python3.10/dist-packages/livox_ros_driver2/_livox_ros_driver2_s.ep.rosidl_typesupport_introspection_c.c
[2.773s] -- Up-to-date symlink: /home/allen/rm_ws/install/livox_ros_driver2/local/lib/python3.10/dist-packages/livox_ros_driver2/liblivox_interfaces2__rosidl_generator_py.so
[2.775s] -- Up-to-date symlink: /home/allen/rm_ws/install/livox_ros_driver2/local/lib/python3.10/dist-packages/livox_ros_driver2/livox_ros_driver2_s__rosidl_typesupport_c.cpython-310-x86_64-linux-gnu.so
[2.775s] -- Up-to-date symlink: /home/allen/rm_ws/install/livox_ros_driver2/local/lib/python3.10/dist-packages/livox_ros_driver2/livox_ros_driver2_s__rosidl_typesupport_fastrtps_c.cpython-310-x86_64-linux-gnu.so
[2.776s] -- Up-to-date symlink: /home/allen/rm_ws/install/livox_ros_driver2/local/lib/python3.10/dist-packages/livox_ros_driver2/livox_ros_driver2_s__rosidl_typesupport_introspection_c.cpython-310-x86_64-linux-gnu.so
[2.778s] -- Up-to-date symlink: /home/allen/rm_ws/install/livox_ros_driver2/local/lib/python3.10/dist-packages/livox_ros_driver2/msg/__init__.py
[2.779s] -- Up-to-date symlink: /home/allen/rm_ws/install/livox_ros_driver2/local/lib/python3.10/dist-packages/livox_ros_driver2/msg/_custom_msg.py
[2.779s] -- Up-to-date symlink: /home/allen/rm_ws/install/livox_ros_driver2/local/lib/python3.10/dist-packages/livox_ros_driver2/msg/_custom_msg_s.c
[2.781s] -- Up-to-date symlink: /home/allen/rm_ws/install/livox_ros_driver2/local/lib/python3.10/dist-packages/livox_ros_driver2/msg/_custom_point.py
[2.781s] -- Up-to-date symlink: /home/allen/rm_ws/install/livox_ros_driver2/local/lib/python3.10/dist-packages/livox_ros_driver2/msg/_custom_point_s.c
[2.782s] -- Up-to-date symlink: /home/allen/rm_ws/install/livox_ros_driver2/local/lib/python3.10/dist-packages/livox_ros_driver2/livox_ros_driver2_s__rosidl_typesupport_fastrtps_c.cpython-310-x86_64-linux-gnu.so
[2.784s] -- Up-to-date symlink: /home/allen/rm_ws/install/livox_ros_driver2/local/lib/python3.10/dist-packages/livox_ros_driver2/livox_ros_driver2_s__rosidl_typesupport_introspection_c.cpython-310-x86_64-linux-gnu.so
[2.785s] -- Up-to-date symlink: /home/allen/rm_ws/install/livox_ros_driver2/local/lib/python3.10/dist-packages/livox_ros_driver2/livox_ros_driver2_s__rosidl_typesupport_c.cpython-310-x86_64-linux-gnu.so
[2.786s] -- Up-to-date symlink: /home/allen/rm_ws/install/livox_ros_driver2/share/livox_ros_driver2/msg/CustomPoint.idl
[2.787s] -- Up-to-date symlink: /home/allen/rm_ws/install/livox_ros_driver2/share/livox_ros_driver2/msg/CustomMsg.idl
[2.788s] -- Up-to-date symlink: /home/allen/rm_ws/install/livox_ros_driver2/share/livox_ros_driver2/msg/CustomPoint.msg
[2.789s] -- Up-to-date symlink: /home/allen/rm_ws/install/livox_ros_driver2/share/livox_ros_driver2/msg/CustomMsg.msg
[2.789s] -- Up-to-date symlink: /home/allen/rm_ws/install/livox_ros_driver2/lib/livox_ros_driver2/livox_ros_driver2_node
[2.791s] -- Up-to-date symlink: /home/allen/rm_ws/install/livox_ros_driver2/lib/liblivox_ros_driver2.so
[2.792s] -- Up-to-date symlink: /home/allen/rm_ws/install/livox_ros_driver2/share/livox_ros_driver2/config/HAP_config.json
[2.793s] -- Up-to-date symlink: /home/allen/rm_ws/install/livox_ros_driver2/share/livox_ros_driver2/config/MID360_config.json
[2.794s] -- Up-to-date symlink: /home/allen/rm_ws/install/livox_ros_driver2/share/livox_ros_driver2/config/display_point_cloud.rviz
[2.795s] -- Up-to-date symlink: /home/allen/rm_ws/install/livox_ros_driver2/share/livox_ros_driver2/config/mixed_HAP_MID360_config.json
[2.795s] -- Up-to-date symlink: /home/allen/rm_ws/install/livox_ros_driver2/share/livox_ros_driver2/launch/msg_HAP_launch.py
[2.797s] -- Up-to-date symlink: /home/allen/rm_ws/install/livox_ros_driver2/share/livox_ros_driver2/launch/msg_MID360_launch.py
[2.797s] -- Up-to-date symlink: /home/allen/rm_ws/install/livox_ros_driver2/share/livox_ros_driver2/launch/rviz_HAP_launch.py
[2.798s] -- Up-to-date symlink: /home/allen/rm_ws/install/livox_ros_driver2/share/livox_ros_driver2/launch/rviz_MID360_launch.py
[2.798s] -- Up-to-date symlink: /home/allen/rm_ws/install/livox_ros_driver2/share/livox_ros_driver2/launch/rviz_mixed.py
[2.798s] -- Up-to-date symlink: /home/allen/rm_ws/install/livox_ros_driver2/share/ament_index/resource_index/package_run_dependencies/livox_ros_driver2
[2.798s] -- Up-to-date symlink: /home/allen/rm_ws/install/livox_ros_driver2/share/ament_index/resource_index/parent_prefix_path/livox_ros_driver2
[2.799s] -- Up-to-date symlink: /home/allen/rm_ws/install/livox_ros_driver2/share/livox_ros_driver2/environment/ament_prefix_path.sh
[2.800s] -- Up-to-date symlink: /home/allen/rm_ws/install/livox_ros_driver2/share/livox_ros_driver2/environment/ament_prefix_path.dsv
[2.800s] -- Up-to-date symlink: /home/allen/rm_ws/install/livox_ros_driver2/share/livox_ros_driver2/environment/path.sh
[2.801s] -- Up-to-date symlink: /home/allen/rm_ws/install/livox_ros_driver2/share/livox_ros_driver2/environment/path.dsv
[2.801s] -- Up-to-date symlink: /home/allen/rm_ws/install/livox_ros_driver2/share/livox_ros_driver2/local_setup.bash
[2.803s] -- Up-to-date symlink: /home/allen/rm_ws/install/livox_ros_driver2/share/livox_ros_driver2/local_setup.sh
[2.803s] -- Up-to-date symlink: /home/allen/rm_ws/install/livox_ros_driver2/share/livox_ros_driver2/local_setup.zsh
[2.804s] -- Up-to-date symlink: /home/allen/rm_ws/install/livox_ros_driver2/share/livox_ros_driver2/local_setup.dsv
[2.804s] -- Symlinking: /home/allen/rm_ws/install/livox_ros_driver2/share/livox_ros_driver2/package.dsv
[2.832s] -- Up-to-date symlink: /home/allen/rm_ws/install/livox_ros_driver2/share/ament_index/resource_index/packages/livox_ros_driver2
[2.832s] -- Up-to-date symlink: /home/allen/rm_ws/install/livox_ros_driver2/share/ament_index/resource_index/rclcpp_components/livox_ros_driver2
[2.834s] -- Up-to-date symlink: /home/allen/rm_ws/install/livox_ros_driver2/share/livox_ros_driver2/cmake/rosidl_cmake-extras.cmake
[2.835s] -- Up-to-date symlink: /home/allen/rm_ws/install/livox_ros_driver2/share/livox_ros_driver2/cmake/ament_cmake_export_dependencies-extras.cmake
[2.836s] -- Up-to-date symlink: /home/allen/rm_ws/install/livox_ros_driver2/share/livox_ros_driver2/cmake/ament_cmake_export_include_directories-extras.cmake
[2.838s] -- Up-to-date symlink: /home/allen/rm_ws/install/livox_ros_driver2/share/livox_ros_driver2/cmake/ament_cmake_export_libraries-extras.cmake
[2.839s] -- Up-to-date symlink: /home/allen/rm_ws/install/livox_ros_driver2/share/livox_ros_driver2/cmake/ament_cmake_export_targets-extras.cmake
[2.840s] -- Up-to-date symlink: /home/allen/rm_ws/install/livox_ros_driver2/share/livox_ros_driver2/cmake/rosidl_cmake_export_typesupport_targets-extras.cmake
[2.841s] -- Up-to-date symlink: /home/allen/rm_ws/install/livox_ros_driver2/share/livox_ros_driver2/cmake/rosidl_cmake_export_typesupport_libraries-extras.cmake
[2.841s] -- Up-to-date symlink: /home/allen/rm_ws/install/livox_ros_driver2/share/livox_ros_driver2/cmake/livox_ros_driver2Config.cmake
[2.842s] -- Up-to-date symlink: /home/allen/rm_ws/install/livox_ros_driver2/share/livox_ros_driver2/cmake/livox_ros_driver2Config-version.cmake
[2.843s] -- Up-to-date symlink: /home/allen/rm_ws/install/livox_ros_driver2/share/livox_ros_driver2/package.xml
[2.844s] -- Up-to-date: /home/allen/rm_ws/install/livox_ros_driver2/lib/liblivox_ros_driver2__rosidl_generator_c.so
[2.846s] -- Up-to-date: /home/allen/rm_ws/install/livox_ros_driver2/lib/liblivox_ros_driver2__rosidl_typesupport_fastrtps_c.so
[2.850s] -- Up-to-date: /home/allen/rm_ws/install/livox_ros_driver2/lib/liblivox_ros_driver2__rosidl_typesupport_introspection_c.so
[2.850s] -- Up-to-date: /home/allen/rm_ws/install/livox_ros_driver2/lib/liblivox_ros_driver2__rosidl_typesupport_c.so
[2.853s] -- Up-to-date: /home/allen/rm_ws/install/livox_ros_driver2/lib/liblivox_ros_driver2__rosidl_typesupport_fastrtps_cpp.so
[2.855s] -- Up-to-date: /home/allen/rm_ws/install/livox_ros_driver2/lib/liblivox_ros_driver2__rosidl_typesupport_introspection_cpp.so
[2.858s] -- Up-to-date: /home/allen/rm_ws/install/livox_ros_driver2/lib/liblivox_ros_driver2__rosidl_typesupport_cpp.so
[2.909s] Listing '/home/allen/rm_ws/install/livox_ros_driver2/local/lib/python3.10/dist-packages/livox_ros_driver2'...
[2.910s] Listing '/home/allen/rm_ws/install/livox_ros_driver2/local/lib/python3.10/dist-packages/livox_ros_driver2/msg'...
[2.919s] -- Up-to-date: /home/allen/rm_ws/install/livox_ros_driver2/lib/liblivox_interfaces2__rosidl_generator_py.so
[2.919s] -- Up-to-date: /home/allen/rm_ws/install/livox_ros_driver2/share/livox_ros_driver2/cmake/export_livox_interfaces2__rosidl_generator_cExport.cmake
[2.919s] -- Up-to-date: /home/allen/rm_ws/install/livox_ros_driver2/share/livox_ros_driver2/cmake/export_livox_interfaces2__rosidl_generator_cExport-noconfig.cmake
[2.919s] -- Up-to-date: /home/allen/rm_ws/install/livox_ros_driver2/share/livox_ros_driver2/cmake/export_livox_interfaces2__rosidl_typesupport_fastrtps_cExport.cmake
[2.919s] -- Up-to-date: /home/allen/rm_ws/install/livox_ros_driver2/share/livox_ros_driver2/cmake/export_livox_interfaces2__rosidl_typesupport_fastrtps_cExport-noconfig.cmake
[2.920s] -- Up-to-date: /home/allen/rm_ws/install/livox_ros_driver2/share/livox_ros_driver2/cmake/livox_interfaces2__rosidl_typesupport_introspection_cExport.cmake
[2.921s] -- Up-to-date: /home/allen/rm_ws/install/livox_ros_driver2/share/livox_ros_driver2/cmake/livox_interfaces2__rosidl_typesupport_introspection_cExport-noconfig.cmake
[2.921s] -- Up-to-date: /home/allen/rm_ws/install/livox_ros_driver2/share/livox_ros_driver2/cmake/livox_interfaces2__rosidl_typesupport_cExport.cmake
[2.922s] -- Up-to-date: /home/allen/rm_ws/install/livox_ros_driver2/share/livox_ros_driver2/cmake/livox_interfaces2__rosidl_typesupport_cExport-noconfig.cmake
[2.924s] -- Up-to-date: /home/allen/rm_ws/install/livox_ros_driver2/share/livox_ros_driver2/cmake/export_livox_interfaces2__rosidl_generator_cppExport.cmake
[2.926s] -- Up-to-date: /home/allen/rm_ws/install/livox_ros_driver2/share/livox_ros_driver2/cmake/export_livox_interfaces2__rosidl_typesupport_fastrtps_cppExport.cmake
[2.927s] -- Up-to-date: /home/allen/rm_ws/install/livox_ros_driver2/share/livox_ros_driver2/cmake/export_livox_interfaces2__rosidl_typesupport_fastrtps_cppExport-noconfig.cmake
[2.927s] -- Up-to-date: /home/allen/rm_ws/install/livox_ros_driver2/share/livox_ros_driver2/cmake/livox_interfaces2__rosidl_typesupport_introspection_cppExport.cmake
[2.929s] -- Up-to-date: /home/allen/rm_ws/install/livox_ros_driver2/share/livox_ros_driver2/cmake/livox_interfaces2__rosidl_typesupport_introspection_cppExport-noconfig.cmake
[2.929s] -- Up-to-date: /home/allen/rm_ws/install/livox_ros_driver2/share/livox_ros_driver2/cmake/livox_interfaces2__rosidl_typesupport_cppExport.cmake
[2.929s] -- Up-to-date: /home/allen/rm_ws/install/livox_ros_driver2/share/livox_ros_driver2/cmake/livox_interfaces2__rosidl_typesupport_cppExport-noconfig.cmake
[2.931s] -- Up-to-date: /home/allen/rm_ws/install/livox_ros_driver2/share/livox_ros_driver2/cmake/export_livox_interfaces2__rosidl_generator_pyExport.cmake
[2.931s] -- Up-to-date: /home/allen/rm_ws/install/livox_ros_driver2/share/livox_ros_driver2/cmake/export_livox_interfaces2__rosidl_generator_pyExport-noconfig.cmake
[2.939s] Invoked command in '/home/allen/rm_ws/build/livox_ros_driver2' returned '0': CMAKE_PREFIX_PATH=${CMAKE_PREFIX_PATH}:/opt/ros/humble /usr/bin/cmake --install /home/allen/rm_ws/build/livox_ros_driver2
