[0.985s] DEBUG:colcon:Command line arguments: ['/usr/bin/colcon', 'list', '-p', '--base-paths', '/home/allen/rm_ws']
[0.986s] DEBUG:colcon:Parsed command line arguments: Namespace(log_base=None, log_level=None, verb_name='list', build_base='build', ignore_user_meta=False, metas=['./colcon.meta'], base_paths=['/home/allen/rm_ws'], packages_ignore=None, packages_ignore_regex=None, paths=None, packages_up_to=None, packages_up_to_regex=None, packages_above=None, packages_above_and_dependencies=None, packages_above_depth=None, packages_select_by_dep=None, packages_skip_by_dep=None, packages_skip_up_to=None, packages_select_build_failed=False, packages_skip_build_finished=False, packages_select_test_failures=False, packages_skip_test_passed=False, packages_select=None, packages_skip=None, packages_select_regex=None, packages_skip_regex=None, packages_start=None, packages_end=None, allow_overriding=[], topological_order=False, names_only=False, paths_only=True, topological_graph=False, topological_graph_dot=False, topological_graph_density=False, topological_graph_legend=False, topological_graph_dot_cluster=False, topological_graph_dot_include_skipped=False, verb_parser=<colcon_defaults.argument_parser.defaults.DefaultArgumentsDecorator object at 0x7c9609b65de0>, verb_extension=<colcon_package_information.verb.list.ListVerb object at 0x7c9609c66950>, main=<bound method ListVerb.main of <colcon_package_information.verb.list.ListVerb object at 0x7c9609c66950>>)
[2.832s] Level 1:colcon.colcon_core.package_discovery:discover_packages(colcon_meta) check parameters
[2.838s] Level 1:colcon.colcon_core.package_discovery:discover_packages(recursive) check parameters
[2.838s] Level 1:colcon.colcon_core.package_discovery:discover_packages(ignore) check parameters
[2.838s] Level 1:colcon.colcon_core.package_discovery:discover_packages(path) check parameters
[2.838s] Level 1:colcon.colcon_core.package_discovery:discover_packages(recursive) discover
[2.838s] INFO:colcon.colcon_core.package_discovery:Crawling recursively for packages in '/home/allen/rm_ws'
[2.852s] Level 1:colcon.colcon_core.package_identification:_identify(/home/allen/rm_ws) by extensions ['ignore', 'ignore_ament_install']
[2.852s] Level 1:colcon.colcon_core.package_identification:_identify(/home/allen/rm_ws) by extension 'ignore'
[2.853s] Level 1:colcon.colcon_core.package_identification:_identify(/home/allen/rm_ws) by extension 'ignore_ament_install'
[2.853s] Level 1:colcon.colcon_core.package_identification:_identify(/home/allen/rm_ws) by extensions ['colcon_pkg']
[2.853s] Level 1:colcon.colcon_core.package_identification:_identify(/home/allen/rm_ws) by extension 'colcon_pkg'
[2.853s] Level 1:colcon.colcon_core.package_identification:_identify(/home/allen/rm_ws) by extensions ['colcon_meta']
[2.853s] Level 1:colcon.colcon_core.package_identification:_identify(/home/allen/rm_ws) by extension 'colcon_meta'
[2.853s] Level 1:colcon.colcon_core.package_identification:_identify(/home/allen/rm_ws) by extensions ['ros']
[2.853s] Level 1:colcon.colcon_core.package_identification:_identify(/home/allen/rm_ws) by extension 'ros'
[3.080s] Level 1:colcon.colcon_core.package_identification:_identify(/home/allen/rm_ws) by extensions ['cmake', 'python']
[3.099s] Level 1:colcon.colcon_core.package_identification:_identify(/home/allen/rm_ws) by extension 'cmake'
[3.099s] Level 1:colcon.colcon_core.package_identification:_identify(/home/allen/rm_ws) by extension 'python'
[3.099s] Level 1:colcon.colcon_core.package_identification:_identify(/home/allen/rm_ws) by extensions ['python_setup_py']
[3.099s] Level 1:colcon.colcon_core.package_identification:_identify(/home/allen/rm_ws) by extension 'python_setup_py'
[3.100s] Level 1:colcon.colcon_core.package_identification:_identify(/home/allen/rm_ws/build) by extensions ['ignore', 'ignore_ament_install']
[3.100s] Level 1:colcon.colcon_core.package_identification:_identify(/home/allen/rm_ws/build) by extension 'ignore'
[3.100s] Level 1:colcon.colcon_core.package_identification:_identify(/home/allen/rm_ws/build) ignored
[3.100s] Level 1:colcon.colcon_core.package_identification:_identify(/home/allen/rm_ws/install) by extensions ['ignore', 'ignore_ament_install']
[3.100s] Level 1:colcon.colcon_core.package_identification:_identify(/home/allen/rm_ws/install) by extension 'ignore'
[3.100s] Level 1:colcon.colcon_core.package_identification:_identify(/home/allen/rm_ws/install) ignored
[3.100s] Level 1:colcon.colcon_core.package_identification:_identify(/home/allen/rm_ws/log) by extensions ['ignore', 'ignore_ament_install']
[3.100s] Level 1:colcon.colcon_core.package_identification:_identify(/home/allen/rm_ws/log) by extension 'ignore'
[3.101s] Level 1:colcon.colcon_core.package_identification:_identify(/home/allen/rm_ws/log) ignored
[3.101s] Level 1:colcon.colcon_core.package_identification:_identify(/home/allen/rm_ws/src) by extensions ['ignore', 'ignore_ament_install']
[3.111s] Level 1:colcon.colcon_core.package_identification:_identify(/home/allen/rm_ws/src) by extension 'ignore'
[3.111s] Level 1:colcon.colcon_core.package_identification:_identify(/home/allen/rm_ws/src) by extension 'ignore_ament_install'
[3.111s] Level 1:colcon.colcon_core.package_identification:_identify(/home/allen/rm_ws/src) by extensions ['colcon_pkg']
[3.111s] Level 1:colcon.colcon_core.package_identification:_identify(/home/allen/rm_ws/src) by extension 'colcon_pkg'
[3.111s] Level 1:colcon.colcon_core.package_identification:_identify(/home/allen/rm_ws/src) by extensions ['colcon_meta']
[3.111s] Level 1:colcon.colcon_core.package_identification:_identify(/home/allen/rm_ws/src) by extension 'colcon_meta'
[3.111s] Level 1:colcon.colcon_core.package_identification:_identify(/home/allen/rm_ws/src) by extensions ['ros']
[3.111s] Level 1:colcon.colcon_core.package_identification:_identify(/home/allen/rm_ws/src) by extension 'ros'
[3.111s] Level 1:colcon.colcon_core.package_identification:_identify(/home/allen/rm_ws/src) by extensions ['cmake', 'python']
[3.112s] Level 1:colcon.colcon_core.package_identification:_identify(/home/allen/rm_ws/src) by extension 'cmake'
[3.112s] Level 1:colcon.colcon_core.package_identification:_identify(/home/allen/rm_ws/src) by extension 'python'
[3.112s] Level 1:colcon.colcon_core.package_identification:_identify(/home/allen/rm_ws/src) by extensions ['python_setup_py']
[3.112s] Level 1:colcon.colcon_core.package_identification:_identify(/home/allen/rm_ws/src) by extension 'python_setup_py'
[3.112s] Level 1:colcon.colcon_core.package_identification:_identify(/home/allen/rm_ws/src/livox_laser_simulation_RO2) by extensions ['ignore', 'ignore_ament_install']
[3.112s] Level 1:colcon.colcon_core.package_identification:_identify(/home/allen/rm_ws/src/livox_laser_simulation_RO2) by extension 'ignore'
[3.112s] Level 1:colcon.colcon_core.package_identification:_identify(/home/allen/rm_ws/src/livox_laser_simulation_RO2) by extension 'ignore_ament_install'
[3.112s] Level 1:colcon.colcon_core.package_identification:_identify(/home/allen/rm_ws/src/livox_laser_simulation_RO2) by extensions ['colcon_pkg']
[3.112s] Level 1:colcon.colcon_core.package_identification:_identify(/home/allen/rm_ws/src/livox_laser_simulation_RO2) by extension 'colcon_pkg'
[3.112s] Level 1:colcon.colcon_core.package_identification:_identify(/home/allen/rm_ws/src/livox_laser_simulation_RO2) by extensions ['colcon_meta']
[3.112s] Level 1:colcon.colcon_core.package_identification:_identify(/home/allen/rm_ws/src/livox_laser_simulation_RO2) by extension 'colcon_meta'
[3.127s] Level 1:colcon.colcon_core.package_identification:_identify(/home/allen/rm_ws/src/livox_laser_simulation_RO2) by extensions ['ros']
[3.127s] Level 1:colcon.colcon_core.package_identification:_identify(/home/allen/rm_ws/src/livox_laser_simulation_RO2) by extension 'ros'
[3.165s] DEBUG:colcon.colcon_core.package_identification:Package '/home/allen/rm_ws/src/livox_laser_simulation_RO2' with type 'ros.ament_cmake' and name 'ros2_livox_simulation'
[3.165s] Level 1:colcon.colcon_core.package_identification:_identify(/home/allen/rm_ws/src/livox_ros_driver2) by extensions ['ignore', 'ignore_ament_install']
[3.165s] Level 1:colcon.colcon_core.package_identification:_identify(/home/allen/rm_ws/src/livox_ros_driver2) by extension 'ignore'
[3.166s] Level 1:colcon.colcon_core.package_identification:_identify(/home/allen/rm_ws/src/livox_ros_driver2) by extension 'ignore_ament_install'
[3.166s] Level 1:colcon.colcon_core.package_identification:_identify(/home/allen/rm_ws/src/livox_ros_driver2) by extensions ['colcon_pkg']
[3.166s] Level 1:colcon.colcon_core.package_identification:_identify(/home/allen/rm_ws/src/livox_ros_driver2) by extension 'colcon_pkg'
[3.166s] Level 1:colcon.colcon_core.package_identification:_identify(/home/allen/rm_ws/src/livox_ros_driver2) by extensions ['colcon_meta']
[3.166s] Level 1:colcon.colcon_core.package_identification:_identify(/home/allen/rm_ws/src/livox_ros_driver2) by extension 'colcon_meta'
[3.166s] Level 1:colcon.colcon_core.package_identification:_identify(/home/allen/rm_ws/src/livox_ros_driver2) by extensions ['ros']
[3.166s] Level 1:colcon.colcon_core.package_identification:_identify(/home/allen/rm_ws/src/livox_ros_driver2) by extension 'ros'
[3.166s] Level 1:colcon.colcon_core.package_identification:_identify(/home/allen/rm_ws/src/livox_ros_driver2) by extensions ['cmake', 'python']
[3.166s] Level 1:colcon.colcon_core.package_identification:_identify(/home/allen/rm_ws/src/livox_ros_driver2) by extension 'cmake'
[3.166s] Level 1:colcon.colcon_core.package_identification:_identify(/home/allen/rm_ws/src/livox_ros_driver2) by extension 'python'
[3.166s] Level 1:colcon.colcon_core.package_identification:_identify(/home/allen/rm_ws/src/livox_ros_driver2) by extensions ['python_setup_py']
[3.166s] Level 1:colcon.colcon_core.package_identification:_identify(/home/allen/rm_ws/src/livox_ros_driver2) by extension 'python_setup_py'
[3.183s] Level 1:colcon.colcon_core.package_identification:_identify(/home/allen/rm_ws/src/livox_ros_driver2/src) by extensions ['ignore', 'ignore_ament_install']
[3.183s] Level 1:colcon.colcon_core.package_identification:_identify(/home/allen/rm_ws/src/livox_ros_driver2/src) by extension 'ignore'
[3.183s] Level 1:colcon.colcon_core.package_identification:_identify(/home/allen/rm_ws/src/livox_ros_driver2/src) by extension 'ignore_ament_install'
[3.183s] Level 1:colcon.colcon_core.package_identification:_identify(/home/allen/rm_ws/src/livox_ros_driver2/src) by extensions ['colcon_pkg']
[3.183s] Level 1:colcon.colcon_core.package_identification:_identify(/home/allen/rm_ws/src/livox_ros_driver2/src) by extension 'colcon_pkg'
[3.183s] Level 1:colcon.colcon_core.package_identification:_identify(/home/allen/rm_ws/src/livox_ros_driver2/src) by extensions ['colcon_meta']
[3.183s] Level 1:colcon.colcon_core.package_identification:_identify(/home/allen/rm_ws/src/livox_ros_driver2/src) by extension 'colcon_meta'
[3.183s] Level 1:colcon.colcon_core.package_identification:_identify(/home/allen/rm_ws/src/livox_ros_driver2/src) by extensions ['ros']
[3.183s] Level 1:colcon.colcon_core.package_identification:_identify(/home/allen/rm_ws/src/livox_ros_driver2/src) by extension 'ros'
[3.203s] DEBUG:colcon.colcon_core.package_identification:Package '/home/allen/rm_ws/src/livox_ros_driver2/src' with type 'ros.ament_cmake' and name 'livox_ros_driver2'
[3.203s] Level 1:colcon.colcon_core.package_identification:_identify(/home/allen/rm_ws/src/rm_localization) by extensions ['ignore', 'ignore_ament_install']
[3.204s] Level 1:colcon.colcon_core.package_identification:_identify(/home/allen/rm_ws/src/rm_localization) by extension 'ignore'
[3.208s] Level 1:colcon.colcon_core.package_identification:_identify(/home/allen/rm_ws/src/rm_localization) by extension 'ignore_ament_install'
[3.213s] Level 1:colcon.colcon_core.package_identification:_identify(/home/allen/rm_ws/src/rm_localization) by extensions ['colcon_pkg']
[3.213s] Level 1:colcon.colcon_core.package_identification:_identify(/home/allen/rm_ws/src/rm_localization) by extension 'colcon_pkg'
[3.213s] Level 1:colcon.colcon_core.package_identification:_identify(/home/allen/rm_ws/src/rm_localization) by extensions ['colcon_meta']
[3.213s] Level 1:colcon.colcon_core.package_identification:_identify(/home/allen/rm_ws/src/rm_localization) by extension 'colcon_meta'
[3.213s] Level 1:colcon.colcon_core.package_identification:_identify(/home/allen/rm_ws/src/rm_localization) by extensions ['ros']
[3.214s] Level 1:colcon.colcon_core.package_identification:_identify(/home/allen/rm_ws/src/rm_localization) by extension 'ros'
[3.214s] Level 1:colcon.colcon_core.package_identification:_identify(/home/allen/rm_ws/src/rm_localization) by extensions ['cmake', 'python']
[3.214s] Level 1:colcon.colcon_core.package_identification:_identify(/home/allen/rm_ws/src/rm_localization) by extension 'cmake'
[3.214s] Level 1:colcon.colcon_core.package_identification:_identify(/home/allen/rm_ws/src/rm_localization) by extension 'python'
[3.214s] Level 1:colcon.colcon_core.package_identification:_identify(/home/allen/rm_ws/src/rm_localization) by extensions ['python_setup_py']
[3.214s] Level 1:colcon.colcon_core.package_identification:_identify(/home/allen/rm_ws/src/rm_localization) by extension 'python_setup_py'
[3.214s] Level 1:colcon.colcon_core.package_identification:_identify(/home/allen/rm_ws/src/rm_localization/FAST_LIO) by extensions ['ignore', 'ignore_ament_install']
[3.214s] Level 1:colcon.colcon_core.package_identification:_identify(/home/allen/rm_ws/src/rm_localization/FAST_LIO) by extension 'ignore'
[3.214s] Level 1:colcon.colcon_core.package_identification:_identify(/home/allen/rm_ws/src/rm_localization/FAST_LIO) by extension 'ignore_ament_install'
[3.214s] Level 1:colcon.colcon_core.package_identification:_identify(/home/allen/rm_ws/src/rm_localization/FAST_LIO) by extensions ['colcon_pkg']
[3.214s] Level 1:colcon.colcon_core.package_identification:_identify(/home/allen/rm_ws/src/rm_localization/FAST_LIO) by extension 'colcon_pkg'
[3.228s] Level 1:colcon.colcon_core.package_identification:_identify(/home/allen/rm_ws/src/rm_localization/FAST_LIO) by extensions ['colcon_meta']
[3.228s] Level 1:colcon.colcon_core.package_identification:_identify(/home/allen/rm_ws/src/rm_localization/FAST_LIO) by extension 'colcon_meta'
[3.228s] Level 1:colcon.colcon_core.package_identification:_identify(/home/allen/rm_ws/src/rm_localization/FAST_LIO) by extensions ['ros']
[3.228s] Level 1:colcon.colcon_core.package_identification:_identify(/home/allen/rm_ws/src/rm_localization/FAST_LIO) by extension 'ros'
[3.237s] DEBUG:colcon.colcon_core.package_identification:Package '/home/allen/rm_ws/src/rm_localization/FAST_LIO' with type 'ros.ament_cmake' and name 'fast_lio'
[3.238s] Level 1:colcon.colcon_core.package_identification:_identify(/home/allen/rm_ws/src/rm_localization/icp_registration) by extensions ['ignore', 'ignore_ament_install']
[3.238s] Level 1:colcon.colcon_core.package_identification:_identify(/home/allen/rm_ws/src/rm_localization/icp_registration) by extension 'ignore'
[3.238s] Level 1:colcon.colcon_core.package_identification:_identify(/home/allen/rm_ws/src/rm_localization/icp_registration) by extension 'ignore_ament_install'
[3.238s] Level 1:colcon.colcon_core.package_identification:_identify(/home/allen/rm_ws/src/rm_localization/icp_registration) by extensions ['colcon_pkg']
[3.238s] Level 1:colcon.colcon_core.package_identification:_identify(/home/allen/rm_ws/src/rm_localization/icp_registration) by extension 'colcon_pkg'
[3.238s] Level 1:colcon.colcon_core.package_identification:_identify(/home/allen/rm_ws/src/rm_localization/icp_registration) by extensions ['colcon_meta']
[3.238s] Level 1:colcon.colcon_core.package_identification:_identify(/home/allen/rm_ws/src/rm_localization/icp_registration) by extension 'colcon_meta'
[3.238s] Level 1:colcon.colcon_core.package_identification:_identify(/home/allen/rm_ws/src/rm_localization/icp_registration) by extensions ['ros']
[3.247s] Level 1:colcon.colcon_core.package_identification:_identify(/home/allen/rm_ws/src/rm_localization/icp_registration) by extension 'ros'
[3.248s] DEBUG:colcon.colcon_core.package_identification:Package '/home/allen/rm_ws/src/rm_localization/icp_registration' with type 'ros.ament_cmake' and name 'icp_registration'
[3.258s] Level 1:colcon.colcon_core.package_identification:_identify(/home/allen/rm_ws/src/rm_localization/point_lio) by extensions ['ignore', 'ignore_ament_install']
[3.258s] Level 1:colcon.colcon_core.package_identification:_identify(/home/allen/rm_ws/src/rm_localization/point_lio) by extension 'ignore'
[3.258s] Level 1:colcon.colcon_core.package_identification:_identify(/home/allen/rm_ws/src/rm_localization/point_lio) by extension 'ignore_ament_install'
[3.258s] Level 1:colcon.colcon_core.package_identification:_identify(/home/allen/rm_ws/src/rm_localization/point_lio) by extensions ['colcon_pkg']
[3.258s] Level 1:colcon.colcon_core.package_identification:_identify(/home/allen/rm_ws/src/rm_localization/point_lio) by extension 'colcon_pkg'
[3.259s] Level 1:colcon.colcon_core.package_identification:_identify(/home/allen/rm_ws/src/rm_localization/point_lio) by extensions ['colcon_meta']
[3.259s] Level 1:colcon.colcon_core.package_identification:_identify(/home/allen/rm_ws/src/rm_localization/point_lio) by extension 'colcon_meta'
[3.259s] Level 1:colcon.colcon_core.package_identification:_identify(/home/allen/rm_ws/src/rm_localization/point_lio) by extensions ['ros']
[3.259s] Level 1:colcon.colcon_core.package_identification:_identify(/home/allen/rm_ws/src/rm_localization/point_lio) by extension 'ros'
[3.268s] DEBUG:colcon.colcon_core.package_identification:Package '/home/allen/rm_ws/src/rm_localization/point_lio' with type 'ros.ament_cmake' and name 'point_lio'
[3.269s] Level 1:colcon.colcon_core.package_identification:_identify(/home/allen/rm_ws/src/rm_nav_bringup) by extensions ['ignore', 'ignore_ament_install']
[3.269s] Level 1:colcon.colcon_core.package_identification:_identify(/home/allen/rm_ws/src/rm_nav_bringup) by extension 'ignore'
[3.269s] Level 1:colcon.colcon_core.package_identification:_identify(/home/allen/rm_ws/src/rm_nav_bringup) by extension 'ignore_ament_install'
[3.273s] Level 1:colcon.colcon_core.package_identification:_identify(/home/allen/rm_ws/src/rm_nav_bringup) by extensions ['colcon_pkg']
[3.274s] Level 1:colcon.colcon_core.package_identification:_identify(/home/allen/rm_ws/src/rm_nav_bringup) by extension 'colcon_pkg'
[3.274s] Level 1:colcon.colcon_core.package_identification:_identify(/home/allen/rm_ws/src/rm_nav_bringup) by extensions ['colcon_meta']
[3.274s] Level 1:colcon.colcon_core.package_identification:_identify(/home/allen/rm_ws/src/rm_nav_bringup) by extension 'colcon_meta'
[3.274s] Level 1:colcon.colcon_core.package_identification:_identify(/home/allen/rm_ws/src/rm_nav_bringup) by extensions ['ros']
[3.274s] Level 1:colcon.colcon_core.package_identification:_identify(/home/allen/rm_ws/src/rm_nav_bringup) by extension 'ros'
[3.283s] DEBUG:colcon.colcon_core.package_identification:Package '/home/allen/rm_ws/src/rm_nav_bringup' with type 'ros.ament_cmake' and name 'rm_nav_bringup'
[3.283s] Level 1:colcon.colcon_core.package_identification:_identify(/home/allen/rm_ws/src/rm_navigation) by extensions ['ignore', 'ignore_ament_install']
[3.283s] Level 1:colcon.colcon_core.package_identification:_identify(/home/allen/rm_ws/src/rm_navigation) by extension 'ignore'
[3.283s] Level 1:colcon.colcon_core.package_identification:_identify(/home/allen/rm_ws/src/rm_navigation) by extension 'ignore_ament_install'
[3.283s] Level 1:colcon.colcon_core.package_identification:_identify(/home/allen/rm_ws/src/rm_navigation) by extensions ['colcon_pkg']
[3.283s] Level 1:colcon.colcon_core.package_identification:_identify(/home/allen/rm_ws/src/rm_navigation) by extension 'colcon_pkg'
[3.283s] Level 1:colcon.colcon_core.package_identification:_identify(/home/allen/rm_ws/src/rm_navigation) by extensions ['colcon_meta']
[3.294s] Level 1:colcon.colcon_core.package_identification:_identify(/home/allen/rm_ws/src/rm_navigation) by extension 'colcon_meta'
[3.294s] Level 1:colcon.colcon_core.package_identification:_identify(/home/allen/rm_ws/src/rm_navigation) by extensions ['ros']
[3.294s] Level 1:colcon.colcon_core.package_identification:_identify(/home/allen/rm_ws/src/rm_navigation) by extension 'ros'
[3.294s] Level 1:colcon.colcon_core.package_identification:_identify(/home/allen/rm_ws/src/rm_navigation) by extensions ['cmake', 'python']
[3.294s] Level 1:colcon.colcon_core.package_identification:_identify(/home/allen/rm_ws/src/rm_navigation) by extension 'cmake'
[3.294s] Level 1:colcon.colcon_core.package_identification:_identify(/home/allen/rm_ws/src/rm_navigation) by extension 'python'
[3.294s] Level 1:colcon.colcon_core.package_identification:_identify(/home/allen/rm_ws/src/rm_navigation) by extensions ['python_setup_py']
[3.294s] Level 1:colcon.colcon_core.package_identification:_identify(/home/allen/rm_ws/src/rm_navigation) by extension 'python_setup_py'
[3.295s] Level 1:colcon.colcon_core.package_identification:_identify(/home/allen/rm_ws/src/rm_navigation/costmap_converter) by extensions ['ignore', 'ignore_ament_install']
[3.295s] Level 1:colcon.colcon_core.package_identification:_identify(/home/allen/rm_ws/src/rm_navigation/costmap_converter) by extension 'ignore'
[3.295s] Level 1:colcon.colcon_core.package_identification:_identify(/home/allen/rm_ws/src/rm_navigation/costmap_converter) by extension 'ignore_ament_install'
[3.295s] Level 1:colcon.colcon_core.package_identification:_identify(/home/allen/rm_ws/src/rm_navigation/costmap_converter) by extensions ['colcon_pkg']
[3.295s] Level 1:colcon.colcon_core.package_identification:_identify(/home/allen/rm_ws/src/rm_navigation/costmap_converter) by extension 'colcon_pkg'
[3.295s] Level 1:colcon.colcon_core.package_identification:_identify(/home/allen/rm_ws/src/rm_navigation/costmap_converter) by extensions ['colcon_meta']
[3.295s] Level 1:colcon.colcon_core.package_identification:_identify(/home/allen/rm_ws/src/rm_navigation/costmap_converter) by extension 'colcon_meta'
[3.295s] Level 1:colcon.colcon_core.package_identification:_identify(/home/allen/rm_ws/src/rm_navigation/costmap_converter) by extensions ['ros']
[3.295s] Level 1:colcon.colcon_core.package_identification:_identify(/home/allen/rm_ws/src/rm_navigation/costmap_converter) by extension 'ros'
[3.296s] Level 1:colcon.colcon_core.package_identification:_identify(/home/allen/rm_ws/src/rm_navigation/costmap_converter) by extensions ['cmake', 'python']
[3.296s] Level 1:colcon.colcon_core.package_identification:_identify(/home/allen/rm_ws/src/rm_navigation/costmap_converter) by extension 'cmake'
[3.309s] Level 1:colcon.colcon_core.package_identification:_identify(/home/allen/rm_ws/src/rm_navigation/costmap_converter) by extension 'python'
[3.309s] Level 1:colcon.colcon_core.package_identification:_identify(/home/allen/rm_ws/src/rm_navigation/costmap_converter) by extensions ['python_setup_py']
[3.309s] Level 1:colcon.colcon_core.package_identification:_identify(/home/allen/rm_ws/src/rm_navigation/costmap_converter) by extension 'python_setup_py'
[3.309s] Level 1:colcon.colcon_core.package_identification:_identify(/home/allen/rm_ws/src/rm_navigation/costmap_converter/costmap_converter) by extensions ['ignore', 'ignore_ament_install']
[3.312s] Level 1:colcon.colcon_core.package_identification:_identify(/home/allen/rm_ws/src/rm_navigation/costmap_converter/costmap_converter) by extension 'ignore'
[3.312s] Level 1:colcon.colcon_core.package_identification:_identify(/home/allen/rm_ws/src/rm_navigation/costmap_converter/costmap_converter) by extension 'ignore_ament_install'
[3.312s] Level 1:colcon.colcon_core.package_identification:_identify(/home/allen/rm_ws/src/rm_navigation/costmap_converter/costmap_converter) by extensions ['colcon_pkg']
[3.312s] Level 1:colcon.colcon_core.package_identification:_identify(/home/allen/rm_ws/src/rm_navigation/costmap_converter/costmap_converter) by extension 'colcon_pkg'
[3.312s] Level 1:colcon.colcon_core.package_identification:_identify(/home/allen/rm_ws/src/rm_navigation/costmap_converter/costmap_converter) by extensions ['colcon_meta']
[3.312s] Level 1:colcon.colcon_core.package_identification:_identify(/home/allen/rm_ws/src/rm_navigation/costmap_converter/costmap_converter) by extension 'colcon_meta'
[3.312s] Level 1:colcon.colcon_core.package_identification:_identify(/home/allen/rm_ws/src/rm_navigation/costmap_converter/costmap_converter) by extensions ['ros']
[3.312s] Level 1:colcon.colcon_core.package_identification:_identify(/home/allen/rm_ws/src/rm_navigation/costmap_converter/costmap_converter) by extension 'ros'
[3.328s] DEBUG:colcon.colcon_core.package_identification:Package '/home/allen/rm_ws/src/rm_navigation/costmap_converter/costmap_converter' with type 'ros.ament_cmake' and name 'costmap_converter'
[3.329s] Level 1:colcon.colcon_core.package_identification:_identify(/home/allen/rm_ws/src/rm_navigation/costmap_converter/costmap_converter_msgs) by extensions ['ignore', 'ignore_ament_install']
[3.334s] Level 1:colcon.colcon_core.package_identification:_identify(/home/allen/rm_ws/src/rm_navigation/costmap_converter/costmap_converter_msgs) by extension 'ignore'
[3.334s] Level 1:colcon.colcon_core.package_identification:_identify(/home/allen/rm_ws/src/rm_navigation/costmap_converter/costmap_converter_msgs) by extension 'ignore_ament_install'
[3.334s] Level 1:colcon.colcon_core.package_identification:_identify(/home/allen/rm_ws/src/rm_navigation/costmap_converter/costmap_converter_msgs) by extensions ['colcon_pkg']
[3.334s] Level 1:colcon.colcon_core.package_identification:_identify(/home/allen/rm_ws/src/rm_navigation/costmap_converter/costmap_converter_msgs) by extension 'colcon_pkg'
[3.334s] Level 1:colcon.colcon_core.package_identification:_identify(/home/allen/rm_ws/src/rm_navigation/costmap_converter/costmap_converter_msgs) by extensions ['colcon_meta']
[3.334s] Level 1:colcon.colcon_core.package_identification:_identify(/home/allen/rm_ws/src/rm_navigation/costmap_converter/costmap_converter_msgs) by extension 'colcon_meta'
[3.335s] Level 1:colcon.colcon_core.package_identification:_identify(/home/allen/rm_ws/src/rm_navigation/costmap_converter/costmap_converter_msgs) by extensions ['ros']
[3.335s] Level 1:colcon.colcon_core.package_identification:_identify(/home/allen/rm_ws/src/rm_navigation/costmap_converter/costmap_converter_msgs) by extension 'ros'
[3.337s] DEBUG:colcon.colcon_core.package_identification:Package '/home/allen/rm_ws/src/rm_navigation/costmap_converter/costmap_converter_msgs' with type 'ros.ament_cmake' and name 'costmap_converter_msgs'
[3.338s] Level 1:colcon.colcon_core.package_identification:_identify(/home/allen/rm_ws/src/rm_navigation/fake_vel_transform) by extensions ['ignore', 'ignore_ament_install']
[3.338s] Level 1:colcon.colcon_core.package_identification:_identify(/home/allen/rm_ws/src/rm_navigation/fake_vel_transform) by extension 'ignore'
[3.338s] Level 1:colcon.colcon_core.package_identification:_identify(/home/allen/rm_ws/src/rm_navigation/fake_vel_transform) by extension 'ignore_ament_install'
[3.338s] Level 1:colcon.colcon_core.package_identification:_identify(/home/allen/rm_ws/src/rm_navigation/fake_vel_transform) by extensions ['colcon_pkg']
[3.338s] Level 1:colcon.colcon_core.package_identification:_identify(/home/allen/rm_ws/src/rm_navigation/fake_vel_transform) by extension 'colcon_pkg'
[3.338s] Level 1:colcon.colcon_core.package_identification:_identify(/home/allen/rm_ws/src/rm_navigation/fake_vel_transform) by extensions ['colcon_meta']
[3.338s] Level 1:colcon.colcon_core.package_identification:_identify(/home/allen/rm_ws/src/rm_navigation/fake_vel_transform) by extension 'colcon_meta'
[3.339s] Level 1:colcon.colcon_core.package_identification:_identify(/home/allen/rm_ws/src/rm_navigation/fake_vel_transform) by extensions ['ros']
[3.339s] Level 1:colcon.colcon_core.package_identification:_identify(/home/allen/rm_ws/src/rm_navigation/fake_vel_transform) by extension 'ros'
[3.344s] DEBUG:colcon.colcon_core.package_identification:Package '/home/allen/rm_ws/src/rm_navigation/fake_vel_transform' with type 'ros.ament_cmake' and name 'fake_vel_transform'
[3.344s] Level 1:colcon.colcon_core.package_identification:_identify(/home/allen/rm_ws/src/rm_navigation/rm_navigation) by extensions ['ignore', 'ignore_ament_install']
[3.344s] Level 1:colcon.colcon_core.package_identification:_identify(/home/allen/rm_ws/src/rm_navigation/rm_navigation) by extension 'ignore'
[3.344s] Level 1:colcon.colcon_core.package_identification:_identify(/home/allen/rm_ws/src/rm_navigation/rm_navigation) by extension 'ignore_ament_install'
[3.344s] Level 1:colcon.colcon_core.package_identification:_identify(/home/allen/rm_ws/src/rm_navigation/rm_navigation) by extensions ['colcon_pkg']
[3.344s] Level 1:colcon.colcon_core.package_identification:_identify(/home/allen/rm_ws/src/rm_navigation/rm_navigation) by extension 'colcon_pkg'
[3.344s] Level 1:colcon.colcon_core.package_identification:_identify(/home/allen/rm_ws/src/rm_navigation/rm_navigation) by extensions ['colcon_meta']
[3.345s] Level 1:colcon.colcon_core.package_identification:_identify(/home/allen/rm_ws/src/rm_navigation/rm_navigation) by extension 'colcon_meta'
[3.345s] Level 1:colcon.colcon_core.package_identification:_identify(/home/allen/rm_ws/src/rm_navigation/rm_navigation) by extensions ['ros']
[3.345s] Level 1:colcon.colcon_core.package_identification:_identify(/home/allen/rm_ws/src/rm_navigation/rm_navigation) by extension 'ros'
[3.345s] DEBUG:colcon.colcon_core.package_identification:Package '/home/allen/rm_ws/src/rm_navigation/rm_navigation' with type 'ros.ament_cmake' and name 'rm_navigation'
[3.345s] Level 1:colcon.colcon_core.package_identification:_identify(/home/allen/rm_ws/src/rm_navigation/teb_local_planner) by extensions ['ignore', 'ignore_ament_install']
[3.350s] Level 1:colcon.colcon_core.package_identification:_identify(/home/allen/rm_ws/src/rm_navigation/teb_local_planner) by extension 'ignore'
[3.352s] Level 1:colcon.colcon_core.package_identification:_identify(/home/allen/rm_ws/src/rm_navigation/teb_local_planner) by extension 'ignore_ament_install'
[3.352s] Level 1:colcon.colcon_core.package_identification:_identify(/home/allen/rm_ws/src/rm_navigation/teb_local_planner) by extensions ['colcon_pkg']
[3.352s] Level 1:colcon.colcon_core.package_identification:_identify(/home/allen/rm_ws/src/rm_navigation/teb_local_planner) by extension 'colcon_pkg'
[3.352s] Level 1:colcon.colcon_core.package_identification:_identify(/home/allen/rm_ws/src/rm_navigation/teb_local_planner) by extensions ['colcon_meta']
[3.352s] Level 1:colcon.colcon_core.package_identification:_identify(/home/allen/rm_ws/src/rm_navigation/teb_local_planner) by extension 'colcon_meta'
[3.352s] Level 1:colcon.colcon_core.package_identification:_identify(/home/allen/rm_ws/src/rm_navigation/teb_local_planner) by extensions ['ros']
[3.352s] Level 1:colcon.colcon_core.package_identification:_identify(/home/allen/rm_ws/src/rm_navigation/teb_local_planner) by extension 'ros'
[3.352s] Level 1:colcon.colcon_core.package_identification:_identify(/home/allen/rm_ws/src/rm_navigation/teb_local_planner) by extensions ['cmake', 'python']
[3.353s] Level 1:colcon.colcon_core.package_identification:_identify(/home/allen/rm_ws/src/rm_navigation/teb_local_planner) by extension 'cmake'
[3.353s] Level 1:colcon.colcon_core.package_identification:_identify(/home/allen/rm_ws/src/rm_navigation/teb_local_planner) by extension 'python'
[3.353s] Level 1:colcon.colcon_core.package_identification:_identify(/home/allen/rm_ws/src/rm_navigation/teb_local_planner) by extensions ['python_setup_py']
[3.353s] Level 1:colcon.colcon_core.package_identification:_identify(/home/allen/rm_ws/src/rm_navigation/teb_local_planner) by extension 'python_setup_py'
[3.353s] Level 1:colcon.colcon_core.package_identification:_identify(/home/allen/rm_ws/src/rm_navigation/teb_local_planner/teb_local_planner) by extensions ['ignore', 'ignore_ament_install']
[3.353s] Level 1:colcon.colcon_core.package_identification:_identify(/home/allen/rm_ws/src/rm_navigation/teb_local_planner/teb_local_planner) by extension 'ignore'
[3.353s] Level 1:colcon.colcon_core.package_identification:_identify(/home/allen/rm_ws/src/rm_navigation/teb_local_planner/teb_local_planner) by extension 'ignore_ament_install'
[3.353s] Level 1:colcon.colcon_core.package_identification:_identify(/home/allen/rm_ws/src/rm_navigation/teb_local_planner/teb_local_planner) by extensions ['colcon_pkg']
[3.353s] Level 1:colcon.colcon_core.package_identification:_identify(/home/allen/rm_ws/src/rm_navigation/teb_local_planner/teb_local_planner) by extension 'colcon_pkg'
[3.353s] Level 1:colcon.colcon_core.package_identification:_identify(/home/allen/rm_ws/src/rm_navigation/teb_local_planner/teb_local_planner) by extensions ['colcon_meta']
[3.353s] Level 1:colcon.colcon_core.package_identification:_identify(/home/allen/rm_ws/src/rm_navigation/teb_local_planner/teb_local_planner) by extension 'colcon_meta'
[3.353s] Level 1:colcon.colcon_core.package_identification:_identify(/home/allen/rm_ws/src/rm_navigation/teb_local_planner/teb_local_planner) by extensions ['ros']
[3.359s] Level 1:colcon.colcon_core.package_identification:_identify(/home/allen/rm_ws/src/rm_navigation/teb_local_planner/teb_local_planner) by extension 'ros'
[3.366s] DEBUG:colcon.colcon_core.package_identification:Package '/home/allen/rm_ws/src/rm_navigation/teb_local_planner/teb_local_planner' with type 'ros.ament_cmake' and name 'teb_local_planner'
[3.367s] Level 1:colcon.colcon_core.package_identification:_identify(/home/allen/rm_ws/src/rm_navigation/teb_local_planner/teb_msgs) by extensions ['ignore', 'ignore_ament_install']
[3.367s] Level 1:colcon.colcon_core.package_identification:_identify(/home/allen/rm_ws/src/rm_navigation/teb_local_planner/teb_msgs) by extension 'ignore'
[3.367s] Level 1:colcon.colcon_core.package_identification:_identify(/home/allen/rm_ws/src/rm_navigation/teb_local_planner/teb_msgs) by extension 'ignore_ament_install'
[3.367s] Level 1:colcon.colcon_core.package_identification:_identify(/home/allen/rm_ws/src/rm_navigation/teb_local_planner/teb_msgs) by extensions ['colcon_pkg']
[3.367s] Level 1:colcon.colcon_core.package_identification:_identify(/home/allen/rm_ws/src/rm_navigation/teb_local_planner/teb_msgs) by extension 'colcon_pkg'
[3.367s] Level 1:colcon.colcon_core.package_identification:_identify(/home/allen/rm_ws/src/rm_navigation/teb_local_planner/teb_msgs) by extensions ['colcon_meta']
[3.367s] Level 1:colcon.colcon_core.package_identification:_identify(/home/allen/rm_ws/src/rm_navigation/teb_local_planner/teb_msgs) by extension 'colcon_meta'
[3.376s] Level 1:colcon.colcon_core.package_identification:_identify(/home/allen/rm_ws/src/rm_navigation/teb_local_planner/teb_msgs) by extensions ['ros']
[3.376s] Level 1:colcon.colcon_core.package_identification:_identify(/home/allen/rm_ws/src/rm_navigation/teb_local_planner/teb_msgs) by extension 'ros'
[3.379s] DEBUG:colcon.colcon_core.package_identification:Package '/home/allen/rm_ws/src/rm_navigation/teb_local_planner/teb_msgs' with type 'ros.ament_cmake' and name 'teb_msgs'
[3.379s] Level 1:colcon.colcon_core.package_identification:_identify(/home/allen/rm_ws/src/rm_perception) by extensions ['ignore', 'ignore_ament_install']
[3.379s] Level 1:colcon.colcon_core.package_identification:_identify(/home/allen/rm_ws/src/rm_perception) by extension 'ignore'
[3.382s] Level 1:colcon.colcon_core.package_identification:_identify(/home/allen/rm_ws/src/rm_perception) by extension 'ignore_ament_install'
[3.382s] Level 1:colcon.colcon_core.package_identification:_identify(/home/allen/rm_ws/src/rm_perception) by extensions ['colcon_pkg']
[3.382s] Level 1:colcon.colcon_core.package_identification:_identify(/home/allen/rm_ws/src/rm_perception) by extension 'colcon_pkg'
[3.382s] Level 1:colcon.colcon_core.package_identification:_identify(/home/allen/rm_ws/src/rm_perception) by extensions ['colcon_meta']
[3.382s] Level 1:colcon.colcon_core.package_identification:_identify(/home/allen/rm_ws/src/rm_perception) by extension 'colcon_meta'
[3.382s] Level 1:colcon.colcon_core.package_identification:_identify(/home/allen/rm_ws/src/rm_perception) by extensions ['ros']
[3.382s] Level 1:colcon.colcon_core.package_identification:_identify(/home/allen/rm_ws/src/rm_perception) by extension 'ros'
[3.382s] Level 1:colcon.colcon_core.package_identification:_identify(/home/allen/rm_ws/src/rm_perception) by extensions ['cmake', 'python']
[3.382s] Level 1:colcon.colcon_core.package_identification:_identify(/home/allen/rm_ws/src/rm_perception) by extension 'cmake'
[3.382s] Level 1:colcon.colcon_core.package_identification:_identify(/home/allen/rm_ws/src/rm_perception) by extension 'python'
[3.382s] Level 1:colcon.colcon_core.package_identification:_identify(/home/allen/rm_ws/src/rm_perception) by extensions ['python_setup_py']
[3.382s] Level 1:colcon.colcon_core.package_identification:_identify(/home/allen/rm_ws/src/rm_perception) by extension 'python_setup_py'
[3.384s] Level 1:colcon.colcon_core.package_identification:_identify(/home/allen/rm_ws/src/rm_perception/imu_complementary_filter) by extensions ['ignore', 'ignore_ament_install']
[3.385s] Level 1:colcon.colcon_core.package_identification:_identify(/home/allen/rm_ws/src/rm_perception/imu_complementary_filter) by extension 'ignore'
[3.385s] Level 1:colcon.colcon_core.package_identification:_identify(/home/allen/rm_ws/src/rm_perception/imu_complementary_filter) by extension 'ignore_ament_install'
[3.386s] Level 1:colcon.colcon_core.package_identification:_identify(/home/allen/rm_ws/src/rm_perception/imu_complementary_filter) by extensions ['colcon_pkg']
[3.386s] Level 1:colcon.colcon_core.package_identification:_identify(/home/allen/rm_ws/src/rm_perception/imu_complementary_filter) by extension 'colcon_pkg'
[3.386s] Level 1:colcon.colcon_core.package_identification:_identify(/home/allen/rm_ws/src/rm_perception/imu_complementary_filter) by extensions ['colcon_meta']
[3.386s] Level 1:colcon.colcon_core.package_identification:_identify(/home/allen/rm_ws/src/rm_perception/imu_complementary_filter) by extension 'colcon_meta'
[3.386s] Level 1:colcon.colcon_core.package_identification:_identify(/home/allen/rm_ws/src/rm_perception/imu_complementary_filter) by extensions ['ros']
[3.386s] Level 1:colcon.colcon_core.package_identification:_identify(/home/allen/rm_ws/src/rm_perception/imu_complementary_filter) by extension 'ros'
[3.388s] DEBUG:colcon.colcon_core.package_identification:Package '/home/allen/rm_ws/src/rm_perception/imu_complementary_filter' with type 'ros.ament_cmake' and name 'imu_complementary_filter'
[3.389s] Level 1:colcon.colcon_core.package_identification:_identify(/home/allen/rm_ws/src/rm_perception/linefit_ground_segementation_ros2) by extensions ['ignore', 'ignore_ament_install']
[3.389s] Level 1:colcon.colcon_core.package_identification:_identify(/home/allen/rm_ws/src/rm_perception/linefit_ground_segementation_ros2) by extension 'ignore'
[3.391s] Level 1:colcon.colcon_core.package_identification:_identify(/home/allen/rm_ws/src/rm_perception/linefit_ground_segementation_ros2) by extension 'ignore_ament_install'
[3.391s] Level 1:colcon.colcon_core.package_identification:_identify(/home/allen/rm_ws/src/rm_perception/linefit_ground_segementation_ros2) by extensions ['colcon_pkg']
[3.391s] Level 1:colcon.colcon_core.package_identification:_identify(/home/allen/rm_ws/src/rm_perception/linefit_ground_segementation_ros2) by extension 'colcon_pkg'
[3.391s] Level 1:colcon.colcon_core.package_identification:_identify(/home/allen/rm_ws/src/rm_perception/linefit_ground_segementation_ros2) by extensions ['colcon_meta']
[3.391s] Level 1:colcon.colcon_core.package_identification:_identify(/home/allen/rm_ws/src/rm_perception/linefit_ground_segementation_ros2) by extension 'colcon_meta'
[3.391s] Level 1:colcon.colcon_core.package_identification:_identify(/home/allen/rm_ws/src/rm_perception/linefit_ground_segementation_ros2) by extensions ['ros']
[3.391s] Level 1:colcon.colcon_core.package_identification:_identify(/home/allen/rm_ws/src/rm_perception/linefit_ground_segementation_ros2) by extension 'ros'
[3.391s] Level 1:colcon.colcon_core.package_identification:_identify(/home/allen/rm_ws/src/rm_perception/linefit_ground_segementation_ros2) by extensions ['cmake', 'python']
[3.392s] Level 1:colcon.colcon_core.package_identification:_identify(/home/allen/rm_ws/src/rm_perception/linefit_ground_segementation_ros2) by extension 'cmake'
[3.392s] Level 1:colcon.colcon_core.package_identification:_identify(/home/allen/rm_ws/src/rm_perception/linefit_ground_segementation_ros2) by extension 'python'
[3.392s] Level 1:colcon.colcon_core.package_identification:_identify(/home/allen/rm_ws/src/rm_perception/linefit_ground_segementation_ros2) by extensions ['python_setup_py']
[3.392s] Level 1:colcon.colcon_core.package_identification:_identify(/home/allen/rm_ws/src/rm_perception/linefit_ground_segementation_ros2) by extension 'python_setup_py'
[3.392s] Level 1:colcon.colcon_core.package_identification:_identify(/home/allen/rm_ws/src/rm_perception/linefit_ground_segementation_ros2/doc) by extensions ['ignore', 'ignore_ament_install']
[3.392s] Level 1:colcon.colcon_core.package_identification:_identify(/home/allen/rm_ws/src/rm_perception/linefit_ground_segementation_ros2/doc) by extension 'ignore'
[3.392s] Level 1:colcon.colcon_core.package_identification:_identify(/home/allen/rm_ws/src/rm_perception/linefit_ground_segementation_ros2/doc) by extension 'ignore_ament_install'
[3.392s] Level 1:colcon.colcon_core.package_identification:_identify(/home/allen/rm_ws/src/rm_perception/linefit_ground_segementation_ros2/doc) by extensions ['colcon_pkg']
[3.392s] Level 1:colcon.colcon_core.package_identification:_identify(/home/allen/rm_ws/src/rm_perception/linefit_ground_segementation_ros2/doc) by extension 'colcon_pkg'
[3.392s] Level 1:colcon.colcon_core.package_identification:_identify(/home/allen/rm_ws/src/rm_perception/linefit_ground_segementation_ros2/doc) by extensions ['colcon_meta']
[3.393s] Level 1:colcon.colcon_core.package_identification:_identify(/home/allen/rm_ws/src/rm_perception/linefit_ground_segementation_ros2/doc) by extension 'colcon_meta'
[3.393s] Level 1:colcon.colcon_core.package_identification:_identify(/home/allen/rm_ws/src/rm_perception/linefit_ground_segementation_ros2/doc) by extensions ['ros']
[3.397s] Level 1:colcon.colcon_core.package_identification:_identify(/home/allen/rm_ws/src/rm_perception/linefit_ground_segementation_ros2/doc) by extension 'ros'
[3.397s] Level 1:colcon.colcon_core.package_identification:_identify(/home/allen/rm_ws/src/rm_perception/linefit_ground_segementation_ros2/doc) by extensions ['cmake', 'python']
[3.397s] Level 1:colcon.colcon_core.package_identification:_identify(/home/allen/rm_ws/src/rm_perception/linefit_ground_segementation_ros2/doc) by extension 'cmake'
[3.398s] Level 1:colcon.colcon_core.package_identification:_identify(/home/allen/rm_ws/src/rm_perception/linefit_ground_segementation_ros2/doc) by extension 'python'
[3.398s] Level 1:colcon.colcon_core.package_identification:_identify(/home/allen/rm_ws/src/rm_perception/linefit_ground_segementation_ros2/doc) by extensions ['python_setup_py']
[3.398s] Level 1:colcon.colcon_core.package_identification:_identify(/home/allen/rm_ws/src/rm_perception/linefit_ground_segementation_ros2/doc) by extension 'python_setup_py'
[3.398s] Level 1:colcon.colcon_core.package_identification:_identify(/home/allen/rm_ws/src/rm_perception/linefit_ground_segementation_ros2/linefit_ground_segmentation) by extensions ['ignore', 'ignore_ament_install']
[3.398s] Level 1:colcon.colcon_core.package_identification:_identify(/home/allen/rm_ws/src/rm_perception/linefit_ground_segementation_ros2/linefit_ground_segmentation) by extension 'ignore'
[3.398s] Level 1:colcon.colcon_core.package_identification:_identify(/home/allen/rm_ws/src/rm_perception/linefit_ground_segementation_ros2/linefit_ground_segmentation) by extension 'ignore_ament_install'
[3.398s] Level 1:colcon.colcon_core.package_identification:_identify(/home/allen/rm_ws/src/rm_perception/linefit_ground_segementation_ros2/linefit_ground_segmentation) by extensions ['colcon_pkg']
[3.398s] Level 1:colcon.colcon_core.package_identification:_identify(/home/allen/rm_ws/src/rm_perception/linefit_ground_segementation_ros2/linefit_ground_segmentation) by extension 'colcon_pkg'
[3.398s] Level 1:colcon.colcon_core.package_identification:_identify(/home/allen/rm_ws/src/rm_perception/linefit_ground_segementation_ros2/linefit_ground_segmentation) by extensions ['colcon_meta']
[3.398s] Level 1:colcon.colcon_core.package_identification:_identify(/home/allen/rm_ws/src/rm_perception/linefit_ground_segementation_ros2/linefit_ground_segmentation) by extension 'colcon_meta'
[3.398s] Level 1:colcon.colcon_core.package_identification:_identify(/home/allen/rm_ws/src/rm_perception/linefit_ground_segementation_ros2/linefit_ground_segmentation) by extensions ['ros']
[3.399s] Level 1:colcon.colcon_core.package_identification:_identify(/home/allen/rm_ws/src/rm_perception/linefit_ground_segementation_ros2/linefit_ground_segmentation) by extension 'ros'
[3.417s] DEBUG:colcon.colcon_core.package_identification:Package '/home/allen/rm_ws/src/rm_perception/linefit_ground_segementation_ros2/linefit_ground_segmentation' with type 'ros.ament_cmake' and name 'linefit_ground_segmentation'
[3.417s] Level 1:colcon.colcon_core.package_identification:_identify(/home/allen/rm_ws/src/rm_perception/linefit_ground_segementation_ros2/linefit_ground_segmentation_ros) by extensions ['ignore', 'ignore_ament_install']
[3.417s] Level 1:colcon.colcon_core.package_identification:_identify(/home/allen/rm_ws/src/rm_perception/linefit_ground_segementation_ros2/linefit_ground_segmentation_ros) by extension 'ignore'
[3.417s] Level 1:colcon.colcon_core.package_identification:_identify(/home/allen/rm_ws/src/rm_perception/linefit_ground_segementation_ros2/linefit_ground_segmentation_ros) by extension 'ignore_ament_install'
[3.418s] Level 1:colcon.colcon_core.package_identification:_identify(/home/allen/rm_ws/src/rm_perception/linefit_ground_segementation_ros2/linefit_ground_segmentation_ros) by extensions ['colcon_pkg']
[3.418s] Level 1:colcon.colcon_core.package_identification:_identify(/home/allen/rm_ws/src/rm_perception/linefit_ground_segementation_ros2/linefit_ground_segmentation_ros) by extension 'colcon_pkg'
[3.418s] Level 1:colcon.colcon_core.package_identification:_identify(/home/allen/rm_ws/src/rm_perception/linefit_ground_segementation_ros2/linefit_ground_segmentation_ros) by extensions ['colcon_meta']
[3.418s] Level 1:colcon.colcon_core.package_identification:_identify(/home/allen/rm_ws/src/rm_perception/linefit_ground_segementation_ros2/linefit_ground_segmentation_ros) by extension 'colcon_meta'
[3.418s] Level 1:colcon.colcon_core.package_identification:_identify(/home/allen/rm_ws/src/rm_perception/linefit_ground_segementation_ros2/linefit_ground_segmentation_ros) by extensions ['ros']
[3.418s] Level 1:colcon.colcon_core.package_identification:_identify(/home/allen/rm_ws/src/rm_perception/linefit_ground_segementation_ros2/linefit_ground_segmentation_ros) by extension 'ros'
[3.430s] DEBUG:colcon.colcon_core.package_identification:Package '/home/allen/rm_ws/src/rm_perception/linefit_ground_segementation_ros2/linefit_ground_segmentation_ros' with type 'ros.ament_cmake' and name 'linefit_ground_segmentation_ros'
[3.434s] Level 1:colcon.colcon_core.package_identification:_identify(/home/allen/rm_ws/src/rm_perception/pointcloud_to_laserscan) by extensions ['ignore', 'ignore_ament_install']
[3.434s] Level 1:colcon.colcon_core.package_identification:_identify(/home/allen/rm_ws/src/rm_perception/pointcloud_to_laserscan) by extension 'ignore'
[3.434s] Level 1:colcon.colcon_core.package_identification:_identify(/home/allen/rm_ws/src/rm_perception/pointcloud_to_laserscan) by extension 'ignore_ament_install'
[3.434s] Level 1:colcon.colcon_core.package_identification:_identify(/home/allen/rm_ws/src/rm_perception/pointcloud_to_laserscan) by extensions ['colcon_pkg']
[3.434s] Level 1:colcon.colcon_core.package_identification:_identify(/home/allen/rm_ws/src/rm_perception/pointcloud_to_laserscan) by extension 'colcon_pkg'
[3.434s] Level 1:colcon.colcon_core.package_identification:_identify(/home/allen/rm_ws/src/rm_perception/pointcloud_to_laserscan) by extensions ['colcon_meta']
[3.434s] Level 1:colcon.colcon_core.package_identification:_identify(/home/allen/rm_ws/src/rm_perception/pointcloud_to_laserscan) by extension 'colcon_meta'
[3.434s] Level 1:colcon.colcon_core.package_identification:_identify(/home/allen/rm_ws/src/rm_perception/pointcloud_to_laserscan) by extensions ['ros']
[3.434s] Level 1:colcon.colcon_core.package_identification:_identify(/home/allen/rm_ws/src/rm_perception/pointcloud_to_laserscan) by extension 'ros'
[3.447s] DEBUG:colcon.colcon_core.package_identification:Package '/home/allen/rm_ws/src/rm_perception/pointcloud_to_laserscan' with type 'ros.ament_cmake' and name 'pointcloud_to_laserscan'
[3.447s] Level 1:colcon.colcon_core.package_identification:_identify(/home/allen/rm_ws/src/rmbot2) by extensions ['ignore', 'ignore_ament_install']
[3.456s] Level 1:colcon.colcon_core.package_identification:_identify(/home/allen/rm_ws/src/rmbot2) by extension 'ignore'
[3.456s] Level 1:colcon.colcon_core.package_identification:_identify(/home/allen/rm_ws/src/rmbot2) by extension 'ignore_ament_install'
[3.456s] Level 1:colcon.colcon_core.package_identification:_identify(/home/allen/rm_ws/src/rmbot2) by extensions ['colcon_pkg']
[3.456s] Level 1:colcon.colcon_core.package_identification:_identify(/home/allen/rm_ws/src/rmbot2) by extension 'colcon_pkg'
[3.459s] Level 1:colcon.colcon_core.package_identification:_identify(/home/allen/rm_ws/src/rmbot2) by extensions ['colcon_meta']
[3.459s] Level 1:colcon.colcon_core.package_identification:_identify(/home/allen/rm_ws/src/rmbot2) by extension 'colcon_meta'
[3.459s] Level 1:colcon.colcon_core.package_identification:_identify(/home/allen/rm_ws/src/rmbot2) by extensions ['ros']
[3.459s] Level 1:colcon.colcon_core.package_identification:_identify(/home/allen/rm_ws/src/rmbot2) by extension 'ros'
[3.468s] DEBUG:colcon.colcon_core.package_identification:Package '/home/allen/rm_ws/src/rmbot2' with type 'ros.ament_cmake' and name 'rmbot2'
[3.468s] Level 1:colcon.colcon_core.package_discovery:discover_packages(recursive) using defaults
