[0.026s] Invoking command in '/home/allen/rm_ws/build/rm_nav_bringup': CMAKE_PREFIX_PATH=/opt/ros/humble /usr/bin/cmake /home/allen/rm_ws/src/rm_nav_bringup -DAMENT_CMAKE_SYMLINK_INSTALL=1 -DCMAKE_INSTALL_PREFIX=/home/allen/rm_ws/install/rm_nav_bringup
[0.139s] -- The C compiler identification is GNU 11.4.0
[0.261s] -- The CXX compiler identification is GNU 11.4.0
[0.274s] -- Detecting C compiler ABI info
[0.444s] -- Detecting C compiler ABI info - done
[0.455s] -- Check for working C compiler: /usr/bin/cc - skipped
[0.455s] -- Detecting C compile features
[0.455s] -- Detecting C compile features - done
[0.463s] -- Detecting CXX compiler ABI info
[0.650s] -- Detecting CXX compiler ABI info - done
[0.663s] -- Check for working CXX compiler: /usr/bin/c++ - skipped
[0.663s] -- Detecting CXX compile features
[0.663s] -- Detecting CXX compile features - done
[0.669s] -- Found ament_cmake_auto: 1.3.11 (/opt/ros/humble/share/ament_cmake_auto/cmake)
[0.963s] -- Found Python3: /usr/bin/python3 (found version "3.10.12") found components: Interpreter 
[1.018s] -- Override CMake install command with custom implementation using symlinks instead of copying resources
[1.048s] -- Found ament_lint_auto: 0.12.11 (/opt/ros/humble/share/ament_lint_auto/cmake)
[1.174s] -- Configuring done
[1.178s] -- Generating done
[1.182s] -- Build files have been written to: /home/allen/rm_ws/build/rm_nav_bringup
[1.194s] Invoked command in '/home/allen/rm_ws/build/rm_nav_bringup' returned '0': CMAKE_PREFIX_PATH=/opt/ros/humble /usr/bin/cmake /home/allen/rm_ws/src/rm_nav_bringup -DAMENT_CMAKE_SYMLINK_INSTALL=1 -DCMAKE_INSTALL_PREFIX=/home/allen/rm_ws/install/rm_nav_bringup
[1.197s] Invoking command in '/home/allen/rm_ws/build/rm_nav_bringup': CMAKE_PREFIX_PATH=/opt/ros/humble /usr/bin/cmake --build /home/allen/rm_ws/build/rm_nav_bringup -- -j2 -l2
[1.294s] Invoked command in '/home/allen/rm_ws/build/rm_nav_bringup' returned '0': CMAKE_PREFIX_PATH=/opt/ros/humble /usr/bin/cmake --build /home/allen/rm_ws/build/rm_nav_bringup -- -j2 -l2
[1.296s] Invoking command in '/home/allen/rm_ws/build/rm_nav_bringup': CMAKE_PREFIX_PATH=/opt/ros/humble /usr/bin/cmake --install /home/allen/rm_ws/build/rm_nav_bringup
[1.316s] -- Install configuration: ""
[1.318s] -- Execute custom install script
[1.318s] -- Symlinking: /home/allen/rm_ws/install/rm_nav_bringup/share/rm_nav_bringup/launch/bringup_real.launch.py
[1.346s] -- Symlinking: /home/allen/rm_ws/install/rm_nav_bringup/share/rm_nav_bringup/launch/bringup_sim.launch.py
[1.370s] -- Symlinking: /home/allen/rm_ws/install/rm_nav_bringup/share/rm_nav_bringup/config/reality/MID360_config.json
[1.397s] -- Symlinking: /home/allen/rm_ws/install/rm_nav_bringup/share/rm_nav_bringup/config/reality/fastlio_mid360_real.yaml
[1.420s] -- Symlinking: /home/allen/rm_ws/install/rm_nav_bringup/share/rm_nav_bringup/config/reality/icp_registration_real.yaml
[1.445s] -- Symlinking: /home/allen/rm_ws/install/rm_nav_bringup/share/rm_nav_bringup/config/reality/mapper_params_localization_real.yaml
[1.468s] -- Symlinking: /home/allen/rm_ws/install/rm_nav_bringup/share/rm_nav_bringup/config/reality/mapper_params_online_async_real.yaml
[1.492s] -- Symlinking: /home/allen/rm_ws/install/rm_nav_bringup/share/rm_nav_bringup/config/reality/measurement_params_real.yaml
[1.514s] -- Symlinking: /home/allen/rm_ws/install/rm_nav_bringup/share/rm_nav_bringup/config/reality/nav2_params_real.yaml
[1.538s] -- Symlinking: /home/allen/rm_ws/install/rm_nav_bringup/share/rm_nav_bringup/config/reality/pointlio_mid360_real.yaml
[1.560s] -- Symlinking: /home/allen/rm_ws/install/rm_nav_bringup/share/rm_nav_bringup/config/reality/segmentation_real.yaml
[1.584s] -- Symlinking: /home/allen/rm_ws/install/rm_nav_bringup/share/rm_nav_bringup/config/simulation/fastlio_mid360_sim.yaml
[1.606s] -- Symlinking: /home/allen/rm_ws/install/rm_nav_bringup/share/rm_nav_bringup/config/simulation/icp_registration_sim.yaml
[1.625s] -- Symlinking: /home/allen/rm_ws/install/rm_nav_bringup/share/rm_nav_bringup/config/simulation/mapper_params_localization_sim.yaml
[1.636s] -- Symlinking: /home/allen/rm_ws/install/rm_nav_bringup/share/rm_nav_bringup/config/simulation/mapper_params_online_async_sim.yaml
[1.659s] -- Symlinking: /home/allen/rm_ws/install/rm_nav_bringup/share/rm_nav_bringup/config/simulation/measurement_params_sim.yaml
[1.680s] -- Symlinking: /home/allen/rm_ws/install/rm_nav_bringup/share/rm_nav_bringup/config/simulation/nav2_params_sim.yaml
[1.703s] -- Symlinking: /home/allen/rm_ws/install/rm_nav_bringup/share/rm_nav_bringup/config/simulation/pointlio_mid360_sim.yaml
[1.727s] -- Symlinking: /home/allen/rm_ws/install/rm_nav_bringup/share/rm_nav_bringup/config/simulation/segmentation_sim.yaml
[1.736s] -- Symlinking: /home/allen/rm_ws/install/rm_nav_bringup/share/rm_nav_bringup/map/RMUC.data
[1.764s] -- Symlinking: /home/allen/rm_ws/install/rm_nav_bringup/share/rm_nav_bringup/map/RMUC.pgm
[1.787s] -- Symlinking: /home/allen/rm_ws/install/rm_nav_bringup/share/rm_nav_bringup/map/RMUC.posegraph
[1.813s] -- Symlinking: /home/allen/rm_ws/install/rm_nav_bringup/share/rm_nav_bringup/map/RMUC.yaml
[1.839s] -- Symlinking: /home/allen/rm_ws/install/rm_nav_bringup/share/rm_nav_bringup/map/RMUL.data
[1.859s] -- Symlinking: /home/allen/rm_ws/install/rm_nav_bringup/share/rm_nav_bringup/map/RMUL.pgm
[1.884s] -- Symlinking: /home/allen/rm_ws/install/rm_nav_bringup/share/rm_nav_bringup/map/RMUL.posegraph
[1.909s] -- Symlinking: /home/allen/rm_ws/install/rm_nav_bringup/share/rm_nav_bringup/map/RMUL.yaml
[1.929s] -- Symlinking: /home/allen/rm_ws/install/rm_nav_bringup/share/rm_nav_bringup/PCD/RMUC.pcd
[1.954s] -- Symlinking: /home/allen/rm_ws/install/rm_nav_bringup/share/rm_nav_bringup/PCD/RMUL.pcd
[1.992s] -- Symlinking: /home/allen/rm_ws/install/rm_nav_bringup/share/rm_nav_bringup/rviz/fastlio.rviz
[2.016s] -- Symlinking: /home/allen/rm_ws/install/rm_nav_bringup/share/rm_nav_bringup/rviz/pointlio.rviz
[2.041s] -- Symlinking: /home/allen/rm_ws/install/rm_nav_bringup/share/rm_nav_bringup/urdf/sentry_robot_real.xacro
[2.064s] -- Symlinking: /home/allen/rm_ws/install/rm_nav_bringup/share/rm_nav_bringup/urdf/sentry_robot_sim.xacro
[2.088s] -- Symlinking: /home/allen/rm_ws/install/rm_nav_bringup/share/ament_index/resource_index/package_run_dependencies/rm_nav_bringup
[2.112s] -- Symlinking: /home/allen/rm_ws/install/rm_nav_bringup/share/ament_index/resource_index/parent_prefix_path/rm_nav_bringup
[2.141s] -- Symlinking: /home/allen/rm_ws/install/rm_nav_bringup/share/rm_nav_bringup/environment/ament_prefix_path.sh
[2.165s] -- Symlinking: /home/allen/rm_ws/install/rm_nav_bringup/share/rm_nav_bringup/environment/ament_prefix_path.dsv
[2.191s] -- Symlinking: /home/allen/rm_ws/install/rm_nav_bringup/share/rm_nav_bringup/environment/path.sh
[2.215s] -- Symlinking: /home/allen/rm_ws/install/rm_nav_bringup/share/rm_nav_bringup/environment/path.dsv
[2.239s] -- Symlinking: /home/allen/rm_ws/install/rm_nav_bringup/share/rm_nav_bringup/local_setup.bash
[2.265s] -- Symlinking: /home/allen/rm_ws/install/rm_nav_bringup/share/rm_nav_bringup/local_setup.sh
[2.290s] -- Symlinking: /home/allen/rm_ws/install/rm_nav_bringup/share/rm_nav_bringup/local_setup.zsh
[2.312s] -- Symlinking: /home/allen/rm_ws/install/rm_nav_bringup/share/rm_nav_bringup/local_setup.dsv
[2.335s] -- Symlinking: /home/allen/rm_ws/install/rm_nav_bringup/share/rm_nav_bringup/package.dsv
[2.361s] -- Symlinking: /home/allen/rm_ws/install/rm_nav_bringup/share/ament_index/resource_index/packages/rm_nav_bringup
[2.388s] -- Symlinking: /home/allen/rm_ws/install/rm_nav_bringup/share/rm_nav_bringup/cmake/rm_nav_bringupConfig.cmake
[2.413s] -- Symlinking: /home/allen/rm_ws/install/rm_nav_bringup/share/rm_nav_bringup/cmake/rm_nav_bringupConfig-version.cmake
[2.437s] -- Symlinking: /home/allen/rm_ws/install/rm_nav_bringup/share/rm_nav_bringup/package.xml
[2.467s] Invoked command in '/home/allen/rm_ws/build/rm_nav_bringup' returned '0': CMAKE_PREFIX_PATH=/opt/ros/humble /usr/bin/cmake --install /home/allen/rm_ws/build/rm_nav_bringup
