[0.015s] Invoking command in '/home/allen/rm_ws/build/rm_navigation': CMAKE_PREFIX_PATH=/opt/ros/humble /usr/bin/cmake /home/allen/rm_ws/src/rm_navigation/rm_navigation -DAMENT_CMAKE_SYMLINK_INSTALL=1 -DCMAKE_INSTALL_PREFIX=/home/allen/rm_ws/install/rm_navigation
[0.142s] -- The C compiler identification is GNU 11.4.0
[0.259s] -- The CXX compiler identification is GNU 11.4.0
[0.272s] -- Detecting C compiler ABI info
[0.439s] -- Detecting C compiler ABI info - done
[0.450s] -- Check for working C compiler: /usr/bin/cc - skipped
[0.454s] -- Detecting C compile features
[0.456s] -- Detecting C compile features - done
[0.459s] -- Detecting CXX compiler ABI info
[0.649s] -- Detecting CXX compiler ABI info - done
[0.660s] -- Check for working CXX compiler: /usr/bin/c++ - skipped
[0.665s] -- Detecting CXX compile features
[0.665s] -- Detecting CXX compile features - done
[0.668s] -- Found ament_cmake_auto: 1.3.11 (/opt/ros/humble/share/ament_cmake_auto/cmake)
[0.939s] -- Found Python3: /usr/bin/python3 (found version "3.10.12") found components: Interpreter 
[1.058s] -- Override CMake install command with custom implementation using symlinks instead of copying resources
[1.104s] -- Found ament_lint_auto: 0.12.11 (/opt/ros/humble/share/ament_lint_auto/cmake)
[1.192s] -- Added test 'flake8' to check Python code syntax and style conventions
[1.195s] -- Added test 'lint_cmake' to check CMake code style
[1.195s] -- Added test 'pep257' to check Python code against some of the docstring style conventions in PEP 257
[1.198s] -- Added test 'xmllint' to check XML markup files
[1.203s] -- Configuring done
[1.211s] -- Generating done
[1.213s] -- Build files have been written to: /home/allen/rm_ws/build/rm_navigation
[1.222s] Invoked command in '/home/allen/rm_ws/build/rm_navigation' returned '0': CMAKE_PREFIX_PATH=/opt/ros/humble /usr/bin/cmake /home/allen/rm_ws/src/rm_navigation/rm_navigation -DAMENT_CMAKE_SYMLINK_INSTALL=1 -DCMAKE_INSTALL_PREFIX=/home/allen/rm_ws/install/rm_navigation
[1.225s] Invoking command in '/home/allen/rm_ws/build/rm_navigation': CMAKE_PREFIX_PATH=/opt/ros/humble /usr/bin/cmake --build /home/allen/rm_ws/build/rm_navigation -- -j2 -l2
[1.329s] Invoked command in '/home/allen/rm_ws/build/rm_navigation' returned '0': CMAKE_PREFIX_PATH=/opt/ros/humble /usr/bin/cmake --build /home/allen/rm_ws/build/rm_navigation -- -j2 -l2
[1.333s] Invoking command in '/home/allen/rm_ws/build/rm_navigation': CMAKE_PREFIX_PATH=/opt/ros/humble /usr/bin/cmake --install /home/allen/rm_ws/build/rm_navigation
[1.355s] -- Install configuration: ""
[1.355s] -- Execute custom install script
[1.357s] -- Symlinking: /home/allen/rm_ws/install/rm_navigation/share/rm_navigation/params/mapper_params_online_async.yaml
[1.382s] -- Symlinking: /home/allen/rm_ws/install/rm_navigation/share/rm_navigation/params/nav2_params.yaml
[1.407s] -- Symlinking: /home/allen/rm_ws/install/rm_navigation/share/rm_navigation/rviz/nav2.rviz
[1.431s] -- Symlinking: /home/allen/rm_ws/install/rm_navigation/share/rm_navigation/launch/bringup_rm_navigation.py
[1.456s] -- Symlinking: /home/allen/rm_ws/install/rm_navigation/share/rm_navigation/launch/localization_amcl_launch.py
[1.480s] -- Symlinking: /home/allen/rm_ws/install/rm_navigation/share/rm_navigation/launch/map_server_launch.py
[1.501s] -- Symlinking: /home/allen/rm_ws/install/rm_navigation/share/rm_navigation/launch/navigation_launch.py
[1.525s] -- Symlinking: /home/allen/rm_ws/install/rm_navigation/share/rm_navigation/launch/rviz_launch.py
[1.549s] -- Symlinking: /home/allen/rm_ws/install/rm_navigation/share/ament_index/resource_index/package_run_dependencies/rm_navigation
[1.578s] -- Symlinking: /home/allen/rm_ws/install/rm_navigation/share/ament_index/resource_index/parent_prefix_path/rm_navigation
[1.598s] -- Symlinking: /home/allen/rm_ws/install/rm_navigation/share/rm_navigation/environment/ament_prefix_path.sh
[1.621s] -- Symlinking: /home/allen/rm_ws/install/rm_navigation/share/rm_navigation/environment/ament_prefix_path.dsv
[1.648s] -- Symlinking: /home/allen/rm_ws/install/rm_navigation/share/rm_navigation/environment/path.sh
[1.671s] -- Symlinking: /home/allen/rm_ws/install/rm_navigation/share/rm_navigation/environment/path.dsv
[1.694s] -- Symlinking: /home/allen/rm_ws/install/rm_navigation/share/rm_navigation/local_setup.bash
[1.713s] -- Symlinking: /home/allen/rm_ws/install/rm_navigation/share/rm_navigation/local_setup.sh
[1.725s] -- Symlinking: /home/allen/rm_ws/install/rm_navigation/share/rm_navigation/local_setup.zsh
[1.737s] -- Symlinking: /home/allen/rm_ws/install/rm_navigation/share/rm_navigation/local_setup.dsv
[1.747s] -- Symlinking: /home/allen/rm_ws/install/rm_navigation/share/rm_navigation/package.dsv
[1.759s] -- Symlinking: /home/allen/rm_ws/install/rm_navigation/share/ament_index/resource_index/packages/rm_navigation
[1.772s] -- Symlinking: /home/allen/rm_ws/install/rm_navigation/share/rm_navigation/cmake/rm_navigationConfig.cmake
[1.785s] -- Symlinking: /home/allen/rm_ws/install/rm_navigation/share/rm_navigation/cmake/rm_navigationConfig-version.cmake
[1.796s] -- Symlinking: /home/allen/rm_ws/install/rm_navigation/share/rm_navigation/package.xml
[1.811s] Invoked command in '/home/allen/rm_ws/build/rm_navigation' returned '0': CMAKE_PREFIX_PATH=/opt/ros/humble /usr/bin/cmake --install /home/allen/rm_ws/build/rm_navigation
