[0.029s] Invoking command in '/home/allen/rm_ws/build/fake_vel_transform': CMAKE_PREFIX_PATH=/opt/ros/humble /usr/bin/cmake /home/allen/rm_ws/src/rm_navigation/fake_vel_transform -DAMENT_CMAKE_SYMLINK_INSTALL=1 -DCMAKE_INSTALL_PREFIX=/home/allen/rm_ws/install/fake_vel_transform
[0.151s] -- The C compiler identification is GNU 11.4.0
[0.260s] -- The CXX compiler identification is GNU 11.4.0
[0.275s] -- Detecting C compiler ABI info
[0.439s] -- Detecting C compiler ABI info - done
[0.446s] -- Check for working C compiler: /usr/bin/cc - skipped
[0.447s] -- Detecting C compile features
[0.447s] -- Detecting C compile features - done
[0.452s] -- Detecting CXX compiler ABI info
[0.651s] -- Detecting CXX compiler ABI info - done
[0.658s] -- Check for working CXX compiler: /usr/bin/c++ - skipped
[0.659s] -- Detecting CXX compile features
[0.660s] -- Detecting CXX compile features - done
[0.666s] -- Found ament_cmake_auto: 1.3.11 (/opt/ros/humble/share/ament_cmake_auto/cmake)
[0.892s] -- Found Python3: /usr/bin/python3 (found version "3.10.12") found components: Interpreter 
[1.009s] -- Override CMake install command with custom implementation using symlinks instead of copying resources
[1.310s] -- Found rosidl_generator_c: 3.1.6 (/opt/ros/humble/share/rosidl_generator_c/cmake)
[1.318s] -- Found rosidl_adapter: 3.1.6 (/opt/ros/humble/share/rosidl_adapter/cmake)
[1.334s] -- Found rosidl_generator_cpp: 3.1.6 (/opt/ros/humble/share/rosidl_generator_cpp/cmake)
[1.352s] -- Using all available rosidl_typesupport_c: rosidl_typesupport_fastrtps_c;rosidl_typesupport_introspection_c
[1.377s] -- Using all available rosidl_typesupport_cpp: rosidl_typesupport_fastrtps_cpp;rosidl_typesupport_introspection_cpp
[1.441s] -- Found rmw_implementation_cmake: 6.1.2 (/opt/ros/humble/share/rmw_implementation_cmake/cmake)
[1.446s] -- Found rmw_cyclonedds_cpp: 1.3.4 (/opt/ros/humble/share/rmw_cyclonedds_cpp/cmake)
[1.477s] -- Using RMW implementation 'rmw_cyclonedds_cpp' as default
[1.491s] -- Looking for pthread.h
[1.676s] -- Looking for pthread.h - found
[1.677s] -- Performing Test CMAKE_HAVE_LIBC_PTHREAD
[1.850s] -- Performing Test CMAKE_HAVE_LIBC_PTHREAD - Success
[1.852s] -- Found Threads: TRUE  
[2.177s] -- Found eigen3_cmake_module: 0.1.1 (/opt/ros/humble/share/eigen3_cmake_module/cmake)
[2.181s] -- Found Eigen3: TRUE (found version "3.4.0") 
[2.181s] -- Ensuring Eigen3 include directory is part of orocos-kdl CMake target
[2.188s] -- Found ament_lint_auto: 0.12.11 (/opt/ros/humble/share/ament_lint_auto/cmake)
[2.240s] -- Added test 'cppcheck' to perform static code analysis on C / C++ code
[2.240s] -- Configured cppcheck include dirs: /home/allen/rm_ws/src/rm_navigation/fake_vel_transform/include
[2.240s] -- Configured cppcheck exclude dirs and/or files: 
[2.243s] -- Added test 'cpplint' to check C / C++ code against the Google style
[2.244s] -- Configured cpplint exclude dirs and/or files: 
[2.246s] -- Added test 'flake8' to check Python code syntax and style conventions
[2.247s] -- Added test 'lint_cmake' to check CMake code style
[2.248s] -- Added test 'pep257' to check Python code against some of the docstring style conventions in PEP 257
[2.249s] -- Added test 'xmllint' to check XML markup files
[2.254s] -- Added test 'clang_format' to check C / C++ code style
[2.264s] -- Configuring done
[2.303s] -- Generating done
[2.310s] -- Build files have been written to: /home/allen/rm_ws/build/fake_vel_transform
[2.333s] Invoked command in '/home/allen/rm_ws/build/fake_vel_transform' returned '0': CMAKE_PREFIX_PATH=/opt/ros/humble /usr/bin/cmake /home/allen/rm_ws/src/rm_navigation/fake_vel_transform -DAMENT_CMAKE_SYMLINK_INSTALL=1 -DCMAKE_INSTALL_PREFIX=/home/allen/rm_ws/install/fake_vel_transform
[2.337s] Invoking command in '/home/allen/rm_ws/build/fake_vel_transform': CMAKE_PREFIX_PATH=/opt/ros/humble /usr/bin/cmake --build /home/allen/rm_ws/build/fake_vel_transform -- -j2 -l2
[2.480s] [ 25%] [32mBuilding CXX object CMakeFiles/fake_vel_transform.dir/src/fake_vel_transform.cpp.o[0m
[2.516s] [ 50%] [32mBuilding CXX object CMakeFiles/fake_vel_transform_node.dir/rclcpp_components/node_main_fake_vel_transform_node.cpp.o[0m
[11.912s] [ 75%] [32m[1mLinking CXX executable fake_vel_transform_node[0m
[12.619s] [ 75%] Built target fake_vel_transform_node
[24.337s] [100%] [32m[1mLinking CXX shared library libfake_vel_transform.so[0m
[26.007s] [100%] Built target fake_vel_transform
[26.072s] Invoked command in '/home/allen/rm_ws/build/fake_vel_transform' returned '0': CMAKE_PREFIX_PATH=/opt/ros/humble /usr/bin/cmake --build /home/allen/rm_ws/build/fake_vel_transform -- -j2 -l2
[26.073s] Invoking command in '/home/allen/rm_ws/build/fake_vel_transform': CMAKE_PREFIX_PATH=/opt/ros/humble /usr/bin/cmake --install /home/allen/rm_ws/build/fake_vel_transform
[26.115s] -- Install configuration: ""
[26.115s] -- Execute custom install script
[26.116s] -- Symlinking: /home/allen/rm_ws/install/fake_vel_transform/lib/fake_vel_transform/fake_vel_transform_node
[26.168s] -- Symlinking: /home/allen/rm_ws/install/fake_vel_transform/include/fake_vel_transform/fake_vel_transform.hpp
[26.205s] -- Symlinking: /home/allen/rm_ws/install/fake_vel_transform/share/fake_vel_transform/environment/library_path.sh
[26.225s] -- Symlinking: /home/allen/rm_ws/install/fake_vel_transform/share/fake_vel_transform/environment/library_path.dsv
[26.249s] -- Symlinking: /home/allen/rm_ws/install/fake_vel_transform/lib/libfake_vel_transform.so
[26.295s] -- Symlinking: /home/allen/rm_ws/install/fake_vel_transform/share/fake_vel_transform/launch/fake_vel_transform.launch.py
[26.347s] -- Symlinking: /home/allen/rm_ws/install/fake_vel_transform/share/ament_index/resource_index/package_run_dependencies/fake_vel_transform
[26.387s] -- Symlinking: /home/allen/rm_ws/install/fake_vel_transform/share/ament_index/resource_index/parent_prefix_path/fake_vel_transform
[26.407s] -- Symlinking: /home/allen/rm_ws/install/fake_vel_transform/share/fake_vel_transform/environment/ament_prefix_path.sh
[26.432s] -- Symlinking: /home/allen/rm_ws/install/fake_vel_transform/share/fake_vel_transform/environment/ament_prefix_path.dsv
[26.456s] -- Symlinking: /home/allen/rm_ws/install/fake_vel_transform/share/fake_vel_transform/environment/path.sh
[26.480s] -- Symlinking: /home/allen/rm_ws/install/fake_vel_transform/share/fake_vel_transform/environment/path.dsv
[26.509s] -- Symlinking: /home/allen/rm_ws/install/fake_vel_transform/share/fake_vel_transform/local_setup.bash
[26.550s] -- Symlinking: /home/allen/rm_ws/install/fake_vel_transform/share/fake_vel_transform/local_setup.sh
[26.606s] -- Symlinking: /home/allen/rm_ws/install/fake_vel_transform/share/fake_vel_transform/local_setup.zsh
[26.654s] -- Symlinking: /home/allen/rm_ws/install/fake_vel_transform/share/fake_vel_transform/local_setup.dsv
[26.713s] -- Symlinking: /home/allen/rm_ws/install/fake_vel_transform/share/fake_vel_transform/package.dsv
[26.767s] -- Symlinking: /home/allen/rm_ws/install/fake_vel_transform/share/ament_index/resource_index/packages/fake_vel_transform
[26.818s] -- Symlinking: /home/allen/rm_ws/install/fake_vel_transform/share/ament_index/resource_index/rclcpp_components/fake_vel_transform
[26.874s] -- Symlinking: /home/allen/rm_ws/install/fake_vel_transform/share/fake_vel_transform/cmake/ament_cmake_export_dependencies-extras.cmake
[26.921s] -- Symlinking: /home/allen/rm_ws/install/fake_vel_transform/share/fake_vel_transform/cmake/ament_cmake_export_include_directories-extras.cmake
[26.977s] -- Symlinking: /home/allen/rm_ws/install/fake_vel_transform/share/fake_vel_transform/cmake/ament_cmake_export_libraries-extras.cmake
[27.023s] -- Symlinking: /home/allen/rm_ws/install/fake_vel_transform/share/fake_vel_transform/cmake/fake_vel_transformConfig.cmake
[27.076s] -- Symlinking: /home/allen/rm_ws/install/fake_vel_transform/share/fake_vel_transform/cmake/fake_vel_transformConfig-version.cmake
[27.123s] -- Symlinking: /home/allen/rm_ws/install/fake_vel_transform/share/fake_vel_transform/package.xml
[27.177s] Invoked command in '/home/allen/rm_ws/build/fake_vel_transform' returned '0': CMAKE_PREFIX_PATH=/opt/ros/humble /usr/bin/cmake --install /home/allen/rm_ws/build/fake_vel_transform
