[0.051s] Invoking command in '/home/allen/rm_ws/build/teb_local_planner': CMAKE_PREFIX_PATH=/home/allen/rm_ws/install/teb_msgs:/home/allen/rm_ws/install/costmap_converter:/home/allen/rm_ws/install/costmap_converter_msgs:/home/allen/rm_ws/install/teb_local_planner:/home/allen/rm_ws/install/rmoss_gz_plugins:/home/allen/rm_ws/install/rmbot2:/home/allen/rm_ws/install/rm_navigation:/home/allen/rm_ws/install/rm_nav_bringup:/home/allen/rm_ws/install/fake_vel_transform:/opt/ros/humble LD_LIBRARY_PATH=/home/allen/rm_ws/install/teb_msgs/lib:/home/allen/rm_ws/install/costmap_converter/lib:/home/allen/rm_ws/install/costmap_converter_msgs/lib:/home/allen/rm_ws/install/teb_local_planner/lib:/home/allen/rm_ws/install/fake_vel_transform/lib:/usr/lib/x86_64-linux-gnu/gazebo-11/plugins:/opt/ros/humble/opt/rviz_ogre_vendor/lib:/opt/ros/humble/lib/x86_64-linux-gnu:/opt/ros/humble/opt/openvdb_vendor/lib:/opt/ros/humble/lib:/usr/local/lib:/usr/local/lib:/usr/local/lib /usr/bin/cmake --build /home/allen/rm_ws/build/teb_local_planner -- -j2 -l2
[0.250s] [35m[1mConsolidate compiler generated dependencies of target teb_local_planner[0m
[0.497s] [100%] Built target teb_local_planner
[0.529s] Invoked command in '/home/allen/rm_ws/build/teb_local_planner' returned '0': CMAKE_PREFIX_PATH=/home/allen/rm_ws/install/teb_msgs:/home/allen/rm_ws/install/costmap_converter:/home/allen/rm_ws/install/costmap_converter_msgs:/home/allen/rm_ws/install/teb_local_planner:/home/allen/rm_ws/install/rmoss_gz_plugins:/home/allen/rm_ws/install/rmbot2:/home/allen/rm_ws/install/rm_navigation:/home/allen/rm_ws/install/rm_nav_bringup:/home/allen/rm_ws/install/fake_vel_transform:/opt/ros/humble LD_LIBRARY_PATH=/home/allen/rm_ws/install/teb_msgs/lib:/home/allen/rm_ws/install/costmap_converter/lib:/home/allen/rm_ws/install/costmap_converter_msgs/lib:/home/allen/rm_ws/install/teb_local_planner/lib:/home/allen/rm_ws/install/fake_vel_transform/lib:/usr/lib/x86_64-linux-gnu/gazebo-11/plugins:/opt/ros/humble/opt/rviz_ogre_vendor/lib:/opt/ros/humble/lib/x86_64-linux-gnu:/opt/ros/humble/opt/openvdb_vendor/lib:/opt/ros/humble/lib:/usr/local/lib:/usr/local/lib:/usr/local/lib /usr/bin/cmake --build /home/allen/rm_ws/build/teb_local_planner -- -j2 -l2
[0.535s] Invoking command in '/home/allen/rm_ws/build/teb_local_planner': CMAKE_PREFIX_PATH=/home/allen/rm_ws/install/teb_msgs:/home/allen/rm_ws/install/costmap_converter:/home/allen/rm_ws/install/costmap_converter_msgs:/home/allen/rm_ws/install/teb_local_planner:/home/allen/rm_ws/install/rmoss_gz_plugins:/home/allen/rm_ws/install/rmbot2:/home/allen/rm_ws/install/rm_navigation:/home/allen/rm_ws/install/rm_nav_bringup:/home/allen/rm_ws/install/fake_vel_transform:/opt/ros/humble LD_LIBRARY_PATH=/home/allen/rm_ws/install/teb_msgs/lib:/home/allen/rm_ws/install/costmap_converter/lib:/home/allen/rm_ws/install/costmap_converter_msgs/lib:/home/allen/rm_ws/install/teb_local_planner/lib:/home/allen/rm_ws/install/fake_vel_transform/lib:/usr/lib/x86_64-linux-gnu/gazebo-11/plugins:/opt/ros/humble/opt/rviz_ogre_vendor/lib:/opt/ros/humble/lib/x86_64-linux-gnu:/opt/ros/humble/opt/openvdb_vendor/lib:/opt/ros/humble/lib:/usr/local/lib:/usr/local/lib:/usr/local/lib /usr/bin/cmake --install /home/allen/rm_ws/build/teb_local_planner
[0.562s] -- Install configuration: "Release"
[0.562s] -- Execute custom install script
[0.563s] -- Up-to-date symlink: /home/allen/rm_ws/install/teb_local_planner/lib/libteb_local_planner.so
[0.567s] -- Up-to-date symlink: /home/allen/rm_ws/install/teb_local_planner/include//teb_local_planner/distance_calculations.h
[0.567s] -- Up-to-date symlink: /home/allen/rm_ws/install/teb_local_planner/include//teb_local_planner/equivalence_relations.h
[0.568s] -- Up-to-date symlink: /home/allen/rm_ws/install/teb_local_planner/include//teb_local_planner/g2o_types/base_teb_edges.h
[0.568s] -- Up-to-date symlink: /home/allen/rm_ws/install/teb_local_planner/include//teb_local_planner/g2o_types/edge_acceleration.h
[0.568s] -- Up-to-date symlink: /home/allen/rm_ws/install/teb_local_planner/include//teb_local_planner/g2o_types/edge_dynamic_obstacle.h
[0.569s] -- Up-to-date symlink: /home/allen/rm_ws/install/teb_local_planner/include//teb_local_planner/g2o_types/edge_kinematics.h
[0.572s] -- Up-to-date symlink: /home/allen/rm_ws/install/teb_local_planner/include//teb_local_planner/g2o_types/edge_obstacle.h
[0.572s] -- Up-to-date symlink: /home/allen/rm_ws/install/teb_local_planner/include//teb_local_planner/g2o_types/edge_prefer_rotdir.h
[0.573s] -- Up-to-date symlink: /home/allen/rm_ws/install/teb_local_planner/include//teb_local_planner/g2o_types/edge_shortest_path.h
[0.573s] -- Up-to-date symlink: /home/allen/rm_ws/install/teb_local_planner/include//teb_local_planner/g2o_types/edge_time_optimal.h
[0.573s] -- Up-to-date symlink: /home/allen/rm_ws/install/teb_local_planner/include//teb_local_planner/g2o_types/edge_velocity.h
[0.573s] -- Up-to-date symlink: /home/allen/rm_ws/install/teb_local_planner/include//teb_local_planner/g2o_types/edge_velocity_obstacle_ratio.h
[0.573s] -- Up-to-date symlink: /home/allen/rm_ws/install/teb_local_planner/include//teb_local_planner/g2o_types/edge_via_point.h
[0.576s] -- Up-to-date symlink: /home/allen/rm_ws/install/teb_local_planner/include//teb_local_planner/g2o_types/penalties.h
[0.576s] -- Up-to-date symlink: /home/allen/rm_ws/install/teb_local_planner/include//teb_local_planner/g2o_types/vertex_pose.h
[0.576s] -- Up-to-date symlink: /home/allen/rm_ws/install/teb_local_planner/include//teb_local_planner/g2o_types/vertex_timediff.h
[0.576s] -- Up-to-date symlink: /home/allen/rm_ws/install/teb_local_planner/include//teb_local_planner/graph_search.h
[0.576s] -- Up-to-date symlink: /home/allen/rm_ws/install/teb_local_planner/include//teb_local_planner/h_signature.h
[0.576s] -- Up-to-date symlink: /home/allen/rm_ws/install/teb_local_planner/include//teb_local_planner/homotopy_class_planner.h
[0.576s] -- Up-to-date symlink: /home/allen/rm_ws/install/teb_local_planner/include//teb_local_planner/homotopy_class_planner.hpp
[0.578s] -- Up-to-date symlink: /home/allen/rm_ws/install/teb_local_planner/include//teb_local_planner/misc.h
[0.579s] -- Up-to-date symlink: /home/allen/rm_ws/install/teb_local_planner/include//teb_local_planner/obstacles.h
[0.579s] -- Up-to-date symlink: /home/allen/rm_ws/install/teb_local_planner/include//teb_local_planner/optimal_planner.h
[0.580s] -- Up-to-date symlink: /home/allen/rm_ws/install/teb_local_planner/include//teb_local_planner/planner_interface.h
[0.581s] -- Up-to-date symlink: /home/allen/rm_ws/install/teb_local_planner/include//teb_local_planner/pose_se2.h
[0.582s] -- Up-to-date symlink: /home/allen/rm_ws/install/teb_local_planner/include//teb_local_planner/recovery_behaviors.h
[0.583s] -- Up-to-date symlink: /home/allen/rm_ws/install/teb_local_planner/include//teb_local_planner/robot_footprint_model.h
[0.583s] -- Up-to-date symlink: /home/allen/rm_ws/install/teb_local_planner/include//teb_local_planner/teb_config.h
[0.585s] -- Up-to-date symlink: /home/allen/rm_ws/install/teb_local_planner/include//teb_local_planner/teb_local_planner_ros.h
[0.585s] -- Up-to-date symlink: /home/allen/rm_ws/install/teb_local_planner/include//teb_local_planner/timed_elastic_band.h
[0.588s] -- Up-to-date symlink: /home/allen/rm_ws/install/teb_local_planner/include//teb_local_planner/timed_elastic_band.hpp
[0.588s] -- Up-to-date symlink: /home/allen/rm_ws/install/teb_local_planner/include//teb_local_planner/visualization.h
[0.588s] -- Up-to-date symlink: /home/allen/rm_ws/install/teb_local_planner/include//teb_local_planner/visualization.hpp
[0.589s] -- Up-to-date symlink: /home/allen/rm_ws/install/teb_local_planner/share/teb_local_planner_plugin.xml
[0.589s] -- Up-to-date symlink: /home/allen/rm_ws/install/teb_local_planner/lib/teb_local_planner/cmd_vel_to_ackermann_drive.py
[0.589s] -- Up-to-date symlink: /home/allen/rm_ws/install/teb_local_planner/share/teb_local_planner/params/teb_params.yaml
[0.589s] -- Up-to-date symlink: /home/allen/rm_ws/install/teb_local_planner/share/teb_local_planner/environment/library_path.sh
[0.590s] -- Up-to-date symlink: /home/allen/rm_ws/install/teb_local_planner/share/teb_local_planner/environment/library_path.dsv
[0.591s] -- Up-to-date symlink: /home/allen/rm_ws/install/teb_local_planner/share/teb_local_planner//teb_local_planner_plugin.xml
[0.592s] -- Up-to-date symlink: /home/allen/rm_ws/install/teb_local_planner/share/ament_index/resource_index/package_run_dependencies/teb_local_planner
[0.593s] -- Up-to-date symlink: /home/allen/rm_ws/install/teb_local_planner/share/ament_index/resource_index/parent_prefix_path/teb_local_planner
[0.594s] -- Up-to-date symlink: /home/allen/rm_ws/install/teb_local_planner/share/teb_local_planner/environment/ament_prefix_path.sh
[0.594s] -- Up-to-date symlink: /home/allen/rm_ws/install/teb_local_planner/share/teb_local_planner/environment/ament_prefix_path.dsv
[0.596s] -- Up-to-date symlink: /home/allen/rm_ws/install/teb_local_planner/share/teb_local_planner/environment/path.sh
[0.596s] -- Up-to-date symlink: /home/allen/rm_ws/install/teb_local_planner/share/teb_local_planner/environment/path.dsv
[0.598s] -- Up-to-date symlink: /home/allen/rm_ws/install/teb_local_planner/share/teb_local_planner/local_setup.bash
[0.599s] -- Up-to-date symlink: /home/allen/rm_ws/install/teb_local_planner/share/teb_local_planner/local_setup.sh
[0.600s] -- Up-to-date symlink: /home/allen/rm_ws/install/teb_local_planner/share/teb_local_planner/local_setup.zsh
[0.601s] -- Up-to-date symlink: /home/allen/rm_ws/install/teb_local_planner/share/teb_local_planner/local_setup.dsv
[0.601s] -- Symlinking: /home/allen/rm_ws/install/teb_local_planner/share/teb_local_planner/package.dsv
[0.626s] -- Up-to-date symlink: /home/allen/rm_ws/install/teb_local_planner/share/ament_index/resource_index/packages/teb_local_planner
[0.626s] -- Up-to-date symlink: /home/allen/rm_ws/install/teb_local_planner/share/ament_index/resource_index/nav2_core__pluginlib__plugin/teb_local_planner
[0.627s] -- Up-to-date symlink: /home/allen/rm_ws/install/teb_local_planner/share/teb_local_planner/cmake/ament_cmake_export_include_directories-extras.cmake
[0.627s] -- Up-to-date symlink: /home/allen/rm_ws/install/teb_local_planner/share/teb_local_planner/cmake/ament_cmake_export_libraries-extras.cmake
[0.628s] -- Up-to-date symlink: /home/allen/rm_ws/install/teb_local_planner/share/teb_local_planner/cmake/ament_cmake_export_dependencies-extras.cmake
[0.629s] -- Up-to-date symlink: /home/allen/rm_ws/install/teb_local_planner/share/teb_local_planner/cmake/teb_local_plannerConfig.cmake
[0.630s] -- Up-to-date symlink: /home/allen/rm_ws/install/teb_local_planner/share/teb_local_planner/cmake/teb_local_plannerConfig-version.cmake
[0.632s] -- Up-to-date symlink: /home/allen/rm_ws/install/teb_local_planner/share/teb_local_planner/package.xml
[0.635s] Invoked command in '/home/allen/rm_ws/build/teb_local_planner' returned '0': CMAKE_PREFIX_PATH=/home/allen/rm_ws/install/teb_msgs:/home/allen/rm_ws/install/costmap_converter:/home/allen/rm_ws/install/costmap_converter_msgs:/home/allen/rm_ws/install/teb_local_planner:/home/allen/rm_ws/install/rmoss_gz_plugins:/home/allen/rm_ws/install/rmbot2:/home/allen/rm_ws/install/rm_navigation:/home/allen/rm_ws/install/rm_nav_bringup:/home/allen/rm_ws/install/fake_vel_transform:/opt/ros/humble LD_LIBRARY_PATH=/home/allen/rm_ws/install/teb_msgs/lib:/home/allen/rm_ws/install/costmap_converter/lib:/home/allen/rm_ws/install/costmap_converter_msgs/lib:/home/allen/rm_ws/install/teb_local_planner/lib:/home/allen/rm_ws/install/fake_vel_transform/lib:/usr/lib/x86_64-linux-gnu/gazebo-11/plugins:/opt/ros/humble/opt/rviz_ogre_vendor/lib:/opt/ros/humble/lib/x86_64-linux-gnu:/opt/ros/humble/opt/openvdb_vendor/lib:/opt/ros/humble/lib:/usr/local/lib:/usr/local/lib:/usr/local/lib /usr/bin/cmake --install /home/allen/rm_ws/build/teb_local_planner
