[0.030s] Invoking command in '/home/allen/rm_ws/build/teb_msgs': AMENT_PREFIX_PATH=/home/allen/rm_ws/install/costmap_converter_msgs:${AMENT_PREFIX_PATH} CMAKE_PREFIX_PATH=/home/allen/rm_ws/install/costmap_converter_msgs:/opt/ros/humble LD_LIBRARY_PATH=/home/allen/rm_ws/install/costmap_converter_msgs/lib:/usr/lib/x86_64-linux-gnu/gazebo-11/plugins:/opt/ros/humble/opt/rviz_ogre_vendor/lib:/opt/ros/humble/lib/x86_64-linux-gnu:/opt/ros/humble/opt/openvdb_vendor/lib:/opt/ros/humble/lib:/usr/local/lib PYTHONPATH=/home/allen/rm_ws/install/costmap_converter_msgs/local/lib/python3.10/dist-packages:${PYTHONPATH} /usr/bin/cmake /home/allen/rm_ws/src/rm_navigation/teb_local_planner/teb_msgs -DAMENT_CMAKE_SYMLINK_INSTALL=1 -DCMAKE_INSTALL_PREFIX=/home/allen/rm_ws/install/teb_msgs
[0.159s] -- The C compiler identification is GNU 11.4.0
[0.276s] -- The CXX compiler identification is GNU 11.4.0
[0.295s] -- Detecting C compiler ABI info
[0.449s] -- Detecting C compiler ABI info - done
[0.462s] -- Check for working C compiler: /usr/bin/cc - skipped
[0.462s] -- Detecting C compile features
[0.465s] -- Detecting C compile features - done
[0.468s] -- Detecting CXX compiler ABI info
[0.648s] -- Detecting CXX compiler ABI info - done
[0.663s] -- Check for working CXX compiler: /usr/bin/c++ - skipped
[0.664s] -- Detecting CXX compile features
[0.664s] -- Detecting CXX compile features - done
[0.669s] -- Found ament_cmake: 1.3.11 (/opt/ros/humble/share/ament_cmake/cmake)
[0.892s] -- Found Python3: /usr/bin/python3 (found version "3.10.12") found components: Interpreter 
[0.942s] -- Override CMake install command with custom implementation using symlinks instead of copying resources
[1.002s] -- Found builtin_interfaces: 1.2.1 (/opt/ros/humble/share/builtin_interfaces/cmake)
[1.062s] -- Found rosidl_generator_c: 3.1.6 (/opt/ros/humble/share/rosidl_generator_c/cmake)
[1.067s] -- Found rosidl_adapter: 3.1.6 (/opt/ros/humble/share/rosidl_adapter/cmake)
[1.077s] -- Found rosidl_generator_cpp: 3.1.6 (/opt/ros/humble/share/rosidl_generator_cpp/cmake)
[1.087s] -- Using all available rosidl_typesupport_c: rosidl_typesupport_fastrtps_c;rosidl_typesupport_introspection_c
[1.105s] -- Using all available rosidl_typesupport_cpp: rosidl_typesupport_fastrtps_cpp;rosidl_typesupport_introspection_cpp
[1.114s] -- Found costmap_converter_msgs: 0.1.2 (/home/allen/rm_ws/install/costmap_converter_msgs/share/costmap_converter_msgs/cmake)
[1.175s] -- Found rosidl_default_generators: 1.2.0 (/opt/ros/humble/share/rosidl_default_generators/cmake)
[1.668s] -- Found ament_cmake_ros: 0.10.0 (/opt/ros/humble/share/ament_cmake_ros/cmake)
[2.392s] -- Using all available rosidl_typesupport_c: rosidl_typesupport_fastrtps_c;rosidl_typesupport_introspection_c
[2.706s] -- Using all available rosidl_typesupport_cpp: rosidl_typesupport_fastrtps_cpp;rosidl_typesupport_introspection_cpp
[2.753s] -- Found PythonInterp: /usr/bin/python3 (found suitable version "3.10.12", minimum required is "3.6") 
[2.753s] -- Found python_cmake_module: 0.10.0 (/opt/ros/humble/share/python_cmake_module/cmake)
[2.806s] -- Found PythonLibs: /usr/lib/x86_64-linux-gnu/libpython3.10.so (found suitable version "3.10.12", minimum required is "3.5") 
[2.808s] -- Using PYTHON_EXECUTABLE: /usr/bin/python3
[2.808s] -- Using PYTHON_INCLUDE_DIRS: /usr/include/python3.10
[2.808s] -- Using PYTHON_LIBRARIES: /usr/lib/x86_64-linux-gnu/libpython3.10.so
[2.852s] -- Found PythonExtra: .so  
[2.999s] -- Configuring done
[3.086s] -- Generating done
[3.108s] -- Build files have been written to: /home/allen/rm_ws/build/teb_msgs
[3.131s] Invoked command in '/home/allen/rm_ws/build/teb_msgs' returned '0': AMENT_PREFIX_PATH=/home/allen/rm_ws/install/costmap_converter_msgs:${AMENT_PREFIX_PATH} CMAKE_PREFIX_PATH=/home/allen/rm_ws/install/costmap_converter_msgs:/opt/ros/humble LD_LIBRARY_PATH=/home/allen/rm_ws/install/costmap_converter_msgs/lib:/usr/lib/x86_64-linux-gnu/gazebo-11/plugins:/opt/ros/humble/opt/rviz_ogre_vendor/lib:/opt/ros/humble/lib/x86_64-linux-gnu:/opt/ros/humble/opt/openvdb_vendor/lib:/opt/ros/humble/lib:/usr/local/lib PYTHONPATH=/home/allen/rm_ws/install/costmap_converter_msgs/local/lib/python3.10/dist-packages:${PYTHONPATH} /usr/bin/cmake /home/allen/rm_ws/src/rm_navigation/teb_local_planner/teb_msgs -DAMENT_CMAKE_SYMLINK_INSTALL=1 -DCMAKE_INSTALL_PREFIX=/home/allen/rm_ws/install/teb_msgs
[3.135s] Invoking command in '/home/allen/rm_ws/build/teb_msgs': AMENT_PREFIX_PATH=/home/allen/rm_ws/install/costmap_converter_msgs:${AMENT_PREFIX_PATH} CMAKE_PREFIX_PATH=/home/allen/rm_ws/install/costmap_converter_msgs:/opt/ros/humble LD_LIBRARY_PATH=/home/allen/rm_ws/install/costmap_converter_msgs/lib:/usr/lib/x86_64-linux-gnu/gazebo-11/plugins:/opt/ros/humble/opt/rviz_ogre_vendor/lib:/opt/ros/humble/lib/x86_64-linux-gnu:/opt/ros/humble/opt/openvdb_vendor/lib:/opt/ros/humble/lib:/usr/local/lib PYTHONPATH=/home/allen/rm_ws/install/costmap_converter_msgs/local/lib/python3.10/dist-packages:${PYTHONPATH} /usr/bin/cmake --build /home/allen/rm_ws/build/teb_msgs -- -j2 -l2
[3.239s] [  2%] [34m[1mGenerating C code for ROS interfaces[0m
[3.275s] [  4%] [34m[1mGenerating C++ code for ROS interfaces[0m
[4.243s] [  6%] [32mBuilding C object CMakeFiles/teb_msgs__rosidl_generator_c.dir/rosidl_generator_c/teb_msgs/msg/detail/feedback_msg__functions.c.o[0m
[4.243s] [  6%] Built target teb_msgs__cpp
[4.316s] [  6%] Built target ament_cmake_python_symlink_teb_msgs
[4.344s] [  8%] [32mBuilding C object CMakeFiles/teb_msgs__rosidl_generator_c.dir/rosidl_generator_c/teb_msgs/msg/detail/trajectory_msg__functions.c.o[0m
[4.345s] [ 10%] [34m[1mGenerating C++ type support dispatch for ROS interfaces[0m
[4.473s] [ 12%] [32mBuilding C object CMakeFiles/teb_msgs__rosidl_generator_c.dir/rosidl_generator_c/teb_msgs/msg/detail/trajectory_point_msg__functions.c.o[0m
[4.577s] [ 14%] [32m[1mLinking C shared library libteb_msgs__rosidl_generator_c.so[0m
[4.664s] [ 14%] Built target teb_msgs__rosidl_generator_c
[4.692s] [ 17%] [34m[1mGenerating C++ type support for eProsima Fast-RTPS[0m
[4.996s] [ 19%] [32mBuilding CXX object CMakeFiles/teb_msgs__rosidl_typesupport_cpp.dir/rosidl_typesupport_cpp/teb_msgs/msg/feedback_msg__type_support.cpp.o[0m
[5.448s] [ 21%] [32mBuilding CXX object CMakeFiles/teb_msgs__rosidl_typesupport_cpp.dir/rosidl_typesupport_cpp/teb_msgs/msg/trajectory_msg__type_support.cpp.o[0m
[5.482s] [ 23%] [32mBuilding CXX object CMakeFiles/teb_msgs__rosidl_typesupport_fastrtps_cpp.dir/rosidl_typesupport_fastrtps_cpp/teb_msgs/msg/detail/dds_fastrtps/feedback_msg__type_support.cpp.o[0m
[5.981s] [ 25%] [32mBuilding CXX object CMakeFiles/teb_msgs__rosidl_typesupport_cpp.dir/rosidl_typesupport_cpp/teb_msgs/msg/trajectory_point_msg__type_support.cpp.o[0m
[6.343s] [ 27%] [32mBuilding CXX object CMakeFiles/teb_msgs__rosidl_typesupport_fastrtps_cpp.dir/rosidl_typesupport_fastrtps_cpp/teb_msgs/msg/detail/dds_fastrtps/trajectory_msg__type_support.cpp.o[0m
[6.461s] [ 29%] [32m[1mLinking CXX shared library libteb_msgs__rosidl_typesupport_cpp.so[0m
[6.561s] [ 29%] Built target teb_msgs__rosidl_typesupport_cpp
[6.591s] [ 31%] [34m[1mGenerating C introspection for ROS interfaces[0m
[7.119s] [ 34%] [32mBuilding CXX object CMakeFiles/teb_msgs__rosidl_typesupport_fastrtps_cpp.dir/rosidl_typesupport_fastrtps_cpp/teb_msgs/msg/detail/dds_fastrtps/trajectory_point_msg__type_support.cpp.o[0m
[7.325s] [ 36%] [32mBuilding C object CMakeFiles/teb_msgs__rosidl_typesupport_introspection_c.dir/rosidl_typesupport_introspection_c/teb_msgs/msg/detail/feedback_msg__type_support.c.o[0m
[7.421s] [ 38%] [32mBuilding C object CMakeFiles/teb_msgs__rosidl_typesupport_introspection_c.dir/rosidl_typesupport_introspection_c/teb_msgs/msg/detail/trajectory_msg__type_support.c.o[0m
[7.514s] [ 40%] [32mBuilding C object CMakeFiles/teb_msgs__rosidl_typesupport_introspection_c.dir/rosidl_typesupport_introspection_c/teb_msgs/msg/detail/trajectory_point_msg__type_support.c.o[0m
[7.596s] [ 42%] [32m[1mLinking C shared library libteb_msgs__rosidl_typesupport_introspection_c.so[0m
[7.665s] [ 42%] Built target teb_msgs__rosidl_typesupport_introspection_c
[7.688s] [ 44%] [34m[1mGenerating C type support dispatch for ROS interfaces[0m
[7.784s] [ 46%] [32m[1mLinking CXX shared library libteb_msgs__rosidl_typesupport_fastrtps_cpp.so[0m
[7.988s] [ 46%] Built target teb_msgs__rosidl_typesupport_fastrtps_cpp
[8.001s] [ 48%] [34m[1mGenerating C++ introspection for ROS interfaces[0m
[8.391s] [ 51%] [32mBuilding CXX object CMakeFiles/teb_msgs__rosidl_typesupport_c.dir/rosidl_typesupport_c/teb_msgs/msg/feedback_msg__type_support.cpp.o[0m
[8.446s] [ 53%] [32mBuilding CXX object CMakeFiles/teb_msgs__rosidl_typesupport_c.dir/rosidl_typesupport_c/teb_msgs/msg/trajectory_msg__type_support.cpp.o[0m
[8.483s] [ 55%] [32mBuilding CXX object CMakeFiles/teb_msgs__rosidl_typesupport_c.dir/rosidl_typesupport_c/teb_msgs/msg/trajectory_point_msg__type_support.cpp.o[0m
[8.529s] [ 57%] [32m[1mLinking CXX shared library libteb_msgs__rosidl_typesupport_c.so[0m
[8.626s] [ 57%] Built target teb_msgs__rosidl_typesupport_c
[8.693s] [ 59%] [32mBuilding CXX object CMakeFiles/teb_msgs__rosidl_typesupport_introspection_cpp.dir/rosidl_typesupport_introspection_cpp/teb_msgs/msg/detail/feedback_msg__type_support.cpp.o[0m
[9.047s] running egg_info
[9.048s] creating teb_msgs.egg-info
[9.050s] writing teb_msgs.egg-info/PKG-INFO
[9.051s] writing dependency_links to teb_msgs.egg-info/dependency_links.txt
[9.051s] writing top-level names to teb_msgs.egg-info/top_level.txt
[9.051s] writing manifest file 'teb_msgs.egg-info/SOURCES.txt'
[9.054s] reading manifest file 'teb_msgs.egg-info/SOURCES.txt'
[9.055s] writing manifest file 'teb_msgs.egg-info/SOURCES.txt'
[9.124s] [ 59%] Built target ament_cmake_python_build_teb_msgs_egg
[9.150s] [ 61%] [34m[1mGenerating C type support for eProsima Fast-RTPS[0m
[9.586s] [ 63%] [32mBuilding CXX object CMakeFiles/teb_msgs__rosidl_typesupport_introspection_cpp.dir/rosidl_typesupport_introspection_cpp/teb_msgs/msg/detail/trajectory_msg__type_support.cpp.o[0m
[9.925s] [ 65%] [32mBuilding CXX object CMakeFiles/teb_msgs__rosidl_typesupport_fastrtps_c.dir/rosidl_typesupport_fastrtps_c/teb_msgs/msg/detail/feedback_msg__type_support_c.cpp.o[0m
[10.429s] [ 68%] [32mBuilding CXX object CMakeFiles/teb_msgs__rosidl_typesupport_introspection_cpp.dir/rosidl_typesupport_introspection_cpp/teb_msgs/msg/detail/trajectory_point_msg__type_support.cpp.o[0m
[10.538s] [ 70%] [32mBuilding CXX object CMakeFiles/teb_msgs__rosidl_typesupport_fastrtps_c.dir/rosidl_typesupport_fastrtps_c/teb_msgs/msg/detail/trajectory_msg__type_support_c.cpp.o[0m
[11.124s] [ 72%] [32m[1mLinking CXX shared library libteb_msgs__rosidl_typesupport_introspection_cpp.so[0m
[11.124s] [ 74%] [32mBuilding CXX object CMakeFiles/teb_msgs__rosidl_typesupport_fastrtps_c.dir/rosidl_typesupport_fastrtps_c/teb_msgs/msg/detail/trajectory_point_msg__type_support_c.cpp.o[0m
[11.328s] [ 74%] Built target teb_msgs__rosidl_typesupport_introspection_cpp
[11.618s] [ 76%] [32m[1mLinking CXX shared library libteb_msgs__rosidl_typesupport_fastrtps_c.so[0m
[11.766s] [ 76%] Built target teb_msgs__rosidl_typesupport_fastrtps_c
[11.817s] [ 76%] Built target teb_msgs
[11.873s] [ 78%] [34m[1mGenerating Python code for ROS interfaces[0m
[12.823s] [ 78%] Built target teb_msgs__py
[12.874s] [ 80%] [32mBuilding C object CMakeFiles/teb_msgs__rosidl_generator_py.dir/rosidl_generator_py/teb_msgs/msg/_feedback_msg_s.c.o[0m
[12.875s] [ 82%] [32mBuilding C object CMakeFiles/teb_msgs__rosidl_generator_py.dir/rosidl_generator_py/teb_msgs/msg/_trajectory_msg_s.c.o[0m
[13.045s] [ 85%] [32mBuilding C object CMakeFiles/teb_msgs__rosidl_generator_py.dir/rosidl_generator_py/teb_msgs/msg/_trajectory_point_msg_s.c.o[0m
[13.238s] [ 87%] [32m[1mLinking C shared library rosidl_generator_py/teb_msgs/libteb_msgs__rosidl_generator_py.so[0m
[13.334s] [ 87%] Built target teb_msgs__rosidl_generator_py
[13.383s] [ 91%] [32mBuilding C object CMakeFiles/teb_msgs__rosidl_typesupport_introspection_c__pyext.dir/rosidl_generator_py/teb_msgs/_teb_msgs_s.ep.rosidl_typesupport_introspection_c.c.o[0m
[13.383s] [ 91%] [32mBuilding C object CMakeFiles/teb_msgs__rosidl_typesupport_fastrtps_c__pyext.dir/rosidl_generator_py/teb_msgs/_teb_msgs_s.ep.rosidl_typesupport_fastrtps_c.c.o[0m
[13.590s] [ 93%] [32m[1mLinking C shared library rosidl_generator_py/teb_msgs/teb_msgs_s__rosidl_typesupport_fastrtps_c.cpython-310-x86_64-linux-gnu.so[0m
[13.590s] [ 95%] [32m[1mLinking C shared library rosidl_generator_py/teb_msgs/teb_msgs_s__rosidl_typesupport_introspection_c.cpython-310-x86_64-linux-gnu.so[0m
[13.677s] [ 95%] Built target teb_msgs__rosidl_typesupport_fastrtps_c__pyext
[13.678s] [ 95%] Built target teb_msgs__rosidl_typesupport_introspection_c__pyext
[13.729s] [ 97%] [32mBuilding C object CMakeFiles/teb_msgs__rosidl_typesupport_c__pyext.dir/rosidl_generator_py/teb_msgs/_teb_msgs_s.ep.rosidl_typesupport_c.c.o[0m
[13.883s] [100%] [32m[1mLinking C shared library rosidl_generator_py/teb_msgs/teb_msgs_s__rosidl_typesupport_c.cpython-310-x86_64-linux-gnu.so[0m
[13.984s] [100%] Built target teb_msgs__rosidl_typesupport_c__pyext
[14.009s] Invoked command in '/home/allen/rm_ws/build/teb_msgs' returned '0': AMENT_PREFIX_PATH=/home/allen/rm_ws/install/costmap_converter_msgs:${AMENT_PREFIX_PATH} CMAKE_PREFIX_PATH=/home/allen/rm_ws/install/costmap_converter_msgs:/opt/ros/humble LD_LIBRARY_PATH=/home/allen/rm_ws/install/costmap_converter_msgs/lib:/usr/lib/x86_64-linux-gnu/gazebo-11/plugins:/opt/ros/humble/opt/rviz_ogre_vendor/lib:/opt/ros/humble/lib/x86_64-linux-gnu:/opt/ros/humble/opt/openvdb_vendor/lib:/opt/ros/humble/lib:/usr/local/lib PYTHONPATH=/home/allen/rm_ws/install/costmap_converter_msgs/local/lib/python3.10/dist-packages:${PYTHONPATH} /usr/bin/cmake --build /home/allen/rm_ws/build/teb_msgs -- -j2 -l2
[14.014s] Invoking command in '/home/allen/rm_ws/build/teb_msgs': AMENT_PREFIX_PATH=/home/allen/rm_ws/install/costmap_converter_msgs:${AMENT_PREFIX_PATH} CMAKE_PREFIX_PATH=/home/allen/rm_ws/install/costmap_converter_msgs:/opt/ros/humble LD_LIBRARY_PATH=/home/allen/rm_ws/install/costmap_converter_msgs/lib:/usr/lib/x86_64-linux-gnu/gazebo-11/plugins:/opt/ros/humble/opt/rviz_ogre_vendor/lib:/opt/ros/humble/lib/x86_64-linux-gnu:/opt/ros/humble/opt/openvdb_vendor/lib:/opt/ros/humble/lib:/usr/local/lib PYTHONPATH=/home/allen/rm_ws/install/costmap_converter_msgs/local/lib/python3.10/dist-packages:${PYTHONPATH} /usr/bin/cmake --install /home/allen/rm_ws/build/teb_msgs
[14.032s] -- Install configuration: ""
[14.033s] -- Execute custom install script
[14.033s] -- Symlinking: /home/allen/rm_ws/install/teb_msgs/share/ament_index/resource_index/rosidl_interfaces/teb_msgs
[14.057s] -- Symlinking: /home/allen/rm_ws/install/teb_msgs/include/teb_msgs/teb_msgs/msg/detail/feedback_msg__functions.h
[14.079s] -- Symlinking: /home/allen/rm_ws/install/teb_msgs/include/teb_msgs/teb_msgs/msg/detail/feedback_msg__struct.h
[14.103s] -- Symlinking: /home/allen/rm_ws/install/teb_msgs/include/teb_msgs/teb_msgs/msg/detail/feedback_msg__type_support.h
[14.122s] -- Symlinking: /home/allen/rm_ws/install/teb_msgs/include/teb_msgs/teb_msgs/msg/detail/trajectory_msg__functions.h
[14.146s] -- Symlinking: /home/allen/rm_ws/install/teb_msgs/include/teb_msgs/teb_msgs/msg/detail/trajectory_msg__struct.h
[14.172s] -- Symlinking: /home/allen/rm_ws/install/teb_msgs/include/teb_msgs/teb_msgs/msg/detail/trajectory_msg__type_support.h
[14.192s] -- Symlinking: /home/allen/rm_ws/install/teb_msgs/include/teb_msgs/teb_msgs/msg/detail/trajectory_point_msg__functions.h
[14.215s] -- Symlinking: /home/allen/rm_ws/install/teb_msgs/include/teb_msgs/teb_msgs/msg/detail/trajectory_point_msg__struct.h
[14.239s] -- Symlinking: /home/allen/rm_ws/install/teb_msgs/include/teb_msgs/teb_msgs/msg/detail/trajectory_point_msg__type_support.h
[14.252s] -- Symlinking: /home/allen/rm_ws/install/teb_msgs/include/teb_msgs/teb_msgs/msg/feedback_msg.h
[14.275s] -- Symlinking: /home/allen/rm_ws/install/teb_msgs/include/teb_msgs/teb_msgs/msg/rosidl_generator_c__visibility_control.h
[14.297s] -- Symlinking: /home/allen/rm_ws/install/teb_msgs/include/teb_msgs/teb_msgs/msg/trajectory_msg.h
[14.322s] -- Symlinking: /home/allen/rm_ws/install/teb_msgs/include/teb_msgs/teb_msgs/msg/trajectory_point_msg.h
[14.349s] -- Symlinking: /home/allen/rm_ws/install/teb_msgs/share/teb_msgs/environment/library_path.sh
[14.374s] -- Symlinking: /home/allen/rm_ws/install/teb_msgs/share/teb_msgs/environment/library_path.dsv
[14.395s] -- Symlinking: /home/allen/rm_ws/install/teb_msgs/include/teb_msgs/teb_msgs/msg/detail/feedback_msg__rosidl_typesupport_fastrtps_c.h
[14.420s] -- Symlinking: /home/allen/rm_ws/install/teb_msgs/include/teb_msgs/teb_msgs/msg/detail/trajectory_msg__rosidl_typesupport_fastrtps_c.h
[14.442s] -- Symlinking: /home/allen/rm_ws/install/teb_msgs/include/teb_msgs/teb_msgs/msg/detail/trajectory_point_msg__rosidl_typesupport_fastrtps_c.h
[14.467s] -- Symlinking: /home/allen/rm_ws/install/teb_msgs/include/teb_msgs/teb_msgs/msg/rosidl_typesupport_fastrtps_c__visibility_control.h
[14.487s] -- Symlinking: /home/allen/rm_ws/install/teb_msgs/include/teb_msgs/teb_msgs/msg/detail/feedback_msg__builder.hpp
[14.512s] -- Symlinking: /home/allen/rm_ws/install/teb_msgs/include/teb_msgs/teb_msgs/msg/detail/feedback_msg__struct.hpp
[14.532s] -- Symlinking: /home/allen/rm_ws/install/teb_msgs/include/teb_msgs/teb_msgs/msg/detail/feedback_msg__traits.hpp
[14.555s] -- Symlinking: /home/allen/rm_ws/install/teb_msgs/include/teb_msgs/teb_msgs/msg/detail/feedback_msg__type_support.hpp
[14.576s] -- Symlinking: /home/allen/rm_ws/install/teb_msgs/include/teb_msgs/teb_msgs/msg/detail/trajectory_msg__builder.hpp
[14.598s] -- Symlinking: /home/allen/rm_ws/install/teb_msgs/include/teb_msgs/teb_msgs/msg/detail/trajectory_msg__struct.hpp
[14.621s] -- Symlinking: /home/allen/rm_ws/install/teb_msgs/include/teb_msgs/teb_msgs/msg/detail/trajectory_msg__traits.hpp
[14.643s] -- Symlinking: /home/allen/rm_ws/install/teb_msgs/include/teb_msgs/teb_msgs/msg/detail/trajectory_msg__type_support.hpp
[14.668s] -- Symlinking: /home/allen/rm_ws/install/teb_msgs/include/teb_msgs/teb_msgs/msg/detail/trajectory_point_msg__builder.hpp
[14.690s] -- Symlinking: /home/allen/rm_ws/install/teb_msgs/include/teb_msgs/teb_msgs/msg/detail/trajectory_point_msg__struct.hpp
[14.714s] -- Symlinking: /home/allen/rm_ws/install/teb_msgs/include/teb_msgs/teb_msgs/msg/detail/trajectory_point_msg__traits.hpp
[14.736s] -- Symlinking: /home/allen/rm_ws/install/teb_msgs/include/teb_msgs/teb_msgs/msg/detail/trajectory_point_msg__type_support.hpp
[14.760s] -- Symlinking: /home/allen/rm_ws/install/teb_msgs/include/teb_msgs/teb_msgs/msg/feedback_msg.hpp
[14.781s] -- Symlinking: /home/allen/rm_ws/install/teb_msgs/include/teb_msgs/teb_msgs/msg/rosidl_generator_cpp__visibility_control.hpp
[14.805s] -- Symlinking: /home/allen/rm_ws/install/teb_msgs/include/teb_msgs/teb_msgs/msg/trajectory_msg.hpp
[14.831s] -- Symlinking: /home/allen/rm_ws/install/teb_msgs/include/teb_msgs/teb_msgs/msg/trajectory_point_msg.hpp
[14.853s] -- Symlinking: /home/allen/rm_ws/install/teb_msgs/include/teb_msgs/teb_msgs/msg/detail/feedback_msg__rosidl_typesupport_fastrtps_cpp.hpp
[14.874s] -- Symlinking: /home/allen/rm_ws/install/teb_msgs/include/teb_msgs/teb_msgs/msg/detail/trajectory_msg__rosidl_typesupport_fastrtps_cpp.hpp
[14.897s] -- Symlinking: /home/allen/rm_ws/install/teb_msgs/include/teb_msgs/teb_msgs/msg/detail/trajectory_point_msg__rosidl_typesupport_fastrtps_cpp.hpp
[14.924s] -- Symlinking: /home/allen/rm_ws/install/teb_msgs/include/teb_msgs/teb_msgs/msg/rosidl_typesupport_fastrtps_cpp__visibility_control.h
[14.947s] -- Symlinking: /home/allen/rm_ws/install/teb_msgs/include/teb_msgs/teb_msgs/msg/detail/feedback_msg__rosidl_typesupport_introspection_c.h
[14.969s] -- Symlinking: /home/allen/rm_ws/install/teb_msgs/include/teb_msgs/teb_msgs/msg/detail/trajectory_msg__rosidl_typesupport_introspection_c.h
[14.992s] -- Symlinking: /home/allen/rm_ws/install/teb_msgs/include/teb_msgs/teb_msgs/msg/detail/trajectory_point_msg__rosidl_typesupport_introspection_c.h
[15.017s] -- Symlinking: /home/allen/rm_ws/install/teb_msgs/include/teb_msgs/teb_msgs/msg/rosidl_typesupport_introspection_c__visibility_control.h
[15.040s] -- Symlinking: /home/allen/rm_ws/install/teb_msgs/include/teb_msgs/teb_msgs/msg/detail/feedback_msg__rosidl_typesupport_introspection_cpp.hpp
[15.064s] -- Symlinking: /home/allen/rm_ws/install/teb_msgs/include/teb_msgs/teb_msgs/msg/detail/trajectory_msg__rosidl_typesupport_introspection_cpp.hpp
[15.079s] -- Symlinking: /home/allen/rm_ws/install/teb_msgs/include/teb_msgs/teb_msgs/msg/detail/trajectory_point_msg__rosidl_typesupport_introspection_cpp.hpp
[15.101s] -- Symlinking: /home/allen/rm_ws/install/teb_msgs/share/teb_msgs/environment/pythonpath.sh
[15.124s] -- Symlinking: /home/allen/rm_ws/install/teb_msgs/share/teb_msgs/environment/pythonpath.dsv
[15.143s] -- Symlinking: /home/allen/rm_ws/install/teb_msgs/local/lib/python3.10/dist-packages/teb_msgs-0.0.1-py3.10.egg-info/PKG-INFO
[15.165s] -- Symlinking: /home/allen/rm_ws/install/teb_msgs/local/lib/python3.10/dist-packages/teb_msgs-0.0.1-py3.10.egg-info/SOURCES.txt
[15.188s] -- Symlinking: /home/allen/rm_ws/install/teb_msgs/local/lib/python3.10/dist-packages/teb_msgs-0.0.1-py3.10.egg-info/dependency_links.txt
[15.211s] -- Symlinking: /home/allen/rm_ws/install/teb_msgs/local/lib/python3.10/dist-packages/teb_msgs-0.0.1-py3.10.egg-info/top_level.txt
[15.239s] -- Symlinking: /home/allen/rm_ws/install/teb_msgs/local/lib/python3.10/dist-packages/teb_msgs/__init__.py
[15.261s] -- Symlinking: /home/allen/rm_ws/install/teb_msgs/local/lib/python3.10/dist-packages/teb_msgs/_teb_msgs_s.ep.rosidl_typesupport_c.c
[15.282s] -- Symlinking: /home/allen/rm_ws/install/teb_msgs/local/lib/python3.10/dist-packages/teb_msgs/_teb_msgs_s.ep.rosidl_typesupport_fastrtps_c.c
[15.305s] -- Symlinking: /home/allen/rm_ws/install/teb_msgs/local/lib/python3.10/dist-packages/teb_msgs/_teb_msgs_s.ep.rosidl_typesupport_introspection_c.c
[15.331s] -- Symlinking: /home/allen/rm_ws/install/teb_msgs/local/lib/python3.10/dist-packages/teb_msgs/libteb_msgs__rosidl_generator_py.so
[15.358s] -- Symlinking: /home/allen/rm_ws/install/teb_msgs/local/lib/python3.10/dist-packages/teb_msgs/msg/__init__.py
[15.379s] -- Symlinking: /home/allen/rm_ws/install/teb_msgs/local/lib/python3.10/dist-packages/teb_msgs/msg/_feedback_msg.py
[15.402s] -- Symlinking: /home/allen/rm_ws/install/teb_msgs/local/lib/python3.10/dist-packages/teb_msgs/msg/_feedback_msg_s.c
[15.423s] -- Symlinking: /home/allen/rm_ws/install/teb_msgs/local/lib/python3.10/dist-packages/teb_msgs/msg/_trajectory_msg.py
[15.449s] -- Symlinking: /home/allen/rm_ws/install/teb_msgs/local/lib/python3.10/dist-packages/teb_msgs/msg/_trajectory_msg_s.c
[15.473s] -- Symlinking: /home/allen/rm_ws/install/teb_msgs/local/lib/python3.10/dist-packages/teb_msgs/msg/_trajectory_point_msg.py
[15.496s] -- Symlinking: /home/allen/rm_ws/install/teb_msgs/local/lib/python3.10/dist-packages/teb_msgs/msg/_trajectory_point_msg_s.c
[15.516s] -- Symlinking: /home/allen/rm_ws/install/teb_msgs/local/lib/python3.10/dist-packages/teb_msgs/teb_msgs_s__rosidl_typesupport_c.cpython-310-x86_64-linux-gnu.so
[15.539s] -- Symlinking: /home/allen/rm_ws/install/teb_msgs/local/lib/python3.10/dist-packages/teb_msgs/teb_msgs_s__rosidl_typesupport_fastrtps_c.cpython-310-x86_64-linux-gnu.so
[15.562s] -- Symlinking: /home/allen/rm_ws/install/teb_msgs/local/lib/python3.10/dist-packages/teb_msgs/teb_msgs_s__rosidl_typesupport_introspection_c.cpython-310-x86_64-linux-gnu.so
[15.585s] -- Up-to-date symlink: /home/allen/rm_ws/install/teb_msgs/local/lib/python3.10/dist-packages/teb_msgs/teb_msgs_s__rosidl_typesupport_fastrtps_c.cpython-310-x86_64-linux-gnu.so
[15.585s] -- Up-to-date symlink: /home/allen/rm_ws/install/teb_msgs/local/lib/python3.10/dist-packages/teb_msgs/teb_msgs_s__rosidl_typesupport_introspection_c.cpython-310-x86_64-linux-gnu.so
[15.587s] -- Up-to-date symlink: /home/allen/rm_ws/install/teb_msgs/local/lib/python3.10/dist-packages/teb_msgs/teb_msgs_s__rosidl_typesupport_c.cpython-310-x86_64-linux-gnu.so
[15.587s] -- Symlinking: /home/allen/rm_ws/install/teb_msgs/share/teb_msgs/msg/FeedbackMsg.idl
[15.611s] -- Symlinking: /home/allen/rm_ws/install/teb_msgs/share/teb_msgs/msg/TrajectoryMsg.idl
[15.634s] -- Symlinking: /home/allen/rm_ws/install/teb_msgs/share/teb_msgs/msg/TrajectoryPointMsg.idl
[15.657s] -- Symlinking: /home/allen/rm_ws/install/teb_msgs/share/teb_msgs/msg/FeedbackMsg.msg
[15.679s] -- Symlinking: /home/allen/rm_ws/install/teb_msgs/share/teb_msgs/msg/TrajectoryMsg.msg
[15.702s] -- Symlinking: /home/allen/rm_ws/install/teb_msgs/share/teb_msgs/msg/TrajectoryPointMsg.msg
[15.725s] -- Symlinking: /home/allen/rm_ws/install/teb_msgs/share/ament_index/resource_index/package_run_dependencies/teb_msgs
[15.746s] -- Symlinking: /home/allen/rm_ws/install/teb_msgs/share/ament_index/resource_index/parent_prefix_path/teb_msgs
[15.770s] -- Symlinking: /home/allen/rm_ws/install/teb_msgs/share/teb_msgs/environment/ament_prefix_path.sh
[15.793s] -- Symlinking: /home/allen/rm_ws/install/teb_msgs/share/teb_msgs/environment/ament_prefix_path.dsv
[15.817s] -- Symlinking: /home/allen/rm_ws/install/teb_msgs/share/teb_msgs/environment/path.sh
[15.837s] -- Symlinking: /home/allen/rm_ws/install/teb_msgs/share/teb_msgs/environment/path.dsv
[15.858s] -- Symlinking: /home/allen/rm_ws/install/teb_msgs/share/teb_msgs/local_setup.bash
[15.882s] -- Symlinking: /home/allen/rm_ws/install/teb_msgs/share/teb_msgs/local_setup.sh
[15.898s] -- Symlinking: /home/allen/rm_ws/install/teb_msgs/share/teb_msgs/local_setup.zsh
[15.906s] -- Symlinking: /home/allen/rm_ws/install/teb_msgs/share/teb_msgs/local_setup.dsv
[15.918s] -- Symlinking: /home/allen/rm_ws/install/teb_msgs/share/teb_msgs/package.dsv
[15.929s] -- Symlinking: /home/allen/rm_ws/install/teb_msgs/share/ament_index/resource_index/packages/teb_msgs
[15.939s] -- Symlinking: /home/allen/rm_ws/install/teb_msgs/share/teb_msgs/cmake/rosidl_cmake-extras.cmake
[15.951s] -- Symlinking: /home/allen/rm_ws/install/teb_msgs/share/teb_msgs/cmake/ament_cmake_export_dependencies-extras.cmake
[15.966s] -- Symlinking: /home/allen/rm_ws/install/teb_msgs/share/teb_msgs/cmake/ament_cmake_export_include_directories-extras.cmake
[15.986s] -- Symlinking: /home/allen/rm_ws/install/teb_msgs/share/teb_msgs/cmake/ament_cmake_export_libraries-extras.cmake
[16.010s] -- Symlinking: /home/allen/rm_ws/install/teb_msgs/share/teb_msgs/cmake/ament_cmake_export_targets-extras.cmake
[16.033s] -- Symlinking: /home/allen/rm_ws/install/teb_msgs/share/teb_msgs/cmake/rosidl_cmake_export_typesupport_targets-extras.cmake
[16.056s] -- Symlinking: /home/allen/rm_ws/install/teb_msgs/share/teb_msgs/cmake/rosidl_cmake_export_typesupport_libraries-extras.cmake
[16.079s] -- Symlinking: /home/allen/rm_ws/install/teb_msgs/share/teb_msgs/cmake/teb_msgsConfig.cmake
[16.101s] -- Symlinking: /home/allen/rm_ws/install/teb_msgs/share/teb_msgs/cmake/teb_msgsConfig-version.cmake
[16.123s] -- Symlinking: /home/allen/rm_ws/install/teb_msgs/share/teb_msgs/package.xml
[16.146s] -- Installing: /home/allen/rm_ws/install/teb_msgs/lib/libteb_msgs__rosidl_generator_c.so
[16.146s] -- Set runtime path of "/home/allen/rm_ws/install/teb_msgs/lib/libteb_msgs__rosidl_generator_c.so" to ""
[16.146s] -- Installing: /home/allen/rm_ws/install/teb_msgs/lib/libteb_msgs__rosidl_typesupport_fastrtps_c.so
[16.146s] -- Set runtime path of "/home/allen/rm_ws/install/teb_msgs/lib/libteb_msgs__rosidl_typesupport_fastrtps_c.so" to ""
[16.148s] -- Installing: /home/allen/rm_ws/install/teb_msgs/lib/libteb_msgs__rosidl_typesupport_fastrtps_cpp.so
[16.148s] -- Set runtime path of "/home/allen/rm_ws/install/teb_msgs/lib/libteb_msgs__rosidl_typesupport_fastrtps_cpp.so" to ""
[16.148s] -- Installing: /home/allen/rm_ws/install/teb_msgs/lib/libteb_msgs__rosidl_typesupport_introspection_c.so
[16.149s] -- Set runtime path of "/home/allen/rm_ws/install/teb_msgs/lib/libteb_msgs__rosidl_typesupport_introspection_c.so" to ""
[16.149s] -- Installing: /home/allen/rm_ws/install/teb_msgs/lib/libteb_msgs__rosidl_typesupport_c.so
[16.152s] -- Set runtime path of "/home/allen/rm_ws/install/teb_msgs/lib/libteb_msgs__rosidl_typesupport_c.so" to ""
[16.152s] -- Installing: /home/allen/rm_ws/install/teb_msgs/lib/libteb_msgs__rosidl_typesupport_introspection_cpp.so
[16.152s] -- Set runtime path of "/home/allen/rm_ws/install/teb_msgs/lib/libteb_msgs__rosidl_typesupport_introspection_cpp.so" to ""
[16.152s] -- Installing: /home/allen/rm_ws/install/teb_msgs/lib/libteb_msgs__rosidl_typesupport_cpp.so
[16.152s] -- Set runtime path of "/home/allen/rm_ws/install/teb_msgs/lib/libteb_msgs__rosidl_typesupport_cpp.so" to ""
[16.237s] Listing '/home/allen/rm_ws/install/teb_msgs/local/lib/python3.10/dist-packages/teb_msgs'...
[16.237s] Compiling '/home/allen/rm_ws/install/teb_msgs/local/lib/python3.10/dist-packages/teb_msgs/__init__.py'...
[16.238s] Listing '/home/allen/rm_ws/install/teb_msgs/local/lib/python3.10/dist-packages/teb_msgs/msg'...
[16.238s] Compiling '/home/allen/rm_ws/install/teb_msgs/local/lib/python3.10/dist-packages/teb_msgs/msg/__init__.py'...
[16.238s] Compiling '/home/allen/rm_ws/install/teb_msgs/local/lib/python3.10/dist-packages/teb_msgs/msg/_feedback_msg.py'...
[16.238s] Compiling '/home/allen/rm_ws/install/teb_msgs/local/lib/python3.10/dist-packages/teb_msgs/msg/_trajectory_msg.py'...
[16.238s] Compiling '/home/allen/rm_ws/install/teb_msgs/local/lib/python3.10/dist-packages/teb_msgs/msg/_trajectory_point_msg.py'...
[16.250s] -- Installing: /home/allen/rm_ws/install/teb_msgs/lib/libteb_msgs__rosidl_generator_py.so
[16.250s] -- Set runtime path of "/home/allen/rm_ws/install/teb_msgs/lib/libteb_msgs__rosidl_generator_py.so" to ""
[16.254s] -- Installing: /home/allen/rm_ws/install/teb_msgs/share/teb_msgs/cmake/export_teb_msgs__rosidl_generator_cExport.cmake
[16.254s] -- Installing: /home/allen/rm_ws/install/teb_msgs/share/teb_msgs/cmake/export_teb_msgs__rosidl_generator_cExport-noconfig.cmake
[16.254s] -- Installing: /home/allen/rm_ws/install/teb_msgs/share/teb_msgs/cmake/export_teb_msgs__rosidl_typesupport_fastrtps_cExport.cmake
[16.254s] -- Installing: /home/allen/rm_ws/install/teb_msgs/share/teb_msgs/cmake/export_teb_msgs__rosidl_typesupport_fastrtps_cExport-noconfig.cmake
[16.255s] -- Installing: /home/allen/rm_ws/install/teb_msgs/share/teb_msgs/cmake/export_teb_msgs__rosidl_generator_cppExport.cmake
[16.255s] -- Installing: /home/allen/rm_ws/install/teb_msgs/share/teb_msgs/cmake/export_teb_msgs__rosidl_typesupport_fastrtps_cppExport.cmake
[16.257s] -- Installing: /home/allen/rm_ws/install/teb_msgs/share/teb_msgs/cmake/export_teb_msgs__rosidl_typesupport_fastrtps_cppExport-noconfig.cmake
[16.257s] -- Installing: /home/allen/rm_ws/install/teb_msgs/share/teb_msgs/cmake/teb_msgs__rosidl_typesupport_introspection_cExport.cmake
[16.257s] -- Installing: /home/allen/rm_ws/install/teb_msgs/share/teb_msgs/cmake/teb_msgs__rosidl_typesupport_introspection_cExport-noconfig.cmake
[16.259s] -- Installing: /home/allen/rm_ws/install/teb_msgs/share/teb_msgs/cmake/teb_msgs__rosidl_typesupport_cExport.cmake
[16.259s] -- Installing: /home/allen/rm_ws/install/teb_msgs/share/teb_msgs/cmake/teb_msgs__rosidl_typesupport_cExport-noconfig.cmake
[16.259s] -- Installing: /home/allen/rm_ws/install/teb_msgs/share/teb_msgs/cmake/teb_msgs__rosidl_typesupport_introspection_cppExport.cmake
[16.259s] -- Installing: /home/allen/rm_ws/install/teb_msgs/share/teb_msgs/cmake/teb_msgs__rosidl_typesupport_introspection_cppExport-noconfig.cmake
[16.261s] -- Installing: /home/allen/rm_ws/install/teb_msgs/share/teb_msgs/cmake/teb_msgs__rosidl_typesupport_cppExport.cmake
[16.261s] -- Installing: /home/allen/rm_ws/install/teb_msgs/share/teb_msgs/cmake/teb_msgs__rosidl_typesupport_cppExport-noconfig.cmake
[16.261s] -- Installing: /home/allen/rm_ws/install/teb_msgs/share/teb_msgs/cmake/export_teb_msgs__rosidl_generator_pyExport.cmake
[16.261s] -- Installing: /home/allen/rm_ws/install/teb_msgs/share/teb_msgs/cmake/export_teb_msgs__rosidl_generator_pyExport-noconfig.cmake
[16.267s] Invoked command in '/home/allen/rm_ws/build/teb_msgs' returned '0': AMENT_PREFIX_PATH=/home/allen/rm_ws/install/costmap_converter_msgs:${AMENT_PREFIX_PATH} CMAKE_PREFIX_PATH=/home/allen/rm_ws/install/costmap_converter_msgs:/opt/ros/humble LD_LIBRARY_PATH=/home/allen/rm_ws/install/costmap_converter_msgs/lib:/usr/lib/x86_64-linux-gnu/gazebo-11/plugins:/opt/ros/humble/opt/rviz_ogre_vendor/lib:/opt/ros/humble/lib/x86_64-linux-gnu:/opt/ros/humble/opt/openvdb_vendor/lib:/opt/ros/humble/lib:/usr/local/lib PYTHONPATH=/home/allen/rm_ws/install/costmap_converter_msgs/local/lib/python3.10/dist-packages:${PYTHONPATH} /usr/bin/cmake --install /home/allen/rm_ws/build/teb_msgs
