[0.030s] Invoking command in '/home/allen/rm_ws/build/rmbot2': CMAKE_PREFIX_PATH=/opt/ros/humble /usr/bin/cmake /home/allen/rm_ws/src/rmbot2 -DAMENT_CMAKE_SYMLINK_INSTALL=1 -DCMAKE_INSTALL_PREFIX=/home/allen/rm_ws/install/rmbot2
[0.174s] -- The C compiler identification is GNU 11.4.0
[0.294s] -- The CXX compiler identification is GNU 11.4.0
[0.311s] -- Detecting C compiler ABI info
[0.502s] -- Detecting C compiler ABI info - done
[0.509s] -- Check for working C compiler: /usr/bin/cc - skipped
[0.510s] -- Detecting C compile features
[0.510s] -- Detecting C compile features - done
[0.516s] -- Detecting CXX compiler ABI info
[0.722s] -- Detecting CXX compiler ABI info - done
[0.729s] -- Check for working CXX compiler: /usr/bin/c++ - skipped
[0.730s] -- Detecting CXX compile features
[0.733s] -- Detecting CXX compile features - done
[0.737s] -- Found ament_cmake: 1.3.11 (/opt/ros/humble/share/ament_cmake/cmake)
[0.997s] -- Found Python3: /usr/bin/python3 (found version "3.10.12") found components: Interpreter 
[1.095s] -- Override CMake install command with custom implementation using symlinks instead of copying resources
[1.145s] -- Found rclcpp: 16.0.11 (/opt/ros/humble/share/rclcpp/cmake)
[1.212s] -- Found rosidl_generator_c: 3.1.6 (/opt/ros/humble/share/rosidl_generator_c/cmake)
[1.220s] -- Found rosidl_adapter: 3.1.6 (/opt/ros/humble/share/rosidl_adapter/cmake)
[1.237s] -- Found rosidl_generator_cpp: 3.1.6 (/opt/ros/humble/share/rosidl_generator_cpp/cmake)
[1.257s] -- Using all available rosidl_typesupport_c: rosidl_typesupport_fastrtps_c;rosidl_typesupport_introspection_c
[1.283s] -- Using all available rosidl_typesupport_cpp: rosidl_typesupport_fastrtps_cpp;rosidl_typesupport_introspection_cpp
[1.363s] -- Found rmw_implementation_cmake: 6.1.2 (/opt/ros/humble/share/rmw_implementation_cmake/cmake)
[1.367s] -- Found rmw_cyclonedds_cpp: 1.3.4 (/opt/ros/humble/share/rmw_cyclonedds_cpp/cmake)
[1.396s] -- Using RMW implementation 'rmw_cyclonedds_cpp' as default
[1.409s] -- Looking for pthread.h
[1.603s] -- Looking for pthread.h - found
[1.606s] -- Performing Test CMAKE_HAVE_LIBC_PTHREAD
[1.797s] -- Performing Test CMAKE_HAVE_LIBC_PTHREAD - Success
[1.799s] -- Found Threads: TRUE  
[1.891s] -- Found ament_lint_auto: 0.12.11 (/opt/ros/humble/share/ament_lint_auto/cmake)
[2.157s] -- Added test 'cppcheck' to perform static code analysis on C / C++ code
[2.159s] -- Configured cppcheck include dirs: 
[2.159s] -- Configured cppcheck exclude dirs and/or files: 
[2.162s] -- Added test 'flake8' to check Python code syntax and style conventions
[2.168s] -- Added test 'lint_cmake' to check CMake code style
[2.175s] -- Added test 'pep257' to check Python code against some of the docstring style conventions in PEP 257
[2.196s] -- Added test 'uncrustify' to check C / C++ code style
[2.198s] -- Configured uncrustify additional arguments: 
[2.201s] -- Added test 'xmllint' to check XML markup files
[2.204s] -- Configuring done
[2.218s] -- Generating done
[2.224s] -- Build files have been written to: /home/allen/rm_ws/build/rmbot2
[2.246s] Invoked command in '/home/allen/rm_ws/build/rmbot2' returned '0': CMAKE_PREFIX_PATH=/opt/ros/humble /usr/bin/cmake /home/allen/rm_ws/src/rmbot2 -DAMENT_CMAKE_SYMLINK_INSTALL=1 -DCMAKE_INSTALL_PREFIX=/home/allen/rm_ws/install/rmbot2
[2.247s] Invoking command in '/home/allen/rm_ws/build/rmbot2': CMAKE_PREFIX_PATH=/opt/ros/humble /usr/bin/cmake --build /home/allen/rm_ws/build/rmbot2 -- -j2 -l2
[2.382s] Invoked command in '/home/allen/rm_ws/build/rmbot2' returned '0': CMAKE_PREFIX_PATH=/opt/ros/humble /usr/bin/cmake --build /home/allen/rm_ws/build/rmbot2 -- -j2 -l2
[2.388s] Invoking command in '/home/allen/rm_ws/build/rmbot2': CMAKE_PREFIX_PATH=/opt/ros/humble /usr/bin/cmake --install /home/allen/rm_ws/build/rmbot2
[2.413s] -- Install configuration: ""
[2.416s] -- Execute custom install script
[2.416s] -- Symlinking: /home/allen/rm_ws/install/rmbot2/share/rmbot2/config/simulation/fastlio_mid360_sim.yaml
[2.440s] -- Symlinking: /home/allen/rm_ws/install/rmbot2/share/rmbot2/config/simulation/mapper_params_offline_async.yaml
[2.463s] -- Symlinking: /home/allen/rm_ws/install/rmbot2/share/rmbot2/config/simulation/mapper_params_online_async_sim.yaml
[2.487s] -- Symlinking: /home/allen/rm_ws/install/rmbot2/share/rmbot2/config/simulation/segmentation_sim.yaml
[2.510s] -- Symlinking: /home/allen/rm_ws/install/rmbot2/share/rmbot2/description/gazebo_control.xacro
[2.533s] -- Symlinking: /home/allen/rm_ws/install/rmbot2/share/rmbot2/description/gazebo_control2.xacro
[2.558s] -- Symlinking: /home/allen/rm_ws/install/rmbot2/share/rmbot2/description/gazebo_control3.xacro
[2.580s] -- Symlinking: /home/allen/rm_ws/install/rmbot2/share/rmbot2/description/inertial_macros.xacro
[2.604s] -- Symlinking: /home/allen/rm_ws/install/rmbot2/share/rmbot2/description/lidar.xacro
[2.629s] -- Symlinking: /home/allen/rm_ws/install/rmbot2/share/rmbot2/description/mid360.xacro
[2.651s] -- Symlinking: /home/allen/rm_ws/install/rmbot2/share/rmbot2/description/robot.urdf.xacro
[2.676s] -- Symlinking: /home/allen/rm_ws/install/rmbot2/share/rmbot2/description/robot_core2.xacro
[2.700s] -- Symlinking: /home/allen/rm_ws/install/rmbot2/share/rmbot2/description/robot_core_upper.xacro
[2.721s] -- Symlinking: /home/allen/rm_ws/install/rmbot2/share/rmbot2/description/robot_structure.xacro
[2.745s] -- Symlinking: /home/allen/rm_ws/install/rmbot2/share/rmbot2/description/wheel.xacro
[2.766s] -- Symlinking: /home/allen/rm_ws/install/rmbot2/share/rmbot2/launch/launch_world.launch.py
[2.791s] -- Symlinking: /home/allen/rm_ws/install/rmbot2/share/rmbot2/launch/lidar.launch.py
[2.812s] -- Symlinking: /home/allen/rm_ws/install/rmbot2/share/rmbot2/launch/mapping.launch.py
[2.840s] -- Symlinking: /home/allen/rm_ws/install/rmbot2/share/rmbot2/launch/nav.launch.py
[2.863s] -- Symlinking: /home/allen/rm_ws/install/rmbot2/share/rmbot2/launch/rsp.launch.py
[2.888s] -- Symlinking: /home/allen/rm_ws/install/rmbot2/share/rmbot2/launch/view.launch.py
[2.912s] -- Symlinking: /home/allen/rm_ws/install/rmbot2/share/rmbot2/world/RMUC2024_world/RMUC2024_world.world
[2.937s] -- Symlinking: /home/allen/rm_ws/install/rmbot2/share/rmbot2/world/RMUL2024_world/RMUL2024_world.world
[2.962s] -- Symlinking: /home/allen/rm_ws/install/rmbot2/share/rmbot2/world/RMUL2024_world/RMUL2024_world_dynamic_obstacles.world
[2.988s] -- Symlinking: /home/allen/rm_ws/install/rmbot2/share/rmbot2/world/RMUL2024_world/model.config
[3.012s] -- Symlinking: /home/allen/rm_ws/install/rmbot2/share/rmbot2/world/RMUL2024_world/model.sdf
[3.036s] -- Symlinking: /home/allen/rm_ws/install/rmbot2/share/rmbot2/world/RMUL2025NA_world/RMULNA2025_world.world
[3.060s] -- Symlinking: /home/allen/rm_ws/install/rmbot2/share/rmbot2/world/RMUL2025NA_world/RMULNA2025_world_dynamic_obstacles.world
[3.082s] -- Symlinking: /home/allen/rm_ws/install/rmbot2/share/rmbot2/world/RMUL2025NA_world/model.config
[3.107s] -- Symlinking: /home/allen/rm_ws/install/rmbot2/share/rmbot2/world/RMUL2025NA_world/model.sdf
[3.130s] -- Symlinking: /home/allen/rm_ws/install/rmbot2/share/rmbot2/map/rmul_map_save.pgm
[3.157s] -- Symlinking: /home/allen/rm_ws/install/rmbot2/share/rmbot2/map/rmul_map_save.yaml
[3.182s] -- Symlinking: /home/allen/rm_ws/install/rmbot2/share/rmbot2/map/rmul_map_serial.data
[3.205s] -- Symlinking: /home/allen/rm_ws/install/rmbot2/share/rmbot2/map/rmul_map_serial.posegraph
[3.228s] -- Symlinking: /home/allen/rm_ws/install/rmbot2/share/rmbot2/map/ul_map.data
[3.252s] -- Symlinking: /home/allen/rm_ws/install/rmbot2/share/rmbot2/map/ul_map.pgm
[3.274s] -- Symlinking: /home/allen/rm_ws/install/rmbot2/share/rmbot2/map/ul_map.posegraph
[3.297s] -- Symlinking: /home/allen/rm_ws/install/rmbot2/share/rmbot2/map/ul_map.yaml
[3.324s] -- Symlinking: /home/allen/rm_ws/install/rmbot2/share/rmbot2/meshes/RMUC2024_world/meshes/RMUC_2024.stl
[3.349s] -- Symlinking: /home/allen/rm_ws/install/rmbot2/share/rmbot2/meshes/RMUC2024_world/model.config
[3.374s] -- Symlinking: /home/allen/rm_ws/install/rmbot2/share/rmbot2/meshes/RMUC2024_world/model.sdf
[3.400s] -- Symlinking: /home/allen/rm_ws/install/rmbot2/share/rmbot2/meshes/RMUL2024_world/meshes/RMUL_2024.stl
[3.426s] -- Symlinking: /home/allen/rm_ws/install/rmbot2/share/rmbot2/meshes/mid360.stl
[3.449s] -- Symlinking: /home/allen/rm_ws/install/rmbot2/share/rmbot2/meshes/obstacles/obstacle1/model.config
[3.477s] -- Symlinking: /home/allen/rm_ws/install/rmbot2/share/rmbot2/meshes/obstacles/obstacle1/model.sdf
[3.501s] -- Symlinking: /home/allen/rm_ws/install/rmbot2/share/rmbot2/meshes/obstacles/obstacle10/model.config
[3.525s] -- Symlinking: /home/allen/rm_ws/install/rmbot2/share/rmbot2/meshes/obstacles/obstacle10/model.sdf
[3.550s] -- Symlinking: /home/allen/rm_ws/install/rmbot2/share/rmbot2/meshes/obstacles/obstacle11/model.config
[3.578s] -- Symlinking: /home/allen/rm_ws/install/rmbot2/share/rmbot2/meshes/obstacles/obstacle11/model.sdf
[3.608s] -- Symlinking: /home/allen/rm_ws/install/rmbot2/share/rmbot2/meshes/obstacles/obstacle12/model.config
[3.630s] -- Symlinking: /home/allen/rm_ws/install/rmbot2/share/rmbot2/meshes/obstacles/obstacle12/model.sdf
[3.654s] -- Symlinking: /home/allen/rm_ws/install/rmbot2/share/rmbot2/meshes/obstacles/obstacle2/model.config
[3.679s] -- Symlinking: /home/allen/rm_ws/install/rmbot2/share/rmbot2/meshes/obstacles/obstacle2/model.sdf
[3.706s] -- Symlinking: /home/allen/rm_ws/install/rmbot2/share/rmbot2/meshes/obstacles/obstacle3/model.config
[3.726s] -- Symlinking: /home/allen/rm_ws/install/rmbot2/share/rmbot2/meshes/obstacles/obstacle3/model.sdf
[3.751s] -- Symlinking: /home/allen/rm_ws/install/rmbot2/share/rmbot2/meshes/obstacles/obstacle4/model.config
[3.779s] -- Symlinking: /home/allen/rm_ws/install/rmbot2/share/rmbot2/meshes/obstacles/obstacle4/model.sdf
[3.803s] -- Symlinking: /home/allen/rm_ws/install/rmbot2/share/rmbot2/meshes/obstacles/obstacle5/model.config
[3.828s] -- Symlinking: /home/allen/rm_ws/install/rmbot2/share/rmbot2/meshes/obstacles/obstacle5/model.sdf
[3.858s] -- Symlinking: /home/allen/rm_ws/install/rmbot2/share/rmbot2/meshes/obstacles/obstacle6/model.config
[3.880s] -- Symlinking: /home/allen/rm_ws/install/rmbot2/share/rmbot2/meshes/obstacles/obstacle6/model.sdf
[3.904s] -- Symlinking: /home/allen/rm_ws/install/rmbot2/share/rmbot2/meshes/obstacles/obstacle7/model.config
[3.931s] -- Symlinking: /home/allen/rm_ws/install/rmbot2/share/rmbot2/meshes/obstacles/obstacle7/model.sdf
[3.971s] -- Symlinking: /home/allen/rm_ws/install/rmbot2/share/rmbot2/meshes/obstacles/obstacle8/model.config
[4.027s] -- Symlinking: /home/allen/rm_ws/install/rmbot2/share/rmbot2/meshes/obstacles/obstacle8/model.sdf
[4.073s] -- Symlinking: /home/allen/rm_ws/install/rmbot2/share/rmbot2/meshes/obstacles/obstacle9/model.config
[4.099s] -- Symlinking: /home/allen/rm_ws/install/rmbot2/share/rmbot2/meshes/obstacles/obstacle9/model.sdf
[4.124s] -- Symlinking: /home/allen/rm_ws/install/rmbot2/share/rmbot2/meshes/obstacles/obstacle_plugin/CMakeLists.txt
[4.151s] -- Symlinking: /home/allen/rm_ws/install/rmbot2/share/rmbot2/meshes/obstacles/obstacle_plugin/lib/libobstacle1.so
[4.180s] -- Symlinking: /home/allen/rm_ws/install/rmbot2/share/rmbot2/meshes/obstacles/obstacle_plugin/lib/libobstacle10.so
[4.202s] -- Symlinking: /home/allen/rm_ws/install/rmbot2/share/rmbot2/meshes/obstacles/obstacle_plugin/lib/libobstacle11.so
[4.228s] -- Symlinking: /home/allen/rm_ws/install/rmbot2/share/rmbot2/meshes/obstacles/obstacle_plugin/lib/libobstacle12.so
[4.253s] -- Symlinking: /home/allen/rm_ws/install/rmbot2/share/rmbot2/meshes/obstacles/obstacle_plugin/lib/libobstacle2.so
[4.280s] -- Symlinking: /home/allen/rm_ws/install/rmbot2/share/rmbot2/meshes/obstacles/obstacle_plugin/lib/libobstacle3.so
[4.305s] -- Symlinking: /home/allen/rm_ws/install/rmbot2/share/rmbot2/meshes/obstacles/obstacle_plugin/lib/libobstacle4.so
[4.335s] -- Symlinking: /home/allen/rm_ws/install/rmbot2/share/rmbot2/meshes/obstacles/obstacle_plugin/lib/libobstacle5.so
[4.362s] -- Symlinking: /home/allen/rm_ws/install/rmbot2/share/rmbot2/meshes/obstacles/obstacle_plugin/lib/libobstacle6.so
[4.387s] -- Symlinking: /home/allen/rm_ws/install/rmbot2/share/rmbot2/meshes/obstacles/obstacle_plugin/lib/libobstacle7.so
[4.411s] -- Symlinking: /home/allen/rm_ws/install/rmbot2/share/rmbot2/meshes/obstacles/obstacle_plugin/lib/libobstacle8.so
[4.436s] -- Symlinking: /home/allen/rm_ws/install/rmbot2/share/rmbot2/meshes/obstacles/obstacle_plugin/lib/libobstacle9.so
[4.467s] -- Symlinking: /home/allen/rm_ws/install/rmbot2/share/rmbot2/meshes/obstacles/obstacle_plugin/lib/libobstacles.so
[4.491s] -- Symlinking: /home/allen/rm_ws/install/rmbot2/share/rmbot2/meshes/obstacles/obstacle_plugin/obstacle1.cc
[4.515s] -- Symlinking: /home/allen/rm_ws/install/rmbot2/share/rmbot2/meshes/obstacles/obstacle_plugin/obstacle10.cc
[4.541s] -- Symlinking: /home/allen/rm_ws/install/rmbot2/share/rmbot2/meshes/obstacles/obstacle_plugin/obstacle11.cc
[4.567s] -- Symlinking: /home/allen/rm_ws/install/rmbot2/share/rmbot2/meshes/obstacles/obstacle_plugin/obstacle12.cc
[4.593s] -- Symlinking: /home/allen/rm_ws/install/rmbot2/share/rmbot2/meshes/obstacles/obstacle_plugin/obstacle13.cc
[4.622s] -- Symlinking: /home/allen/rm_ws/install/rmbot2/share/rmbot2/meshes/obstacles/obstacle_plugin/obstacle2.cc
[4.650s] -- Symlinking: /home/allen/rm_ws/install/rmbot2/share/rmbot2/meshes/obstacles/obstacle_plugin/obstacle3.cc
[4.677s] -- Symlinking: /home/allen/rm_ws/install/rmbot2/share/rmbot2/meshes/obstacles/obstacle_plugin/obstacle4.cc
[4.701s] -- Symlinking: /home/allen/rm_ws/install/rmbot2/share/rmbot2/meshes/obstacles/obstacle_plugin/obstacle5.cc
[4.727s] -- Symlinking: /home/allen/rm_ws/install/rmbot2/share/rmbot2/meshes/obstacles/obstacle_plugin/obstacle6.cc
[4.753s] -- Symlinking: /home/allen/rm_ws/install/rmbot2/share/rmbot2/meshes/obstacles/obstacle_plugin/obstacle7.cc
[4.781s] -- Symlinking: /home/allen/rm_ws/install/rmbot2/share/rmbot2/meshes/obstacles/obstacle_plugin/obstacle8.cc
[4.807s] -- Symlinking: /home/allen/rm_ws/install/rmbot2/share/rmbot2/meshes/obstacles/obstacle_plugin/obstacle9.cc
[4.831s] -- Symlinking: /home/allen/rm_ws/install/rmbot2/share/rmbot2/meshes/obstacles/obstacle_plugin/obstacles.cc
[4.865s] -- Symlinking: /home/allen/rm_ws/install/rmbot2/share/rmbot2/rviz/fastlio.rviz
[4.896s] -- Symlinking: /home/allen/rm_ws/install/rmbot2/share/rmbot2/rviz/gazebo.rviz
[4.921s] -- Symlinking: /home/allen/rm_ws/install/rmbot2/share/rmbot2/rviz/pointlio.rviz
[4.943s] -- Symlinking: /home/allen/rm_ws/install/rmbot2/share/rmbot2/rviz/rviz2.rviz
[4.965s] -- Symlinking: /home/allen/rm_ws/install/rmbot2/share/rmbot2/rviz/rviz_lidar.rviz
[4.992s] -- Symlinking: /home/allen/rm_ws/install/rmbot2/share/ament_index/resource_index/package_run_dependencies/rmbot2
[5.017s] -- Symlinking: /home/allen/rm_ws/install/rmbot2/share/ament_index/resource_index/parent_prefix_path/rmbot2
[5.042s] -- Symlinking: /home/allen/rm_ws/install/rmbot2/share/rmbot2/environment/ament_prefix_path.sh
[5.066s] -- Symlinking: /home/allen/rm_ws/install/rmbot2/share/rmbot2/environment/ament_prefix_path.dsv
[5.092s] -- Symlinking: /home/allen/rm_ws/install/rmbot2/share/rmbot2/environment/path.sh
[5.114s] -- Symlinking: /home/allen/rm_ws/install/rmbot2/share/rmbot2/environment/path.dsv
[5.140s] -- Symlinking: /home/allen/rm_ws/install/rmbot2/share/rmbot2/local_setup.bash
[5.166s] -- Symlinking: /home/allen/rm_ws/install/rmbot2/share/rmbot2/local_setup.sh
[5.195s] -- Symlinking: /home/allen/rm_ws/install/rmbot2/share/rmbot2/local_setup.zsh
[5.220s] -- Symlinking: /home/allen/rm_ws/install/rmbot2/share/rmbot2/local_setup.dsv
[5.249s] -- Symlinking: /home/allen/rm_ws/install/rmbot2/share/rmbot2/package.dsv
[5.281s] -- Symlinking: /home/allen/rm_ws/install/rmbot2/share/ament_index/resource_index/packages/rmbot2
[5.305s] -- Symlinking: /home/allen/rm_ws/install/rmbot2/share/rmbot2/cmake/rmbot2Config.cmake
[5.328s] -- Symlinking: /home/allen/rm_ws/install/rmbot2/share/rmbot2/cmake/rmbot2Config-version.cmake
[5.352s] -- Symlinking: /home/allen/rm_ws/install/rmbot2/share/rmbot2/package.xml
[5.386s] Invoked command in '/home/allen/rm_ws/build/rmbot2' returned '0': CMAKE_PREFIX_PATH=/opt/ros/humble /usr/bin/cmake --install /home/allen/rm_ws/build/rmbot2
