[0.053s] Invoking command in '/home/allen/rm_ws/build/teb_msgs': AMENT_PREFIX_PATH=/home/allen/rm_ws/install/costmap_converter_msgs:${AMENT_PREFIX_PATH} CMAKE_PREFIX_PATH=/home/allen/rm_ws/install/costmap_converter_msgs:/opt/ros/humble LD_LIBRARY_PATH=/home/allen/rm_ws/install/costmap_converter_msgs/lib:/usr/lib/x86_64-linux-gnu/gazebo-11/plugins:/opt/ros/humble/opt/rviz_ogre_vendor/lib:/opt/ros/humble/lib/x86_64-linux-gnu:/opt/ros/humble/opt/openvdb_vendor/lib:/opt/ros/humble/lib:/usr/local/lib PYTHONPATH=/home/allen/rm_ws/install/costmap_converter_msgs/local/lib/python3.10/dist-packages:${PYTHONPATH} /usr/bin/cmake /home/allen/rm_ws/src/rm_navigation/teb_local_planner/teb_msgs -DAMENT_CMAKE_SYMLINK_INSTALL=1 -DCMAKE_INSTALL_PREFIX=/home/allen/rm_ws/install/teb_msgs
[0.241s] -- The C compiler identification is GNU 11.4.0
[0.442s] -- The CXX compiler identification is GNU 11.4.0
[0.472s] -- Detecting C compiler ABI info
[0.811s] -- Detecting C compiler ABI info - done
[0.824s] -- Check for working C compiler: /usr/bin/cc - skipped
[0.824s] -- Detecting C compile features
[0.824s] -- Detecting C compile features - done
[0.834s] -- Detecting CXX compiler ABI info
[1.196s] -- Detecting CXX compiler ABI info - done
[1.210s] -- Check for working CXX compiler: /usr/bin/c++ - skipped
[1.214s] -- Detecting CXX compile features
[1.214s] -- Detecting CXX compile features - done
[1.225s] -- Found ament_cmake: 1.3.11 (/opt/ros/humble/share/ament_cmake/cmake)
[1.681s] -- Found Python3: /usr/bin/python3 (found version "3.10.12") found components: Interpreter 
[1.858s] -- Override CMake install command with custom implementation using symlinks instead of copying resources
[1.955s] -- Found builtin_interfaces: 1.2.1 (/opt/ros/humble/share/builtin_interfaces/cmake)
[2.013s] -- Found rosidl_generator_c: 3.1.6 (/opt/ros/humble/share/rosidl_generator_c/cmake)
[2.020s] -- Found rosidl_adapter: 3.1.6 (/opt/ros/humble/share/rosidl_adapter/cmake)
[2.034s] -- Found rosidl_generator_cpp: 3.1.6 (/opt/ros/humble/share/rosidl_generator_cpp/cmake)
[2.054s] -- Using all available rosidl_typesupport_c: rosidl_typesupport_fastrtps_c;rosidl_typesupport_introspection_c
[2.099s] -- Using all available rosidl_typesupport_cpp: rosidl_typesupport_fastrtps_cpp;rosidl_typesupport_introspection_cpp
[2.139s] -- Found costmap_converter_msgs: 0.1.2 (/home/allen/rm_ws/install/costmap_converter_msgs/share/costmap_converter_msgs/cmake)
[2.210s] -- Found rosidl_default_generators: 1.2.0 (/opt/ros/humble/share/rosidl_default_generators/cmake)
[2.934s] -- Found ament_cmake_ros: 0.10.0 (/opt/ros/humble/share/ament_cmake_ros/cmake)
[4.243s] -- Using all available rosidl_typesupport_c: rosidl_typesupport_fastrtps_c;rosidl_typesupport_introspection_c
[4.787s] -- Using all available rosidl_typesupport_cpp: rosidl_typesupport_fastrtps_cpp;rosidl_typesupport_introspection_cpp
[4.867s] -- Found PythonInterp: /usr/bin/python3 (found suitable version "3.10.12", minimum required is "3.6") 
[4.874s] -- Found python_cmake_module: 0.10.0 (/opt/ros/humble/share/python_cmake_module/cmake)
[4.962s] -- Found PythonLibs: /usr/lib/x86_64-linux-gnu/libpython3.10.so (found suitable version "3.10.12", minimum required is "3.5") 
[4.964s] -- Using PYTHON_EXECUTABLE: /usr/bin/python3
[4.964s] -- Using PYTHON_INCLUDE_DIRS: /usr/include/python3.10
[4.964s] -- Using PYTHON_LIBRARIES: /usr/lib/x86_64-linux-gnu/libpython3.10.so
[5.043s] -- Found PythonExtra: .so  
[5.287s] -- Configuring done
[5.381s] -- Generating done
[5.396s] -- Build files have been written to: /home/allen/rm_ws/build/teb_msgs
[5.413s] Invoked command in '/home/allen/rm_ws/build/teb_msgs' returned '0': AMENT_PREFIX_PATH=/home/allen/rm_ws/install/costmap_converter_msgs:${AMENT_PREFIX_PATH} CMAKE_PREFIX_PATH=/home/allen/rm_ws/install/costmap_converter_msgs:/opt/ros/humble LD_LIBRARY_PATH=/home/allen/rm_ws/install/costmap_converter_msgs/lib:/usr/lib/x86_64-linux-gnu/gazebo-11/plugins:/opt/ros/humble/opt/rviz_ogre_vendor/lib:/opt/ros/humble/lib/x86_64-linux-gnu:/opt/ros/humble/opt/openvdb_vendor/lib:/opt/ros/humble/lib:/usr/local/lib PYTHONPATH=/home/allen/rm_ws/install/costmap_converter_msgs/local/lib/python3.10/dist-packages:${PYTHONPATH} /usr/bin/cmake /home/allen/rm_ws/src/rm_navigation/teb_local_planner/teb_msgs -DAMENT_CMAKE_SYMLINK_INSTALL=1 -DCMAKE_INSTALL_PREFIX=/home/allen/rm_ws/install/teb_msgs
[5.417s] Invoking command in '/home/allen/rm_ws/build/teb_msgs': AMENT_PREFIX_PATH=/home/allen/rm_ws/install/costmap_converter_msgs:${AMENT_PREFIX_PATH} CMAKE_PREFIX_PATH=/home/allen/rm_ws/install/costmap_converter_msgs:/opt/ros/humble LD_LIBRARY_PATH=/home/allen/rm_ws/install/costmap_converter_msgs/lib:/usr/lib/x86_64-linux-gnu/gazebo-11/plugins:/opt/ros/humble/opt/rviz_ogre_vendor/lib:/opt/ros/humble/lib/x86_64-linux-gnu:/opt/ros/humble/opt/openvdb_vendor/lib:/opt/ros/humble/lib:/usr/local/lib PYTHONPATH=/home/allen/rm_ws/install/costmap_converter_msgs/local/lib/python3.10/dist-packages:${PYTHONPATH} /usr/bin/cmake --build /home/allen/rm_ws/build/teb_msgs -- -j2 -l2
[5.550s] [  2%] [34m[1mGenerating C code for ROS interfaces[0m
[5.608s] [  4%] [34m[1mGenerating C++ code for ROS interfaces[0m
[6.981s] [  6%] [32mBuilding C object CMakeFiles/teb_msgs__rosidl_generator_c.dir/rosidl_generator_c/teb_msgs/msg/detail/feedback_msg__functions.c.o[0m
[7.047s] [  6%] Built target teb_msgs__cpp
[7.216s] [  6%] Built target ament_cmake_python_symlink_teb_msgs
[7.239s] [  8%] [32mBuilding C object CMakeFiles/teb_msgs__rosidl_generator_c.dir/rosidl_generator_c/teb_msgs/msg/detail/trajectory_msg__functions.c.o[0m
[7.267s] [ 10%] [34m[1mGenerating C++ type support dispatch for ROS interfaces[0m
[7.473s] [ 12%] [32mBuilding C object CMakeFiles/teb_msgs__rosidl_generator_c.dir/rosidl_generator_c/teb_msgs/msg/detail/trajectory_point_msg__functions.c.o[0m
[7.695s] [ 14%] [32m[1mLinking C shared library libteb_msgs__rosidl_generator_c.so[0m
[7.885s] [ 14%] Built target teb_msgs__rosidl_generator_c
[7.940s] [ 17%] [34m[1mGenerating C++ type support for eProsima Fast-RTPS[0m
[8.181s] [ 19%] [32mBuilding CXX object CMakeFiles/teb_msgs__rosidl_typesupport_cpp.dir/rosidl_typesupport_cpp/teb_msgs/msg/feedback_msg__type_support.cpp.o[0m
[9.048s] [ 21%] [32mBuilding CXX object CMakeFiles/teb_msgs__rosidl_typesupport_fastrtps_cpp.dir/rosidl_typesupport_fastrtps_cpp/teb_msgs/msg/detail/dds_fastrtps/feedback_msg__type_support.cpp.o[0m
[9.151s] [ 23%] [32mBuilding CXX object CMakeFiles/teb_msgs__rosidl_typesupport_cpp.dir/rosidl_typesupport_cpp/teb_msgs/msg/trajectory_msg__type_support.cpp.o[0m
[10.046s] [ 25%] [32mBuilding CXX object CMakeFiles/teb_msgs__rosidl_typesupport_cpp.dir/rosidl_typesupport_cpp/teb_msgs/msg/trajectory_point_msg__type_support.cpp.o[0m
[10.447s] [ 27%] [32mBuilding CXX object CMakeFiles/teb_msgs__rosidl_typesupport_fastrtps_cpp.dir/rosidl_typesupport_fastrtps_cpp/teb_msgs/msg/detail/dds_fastrtps/trajectory_msg__type_support.cpp.o[0m
[11.044s] [ 29%] [32m[1mLinking CXX shared library libteb_msgs__rosidl_typesupport_cpp.so[0m
[11.259s] [ 29%] Built target teb_msgs__rosidl_typesupport_cpp
[11.317s] [ 31%] [34m[1mGenerating C introspection for ROS interfaces[0m
[11.908s] [ 34%] [32mBuilding CXX object CMakeFiles/teb_msgs__rosidl_typesupport_fastrtps_cpp.dir/rosidl_typesupport_fastrtps_cpp/teb_msgs/msg/detail/dds_fastrtps/trajectory_point_msg__type_support.cpp.o[0m
[12.373s] [ 36%] [32mBuilding C object CMakeFiles/teb_msgs__rosidl_typesupport_introspection_c.dir/rosidl_typesupport_introspection_c/teb_msgs/msg/detail/feedback_msg__type_support.c.o[0m
[12.652s] [ 38%] [32mBuilding C object CMakeFiles/teb_msgs__rosidl_typesupport_introspection_c.dir/rosidl_typesupport_introspection_c/teb_msgs/msg/detail/trajectory_msg__type_support.c.o[0m
[12.847s] [ 40%] [32mBuilding C object CMakeFiles/teb_msgs__rosidl_typesupport_introspection_c.dir/rosidl_typesupport_introspection_c/teb_msgs/msg/detail/trajectory_point_msg__type_support.c.o[0m
[13.001s] [ 42%] [32m[1mLinking C shared library libteb_msgs__rosidl_typesupport_introspection_c.so[0m
[13.176s] [ 42%] Built target teb_msgs__rosidl_typesupport_introspection_c
[13.209s] [ 44%] [32m[1mLinking CXX shared library libteb_msgs__rosidl_typesupport_fastrtps_cpp.so[0m
[13.241s] [ 46%] [34m[1mGenerating C type support dispatch for ROS interfaces[0m
[13.580s] [ 46%] Built target teb_msgs__rosidl_typesupport_fastrtps_cpp
[13.637s] [ 48%] [34m[1mGenerating C++ introspection for ROS interfaces[0m
[14.073s] [ 51%] [32mBuilding CXX object CMakeFiles/teb_msgs__rosidl_typesupport_c.dir/rosidl_typesupport_c/teb_msgs/msg/feedback_msg__type_support.cpp.o[0m
[14.235s] [ 53%] [32mBuilding CXX object CMakeFiles/teb_msgs__rosidl_typesupport_c.dir/rosidl_typesupport_c/teb_msgs/msg/trajectory_msg__type_support.cpp.o[0m
[14.396s] [ 55%] [32mBuilding CXX object CMakeFiles/teb_msgs__rosidl_typesupport_c.dir/rosidl_typesupport_c/teb_msgs/msg/trajectory_point_msg__type_support.cpp.o[0m
[14.534s] [ 57%] [32m[1mLinking CXX shared library libteb_msgs__rosidl_typesupport_c.so[0m
[14.734s] [ 59%] [32mBuilding CXX object CMakeFiles/teb_msgs__rosidl_typesupport_introspection_cpp.dir/rosidl_typesupport_introspection_cpp/teb_msgs/msg/detail/feedback_msg__type_support.cpp.o[0m
[14.812s] [ 59%] Built target teb_msgs__rosidl_typesupport_c
[15.768s] [ 61%] [32mBuilding CXX object CMakeFiles/teb_msgs__rosidl_typesupport_introspection_cpp.dir/rosidl_typesupport_introspection_cpp/teb_msgs/msg/detail/trajectory_msg__type_support.cpp.o[0m
[16.664s] [ 63%] [32mBuilding CXX object CMakeFiles/teb_msgs__rosidl_typesupport_introspection_cpp.dir/rosidl_typesupport_introspection_cpp/teb_msgs/msg/detail/trajectory_point_msg__type_support.cpp.o[0m
[17.707s] [ 65%] [32m[1mLinking CXX shared library libteb_msgs__rosidl_typesupport_introspection_cpp.so[0m
[18.051s] [ 65%] Built target teb_msgs__rosidl_typesupport_introspection_cpp
[18.557s] running egg_info
[18.558s] creating teb_msgs.egg-info
[18.559s] writing teb_msgs.egg-info/PKG-INFO
[18.560s] writing dependency_links to teb_msgs.egg-info/dependency_links.txt
[18.561s] writing top-level names to teb_msgs.egg-info/top_level.txt
[18.565s] writing manifest file 'teb_msgs.egg-info/SOURCES.txt'
[18.567s] reading manifest file 'teb_msgs.egg-info/SOURCES.txt'
[18.568s] writing manifest file 'teb_msgs.egg-info/SOURCES.txt'
[18.633s] [ 65%] Built target ament_cmake_python_build_teb_msgs_egg
[18.690s] [ 68%] [34m[1mGenerating C type support for eProsima Fast-RTPS[0m
[19.623s] [ 70%] [32mBuilding CXX object CMakeFiles/teb_msgs__rosidl_typesupport_fastrtps_c.dir/rosidl_typesupport_fastrtps_c/teb_msgs/msg/detail/feedback_msg__type_support_c.cpp.o[0m
[20.719s] [ 72%] [32mBuilding CXX object CMakeFiles/teb_msgs__rosidl_typesupport_fastrtps_c.dir/rosidl_typesupport_fastrtps_c/teb_msgs/msg/detail/trajectory_msg__type_support_c.cpp.o[0m
[21.558s] [ 74%] [32mBuilding CXX object CMakeFiles/teb_msgs__rosidl_typesupport_fastrtps_c.dir/rosidl_typesupport_fastrtps_c/teb_msgs/msg/detail/trajectory_point_msg__type_support_c.cpp.o[0m
[22.372s] [ 76%] [32m[1mLinking CXX shared library libteb_msgs__rosidl_typesupport_fastrtps_c.so[0m
[22.574s] [ 76%] Built target teb_msgs__rosidl_typesupport_fastrtps_c
[22.681s] [ 76%] Built target teb_msgs
[22.790s] [ 78%] [34m[1mGenerating Python code for ROS interfaces[0m
[24.069s] [ 78%] Built target teb_msgs__py
[24.190s] [ 80%] [32mBuilding C object CMakeFiles/teb_msgs__rosidl_generator_py.dir/rosidl_generator_py/teb_msgs/msg/_feedback_msg_s.c.o[0m
[24.519s] [ 82%] [32mBuilding C object CMakeFiles/teb_msgs__rosidl_generator_py.dir/rosidl_generator_py/teb_msgs/msg/_trajectory_msg_s.c.o[0m
[24.840s] [ 85%] [32mBuilding C object CMakeFiles/teb_msgs__rosidl_generator_py.dir/rosidl_generator_py/teb_msgs/msg/_trajectory_point_msg_s.c.o[0m
[25.034s] [ 87%] [32m[1mLinking C shared library rosidl_generator_py/teb_msgs/libteb_msgs__rosidl_generator_py.so[0m
[25.137s] [ 87%] Built target teb_msgs__rosidl_generator_py
[25.236s] [ 89%] [32mBuilding C object CMakeFiles/teb_msgs__rosidl_typesupport_fastrtps_c__pyext.dir/rosidl_generator_py/teb_msgs/_teb_msgs_s.ep.rosidl_typesupport_fastrtps_c.c.o[0m
[25.484s] [ 91%] [32m[1mLinking C shared library rosidl_generator_py/teb_msgs/teb_msgs_s__rosidl_typesupport_fastrtps_c.cpython-310-x86_64-linux-gnu.so[0m
[25.597s] [ 91%] Built target teb_msgs__rosidl_typesupport_fastrtps_c__pyext
[25.650s] [ 93%] [32mBuilding C object CMakeFiles/teb_msgs__rosidl_typesupport_introspection_c__pyext.dir/rosidl_generator_py/teb_msgs/_teb_msgs_s.ep.rosidl_typesupport_introspection_c.c.o[0m
[25.890s] [ 95%] [32m[1mLinking C shared library rosidl_generator_py/teb_msgs/teb_msgs_s__rosidl_typesupport_introspection_c.cpython-310-x86_64-linux-gnu.so[0m
[26.006s] [ 95%] Built target teb_msgs__rosidl_typesupport_introspection_c__pyext
[26.058s] [ 97%] [32mBuilding C object CMakeFiles/teb_msgs__rosidl_typesupport_c__pyext.dir/rosidl_generator_py/teb_msgs/_teb_msgs_s.ep.rosidl_typesupport_c.c.o[0m
[26.296s] [100%] [32m[1mLinking C shared library rosidl_generator_py/teb_msgs/teb_msgs_s__rosidl_typesupport_c.cpython-310-x86_64-linux-gnu.so[0m
[26.408s] [100%] Built target teb_msgs__rosidl_typesupport_c__pyext
[26.435s] Invoked command in '/home/allen/rm_ws/build/teb_msgs' returned '0': AMENT_PREFIX_PATH=/home/allen/rm_ws/install/costmap_converter_msgs:${AMENT_PREFIX_PATH} CMAKE_PREFIX_PATH=/home/allen/rm_ws/install/costmap_converter_msgs:/opt/ros/humble LD_LIBRARY_PATH=/home/allen/rm_ws/install/costmap_converter_msgs/lib:/usr/lib/x86_64-linux-gnu/gazebo-11/plugins:/opt/ros/humble/opt/rviz_ogre_vendor/lib:/opt/ros/humble/lib/x86_64-linux-gnu:/opt/ros/humble/opt/openvdb_vendor/lib:/opt/ros/humble/lib:/usr/local/lib PYTHONPATH=/home/allen/rm_ws/install/costmap_converter_msgs/local/lib/python3.10/dist-packages:${PYTHONPATH} /usr/bin/cmake --build /home/allen/rm_ws/build/teb_msgs -- -j2 -l2
[26.438s] Invoking command in '/home/allen/rm_ws/build/teb_msgs': AMENT_PREFIX_PATH=/home/allen/rm_ws/install/costmap_converter_msgs:${AMENT_PREFIX_PATH} CMAKE_PREFIX_PATH=/home/allen/rm_ws/install/costmap_converter_msgs:/opt/ros/humble LD_LIBRARY_PATH=/home/allen/rm_ws/install/costmap_converter_msgs/lib:/usr/lib/x86_64-linux-gnu/gazebo-11/plugins:/opt/ros/humble/opt/rviz_ogre_vendor/lib:/opt/ros/humble/lib/x86_64-linux-gnu:/opt/ros/humble/opt/openvdb_vendor/lib:/opt/ros/humble/lib:/usr/local/lib PYTHONPATH=/home/allen/rm_ws/install/costmap_converter_msgs/local/lib/python3.10/dist-packages:${PYTHONPATH} /usr/bin/cmake --install /home/allen/rm_ws/build/teb_msgs
[26.459s] -- Install configuration: ""
[26.460s] -- Execute custom install script
[26.460s] -- Symlinking: /home/allen/rm_ws/install/teb_msgs/share/ament_index/resource_index/rosidl_interfaces/teb_msgs
[26.483s] -- Symlinking: /home/allen/rm_ws/install/teb_msgs/include/teb_msgs/teb_msgs/msg/detail/feedback_msg__functions.h
[26.503s] -- Symlinking: /home/allen/rm_ws/install/teb_msgs/include/teb_msgs/teb_msgs/msg/detail/feedback_msg__struct.h
[26.527s] -- Symlinking: /home/allen/rm_ws/install/teb_msgs/include/teb_msgs/teb_msgs/msg/detail/feedback_msg__type_support.h
[26.546s] -- Symlinking: /home/allen/rm_ws/install/teb_msgs/include/teb_msgs/teb_msgs/msg/detail/trajectory_msg__functions.h
[26.567s] -- Symlinking: /home/allen/rm_ws/install/teb_msgs/include/teb_msgs/teb_msgs/msg/detail/trajectory_msg__struct.h
[26.592s] -- Symlinking: /home/allen/rm_ws/install/teb_msgs/include/teb_msgs/teb_msgs/msg/detail/trajectory_msg__type_support.h
[26.616s] -- Symlinking: /home/allen/rm_ws/install/teb_msgs/include/teb_msgs/teb_msgs/msg/detail/trajectory_point_msg__functions.h
[26.635s] -- Symlinking: /home/allen/rm_ws/install/teb_msgs/include/teb_msgs/teb_msgs/msg/detail/trajectory_point_msg__struct.h
[26.658s] -- Symlinking: /home/allen/rm_ws/install/teb_msgs/include/teb_msgs/teb_msgs/msg/detail/trajectory_point_msg__type_support.h
[26.678s] -- Symlinking: /home/allen/rm_ws/install/teb_msgs/include/teb_msgs/teb_msgs/msg/feedback_msg.h
[26.700s] -- Symlinking: /home/allen/rm_ws/install/teb_msgs/include/teb_msgs/teb_msgs/msg/rosidl_generator_c__visibility_control.h
[26.721s] -- Symlinking: /home/allen/rm_ws/install/teb_msgs/include/teb_msgs/teb_msgs/msg/trajectory_msg.h
[26.741s] -- Symlinking: /home/allen/rm_ws/install/teb_msgs/include/teb_msgs/teb_msgs/msg/trajectory_point_msg.h
[26.765s] -- Symlinking: /home/allen/rm_ws/install/teb_msgs/share/teb_msgs/environment/library_path.sh
[26.796s] -- Symlinking: /home/allen/rm_ws/install/teb_msgs/share/teb_msgs/environment/library_path.dsv
[26.820s] -- Symlinking: /home/allen/rm_ws/install/teb_msgs/include/teb_msgs/teb_msgs/msg/detail/feedback_msg__rosidl_typesupport_fastrtps_c.h
[26.839s] -- Symlinking: /home/allen/rm_ws/install/teb_msgs/include/teb_msgs/teb_msgs/msg/detail/trajectory_msg__rosidl_typesupport_fastrtps_c.h
[26.860s] -- Symlinking: /home/allen/rm_ws/install/teb_msgs/include/teb_msgs/teb_msgs/msg/detail/trajectory_point_msg__rosidl_typesupport_fastrtps_c.h
[26.882s] -- Symlinking: /home/allen/rm_ws/install/teb_msgs/include/teb_msgs/teb_msgs/msg/rosidl_typesupport_fastrtps_c__visibility_control.h
[26.903s] -- Symlinking: /home/allen/rm_ws/install/teb_msgs/include/teb_msgs/teb_msgs/msg/detail/feedback_msg__builder.hpp
[26.922s] -- Symlinking: /home/allen/rm_ws/install/teb_msgs/include/teb_msgs/teb_msgs/msg/detail/feedback_msg__struct.hpp
[26.943s] -- Symlinking: /home/allen/rm_ws/install/teb_msgs/include/teb_msgs/teb_msgs/msg/detail/feedback_msg__traits.hpp
[26.965s] -- Symlinking: /home/allen/rm_ws/install/teb_msgs/include/teb_msgs/teb_msgs/msg/detail/feedback_msg__type_support.hpp
[26.987s] -- Symlinking: /home/allen/rm_ws/install/teb_msgs/include/teb_msgs/teb_msgs/msg/detail/trajectory_msg__builder.hpp
[27.009s] -- Symlinking: /home/allen/rm_ws/install/teb_msgs/include/teb_msgs/teb_msgs/msg/detail/trajectory_msg__struct.hpp
[27.031s] -- Symlinking: /home/allen/rm_ws/install/teb_msgs/include/teb_msgs/teb_msgs/msg/detail/trajectory_msg__traits.hpp
[27.050s] -- Symlinking: /home/allen/rm_ws/install/teb_msgs/include/teb_msgs/teb_msgs/msg/detail/trajectory_msg__type_support.hpp
[27.072s] -- Symlinking: /home/allen/rm_ws/install/teb_msgs/include/teb_msgs/teb_msgs/msg/detail/trajectory_point_msg__builder.hpp
[27.093s] -- Symlinking: /home/allen/rm_ws/install/teb_msgs/include/teb_msgs/teb_msgs/msg/detail/trajectory_point_msg__struct.hpp
[27.114s] -- Symlinking: /home/allen/rm_ws/install/teb_msgs/include/teb_msgs/teb_msgs/msg/detail/trajectory_point_msg__traits.hpp
[27.134s] -- Symlinking: /home/allen/rm_ws/install/teb_msgs/include/teb_msgs/teb_msgs/msg/detail/trajectory_point_msg__type_support.hpp
[27.157s] -- Symlinking: /home/allen/rm_ws/install/teb_msgs/include/teb_msgs/teb_msgs/msg/feedback_msg.hpp
[27.178s] -- Symlinking: /home/allen/rm_ws/install/teb_msgs/include/teb_msgs/teb_msgs/msg/rosidl_generator_cpp__visibility_control.hpp
[27.204s] -- Symlinking: /home/allen/rm_ws/install/teb_msgs/include/teb_msgs/teb_msgs/msg/trajectory_msg.hpp
[27.227s] -- Symlinking: /home/allen/rm_ws/install/teb_msgs/include/teb_msgs/teb_msgs/msg/trajectory_point_msg.hpp
[27.251s] -- Symlinking: /home/allen/rm_ws/install/teb_msgs/include/teb_msgs/teb_msgs/msg/detail/feedback_msg__rosidl_typesupport_fastrtps_cpp.hpp
[27.281s] -- Symlinking: /home/allen/rm_ws/install/teb_msgs/include/teb_msgs/teb_msgs/msg/detail/trajectory_msg__rosidl_typesupport_fastrtps_cpp.hpp
[27.305s] -- Symlinking: /home/allen/rm_ws/install/teb_msgs/include/teb_msgs/teb_msgs/msg/detail/trajectory_point_msg__rosidl_typesupport_fastrtps_cpp.hpp
[27.327s] -- Symlinking: /home/allen/rm_ws/install/teb_msgs/include/teb_msgs/teb_msgs/msg/rosidl_typesupport_fastrtps_cpp__visibility_control.h
[27.366s] -- Symlinking: /home/allen/rm_ws/install/teb_msgs/include/teb_msgs/teb_msgs/msg/detail/feedback_msg__rosidl_typesupport_introspection_c.h
[27.387s] -- Symlinking: /home/allen/rm_ws/install/teb_msgs/include/teb_msgs/teb_msgs/msg/detail/trajectory_msg__rosidl_typesupport_introspection_c.h
[27.414s] -- Symlinking: /home/allen/rm_ws/install/teb_msgs/include/teb_msgs/teb_msgs/msg/detail/trajectory_point_msg__rosidl_typesupport_introspection_c.h
[27.434s] -- Symlinking: /home/allen/rm_ws/install/teb_msgs/include/teb_msgs/teb_msgs/msg/rosidl_typesupport_introspection_c__visibility_control.h
[27.457s] -- Symlinking: /home/allen/rm_ws/install/teb_msgs/include/teb_msgs/teb_msgs/msg/detail/feedback_msg__rosidl_typesupport_introspection_cpp.hpp
[27.477s] -- Symlinking: /home/allen/rm_ws/install/teb_msgs/include/teb_msgs/teb_msgs/msg/detail/trajectory_msg__rosidl_typesupport_introspection_cpp.hpp
[27.498s] -- Symlinking: /home/allen/rm_ws/install/teb_msgs/include/teb_msgs/teb_msgs/msg/detail/trajectory_point_msg__rosidl_typesupport_introspection_cpp.hpp
[27.520s] -- Symlinking: /home/allen/rm_ws/install/teb_msgs/share/teb_msgs/environment/pythonpath.sh
[27.541s] -- Symlinking: /home/allen/rm_ws/install/teb_msgs/share/teb_msgs/environment/pythonpath.dsv
[27.566s] -- Symlinking: /home/allen/rm_ws/install/teb_msgs/local/lib/python3.10/dist-packages/teb_msgs-0.0.1-py3.10.egg-info/PKG-INFO
[27.587s] -- Symlinking: /home/allen/rm_ws/install/teb_msgs/local/lib/python3.10/dist-packages/teb_msgs-0.0.1-py3.10.egg-info/SOURCES.txt
[27.613s] -- Symlinking: /home/allen/rm_ws/install/teb_msgs/local/lib/python3.10/dist-packages/teb_msgs-0.0.1-py3.10.egg-info/dependency_links.txt
[27.635s] -- Symlinking: /home/allen/rm_ws/install/teb_msgs/local/lib/python3.10/dist-packages/teb_msgs-0.0.1-py3.10.egg-info/top_level.txt
[27.657s] -- Symlinking: /home/allen/rm_ws/install/teb_msgs/local/lib/python3.10/dist-packages/teb_msgs/__init__.py
[27.685s] -- Symlinking: /home/allen/rm_ws/install/teb_msgs/local/lib/python3.10/dist-packages/teb_msgs/_teb_msgs_s.ep.rosidl_typesupport_c.c
[27.707s] -- Symlinking: /home/allen/rm_ws/install/teb_msgs/local/lib/python3.10/dist-packages/teb_msgs/_teb_msgs_s.ep.rosidl_typesupport_fastrtps_c.c
[27.729s] -- Symlinking: /home/allen/rm_ws/install/teb_msgs/local/lib/python3.10/dist-packages/teb_msgs/_teb_msgs_s.ep.rosidl_typesupport_introspection_c.c
[27.751s] -- Symlinking: /home/allen/rm_ws/install/teb_msgs/local/lib/python3.10/dist-packages/teb_msgs/libteb_msgs__rosidl_generator_py.so
[27.776s] -- Symlinking: /home/allen/rm_ws/install/teb_msgs/local/lib/python3.10/dist-packages/teb_msgs/msg/__init__.py
[27.797s] -- Symlinking: /home/allen/rm_ws/install/teb_msgs/local/lib/python3.10/dist-packages/teb_msgs/msg/_feedback_msg.py
[27.826s] -- Symlinking: /home/allen/rm_ws/install/teb_msgs/local/lib/python3.10/dist-packages/teb_msgs/msg/_feedback_msg_s.c
[27.848s] -- Symlinking: /home/allen/rm_ws/install/teb_msgs/local/lib/python3.10/dist-packages/teb_msgs/msg/_trajectory_msg.py
[27.872s] -- Symlinking: /home/allen/rm_ws/install/teb_msgs/local/lib/python3.10/dist-packages/teb_msgs/msg/_trajectory_msg_s.c
[27.893s] -- Symlinking: /home/allen/rm_ws/install/teb_msgs/local/lib/python3.10/dist-packages/teb_msgs/msg/_trajectory_point_msg.py
[27.914s] -- Symlinking: /home/allen/rm_ws/install/teb_msgs/local/lib/python3.10/dist-packages/teb_msgs/msg/_trajectory_point_msg_s.c
[27.936s] -- Symlinking: /home/allen/rm_ws/install/teb_msgs/local/lib/python3.10/dist-packages/teb_msgs/teb_msgs_s__rosidl_typesupport_c.cpython-310-x86_64-linux-gnu.so
[27.955s] -- Symlinking: /home/allen/rm_ws/install/teb_msgs/local/lib/python3.10/dist-packages/teb_msgs/teb_msgs_s__rosidl_typesupport_fastrtps_c.cpython-310-x86_64-linux-gnu.so
[27.977s] -- Symlinking: /home/allen/rm_ws/install/teb_msgs/local/lib/python3.10/dist-packages/teb_msgs/teb_msgs_s__rosidl_typesupport_introspection_c.cpython-310-x86_64-linux-gnu.so
[27.999s] -- Up-to-date symlink: /home/allen/rm_ws/install/teb_msgs/local/lib/python3.10/dist-packages/teb_msgs/teb_msgs_s__rosidl_typesupport_fastrtps_c.cpython-310-x86_64-linux-gnu.so
[27.999s] -- Up-to-date symlink: /home/allen/rm_ws/install/teb_msgs/local/lib/python3.10/dist-packages/teb_msgs/teb_msgs_s__rosidl_typesupport_introspection_c.cpython-310-x86_64-linux-gnu.so
[28.000s] -- Up-to-date symlink: /home/allen/rm_ws/install/teb_msgs/local/lib/python3.10/dist-packages/teb_msgs/teb_msgs_s__rosidl_typesupport_c.cpython-310-x86_64-linux-gnu.so
[28.001s] -- Symlinking: /home/allen/rm_ws/install/teb_msgs/share/teb_msgs/msg/FeedbackMsg.idl
[28.026s] -- Symlinking: /home/allen/rm_ws/install/teb_msgs/share/teb_msgs/msg/TrajectoryMsg.idl
[28.046s] -- Symlinking: /home/allen/rm_ws/install/teb_msgs/share/teb_msgs/msg/TrajectoryPointMsg.idl
[28.068s] -- Symlinking: /home/allen/rm_ws/install/teb_msgs/share/teb_msgs/msg/FeedbackMsg.msg
[28.090s] -- Symlinking: /home/allen/rm_ws/install/teb_msgs/share/teb_msgs/msg/TrajectoryMsg.msg
[28.110s] -- Symlinking: /home/allen/rm_ws/install/teb_msgs/share/teb_msgs/msg/TrajectoryPointMsg.msg
[28.132s] -- Symlinking: /home/allen/rm_ws/install/teb_msgs/share/ament_index/resource_index/package_run_dependencies/teb_msgs
[28.154s] -- Symlinking: /home/allen/rm_ws/install/teb_msgs/share/ament_index/resource_index/parent_prefix_path/teb_msgs
[28.175s] -- Symlinking: /home/allen/rm_ws/install/teb_msgs/share/teb_msgs/environment/ament_prefix_path.sh
[28.197s] -- Symlinking: /home/allen/rm_ws/install/teb_msgs/share/teb_msgs/environment/ament_prefix_path.dsv
[28.224s] -- Symlinking: /home/allen/rm_ws/install/teb_msgs/share/teb_msgs/environment/path.sh
[28.246s] -- Symlinking: /home/allen/rm_ws/install/teb_msgs/share/teb_msgs/environment/path.dsv
[28.270s] -- Symlinking: /home/allen/rm_ws/install/teb_msgs/share/teb_msgs/local_setup.bash
[28.292s] -- Symlinking: /home/allen/rm_ws/install/teb_msgs/share/teb_msgs/local_setup.sh
[28.318s] -- Symlinking: /home/allen/rm_ws/install/teb_msgs/share/teb_msgs/local_setup.zsh
[28.343s] -- Symlinking: /home/allen/rm_ws/install/teb_msgs/share/teb_msgs/local_setup.dsv
[28.365s] -- Symlinking: /home/allen/rm_ws/install/teb_msgs/share/teb_msgs/package.dsv
[28.390s] -- Symlinking: /home/allen/rm_ws/install/teb_msgs/share/ament_index/resource_index/packages/teb_msgs
[28.412s] -- Symlinking: /home/allen/rm_ws/install/teb_msgs/share/teb_msgs/cmake/rosidl_cmake-extras.cmake
[28.438s] -- Symlinking: /home/allen/rm_ws/install/teb_msgs/share/teb_msgs/cmake/ament_cmake_export_dependencies-extras.cmake
[28.462s] -- Symlinking: /home/allen/rm_ws/install/teb_msgs/share/teb_msgs/cmake/ament_cmake_export_include_directories-extras.cmake
[28.485s] -- Symlinking: /home/allen/rm_ws/install/teb_msgs/share/teb_msgs/cmake/ament_cmake_export_libraries-extras.cmake
[28.506s] -- Symlinking: /home/allen/rm_ws/install/teb_msgs/share/teb_msgs/cmake/ament_cmake_export_targets-extras.cmake
[28.539s] -- Symlinking: /home/allen/rm_ws/install/teb_msgs/share/teb_msgs/cmake/rosidl_cmake_export_typesupport_targets-extras.cmake
[28.569s] -- Symlinking: /home/allen/rm_ws/install/teb_msgs/share/teb_msgs/cmake/rosidl_cmake_export_typesupport_libraries-extras.cmake
[28.594s] -- Symlinking: /home/allen/rm_ws/install/teb_msgs/share/teb_msgs/cmake/teb_msgsConfig.cmake
[28.620s] -- Symlinking: /home/allen/rm_ws/install/teb_msgs/share/teb_msgs/cmake/teb_msgsConfig-version.cmake
[28.646s] -- Symlinking: /home/allen/rm_ws/install/teb_msgs/share/teb_msgs/package.xml
[28.673s] -- Installing: /home/allen/rm_ws/install/teb_msgs/lib/libteb_msgs__rosidl_generator_c.so
[28.673s] -- Set runtime path of "/home/allen/rm_ws/install/teb_msgs/lib/libteb_msgs__rosidl_generator_c.so" to ""
[28.674s] -- Installing: /home/allen/rm_ws/install/teb_msgs/lib/libteb_msgs__rosidl_typesupport_fastrtps_c.so
[28.677s] -- Set runtime path of "/home/allen/rm_ws/install/teb_msgs/lib/libteb_msgs__rosidl_typesupport_fastrtps_c.so" to ""
[28.677s] -- Installing: /home/allen/rm_ws/install/teb_msgs/lib/libteb_msgs__rosidl_typesupport_fastrtps_cpp.so
[28.679s] -- Set runtime path of "/home/allen/rm_ws/install/teb_msgs/lib/libteb_msgs__rosidl_typesupport_fastrtps_cpp.so" to ""
[28.681s] -- Installing: /home/allen/rm_ws/install/teb_msgs/lib/libteb_msgs__rosidl_typesupport_introspection_c.so
[28.682s] -- Set runtime path of "/home/allen/rm_ws/install/teb_msgs/lib/libteb_msgs__rosidl_typesupport_introspection_c.so" to ""
[28.684s] -- Installing: /home/allen/rm_ws/install/teb_msgs/lib/libteb_msgs__rosidl_typesupport_c.so
[28.684s] -- Set runtime path of "/home/allen/rm_ws/install/teb_msgs/lib/libteb_msgs__rosidl_typesupport_c.so" to ""
[28.686s] -- Installing: /home/allen/rm_ws/install/teb_msgs/lib/libteb_msgs__rosidl_typesupport_introspection_cpp.so
[28.687s] -- Set runtime path of "/home/allen/rm_ws/install/teb_msgs/lib/libteb_msgs__rosidl_typesupport_introspection_cpp.so" to ""
[28.688s] -- Installing: /home/allen/rm_ws/install/teb_msgs/lib/libteb_msgs__rosidl_typesupport_cpp.so
[28.690s] -- Set runtime path of "/home/allen/rm_ws/install/teb_msgs/lib/libteb_msgs__rosidl_typesupport_cpp.so" to ""
[28.752s] Listing '/home/allen/rm_ws/install/teb_msgs/local/lib/python3.10/dist-packages/teb_msgs'...
[28.752s] Compiling '/home/allen/rm_ws/install/teb_msgs/local/lib/python3.10/dist-packages/teb_msgs/__init__.py'...
[28.752s] Listing '/home/allen/rm_ws/install/teb_msgs/local/lib/python3.10/dist-packages/teb_msgs/msg'...
[28.752s] Compiling '/home/allen/rm_ws/install/teb_msgs/local/lib/python3.10/dist-packages/teb_msgs/msg/__init__.py'...
[28.753s] Compiling '/home/allen/rm_ws/install/teb_msgs/local/lib/python3.10/dist-packages/teb_msgs/msg/_feedback_msg.py'...
[28.754s] Compiling '/home/allen/rm_ws/install/teb_msgs/local/lib/python3.10/dist-packages/teb_msgs/msg/_trajectory_msg.py'...
[28.754s] Compiling '/home/allen/rm_ws/install/teb_msgs/local/lib/python3.10/dist-packages/teb_msgs/msg/_trajectory_point_msg.py'...
[28.761s] -- Installing: /home/allen/rm_ws/install/teb_msgs/lib/libteb_msgs__rosidl_generator_py.so
[28.763s] -- Set runtime path of "/home/allen/rm_ws/install/teb_msgs/lib/libteb_msgs__rosidl_generator_py.so" to ""
[28.766s] -- Installing: /home/allen/rm_ws/install/teb_msgs/share/teb_msgs/cmake/export_teb_msgs__rosidl_generator_cExport.cmake
[28.766s] -- Installing: /home/allen/rm_ws/install/teb_msgs/share/teb_msgs/cmake/export_teb_msgs__rosidl_generator_cExport-noconfig.cmake
[28.766s] -- Installing: /home/allen/rm_ws/install/teb_msgs/share/teb_msgs/cmake/export_teb_msgs__rosidl_typesupport_fastrtps_cExport.cmake
[28.766s] -- Installing: /home/allen/rm_ws/install/teb_msgs/share/teb_msgs/cmake/export_teb_msgs__rosidl_typesupport_fastrtps_cExport-noconfig.cmake
[28.766s] -- Installing: /home/allen/rm_ws/install/teb_msgs/share/teb_msgs/cmake/export_teb_msgs__rosidl_generator_cppExport.cmake
[28.767s] -- Installing: /home/allen/rm_ws/install/teb_msgs/share/teb_msgs/cmake/export_teb_msgs__rosidl_typesupport_fastrtps_cppExport.cmake
[28.768s] -- Installing: /home/allen/rm_ws/install/teb_msgs/share/teb_msgs/cmake/export_teb_msgs__rosidl_typesupport_fastrtps_cppExport-noconfig.cmake
[28.769s] -- Installing: /home/allen/rm_ws/install/teb_msgs/share/teb_msgs/cmake/teb_msgs__rosidl_typesupport_introspection_cExport.cmake
[28.769s] -- Installing: /home/allen/rm_ws/install/teb_msgs/share/teb_msgs/cmake/teb_msgs__rosidl_typesupport_introspection_cExport-noconfig.cmake
[28.774s] -- Installing: /home/allen/rm_ws/install/teb_msgs/share/teb_msgs/cmake/teb_msgs__rosidl_typesupport_cExport.cmake
[28.774s] -- Installing: /home/allen/rm_ws/install/teb_msgs/share/teb_msgs/cmake/teb_msgs__rosidl_typesupport_cExport-noconfig.cmake
[28.774s] -- Installing: /home/allen/rm_ws/install/teb_msgs/share/teb_msgs/cmake/teb_msgs__rosidl_typesupport_introspection_cppExport.cmake
[28.774s] -- Installing: /home/allen/rm_ws/install/teb_msgs/share/teb_msgs/cmake/teb_msgs__rosidl_typesupport_introspection_cppExport-noconfig.cmake
[28.776s] -- Installing: /home/allen/rm_ws/install/teb_msgs/share/teb_msgs/cmake/teb_msgs__rosidl_typesupport_cppExport.cmake
[28.776s] -- Installing: /home/allen/rm_ws/install/teb_msgs/share/teb_msgs/cmake/teb_msgs__rosidl_typesupport_cppExport-noconfig.cmake
[28.778s] -- Installing: /home/allen/rm_ws/install/teb_msgs/share/teb_msgs/cmake/export_teb_msgs__rosidl_generator_pyExport.cmake
[28.778s] -- Installing: /home/allen/rm_ws/install/teb_msgs/share/teb_msgs/cmake/export_teb_msgs__rosidl_generator_pyExport-noconfig.cmake
[28.783s] Invoked command in '/home/allen/rm_ws/build/teb_msgs' returned '0': AMENT_PREFIX_PATH=/home/allen/rm_ws/install/costmap_converter_msgs:${AMENT_PREFIX_PATH} CMAKE_PREFIX_PATH=/home/allen/rm_ws/install/costmap_converter_msgs:/opt/ros/humble LD_LIBRARY_PATH=/home/allen/rm_ws/install/costmap_converter_msgs/lib:/usr/lib/x86_64-linux-gnu/gazebo-11/plugins:/opt/ros/humble/opt/rviz_ogre_vendor/lib:/opt/ros/humble/lib/x86_64-linux-gnu:/opt/ros/humble/opt/openvdb_vendor/lib:/opt/ros/humble/lib:/usr/local/lib PYTHONPATH=/home/allen/rm_ws/install/costmap_converter_msgs/local/lib/python3.10/dist-packages:${PYTHONPATH} /usr/bin/cmake --install /home/allen/rm_ws/build/teb_msgs
