[0.030s] Invoking command in '/home/allen/rm_ws/build/rm_navigation': CMAKE_PREFIX_PATH=/opt/ros/humble /usr/bin/cmake /home/allen/rm_ws/src/rm_navigation/rm_navigation -DAMENT_CMAKE_SYMLINK_INSTALL=1 -DCMAKE_INSTALL_PREFIX=/home/allen/rm_ws/install/rm_navigation
[0.180s] -- The C compiler identification is GNU 11.4.0
[0.312s] -- The CXX compiler identification is GNU 11.4.0
[0.326s] -- Detecting C compiler ABI info
[0.502s] -- Detecting C compiler ABI info - done
[0.507s] -- Check for working C compiler: /usr/bin/cc - skipped
[0.507s] -- Detecting C compile features
[0.510s] -- Detecting C compile features - done
[0.513s] -- Detecting CXX compiler ABI info
[0.737s] -- Detecting CXX compiler ABI info - done
[0.743s] -- Check for working CXX compiler: /usr/bin/c++ - skipped
[0.743s] -- Detecting CXX compile features
[0.744s] -- Detecting CXX compile features - done
[0.749s] -- Found ament_cmake_auto: 1.3.11 (/opt/ros/humble/share/ament_cmake_auto/cmake)
[1.000s] -- Found Python3: /usr/bin/python3 (found version "3.10.12") found components: Interpreter 
[1.106s] -- Override CMake install command with custom implementation using symlinks instead of copying resources
[1.159s] -- Found ament_lint_auto: 0.12.11 (/opt/ros/humble/share/ament_lint_auto/cmake)
[1.298s] -- Added test 'flake8' to check Python code syntax and style conventions
[1.298s] -- Added test 'lint_cmake' to check CMake code style
[1.298s] -- Added test 'pep257' to check Python code against some of the docstring style conventions in PEP 257
[1.303s] -- Added test 'xmllint' to check XML markup files
[1.307s] -- Configuring done
[1.315s] -- Generating done
[1.318s] -- Build files have been written to: /home/allen/rm_ws/build/rm_navigation
[1.328s] Invoked command in '/home/allen/rm_ws/build/rm_navigation' returned '0': CMAKE_PREFIX_PATH=/opt/ros/humble /usr/bin/cmake /home/allen/rm_ws/src/rm_navigation/rm_navigation -DAMENT_CMAKE_SYMLINK_INSTALL=1 -DCMAKE_INSTALL_PREFIX=/home/allen/rm_ws/install/rm_navigation
[1.333s] Invoking command in '/home/allen/rm_ws/build/rm_navigation': CMAKE_PREFIX_PATH=/opt/ros/humble /usr/bin/cmake --build /home/allen/rm_ws/build/rm_navigation -- -j2 -l2
[1.442s] Invoked command in '/home/allen/rm_ws/build/rm_navigation' returned '0': CMAKE_PREFIX_PATH=/opt/ros/humble /usr/bin/cmake --build /home/allen/rm_ws/build/rm_navigation -- -j2 -l2
[1.449s] Invoking command in '/home/allen/rm_ws/build/rm_navigation': CMAKE_PREFIX_PATH=/opt/ros/humble /usr/bin/cmake --install /home/allen/rm_ws/build/rm_navigation
[1.471s] -- Install configuration: ""
[1.473s] -- Execute custom install script
[1.474s] -- Symlinking: /home/allen/rm_ws/install/rm_navigation/share/rm_navigation/params/mapper_params_online_async.yaml
[1.501s] -- Symlinking: /home/allen/rm_ws/install/rm_navigation/share/rm_navigation/params/nav2_params.yaml
[1.528s] -- Symlinking: /home/allen/rm_ws/install/rm_navigation/share/rm_navigation/rviz/nav2.rviz
[1.558s] -- Symlinking: /home/allen/rm_ws/install/rm_navigation/share/rm_navigation/launch/bringup_rm_navigation.py
[1.581s] -- Symlinking: /home/allen/rm_ws/install/rm_navigation/share/rm_navigation/launch/localization_amcl_launch.py
[1.610s] -- Symlinking: /home/allen/rm_ws/install/rm_navigation/share/rm_navigation/launch/map_server_launch.py
[1.641s] -- Symlinking: /home/allen/rm_ws/install/rm_navigation/share/rm_navigation/launch/navigation_launch.py
[1.664s] -- Symlinking: /home/allen/rm_ws/install/rm_navigation/share/rm_navigation/launch/rviz_launch.py
[1.694s] -- Symlinking: /home/allen/rm_ws/install/rm_navigation/share/ament_index/resource_index/package_run_dependencies/rm_navigation
[1.720s] -- Symlinking: /home/allen/rm_ws/install/rm_navigation/share/ament_index/resource_index/parent_prefix_path/rm_navigation
[1.748s] -- Symlinking: /home/allen/rm_ws/install/rm_navigation/share/rm_navigation/environment/ament_prefix_path.sh
[1.772s] -- Symlinking: /home/allen/rm_ws/install/rm_navigation/share/rm_navigation/environment/ament_prefix_path.dsv
[1.797s] -- Symlinking: /home/allen/rm_ws/install/rm_navigation/share/rm_navigation/environment/path.sh
[1.822s] -- Symlinking: /home/allen/rm_ws/install/rm_navigation/share/rm_navigation/environment/path.dsv
[1.855s] -- Symlinking: /home/allen/rm_ws/install/rm_navigation/share/rm_navigation/local_setup.bash
[1.883s] -- Symlinking: /home/allen/rm_ws/install/rm_navigation/share/rm_navigation/local_setup.sh
[1.938s] -- Symlinking: /home/allen/rm_ws/install/rm_navigation/share/rm_navigation/local_setup.zsh
[1.981s] -- Symlinking: /home/allen/rm_ws/install/rm_navigation/share/rm_navigation/local_setup.dsv
[2.013s] -- Symlinking: /home/allen/rm_ws/install/rm_navigation/share/rm_navigation/package.dsv
[2.069s] -- Symlinking: /home/allen/rm_ws/install/rm_navigation/share/ament_index/resource_index/packages/rm_navigation
[2.102s] -- Symlinking: /home/allen/rm_ws/install/rm_navigation/share/rm_navigation/cmake/rm_navigationConfig.cmake
[2.138s] -- Symlinking: /home/allen/rm_ws/install/rm_navigation/share/rm_navigation/cmake/rm_navigationConfig-version.cmake
[2.167s] -- Symlinking: /home/allen/rm_ws/install/rm_navigation/share/rm_navigation/package.xml
[2.209s] Invoked command in '/home/allen/rm_ws/build/rm_navigation' returned '0': CMAKE_PREFIX_PATH=/opt/ros/humble /usr/bin/cmake --install /home/allen/rm_ws/build/rm_navigation
