[0.028s] Invoking command in '/home/allen/rm_ws/build/pointcloud_to_laserscan': CMAKE_PREFIX_PATH=${CMAKE_PREFIX_PATH}:/opt/ros/humble /usr/bin/cmake /home/allen/rm_ws/src/rm_perception/pointcloud_to_laserscan -DAMENT_CMAKE_SYMLINK_INSTALL=1 -DCMAKE_INSTALL_PREFIX=/home/allen/rm_ws/install/pointcloud_to_laserscan
[0.247s] -- The C compiler identification is GNU 11.4.0
[0.408s] -- The CXX compiler identification is GNU 11.4.0
[0.434s] -- Detecting C compiler ABI info
[0.663s] -- Detecting C compiler ABI info - done
[0.671s] -- Check for working C compiler: /usr/bin/cc - skipped
[0.672s] -- Detecting C compile features
[0.673s] -- Detecting C compile features - done
[0.678s] -- Detecting CXX compiler ABI info
[0.915s] -- Detecting CXX compiler ABI info - done
[0.927s] -- Check for working CXX compiler: /usr/bin/c++ - skipped
[0.929s] -- Detecting CXX compile features
[0.929s] -- Detecting CXX compile features - done
[0.942s] -- Found ament_cmake_auto: 1.3.11 (/opt/ros/humble/share/ament_cmake_auto/cmake)
[1.271s] -- Found Python3: /usr/bin/python3 (found version "3.10.12") found components: Interpreter 
[1.392s] -- Override CMake install command with custom implementation using symlinks instead of copying resources
[1.831s] -- Found rosidl_generator_c: 3.1.6 (/opt/ros/humble/share/rosidl_generator_c/cmake)
[1.851s] -- Found rosidl_adapter: 3.1.6 (/opt/ros/humble/share/rosidl_adapter/cmake)
[1.900s] -- Found rosidl_generator_cpp: 3.1.6 (/opt/ros/humble/share/rosidl_generator_cpp/cmake)
[1.977s] -- Using all available rosidl_typesupport_c: rosidl_typesupport_fastrtps_c;rosidl_typesupport_introspection_c
[2.033s] -- Using all available rosidl_typesupport_cpp: rosidl_typesupport_fastrtps_cpp;rosidl_typesupport_introspection_cpp
[2.181s] -- Found rmw_implementation_cmake: 6.1.2 (/opt/ros/humble/share/rmw_implementation_cmake/cmake)
[2.194s] -- Found rmw_cyclonedds_cpp: 1.3.4 (/opt/ros/humble/share/rmw_cyclonedds_cpp/cmake)
[2.263s] -- Using RMW implementation 'rmw_cyclonedds_cpp' as default
[2.296s] -- Looking for pthread.h
[2.545s] -- Looking for pthread.h - found
[2.549s] -- Performing Test CMAKE_HAVE_LIBC_PTHREAD
[2.766s] -- Performing Test CMAKE_HAVE_LIBC_PTHREAD - Success
[2.771s] -- Found Threads: TRUE  
[3.193s] -- Found ament_lint_auto: 0.12.11 (/opt/ros/humble/share/ament_lint_auto/cmake)
[3.276s] -- Added test 'cppcheck' to perform static code analysis on C / C++ code
[3.279s] -- Configured cppcheck include dirs: /home/allen/rm_ws/src/rm_perception/pointcloud_to_laserscan/include
[3.279s] -- Configured cppcheck exclude dirs and/or files: 
[3.282s] -- Added test 'cpplint' to check C / C++ code against the Google style
[3.283s] -- Configured cpplint exclude dirs and/or files: 
[3.285s] -- Added test 'flake8' to check Python code syntax and style conventions
[3.288s] -- Added test 'lint_cmake' to check CMake code style
[3.291s] -- Added test 'pep257' to check Python code against some of the docstring style conventions in PEP 257
[3.298s] -- Added test 'uncrustify' to check C / C++ code style
[3.299s] -- Configured uncrustify additional arguments: 
[3.299s] -- Added test 'xmllint' to check XML markup files
[3.308s] -- Configuring done
[3.460s] -- Generating done
[3.481s] -- Build files have been written to: /home/allen/rm_ws/build/pointcloud_to_laserscan
[3.503s] Invoked command in '/home/allen/rm_ws/build/pointcloud_to_laserscan' returned '0': CMAKE_PREFIX_PATH=${CMAKE_PREFIX_PATH}:/opt/ros/humble /usr/bin/cmake /home/allen/rm_ws/src/rm_perception/pointcloud_to_laserscan -DAMENT_CMAKE_SYMLINK_INSTALL=1 -DCMAKE_INSTALL_PREFIX=/home/allen/rm_ws/install/pointcloud_to_laserscan
[3.504s] Invoking command in '/home/allen/rm_ws/build/pointcloud_to_laserscan': CMAKE_PREFIX_PATH=${CMAKE_PREFIX_PATH}:/opt/ros/humble /usr/bin/cmake --build /home/allen/rm_ws/build/pointcloud_to_laserscan -- -j2 -l2
[3.695s] [ 10%] [32mBuilding CXX object CMakeFiles/laserscan_to_pointcloud.dir/src/laserscan_to_pointcloud_node.cpp.o[0m
[31.945s] [ 20%] [32m[1mLinking CXX shared library liblaserscan_to_pointcloud.so[0m
[32.573s] [ 20%] Built target laserscan_to_pointcloud
[32.665s] [ 30%] [32mBuilding CXX object CMakeFiles/laserscan_to_pointcloud_node.dir/rclcpp_components/node_main_laserscan_to_pointcloud_node.cpp.o[0m
[40.543s] [ 40%] [32m[1mLinking CXX executable laserscan_to_pointcloud_node[0m
[40.993s] [ 40%] Built target laserscan_to_pointcloud_node
[41.123s] [ 50%] [32mBuilding CXX object CMakeFiles/pointcloud_to_laserscan_node.dir/rclcpp_components/node_main_pointcloud_to_laserscan_node.cpp.o[0m
[48.962s] [ 60%] [32m[1mLinking CXX executable pointcloud_to_laserscan_node[0m
[49.444s] [ 60%] Built target pointcloud_to_laserscan_node
[49.546s] [ 70%] [32mBuilding CXX object CMakeFiles/pointcloud_to_laserscan.dir/src/pointcloud_to_laserscan_node.cpp.o[0m
[77.764s] [ 80%] [32m[1mLinking CXX shared library libpointcloud_to_laserscan.so[0m
[78.310s] [ 80%] Built target pointcloud_to_laserscan
[78.395s] [ 90%] [32mBuilding CXX object CMakeFiles/dummy_pointcloud_publisher.dir/src/dummy_pointcloud_publisher.cpp.o[0m
[86.878s] [100%] [32m[1mLinking CXX executable dummy_pointcloud_publisher[0m
[87.193s] [100%] Built target dummy_pointcloud_publisher
[87.232s] Invoked command in '/home/allen/rm_ws/build/pointcloud_to_laserscan' returned '0': CMAKE_PREFIX_PATH=${CMAKE_PREFIX_PATH}:/opt/ros/humble /usr/bin/cmake --build /home/allen/rm_ws/build/pointcloud_to_laserscan -- -j2 -l2
[87.237s] Invoking command in '/home/allen/rm_ws/build/pointcloud_to_laserscan': CMAKE_PREFIX_PATH=${CMAKE_PREFIX_PATH}:/opt/ros/humble /usr/bin/cmake --install /home/allen/rm_ws/build/pointcloud_to_laserscan
[87.274s] -- Install configuration: ""
[87.275s] -- Execute custom install script
[87.276s] -- Symlinking: /home/allen/rm_ws/install/pointcloud_to_laserscan/lib/pointcloud_to_laserscan/laserscan_to_pointcloud_node
[87.304s] -- Symlinking: /home/allen/rm_ws/install/pointcloud_to_laserscan/lib/pointcloud_to_laserscan/pointcloud_to_laserscan_node
[87.340s] -- Symlinking: /home/allen/rm_ws/install/pointcloud_to_laserscan/include/pointcloud_to_laserscan/laserscan_to_pointcloud_node.hpp
[87.368s] -- Symlinking: /home/allen/rm_ws/install/pointcloud_to_laserscan/include/pointcloud_to_laserscan/pointcloud_to_laserscan_node.hpp
[87.394s] -- Symlinking: /home/allen/rm_ws/install/pointcloud_to_laserscan/include/pointcloud_to_laserscan/visibility_control.h
[87.423s] -- Symlinking: /home/allen/rm_ws/install/pointcloud_to_laserscan/share/pointcloud_to_laserscan/environment/library_path.sh
[87.450s] -- Symlinking: /home/allen/rm_ws/install/pointcloud_to_laserscan/share/pointcloud_to_laserscan/environment/library_path.dsv
[87.477s] -- Symlinking: /home/allen/rm_ws/install/pointcloud_to_laserscan/lib/liblaserscan_to_pointcloud.so
[87.505s] -- Symlinking: /home/allen/rm_ws/install/pointcloud_to_laserscan/lib/libpointcloud_to_laserscan.so
[87.539s] -- Symlinking: /home/allen/rm_ws/install/pointcloud_to_laserscan/lib/pointcloud_to_laserscan/dummy_pointcloud_publisher
[87.571s] -- Symlinking: /home/allen/rm_ws/install/pointcloud_to_laserscan/share/pointcloud_to_laserscan/launch/pointcloud_to_laserscan_launch.py
[87.598s] -- Symlinking: /home/allen/rm_ws/install/pointcloud_to_laserscan/share/pointcloud_to_laserscan/launch/sample_laserscan_to_pointcloud_launch.py
[87.626s] -- Symlinking: /home/allen/rm_ws/install/pointcloud_to_laserscan/share/pointcloud_to_laserscan/launch/sample_pointcloud_to_laserscan_launch.py
[87.656s] -- Symlinking: /home/allen/rm_ws/install/pointcloud_to_laserscan/share/ament_index/resource_index/package_run_dependencies/pointcloud_to_laserscan
[87.683s] -- Symlinking: /home/allen/rm_ws/install/pointcloud_to_laserscan/share/ament_index/resource_index/parent_prefix_path/pointcloud_to_laserscan
[87.712s] -- Symlinking: /home/allen/rm_ws/install/pointcloud_to_laserscan/share/pointcloud_to_laserscan/environment/ament_prefix_path.sh
[87.739s] -- Symlinking: /home/allen/rm_ws/install/pointcloud_to_laserscan/share/pointcloud_to_laserscan/environment/ament_prefix_path.dsv
[87.766s] -- Symlinking: /home/allen/rm_ws/install/pointcloud_to_laserscan/share/pointcloud_to_laserscan/environment/path.sh
[87.795s] -- Symlinking: /home/allen/rm_ws/install/pointcloud_to_laserscan/share/pointcloud_to_laserscan/environment/path.dsv
[87.822s] -- Symlinking: /home/allen/rm_ws/install/pointcloud_to_laserscan/share/pointcloud_to_laserscan/local_setup.bash
[87.852s] -- Symlinking: /home/allen/rm_ws/install/pointcloud_to_laserscan/share/pointcloud_to_laserscan/local_setup.sh
[87.885s] -- Symlinking: /home/allen/rm_ws/install/pointcloud_to_laserscan/share/pointcloud_to_laserscan/local_setup.zsh
[87.911s] -- Symlinking: /home/allen/rm_ws/install/pointcloud_to_laserscan/share/pointcloud_to_laserscan/local_setup.dsv
[87.940s] -- Symlinking: /home/allen/rm_ws/install/pointcloud_to_laserscan/share/pointcloud_to_laserscan/package.dsv
[87.971s] -- Symlinking: /home/allen/rm_ws/install/pointcloud_to_laserscan/share/ament_index/resource_index/packages/pointcloud_to_laserscan
[87.999s] -- Symlinking: /home/allen/rm_ws/install/pointcloud_to_laserscan/share/ament_index/resource_index/rclcpp_components/pointcloud_to_laserscan
[88.023s] -- Symlinking: /home/allen/rm_ws/install/pointcloud_to_laserscan/share/pointcloud_to_laserscan/cmake/ament_cmake_export_dependencies-extras.cmake
[88.056s] -- Symlinking: /home/allen/rm_ws/install/pointcloud_to_laserscan/share/pointcloud_to_laserscan/cmake/ament_cmake_export_include_directories-extras.cmake
[88.087s] -- Symlinking: /home/allen/rm_ws/install/pointcloud_to_laserscan/share/pointcloud_to_laserscan/cmake/ament_cmake_export_libraries-extras.cmake
[88.114s] -- Symlinking: /home/allen/rm_ws/install/pointcloud_to_laserscan/share/pointcloud_to_laserscan/cmake/pointcloud_to_laserscanConfig.cmake
[88.141s] -- Symlinking: /home/allen/rm_ws/install/pointcloud_to_laserscan/share/pointcloud_to_laserscan/cmake/pointcloud_to_laserscanConfig-version.cmake
[88.171s] -- Symlinking: /home/allen/rm_ws/install/pointcloud_to_laserscan/share/pointcloud_to_laserscan/package.xml
[88.204s] Invoked command in '/home/allen/rm_ws/build/pointcloud_to_laserscan' returned '0': CMAKE_PREFIX_PATH=${CMAKE_PREFIX_PATH}:/opt/ros/humble /usr/bin/cmake --install /home/allen/rm_ws/build/pointcloud_to_laserscan
