[0.042s] Invoking command in '/home/allen/rm_ws/build/fast_lio': CMAKE_PREFIX_PATH=/home/allen/rm_ws/install/livox_ros_driver2:/home/allen/rm_ws/install/pointcloud_to_laserscan:/home/allen/rm_ws/install/linefit_ground_segmentation_ros:/home/allen/rm_ws/install/linefit_ground_segmentation:/home/allen/rm_ws/install/imu_complementary_filter:/home/allen/rm_ws/install/ros2_livox_simulation:/home/allen/rm_ws/install/teb_local_planner:/home/allen/rm_ws/install/teb_msgs:/home/allen/rm_ws/install/rmoss_gz_plugins:/home/allen/rm_ws/install/rmbot2:/home/allen/rm_ws/install/rm_navigation:/home/allen/rm_ws/install/rm_nav_bringup:/home/allen/rm_ws/install/fake_vel_transform:/home/allen/rm_ws/install/costmap_converter:/home/allen/rm_ws/install/costmap_converter_msgs:/opt/ros/humble LD_LIBRARY_PATH=/home/allen/rm_ws/install/livox_ros_driver2/lib:/home/allen/rm_ws/install/pointcloud_to_laserscan/lib:/home/allen/rm_ws/install/linefit_ground_segmentation/lib:/home/allen/rm_ws/install/imu_complementary_filter/lib:/home/allen/rm_ws/install/ros2_livox_simulation/lib:/home/allen/rm_ws/install/teb_local_planner/lib:/home/allen/rm_ws/install/teb_msgs/lib:/home/allen/rm_ws/install/fake_vel_transform/lib:/home/allen/rm_ws/install/costmap_converter/lib:/home/allen/rm_ws/install/costmap_converter_msgs/lib:/usr/lib/x86_64-linux-gnu/gazebo-11/plugins:/opt/ros/humble/opt/rviz_ogre_vendor/lib:/opt/ros/humble/lib/x86_64-linux-gnu:/opt/ros/humble/opt/openvdb_vendor/lib:/opt/ros/humble/lib:/usr/local/lib:/usr/local/lib:/usr/local/lib:/usr/local/lib:/usr/local/lib /usr/bin/cmake /home/allen/rm_ws/src/rm_localization/FAST_LIO -DCMAKE_INSTALL_PREFIX=/home/allen/rm_ws/install/fast_lio
[0.215s] -- The C compiler identification is GNU 11.4.0
[0.347s] -- The CXX compiler identification is GNU 11.4.0
[0.365s] -- Detecting C compiler ABI info
[0.582s] -- Detecting C compiler ABI info - done
[0.588s] -- Check for working C compiler: /usr/bin/cc - skipped
[0.588s] -- Detecting C compile features
[0.588s] -- Detecting C compile features - done
[0.593s] -- Detecting CXX compiler ABI info
[0.824s] -- Detecting CXX compiler ABI info - done
[0.831s] -- Check for working CXX compiler: /usr/bin/c++ - skipped
[0.832s] -- Detecting CXX compile features
[0.834s] -- Detecting CXX compile features - done
[2.059s] -- Found PythonLibs: /usr/lib/x86_64-linux-gnu/libpython3.10.so (found version "3.10.12") 
[2.070s] -- Found ament_cmake: 1.3.11 (/opt/ros/humble/share/ament_cmake/cmake)
[2.406s] -- Found Python3: /usr/bin/python3 (found version "3.10.12") found components: Interpreter 
[2.685s] -- Found rclcpp: 16.0.11 (/opt/ros/humble/share/rclcpp/cmake)
[2.849s] -- Found rosidl_generator_c: 3.1.6 (/opt/ros/humble/share/rosidl_generator_c/cmake)
[2.872s] -- Found rosidl_adapter: 3.1.6 (/opt/ros/humble/share/rosidl_adapter/cmake)
[2.900s] -- Found rosidl_generator_cpp: 3.1.6 (/opt/ros/humble/share/rosidl_generator_cpp/cmake)
[2.937s] -- Using all available rosidl_typesupport_c: rosidl_typesupport_fastrtps_c;rosidl_typesupport_introspection_c
[2.982s] -- Using all available rosidl_typesupport_cpp: rosidl_typesupport_fastrtps_cpp;rosidl_typesupport_introspection_cpp
[3.121s] -- Found rmw_implementation_cmake: 6.1.2 (/opt/ros/humble/share/rmw_implementation_cmake/cmake)
[3.134s] -- Found rmw_cyclonedds_cpp: 1.3.4 (/opt/ros/humble/share/rmw_cyclonedds_cpp/cmake)
[3.208s] -- Using RMW implementation 'rmw_cyclonedds_cpp' as default
[3.244s] -- Looking for pthread.h
[3.482s] -- Looking for pthread.h - found
[3.484s] -- Performing Test CMAKE_HAVE_LIBC_PTHREAD
[3.713s] -- Performing Test CMAKE_HAVE_LIBC_PTHREAD - Success
[3.715s] -- Found Threads: TRUE  
[3.835s] -- Found rclcpp_components: 16.0.11 (/opt/ros/humble/share/rclcpp_components/cmake)
[3.904s] -- Found geometry_msgs: 4.2.4 (/opt/ros/humble/share/geometry_msgs/cmake)
[3.930s] -- Found nav_msgs: 4.2.4 (/opt/ros/humble/share/nav_msgs/cmake)
[3.961s] -- Found sensor_msgs: 4.2.4 (/opt/ros/humble/share/sensor_msgs/cmake)
[4.026s] -- Found std_srvs: 4.2.4 (/opt/ros/humble/share/std_srvs/cmake)
[4.054s] -- Found visualization_msgs: 4.2.4 (/opt/ros/humble/share/visualization_msgs/cmake)
[4.091s] -- Found pcl_ros: 2.4.5 (/opt/ros/humble/share/pcl_ros/cmake)
[4.198s] -- Checking for module 'eigen3'
[4.251s] --   Found eigen3, version 3.4.0
[4.370s] -- Found Eigen: /usr/include/eigen3 (Required is at least version "3.1") 
[4.370s] -- Eigen found (include: /usr/include/eigen3, version: 3.4.0)
[4.498s] -- Checking for module 'flann'
[4.555s] --   Found flann, version 1.9.1
[4.711s] -- Found FLANN: /usr/lib/x86_64-linux-gnu/libflann_cpp.so  
[4.712s] -- FLANN found (include: /usr/include, lib: /usr/lib/x86_64-linux-gnu/libflann_cpp.so)
[7.681s] -- Checking for module 'libusb-1.0'
[7.736s] --   Found libusb-1.0, version 1.0.25
[7.893s] -- Found libusb: /usr/lib/x86_64-linux-gnu/libusb-1.0.so  
[7.896s] -- OpenNI found (version: 1.5.4.0, include: /usr/include/ni, lib: /usr/lib/libOpenNI.so;libusb::libusb)
[8.130s] -- OpenNI2 found (version: 2.2.0.33, include: /usr/include/openni2, lib: /usr/lib/x86_64-linux-gnu/libOpenNI2.so;libusb::libusb)
[8.475s] -- Eigen found (include: /usr/include/eigen3, version: 3.4.0)
[8.495s] -- OpenNI found (version: 1.5.4.0, include: /usr/include/ni, lib: /usr/lib/libOpenNI.so;libusb::libusb)
[8.510s] -- OpenNI2 found (version: 2.2.0.33, include: /usr/include/openni2, lib: /usr/lib/x86_64-linux-gnu/libOpenNI2.so;libusb::libusb)
[8.764s] -- Found Qhull version 8.0.2
[9.019s] -- OpenNI found (version: 1.5.4.0, include: /usr/include/ni, lib: /usr/lib/libOpenNI.so;libusb::libusb)
[9.282s] -- Found PCL_COMMON: /usr/lib/x86_64-linux-gnu/libpcl_common.so  
[9.284s] -- Found PCL_KDTREE: /usr/lib/x86_64-linux-gnu/libpcl_kdtree.so  
[9.285s] -- Found PCL_OCTREE: /usr/lib/x86_64-linux-gnu/libpcl_octree.so  
[9.286s] -- Found PCL_SEARCH: /usr/lib/x86_64-linux-gnu/libpcl_search.so  
[9.289s] -- Found PCL_SAMPLE_CONSENSUS: /usr/lib/x86_64-linux-gnu/libpcl_sample_consensus.so  
[9.289s] -- Found PCL_FILTERS: /usr/lib/x86_64-linux-gnu/libpcl_filters.so  
[9.290s] -- Found PCL_2D: /usr/include/pcl-1.12  
[9.292s] -- Found PCL_GEOMETRY: /usr/include/pcl-1.12  
[9.293s] -- Found PCL_IO: /usr/lib/x86_64-linux-gnu/libpcl_io.so  
[9.293s] -- Found PCL_FEATURES: /usr/lib/x86_64-linux-gnu/libpcl_features.so  
[9.295s] -- Found PCL_ML: /usr/lib/x86_64-linux-gnu/libpcl_ml.so  
[9.295s] -- Found PCL_SEGMENTATION: /usr/lib/x86_64-linux-gnu/libpcl_segmentation.so  
[9.297s] -- Found PCL_VISUALIZATION: /usr/lib/x86_64-linux-gnu/libpcl_visualization.so  
[9.297s] -- Found PCL_SURFACE: /usr/lib/x86_64-linux-gnu/libpcl_surface.so  
[9.298s] -- Found PCL_REGISTRATION: /usr/lib/x86_64-linux-gnu/libpcl_registration.so  
[9.299s] -- Found PCL_KEYPOINTS: /usr/lib/x86_64-linux-gnu/libpcl_keypoints.so  
[9.301s] -- Found PCL_TRACKING: /usr/lib/x86_64-linux-gnu/libpcl_tracking.so  
[9.302s] -- Found PCL_RECOGNITION: /usr/lib/x86_64-linux-gnu/libpcl_recognition.so  
[9.303s] -- Found PCL_STEREO: /usr/lib/x86_64-linux-gnu/libpcl_stereo.so  
[9.304s] -- Found PCL_APPS: /usr/lib/x86_64-linux-gnu/libpcl_apps.so  
[9.307s] -- Found PCL_IN_HAND_SCANNER: /usr/include/pcl-1.12  
[9.307s] -- Found PCL_MODELER: /usr/include/pcl-1.12  
[9.308s] -- Found PCL_POINT_CLOUD_EDITOR: /usr/include/pcl-1.12  
[9.309s] -- Found PCL_OUTOFCORE: /usr/lib/x86_64-linux-gnu/libpcl_outofcore.so  
[9.309s] -- Found PCL_PEOPLE: /usr/lib/x86_64-linux-gnu/libpcl_people.so  
[9.397s] -- Found eigen3_cmake_module: 0.1.1 (/opt/ros/humble/share/eigen3_cmake_module/cmake)
[9.400s] -- Found Eigen3: TRUE (found version "3.4.0") 
[9.400s] -- Ensuring Eigen3 include directory is part of orocos-kdl CMake target
[9.531s] -- Found livox_ros_driver2: 1.0.0 (/home/allen/rm_ws/install/livox_ros_driver2/share/livox_ros_driver2/cmake)
[9.572s] -- Found rosidl_default_generators: 1.2.0 (/opt/ros/humble/share/rosidl_default_generators/cmake)
[10.066s] -- Found ament_cmake_ros: 0.10.0 (/opt/ros/humble/share/ament_cmake_ros/cmake)
[10.725s] -- Using all available rosidl_typesupport_c: rosidl_typesupport_fastrtps_c;rosidl_typesupport_introspection_c
[10.957s] -- Using all available rosidl_typesupport_cpp: rosidl_typesupport_fastrtps_cpp;rosidl_typesupport_introspection_cpp
[11.019s] -- Found PythonInterp: /usr/bin/python3 (found suitable version "3.10.12", minimum required is "3.6") 
[11.029s] -- Found python_cmake_module: 0.10.0 (/opt/ros/humble/share/python_cmake_module/cmake)
[11.082s] -- Found PythonLibs: /usr/lib/x86_64-linux-gnu/libpython3.10.so (found suitable version "3.10.12", minimum required is "3.5") 
[11.083s] -- Using PYTHON_EXECUTABLE: /usr/bin/python3
[11.084s] -- Using PYTHON_INCLUDE_DIRS: /usr/include/python3.10
[11.085s] -- Using PYTHON_LIBRARIES: /usr/lib/x86_64-linux-gnu/libpython3.10.so
[11.129s] -- Found PythonExtra: .so  
[11.258s] -- Configuring done
[11.570s] -- Generating done
[11.618s] -- Build files have been written to: /home/allen/rm_ws/build/fast_lio
[11.652s] Invoked command in '/home/allen/rm_ws/build/fast_lio' returned '0': CMAKE_PREFIX_PATH=/home/allen/rm_ws/install/livox_ros_driver2:/home/allen/rm_ws/install/pointcloud_to_laserscan:/home/allen/rm_ws/install/linefit_ground_segmentation_ros:/home/allen/rm_ws/install/linefit_ground_segmentation:/home/allen/rm_ws/install/imu_complementary_filter:/home/allen/rm_ws/install/ros2_livox_simulation:/home/allen/rm_ws/install/teb_local_planner:/home/allen/rm_ws/install/teb_msgs:/home/allen/rm_ws/install/rmoss_gz_plugins:/home/allen/rm_ws/install/rmbot2:/home/allen/rm_ws/install/rm_navigation:/home/allen/rm_ws/install/rm_nav_bringup:/home/allen/rm_ws/install/fake_vel_transform:/home/allen/rm_ws/install/costmap_converter:/home/allen/rm_ws/install/costmap_converter_msgs:/opt/ros/humble LD_LIBRARY_PATH=/home/allen/rm_ws/install/livox_ros_driver2/lib:/home/allen/rm_ws/install/pointcloud_to_laserscan/lib:/home/allen/rm_ws/install/linefit_ground_segmentation/lib:/home/allen/rm_ws/install/imu_complementary_filter/lib:/home/allen/rm_ws/install/ros2_livox_simulation/lib:/home/allen/rm_ws/install/teb_local_planner/lib:/home/allen/rm_ws/install/teb_msgs/lib:/home/allen/rm_ws/install/fake_vel_transform/lib:/home/allen/rm_ws/install/costmap_converter/lib:/home/allen/rm_ws/install/costmap_converter_msgs/lib:/usr/lib/x86_64-linux-gnu/gazebo-11/plugins:/opt/ros/humble/opt/rviz_ogre_vendor/lib:/opt/ros/humble/lib/x86_64-linux-gnu:/opt/ros/humble/opt/openvdb_vendor/lib:/opt/ros/humble/lib:/usr/local/lib:/usr/local/lib:/usr/local/lib:/usr/local/lib:/usr/local/lib /usr/bin/cmake /home/allen/rm_ws/src/rm_localization/FAST_LIO -DCMAKE_INSTALL_PREFIX=/home/allen/rm_ws/install/fast_lio
[11.655s] Invoking command in '/home/allen/rm_ws/build/fast_lio': CMAKE_PREFIX_PATH=/home/allen/rm_ws/install/livox_ros_driver2:/home/allen/rm_ws/install/pointcloud_to_laserscan:/home/allen/rm_ws/install/linefit_ground_segmentation_ros:/home/allen/rm_ws/install/linefit_ground_segmentation:/home/allen/rm_ws/install/imu_complementary_filter:/home/allen/rm_ws/install/ros2_livox_simulation:/home/allen/rm_ws/install/teb_local_planner:/home/allen/rm_ws/install/teb_msgs:/home/allen/rm_ws/install/rmoss_gz_plugins:/home/allen/rm_ws/install/rmbot2:/home/allen/rm_ws/install/rm_navigation:/home/allen/rm_ws/install/rm_nav_bringup:/home/allen/rm_ws/install/fake_vel_transform:/home/allen/rm_ws/install/costmap_converter:/home/allen/rm_ws/install/costmap_converter_msgs:/opt/ros/humble LD_LIBRARY_PATH=/home/allen/rm_ws/install/livox_ros_driver2/lib:/home/allen/rm_ws/install/pointcloud_to_laserscan/lib:/home/allen/rm_ws/install/linefit_ground_segmentation/lib:/home/allen/rm_ws/install/imu_complementary_filter/lib:/home/allen/rm_ws/install/ros2_livox_simulation/lib:/home/allen/rm_ws/install/teb_local_planner/lib:/home/allen/rm_ws/install/teb_msgs/lib:/home/allen/rm_ws/install/fake_vel_transform/lib:/home/allen/rm_ws/install/costmap_converter/lib:/home/allen/rm_ws/install/costmap_converter_msgs/lib:/usr/lib/x86_64-linux-gnu/gazebo-11/plugins:/opt/ros/humble/opt/rviz_ogre_vendor/lib:/opt/ros/humble/lib/x86_64-linux-gnu:/opt/ros/humble/opt/openvdb_vendor/lib:/opt/ros/humble/lib:/usr/local/lib:/usr/local/lib:/usr/local/lib:/usr/local/lib:/usr/local/lib /usr/bin/cmake --build /home/allen/rm_ws/build/fast_lio -- -j2 -l2
[11.826s] [  2%] [34m[1mGenerating C code for ROS interfaces[0m
[11.885s] [  5%] [34m[1mGenerating C++ code for ROS interfaces[0m
[12.534s] [  5%] Built target fast_lio__cpp
[12.611s] [  8%] [32mBuilding C object CMakeFiles/fast_lio__rosidl_generator_c.dir/rosidl_generator_c/fast_lio/msg/detail/pose6_d__functions.c.o[0m
[12.682s] [  8%] Built target ament_cmake_python_copy_fast_lio
[12.750s] [ 11%] [34m[1mGenerating C++ type support dispatch for ROS interfaces[0m
[12.866s] [ 14%] [32m[1mLinking C shared library libfast_lio__rosidl_generator_c.so[0m
[13.032s] [ 14%] Built target fast_lio__rosidl_generator_c
[13.079s] [ 17%] [34m[1mGenerating C++ type support for eProsima Fast-RTPS[0m
[13.307s] [ 20%] [32mBuilding CXX object CMakeFiles/fast_lio__rosidl_typesupport_cpp.dir/rosidl_typesupport_cpp/fast_lio/msg/pose6_d__type_support.cpp.o[0m
[13.631s] [ 22%] [32mBuilding CXX object CMakeFiles/fast_lio__rosidl_typesupport_fastrtps_cpp.dir/rosidl_typesupport_fastrtps_cpp/fast_lio/msg/detail/dds_fastrtps/pose6_d__type_support.cpp.o[0m
[14.014s] [ 25%] [32m[1mLinking CXX shared library libfast_lio__rosidl_typesupport_cpp.so[0m
[14.186s] [ 25%] Built target fast_lio__rosidl_typesupport_cpp
[14.249s] [ 28%] [34m[1mGenerating C introspection for ROS interfaces[0m
[14.662s] [ 31%] [32m[1mLinking CXX shared library libfast_lio__rosidl_typesupport_fastrtps_cpp.so[0m
[14.848s] [ 34%] [32mBuilding C object CMakeFiles/fast_lio__rosidl_typesupport_introspection_c.dir/rosidl_typesupport_introspection_c/fast_lio/msg/detail/pose6_d__type_support.c.o[0m
[14.960s] [ 34%] Built target fast_lio__rosidl_typesupport_fastrtps_cpp
[15.022s] [ 37%] [34m[1mGenerating C type support dispatch for ROS interfaces[0m
[15.052s] [ 40%] [32m[1mLinking C shared library libfast_lio__rosidl_typesupport_introspection_c.so[0m
[15.214s] [ 40%] Built target fast_lio__rosidl_typesupport_introspection_c
[15.263s] [ 42%] [34m[1mGenerating C++ introspection for ROS interfaces[0m
[15.579s] [ 45%] [32mBuilding CXX object CMakeFiles/fast_lio__rosidl_typesupport_c.dir/rosidl_typesupport_c/fast_lio/msg/pose6_d__type_support.cpp.o[0m
[15.700s] [ 48%] [32m[1mLinking CXX shared library libfast_lio__rosidl_typesupport_c.so[0m
[15.885s] [ 48%] Built target fast_lio__rosidl_typesupport_c
[15.908s] [ 51%] [32mBuilding CXX object CMakeFiles/fast_lio__rosidl_typesupport_introspection_cpp.dir/rosidl_typesupport_introspection_cpp/fast_lio/msg/detail/pose6_d__type_support.cpp.o[0m
[16.599s] running egg_info
[16.599s] creating fast_lio.egg-info
[16.602s] writing fast_lio.egg-info/PKG-INFO
[16.606s] writing dependency_links to fast_lio.egg-info/dependency_links.txt
[16.606s] writing top-level names to fast_lio.egg-info/top_level.txt
[16.610s] writing manifest file 'fast_lio.egg-info/SOURCES.txt'
[16.620s] reading manifest file 'fast_lio.egg-info/SOURCES.txt'
[16.621s] writing manifest file 'fast_lio.egg-info/SOURCES.txt'
[16.703s] [ 51%] Built target ament_cmake_python_build_fast_lio_egg
[16.846s] [ 54%] [32mBuilding CXX object CMakeFiles/fastlio_mapping.dir/src/laserMapping.cpp.o[0m
[16.915s] [ 57%] [32m[1mLinking CXX shared library libfast_lio__rosidl_typesupport_introspection_cpp.so[0m
[17.065s] [ 57%] Built target fast_lio__rosidl_typesupport_introspection_cpp
[17.101s] [ 60%] [34m[1mGenerating C type support for eProsima Fast-RTPS[0m
[17.649s] [ 62%] [32mBuilding CXX object CMakeFiles/fast_lio__rosidl_typesupport_fastrtps_c.dir/rosidl_typesupport_fastrtps_c/fast_lio/msg/detail/pose6_d__type_support_c.cpp.o[0m
[18.645s] [ 65%] [32m[1mLinking CXX shared library libfast_lio__rosidl_typesupport_fastrtps_c.so[0m
[18.961s] [ 65%] Built target fast_lio__rosidl_typesupport_fastrtps_c
[19.046s] [ 68%] [32mBuilding CXX object CMakeFiles/fastlio_mapping.dir/include/ikd-Tree/ikd_Tree.cpp.o[0m
[28.999s] [ 71%] [32mBuilding CXX object CMakeFiles/fastlio_mapping.dir/src/preprocess.cpp.o[0m
[120.604s] [ 74%] [32m[1mLinking CXX executable fastlio_mapping[0m
[122.301s] [ 74%] Built target fastlio_mapping
[122.381s] [ 74%] Built target fast_lio
[122.448s] [ 77%] [34m[1mGenerating Python code for ROS interfaces[0m
[123.012s] [ 77%] Built target fast_lio__py
[123.096s] [ 80%] [32mBuilding C object CMakeFiles/fast_lio__rosidl_generator_py.dir/rosidl_generator_py/fast_lio/msg/_pose6_d_s.c.o[0m
[123.332s] [ 82%] [32m[1mLinking C shared library rosidl_generator_py/fast_lio/libfast_lio__rosidl_generator_py.so[0m
[123.452s] [ 82%] Built target fast_lio__rosidl_generator_py
[123.526s] [ 85%] [32mBuilding C object CMakeFiles/fast_lio__rosidl_typesupport_fastrtps_c__pyext.dir/rosidl_generator_py/fast_lio/_fast_lio_s.ep.rosidl_typesupport_fastrtps_c.c.o[0m
[123.768s] [ 88%] [32m[1mLinking C shared library rosidl_generator_py/fast_lio/fast_lio_s__rosidl_typesupport_fastrtps_c.cpython-310-x86_64-linux-gnu.so[0m
[123.895s] [ 88%] Built target fast_lio__rosidl_typesupport_fastrtps_c__pyext
[123.966s] [ 91%] [32mBuilding C object CMakeFiles/fast_lio__rosidl_typesupport_introspection_c__pyext.dir/rosidl_generator_py/fast_lio/_fast_lio_s.ep.rosidl_typesupport_introspection_c.c.o[0m
[124.208s] [ 94%] [32m[1mLinking C shared library rosidl_generator_py/fast_lio/fast_lio_s__rosidl_typesupport_introspection_c.cpython-310-x86_64-linux-gnu.so[0m
[124.327s] [ 94%] Built target fast_lio__rosidl_typesupport_introspection_c__pyext
[124.405s] [ 97%] [32mBuilding C object CMakeFiles/fast_lio__rosidl_typesupport_c__pyext.dir/rosidl_generator_py/fast_lio/_fast_lio_s.ep.rosidl_typesupport_c.c.o[0m
[124.636s] [100%] [32m[1mLinking C shared library rosidl_generator_py/fast_lio/fast_lio_s__rosidl_typesupport_c.cpython-310-x86_64-linux-gnu.so[0m
[124.744s] [100%] Built target fast_lio__rosidl_typesupport_c__pyext
[124.779s] Invoked command in '/home/allen/rm_ws/build/fast_lio' returned '0': CMAKE_PREFIX_PATH=/home/allen/rm_ws/install/livox_ros_driver2:/home/allen/rm_ws/install/pointcloud_to_laserscan:/home/allen/rm_ws/install/linefit_ground_segmentation_ros:/home/allen/rm_ws/install/linefit_ground_segmentation:/home/allen/rm_ws/install/imu_complementary_filter:/home/allen/rm_ws/install/ros2_livox_simulation:/home/allen/rm_ws/install/teb_local_planner:/home/allen/rm_ws/install/teb_msgs:/home/allen/rm_ws/install/rmoss_gz_plugins:/home/allen/rm_ws/install/rmbot2:/home/allen/rm_ws/install/rm_navigation:/home/allen/rm_ws/install/rm_nav_bringup:/home/allen/rm_ws/install/fake_vel_transform:/home/allen/rm_ws/install/costmap_converter:/home/allen/rm_ws/install/costmap_converter_msgs:/opt/ros/humble LD_LIBRARY_PATH=/home/allen/rm_ws/install/livox_ros_driver2/lib:/home/allen/rm_ws/install/pointcloud_to_laserscan/lib:/home/allen/rm_ws/install/linefit_ground_segmentation/lib:/home/allen/rm_ws/install/imu_complementary_filter/lib:/home/allen/rm_ws/install/ros2_livox_simulation/lib:/home/allen/rm_ws/install/teb_local_planner/lib:/home/allen/rm_ws/install/teb_msgs/lib:/home/allen/rm_ws/install/fake_vel_transform/lib:/home/allen/rm_ws/install/costmap_converter/lib:/home/allen/rm_ws/install/costmap_converter_msgs/lib:/usr/lib/x86_64-linux-gnu/gazebo-11/plugins:/opt/ros/humble/opt/rviz_ogre_vendor/lib:/opt/ros/humble/lib/x86_64-linux-gnu:/opt/ros/humble/opt/openvdb_vendor/lib:/opt/ros/humble/lib:/usr/local/lib:/usr/local/lib:/usr/local/lib:/usr/local/lib:/usr/local/lib /usr/bin/cmake --build /home/allen/rm_ws/build/fast_lio -- -j2 -l2
[124.809s] Invoking command in '/home/allen/rm_ws/build/fast_lio': CMAKE_PREFIX_PATH=/home/allen/rm_ws/install/livox_ros_driver2:/home/allen/rm_ws/install/pointcloud_to_laserscan:/home/allen/rm_ws/install/linefit_ground_segmentation_ros:/home/allen/rm_ws/install/linefit_ground_segmentation:/home/allen/rm_ws/install/imu_complementary_filter:/home/allen/rm_ws/install/ros2_livox_simulation:/home/allen/rm_ws/install/teb_local_planner:/home/allen/rm_ws/install/teb_msgs:/home/allen/rm_ws/install/rmoss_gz_plugins:/home/allen/rm_ws/install/rmbot2:/home/allen/rm_ws/install/rm_navigation:/home/allen/rm_ws/install/rm_nav_bringup:/home/allen/rm_ws/install/fake_vel_transform:/home/allen/rm_ws/install/costmap_converter:/home/allen/rm_ws/install/costmap_converter_msgs:/opt/ros/humble LD_LIBRARY_PATH=/home/allen/rm_ws/install/livox_ros_driver2/lib:/home/allen/rm_ws/install/pointcloud_to_laserscan/lib:/home/allen/rm_ws/install/linefit_ground_segmentation/lib:/home/allen/rm_ws/install/imu_complementary_filter/lib:/home/allen/rm_ws/install/ros2_livox_simulation/lib:/home/allen/rm_ws/install/teb_local_planner/lib:/home/allen/rm_ws/install/teb_msgs/lib:/home/allen/rm_ws/install/fake_vel_transform/lib:/home/allen/rm_ws/install/costmap_converter/lib:/home/allen/rm_ws/install/costmap_converter_msgs/lib:/usr/lib/x86_64-linux-gnu/gazebo-11/plugins:/opt/ros/humble/opt/rviz_ogre_vendor/lib:/opt/ros/humble/lib/x86_64-linux-gnu:/opt/ros/humble/opt/openvdb_vendor/lib:/opt/ros/humble/lib:/usr/local/lib:/usr/local/lib:/usr/local/lib:/usr/local/lib:/usr/local/lib /usr/bin/cmake --install /home/allen/rm_ws/build/fast_lio
[124.839s] -- Install configuration: "Release"
[124.840s] -- Installing: /home/allen/rm_ws/install/fast_lio/share/ament_index/resource_index/rosidl_interfaces/fast_lio
[124.840s] -- Installing: /home/allen/rm_ws/install/fast_lio/include/fast_lio/fast_lio
[124.841s] -- Installing: /home/allen/rm_ws/install/fast_lio/include/fast_lio/fast_lio/msg
[124.842s] -- Installing: /home/allen/rm_ws/install/fast_lio/include/fast_lio/fast_lio/msg/rosidl_generator_c__visibility_control.h
[124.842s] -- Installing: /home/allen/rm_ws/install/fast_lio/include/fast_lio/fast_lio/msg/pose6_d.h
[124.843s] -- Installing: /home/allen/rm_ws/install/fast_lio/include/fast_lio/fast_lio/msg/detail
[124.843s] -- Installing: /home/allen/rm_ws/install/fast_lio/include/fast_lio/fast_lio/msg/detail/pose6_d__functions.h
[124.844s] -- Installing: /home/allen/rm_ws/install/fast_lio/include/fast_lio/fast_lio/msg/detail/pose6_d__struct.h
[124.844s] -- Installing: /home/allen/rm_ws/install/fast_lio/include/fast_lio/fast_lio/msg/detail/pose6_d__type_support.h
[124.845s] -- Installing: /home/allen/rm_ws/install/fast_lio/include/fast_lio/fast_lio/msg/detail/pose6_d__functions.c
[124.846s] -- Installing: /home/allen/rm_ws/install/fast_lio/share/fast_lio/environment/library_path.sh
[124.847s] -- Installing: /home/allen/rm_ws/install/fast_lio/share/fast_lio/environment/library_path.dsv
[124.847s] -- Installing: /home/allen/rm_ws/install/fast_lio/lib/libfast_lio__rosidl_generator_c.so
[124.850s] -- Set runtime path of "/home/allen/rm_ws/install/fast_lio/lib/libfast_lio__rosidl_generator_c.so" to ""
[124.850s] -- Up-to-date: /home/allen/rm_ws/install/fast_lio/include/fast_lio/fast_lio
[124.850s] -- Up-to-date: /home/allen/rm_ws/install/fast_lio/include/fast_lio/fast_lio/msg
[124.851s] -- Installing: /home/allen/rm_ws/install/fast_lio/include/fast_lio/fast_lio/msg/rosidl_typesupport_fastrtps_c__visibility_control.h
[124.851s] -- Up-to-date: /home/allen/rm_ws/install/fast_lio/include/fast_lio/fast_lio/msg/detail
[124.852s] -- Installing: /home/allen/rm_ws/install/fast_lio/include/fast_lio/fast_lio/msg/detail/pose6_d__rosidl_typesupport_fastrtps_c.h
[124.853s] -- Installing: /home/allen/rm_ws/install/fast_lio/lib/libfast_lio__rosidl_typesupport_fastrtps_c.so
[124.855s] -- Set runtime path of "/home/allen/rm_ws/install/fast_lio/lib/libfast_lio__rosidl_typesupport_fastrtps_c.so" to ""
[124.855s] -- Up-to-date: /home/allen/rm_ws/install/fast_lio/include/fast_lio/fast_lio
[124.855s] -- Up-to-date: /home/allen/rm_ws/install/fast_lio/include/fast_lio/fast_lio/msg
[124.858s] -- Up-to-date: /home/allen/rm_ws/install/fast_lio/include/fast_lio/fast_lio/msg/detail
[124.859s] -- Installing: /home/allen/rm_ws/install/fast_lio/include/fast_lio/fast_lio/msg/detail/pose6_d__traits.hpp
[124.859s] -- Installing: /home/allen/rm_ws/install/fast_lio/include/fast_lio/fast_lio/msg/detail/pose6_d__type_support.hpp
[124.859s] -- Installing: /home/allen/rm_ws/install/fast_lio/include/fast_lio/fast_lio/msg/detail/pose6_d__builder.hpp
[124.860s] -- Installing: /home/allen/rm_ws/install/fast_lio/include/fast_lio/fast_lio/msg/detail/pose6_d__struct.hpp
[124.861s] -- Installing: /home/allen/rm_ws/install/fast_lio/include/fast_lio/fast_lio/msg/rosidl_generator_cpp__visibility_control.hpp
[124.861s] -- Installing: /home/allen/rm_ws/install/fast_lio/include/fast_lio/fast_lio/msg/pose6_d.hpp
[124.863s] -- Up-to-date: /home/allen/rm_ws/install/fast_lio/include/fast_lio/fast_lio
[124.865s] -- Up-to-date: /home/allen/rm_ws/install/fast_lio/include/fast_lio/fast_lio/msg
[124.865s] -- Up-to-date: /home/allen/rm_ws/install/fast_lio/include/fast_lio/fast_lio/msg/detail
[124.865s] -- Installing: /home/allen/rm_ws/install/fast_lio/include/fast_lio/fast_lio/msg/detail/dds_fastrtps
[124.865s] -- Installing: /home/allen/rm_ws/install/fast_lio/include/fast_lio/fast_lio/msg/detail/pose6_d__rosidl_typesupport_fastrtps_cpp.hpp
[124.865s] -- Installing: /home/allen/rm_ws/install/fast_lio/include/fast_lio/fast_lio/msg/rosidl_typesupport_fastrtps_cpp__visibility_control.h
[124.868s] -- Installing: /home/allen/rm_ws/install/fast_lio/lib/libfast_lio__rosidl_typesupport_fastrtps_cpp.so
[124.868s] -- Set runtime path of "/home/allen/rm_ws/install/fast_lio/lib/libfast_lio__rosidl_typesupport_fastrtps_cpp.so" to ""
[124.868s] -- Up-to-date: /home/allen/rm_ws/install/fast_lio/include/fast_lio/fast_lio
[124.870s] -- Up-to-date: /home/allen/rm_ws/install/fast_lio/include/fast_lio/fast_lio/msg
[124.871s] -- Installing: /home/allen/rm_ws/install/fast_lio/include/fast_lio/fast_lio/msg/rosidl_typesupport_introspection_c__visibility_control.h
[124.871s] -- Up-to-date: /home/allen/rm_ws/install/fast_lio/include/fast_lio/fast_lio/msg/detail
[124.871s] -- Installing: /home/allen/rm_ws/install/fast_lio/include/fast_lio/fast_lio/msg/detail/pose6_d__type_support.c
[124.871s] -- Installing: /home/allen/rm_ws/install/fast_lio/include/fast_lio/fast_lio/msg/detail/pose6_d__rosidl_typesupport_introspection_c.h
[124.871s] -- Installing: /home/allen/rm_ws/install/fast_lio/lib/libfast_lio__rosidl_typesupport_introspection_c.so
[124.873s] -- Set runtime path of "/home/allen/rm_ws/install/fast_lio/lib/libfast_lio__rosidl_typesupport_introspection_c.so" to ""
[124.874s] -- Installing: /home/allen/rm_ws/install/fast_lio/lib/libfast_lio__rosidl_typesupport_c.so
[124.876s] -- Set runtime path of "/home/allen/rm_ws/install/fast_lio/lib/libfast_lio__rosidl_typesupport_c.so" to ""
[124.877s] -- Up-to-date: /home/allen/rm_ws/install/fast_lio/include/fast_lio/fast_lio
[124.878s] -- Up-to-date: /home/allen/rm_ws/install/fast_lio/include/fast_lio/fast_lio/msg
[124.878s] -- Up-to-date: /home/allen/rm_ws/install/fast_lio/include/fast_lio/fast_lio/msg/detail
[124.878s] -- Installing: /home/allen/rm_ws/install/fast_lio/include/fast_lio/fast_lio/msg/detail/pose6_d__type_support.cpp
[124.879s] -- Installing: /home/allen/rm_ws/install/fast_lio/include/fast_lio/fast_lio/msg/detail/pose6_d__rosidl_typesupport_introspection_cpp.hpp
[124.880s] -- Installing: /home/allen/rm_ws/install/fast_lio/lib/libfast_lio__rosidl_typesupport_introspection_cpp.so
[124.882s] -- Set runtime path of "/home/allen/rm_ws/install/fast_lio/lib/libfast_lio__rosidl_typesupport_introspection_cpp.so" to ""
[124.882s] -- Installing: /home/allen/rm_ws/install/fast_lio/lib/libfast_lio__rosidl_typesupport_cpp.so
[124.884s] -- Set runtime path of "/home/allen/rm_ws/install/fast_lio/lib/libfast_lio__rosidl_typesupport_cpp.so" to ""
[124.885s] -- Installing: /home/allen/rm_ws/install/fast_lio/share/fast_lio/environment/pythonpath.sh
[124.886s] -- Installing: /home/allen/rm_ws/install/fast_lio/share/fast_lio/environment/pythonpath.dsv
[124.886s] -- Installing: /home/allen/rm_ws/install/fast_lio/local/lib/python3.10/dist-packages/fast_lio-0.0.0-py3.10.egg-info
[124.887s] -- Installing: /home/allen/rm_ws/install/fast_lio/local/lib/python3.10/dist-packages/fast_lio-0.0.0-py3.10.egg-info/top_level.txt
[124.888s] -- Installing: /home/allen/rm_ws/install/fast_lio/local/lib/python3.10/dist-packages/fast_lio-0.0.0-py3.10.egg-info/dependency_links.txt
[124.888s] -- Installing: /home/allen/rm_ws/install/fast_lio/local/lib/python3.10/dist-packages/fast_lio-0.0.0-py3.10.egg-info/PKG-INFO
[124.890s] -- Installing: /home/allen/rm_ws/install/fast_lio/local/lib/python3.10/dist-packages/fast_lio-0.0.0-py3.10.egg-info/SOURCES.txt
[124.890s] -- Installing: /home/allen/rm_ws/install/fast_lio/local/lib/python3.10/dist-packages/fast_lio
[124.890s] -- Installing: /home/allen/rm_ws/install/fast_lio/local/lib/python3.10/dist-packages/fast_lio/_fast_lio_s.ep.rosidl_typesupport_fastrtps_c.c
[124.891s] -- Installing: /home/allen/rm_ws/install/fast_lio/local/lib/python3.10/dist-packages/fast_lio/libfast_lio__rosidl_generator_py.so
[124.893s] -- Installing: /home/allen/rm_ws/install/fast_lio/local/lib/python3.10/dist-packages/fast_lio/__init__.py
[124.899s] -- Installing: /home/allen/rm_ws/install/fast_lio/local/lib/python3.10/dist-packages/fast_lio/_fast_lio_s.ep.rosidl_typesupport_introspection_c.c
[124.899s] -- Installing: /home/allen/rm_ws/install/fast_lio/local/lib/python3.10/dist-packages/fast_lio/fast_lio_s__rosidl_typesupport_c.cpython-310-x86_64-linux-gnu.so
[124.900s] -- Installing: /home/allen/rm_ws/install/fast_lio/local/lib/python3.10/dist-packages/fast_lio/msg
[124.900s] -- Installing: /home/allen/rm_ws/install/fast_lio/local/lib/python3.10/dist-packages/fast_lio/msg/__init__.py
[124.901s] -- Installing: /home/allen/rm_ws/install/fast_lio/local/lib/python3.10/dist-packages/fast_lio/msg/_pose6_d_s.c
[124.903s] -- Installing: /home/allen/rm_ws/install/fast_lio/local/lib/python3.10/dist-packages/fast_lio/msg/_pose6_d.py
[124.904s] -- Installing: /home/allen/rm_ws/install/fast_lio/local/lib/python3.10/dist-packages/fast_lio/_fast_lio_s.ep.rosidl_typesupport_c.c
[124.905s] -- Installing: /home/allen/rm_ws/install/fast_lio/local/lib/python3.10/dist-packages/fast_lio/fast_lio_s__rosidl_typesupport_introspection_c.cpython-310-x86_64-linux-gnu.so
[124.905s] -- Installing: /home/allen/rm_ws/install/fast_lio/local/lib/python3.10/dist-packages/fast_lio/fast_lio_s__rosidl_typesupport_fastrtps_c.cpython-310-x86_64-linux-gnu.so
[124.961s] Listing '/home/allen/rm_ws/install/fast_lio/local/lib/python3.10/dist-packages/fast_lio'...
[124.961s] Compiling '/home/allen/rm_ws/install/fast_lio/local/lib/python3.10/dist-packages/fast_lio/__init__.py'...
[124.961s] Listing '/home/allen/rm_ws/install/fast_lio/local/lib/python3.10/dist-packages/fast_lio/msg'...
[124.961s] Compiling '/home/allen/rm_ws/install/fast_lio/local/lib/python3.10/dist-packages/fast_lio/msg/__init__.py'...
[124.961s] Compiling '/home/allen/rm_ws/install/fast_lio/local/lib/python3.10/dist-packages/fast_lio/msg/_pose6_d.py'...
[124.967s] -- Installing: /home/allen/rm_ws/install/fast_lio/local/lib/python3.10/dist-packages/fast_lio/fast_lio_s__rosidl_typesupport_fastrtps_c.cpython-310-x86_64-linux-gnu.so
[124.969s] -- Set runtime path of "/home/allen/rm_ws/install/fast_lio/local/lib/python3.10/dist-packages/fast_lio/fast_lio_s__rosidl_typesupport_fastrtps_c.cpython-310-x86_64-linux-gnu.so" to ""
[124.972s] -- Installing: /home/allen/rm_ws/install/fast_lio/local/lib/python3.10/dist-packages/fast_lio/fast_lio_s__rosidl_typesupport_introspection_c.cpython-310-x86_64-linux-gnu.so
[124.972s] -- Set runtime path of "/home/allen/rm_ws/install/fast_lio/local/lib/python3.10/dist-packages/fast_lio/fast_lio_s__rosidl_typesupport_introspection_c.cpython-310-x86_64-linux-gnu.so" to ""
[124.973s] -- Installing: /home/allen/rm_ws/install/fast_lio/local/lib/python3.10/dist-packages/fast_lio/fast_lio_s__rosidl_typesupport_c.cpython-310-x86_64-linux-gnu.so
[124.976s] -- Set runtime path of "/home/allen/rm_ws/install/fast_lio/local/lib/python3.10/dist-packages/fast_lio/fast_lio_s__rosidl_typesupport_c.cpython-310-x86_64-linux-gnu.so" to ""
[124.977s] -- Installing: /home/allen/rm_ws/install/fast_lio/lib/libfast_lio__rosidl_generator_py.so
[124.977s] -- Set runtime path of "/home/allen/rm_ws/install/fast_lio/lib/libfast_lio__rosidl_generator_py.so" to ""
[124.977s] -- Installing: /home/allen/rm_ws/install/fast_lio/share/fast_lio/msg/Pose6D.idl
[124.978s] -- Installing: /home/allen/rm_ws/install/fast_lio/share/fast_lio/msg/Pose6D.msg
[124.979s] -- Installing: /home/allen/rm_ws/install/fast_lio/lib/fast_lio/fastlio_mapping
[124.988s] -- Set runtime path of "/home/allen/rm_ws/install/fast_lio/lib/fast_lio/fastlio_mapping" to ""
[124.988s] -- Installing: /home/allen/rm_ws/install/fast_lio/share/fast_lio/config
[124.990s] -- Installing: /home/allen/rm_ws/install/fast_lio/share/fast_lio/config/ouster64.yaml
[124.991s] -- Installing: /home/allen/rm_ws/install/fast_lio/share/fast_lio/config/mid360.yaml
[124.992s] -- Installing: /home/allen/rm_ws/install/fast_lio/share/fast_lio/config/horizon.yaml
[124.996s] -- Installing: /home/allen/rm_ws/install/fast_lio/share/fast_lio/config/velodyne.yaml
[124.997s] -- Installing: /home/allen/rm_ws/install/fast_lio/share/fast_lio/config/avia.yaml
[124.998s] -- Installing: /home/allen/rm_ws/install/fast_lio/share/fast_lio/launch
[124.999s] -- Installing: /home/allen/rm_ws/install/fast_lio/share/fast_lio/launch/mapping.launch.py
[124.999s] -- Installing: /home/allen/rm_ws/install/fast_lio/share/fast_lio/launch/gdb_debug_example.launch
[125.001s] -- Installing: /home/allen/rm_ws/install/fast_lio/share/fast_lio/rviz
[125.002s] -- Installing: /home/allen/rm_ws/install/fast_lio/share/fast_lio/rviz/fastlio.rviz
[125.004s] -- Installing: /home/allen/rm_ws/install/fast_lio/share/ament_index/resource_index/package_run_dependencies/fast_lio
[125.004s] -- Installing: /home/allen/rm_ws/install/fast_lio/share/ament_index/resource_index/parent_prefix_path/fast_lio
[125.005s] -- Installing: /home/allen/rm_ws/install/fast_lio/share/fast_lio/environment/ament_prefix_path.sh
[125.006s] -- Installing: /home/allen/rm_ws/install/fast_lio/share/fast_lio/environment/ament_prefix_path.dsv
[125.008s] -- Installing: /home/allen/rm_ws/install/fast_lio/share/fast_lio/environment/path.sh
[125.008s] -- Installing: /home/allen/rm_ws/install/fast_lio/share/fast_lio/environment/path.dsv
[125.009s] -- Installing: /home/allen/rm_ws/install/fast_lio/share/fast_lio/local_setup.bash
[125.009s] -- Installing: /home/allen/rm_ws/install/fast_lio/share/fast_lio/local_setup.sh
[125.010s] -- Installing: /home/allen/rm_ws/install/fast_lio/share/fast_lio/local_setup.zsh
[125.011s] -- Installing: /home/allen/rm_ws/install/fast_lio/share/fast_lio/local_setup.dsv
[125.011s] -- Installing: /home/allen/rm_ws/install/fast_lio/share/fast_lio/package.dsv
[125.011s] -- Installing: /home/allen/rm_ws/install/fast_lio/share/ament_index/resource_index/packages/fast_lio
[125.012s] -- Installing: /home/allen/rm_ws/install/fast_lio/share/fast_lio/cmake/export_fast_lio__rosidl_generator_cExport.cmake
[125.015s] -- Installing: /home/allen/rm_ws/install/fast_lio/share/fast_lio/cmake/export_fast_lio__rosidl_generator_cExport-release.cmake
[125.016s] -- Installing: /home/allen/rm_ws/install/fast_lio/share/fast_lio/cmake/export_fast_lio__rosidl_typesupport_fastrtps_cExport.cmake
[125.017s] -- Installing: /home/allen/rm_ws/install/fast_lio/share/fast_lio/cmake/export_fast_lio__rosidl_typesupport_fastrtps_cExport-release.cmake
[125.018s] -- Installing: /home/allen/rm_ws/install/fast_lio/share/fast_lio/cmake/export_fast_lio__rosidl_generator_cppExport.cmake
[125.018s] -- Installing: /home/allen/rm_ws/install/fast_lio/share/fast_lio/cmake/export_fast_lio__rosidl_typesupport_fastrtps_cppExport.cmake
[125.018s] -- Installing: /home/allen/rm_ws/install/fast_lio/share/fast_lio/cmake/export_fast_lio__rosidl_typesupport_fastrtps_cppExport-release.cmake
[125.018s] -- Installing: /home/allen/rm_ws/install/fast_lio/share/fast_lio/cmake/fast_lio__rosidl_typesupport_introspection_cExport.cmake
[125.018s] -- Installing: /home/allen/rm_ws/install/fast_lio/share/fast_lio/cmake/fast_lio__rosidl_typesupport_introspection_cExport-release.cmake
[125.018s] -- Installing: /home/allen/rm_ws/install/fast_lio/share/fast_lio/cmake/fast_lio__rosidl_typesupport_cExport.cmake
[125.019s] -- Installing: /home/allen/rm_ws/install/fast_lio/share/fast_lio/cmake/fast_lio__rosidl_typesupport_cExport-release.cmake
[125.020s] -- Installing: /home/allen/rm_ws/install/fast_lio/share/fast_lio/cmake/fast_lio__rosidl_typesupport_introspection_cppExport.cmake
[125.020s] -- Installing: /home/allen/rm_ws/install/fast_lio/share/fast_lio/cmake/fast_lio__rosidl_typesupport_introspection_cppExport-release.cmake
[125.021s] -- Installing: /home/allen/rm_ws/install/fast_lio/share/fast_lio/cmake/fast_lio__rosidl_typesupport_cppExport.cmake
[125.021s] -- Installing: /home/allen/rm_ws/install/fast_lio/share/fast_lio/cmake/fast_lio__rosidl_typesupport_cppExport-release.cmake
[125.021s] -- Installing: /home/allen/rm_ws/install/fast_lio/share/fast_lio/cmake/export_fast_lio__rosidl_generator_pyExport.cmake
[125.021s] -- Installing: /home/allen/rm_ws/install/fast_lio/share/fast_lio/cmake/export_fast_lio__rosidl_generator_pyExport-release.cmake
[125.021s] -- Installing: /home/allen/rm_ws/install/fast_lio/share/fast_lio/cmake/rosidl_cmake-extras.cmake
[125.022s] -- Installing: /home/allen/rm_ws/install/fast_lio/share/fast_lio/cmake/ament_cmake_export_include_directories-extras.cmake
[125.022s] -- Installing: /home/allen/rm_ws/install/fast_lio/share/fast_lio/cmake/ament_cmake_export_libraries-extras.cmake
[125.023s] -- Installing: /home/allen/rm_ws/install/fast_lio/share/fast_lio/cmake/ament_cmake_export_targets-extras.cmake
[125.023s] -- Installing: /home/allen/rm_ws/install/fast_lio/share/fast_lio/cmake/rosidl_cmake_export_typesupport_targets-extras.cmake
[125.023s] -- Installing: /home/allen/rm_ws/install/fast_lio/share/fast_lio/cmake/ament_cmake_export_dependencies-extras.cmake
[125.024s] -- Installing: /home/allen/rm_ws/install/fast_lio/share/fast_lio/cmake/rosidl_cmake_export_typesupport_libraries-extras.cmake
[125.025s] -- Installing: /home/allen/rm_ws/install/fast_lio/share/fast_lio/cmake/fast_lioConfig.cmake
[125.025s] -- Installing: /home/allen/rm_ws/install/fast_lio/share/fast_lio/cmake/fast_lioConfig-version.cmake
[125.026s] -- Installing: /home/allen/rm_ws/install/fast_lio/share/fast_lio/package.xml
[125.031s] Invoked command in '/home/allen/rm_ws/build/fast_lio' returned '0': CMAKE_PREFIX_PATH=/home/allen/rm_ws/install/livox_ros_driver2:/home/allen/rm_ws/install/pointcloud_to_laserscan:/home/allen/rm_ws/install/linefit_ground_segmentation_ros:/home/allen/rm_ws/install/linefit_ground_segmentation:/home/allen/rm_ws/install/imu_complementary_filter:/home/allen/rm_ws/install/ros2_livox_simulation:/home/allen/rm_ws/install/teb_local_planner:/home/allen/rm_ws/install/teb_msgs:/home/allen/rm_ws/install/rmoss_gz_plugins:/home/allen/rm_ws/install/rmbot2:/home/allen/rm_ws/install/rm_navigation:/home/allen/rm_ws/install/rm_nav_bringup:/home/allen/rm_ws/install/fake_vel_transform:/home/allen/rm_ws/install/costmap_converter:/home/allen/rm_ws/install/costmap_converter_msgs:/opt/ros/humble LD_LIBRARY_PATH=/home/allen/rm_ws/install/livox_ros_driver2/lib:/home/allen/rm_ws/install/pointcloud_to_laserscan/lib:/home/allen/rm_ws/install/linefit_ground_segmentation/lib:/home/allen/rm_ws/install/imu_complementary_filter/lib:/home/allen/rm_ws/install/ros2_livox_simulation/lib:/home/allen/rm_ws/install/teb_local_planner/lib:/home/allen/rm_ws/install/teb_msgs/lib:/home/allen/rm_ws/install/fake_vel_transform/lib:/home/allen/rm_ws/install/costmap_converter/lib:/home/allen/rm_ws/install/costmap_converter_msgs/lib:/usr/lib/x86_64-linux-gnu/gazebo-11/plugins:/opt/ros/humble/opt/rviz_ogre_vendor/lib:/opt/ros/humble/lib/x86_64-linux-gnu:/opt/ros/humble/opt/openvdb_vendor/lib:/opt/ros/humble/lib:/usr/local/lib:/usr/local/lib:/usr/local/lib:/usr/local/lib:/usr/local/lib /usr/bin/cmake --install /home/allen/rm_ws/build/fast_lio
