[0.026s] Invoking command in '/home/allen/rm_ws/build/costmap_converter_msgs': CMAKE_PREFIX_PATH=/opt/ros/humble /usr/bin/cmake /home/allen/rm_ws/src/rm_navigation/costmap_converter/costmap_converter_msgs -DAMENT_CMAKE_SYMLINK_INSTALL=1 -DCMAKE_INSTALL_PREFIX=/home/allen/rm_ws/install/costmap_converter_msgs
[0.160s] -- The C compiler identification is GNU 11.4.0
[0.271s] -- The CXX compiler identification is GNU 11.4.0
[0.287s] -- Detecting C compiler ABI info
[0.450s] -- Detecting C compiler ABI info - done
[0.459s] -- Check for working C compiler: /usr/bin/cc - skipped
[0.462s] -- Detecting C compile features
[0.462s] -- Detecting C compile features - done
[0.468s] -- Detecting CXX compiler ABI info
[0.660s] -- Detecting CXX compiler ABI info - done
[0.673s] -- Check for working CXX compiler: /usr/bin/c++ - skipped
[0.674s] -- Detecting CXX compile features
[0.675s] -- Detecting CXX compile features - done
[0.680s] -- Found ament_cmake: 1.3.11 (/opt/ros/humble/share/ament_cmake/cmake)
[0.917s] -- Found Python3: /usr/bin/python3 (found version "3.10.12") found components: Interpreter 
[1.085s] -- Override CMake install command with custom implementation using symlinks instead of copying resources
[1.167s] -- Found builtin_interfaces: 1.2.1 (/opt/ros/humble/share/builtin_interfaces/cmake)
[1.222s] -- Found rosidl_generator_c: 3.1.6 (/opt/ros/humble/share/rosidl_generator_c/cmake)
[1.232s] -- Found rosidl_adapter: 3.1.6 (/opt/ros/humble/share/rosidl_adapter/cmake)
[1.246s] -- Found rosidl_generator_cpp: 3.1.6 (/opt/ros/humble/share/rosidl_generator_cpp/cmake)
[1.269s] -- Using all available rosidl_typesupport_c: rosidl_typesupport_fastrtps_c;rosidl_typesupport_introspection_c
[1.292s] -- Using all available rosidl_typesupport_cpp: rosidl_typesupport_fastrtps_cpp;rosidl_typesupport_introspection_cpp
[1.318s] -- Found geometry_msgs: 4.2.4 (/opt/ros/humble/share/geometry_msgs/cmake)
[1.352s] -- Found rosidl_default_generators: 1.2.0 (/opt/ros/humble/share/rosidl_default_generators/cmake)
[1.819s] -- Found ament_cmake_ros: 0.10.0 (/opt/ros/humble/share/ament_cmake_ros/cmake)
[2.597s] -- Using all available rosidl_typesupport_c: rosidl_typesupport_fastrtps_c;rosidl_typesupport_introspection_c
[3.157s] -- Using all available rosidl_typesupport_cpp: rosidl_typesupport_fastrtps_cpp;rosidl_typesupport_introspection_cpp
[3.235s] -- Found PythonInterp: /usr/bin/python3 (found suitable version "3.10.12", minimum required is "3.6") 
[3.241s] -- Found python_cmake_module: 0.10.0 (/opt/ros/humble/share/python_cmake_module/cmake)
[3.336s] -- Found PythonLibs: /usr/lib/x86_64-linux-gnu/libpython3.10.so (found suitable version "3.10.12", minimum required is "3.5") 
[3.337s] -- Using PYTHON_EXECUTABLE: /usr/bin/python3
[3.337s] -- Using PYTHON_INCLUDE_DIRS: /usr/include/python3.10
[3.338s] -- Using PYTHON_LIBRARIES: /usr/lib/x86_64-linux-gnu/libpython3.10.so
[3.404s] -- Found PythonExtra: .so  
[3.608s] -- Configuring done
[3.717s] -- Generating done
[3.743s] -- Build files have been written to: /home/allen/rm_ws/build/costmap_converter_msgs
[3.786s] Invoked command in '/home/allen/rm_ws/build/costmap_converter_msgs' returned '0': CMAKE_PREFIX_PATH=/opt/ros/humble /usr/bin/cmake /home/allen/rm_ws/src/rm_navigation/costmap_converter/costmap_converter_msgs -DAMENT_CMAKE_SYMLINK_INSTALL=1 -DCMAKE_INSTALL_PREFIX=/home/allen/rm_ws/install/costmap_converter_msgs
[3.787s] Invoking command in '/home/allen/rm_ws/build/costmap_converter_msgs': CMAKE_PREFIX_PATH=/opt/ros/humble /usr/bin/cmake --build /home/allen/rm_ws/build/costmap_converter_msgs -- -j2 -l2
[4.001s] [  2%] [34m[1mGenerating C code for ROS interfaces[0m
[4.059s] [  5%] [34m[1mGenerating C++ code for ROS interfaces[0m
[5.294s] [  5%] Built target costmap_converter_msgs__cpp
[5.333s] [  7%] [32mBuilding C object CMakeFiles/costmap_converter_msgs__rosidl_generator_c.dir/rosidl_generator_c/costmap_converter_msgs/msg/detail/obstacle_msg__functions.c.o[0m
[5.523s] [  7%] Built target ament_cmake_python_symlink_costmap_converter_msgs
[5.597s] [ 10%] [34m[1mGenerating C++ type support dispatch for ROS interfaces[0m
[5.658s] [ 12%] [32mBuilding C object CMakeFiles/costmap_converter_msgs__rosidl_generator_c.dir/rosidl_generator_c/costmap_converter_msgs/msg/detail/obstacle_array_msg__functions.c.o[0m
[5.803s] [ 15%] [32m[1mLinking C shared library libcostmap_converter_msgs__rosidl_generator_c.so[0m
[6.002s] [ 15%] Built target costmap_converter_msgs__rosidl_generator_c
[6.051s] [ 17%] [34m[1mGenerating C++ type support for eProsima Fast-RTPS[0m
[6.475s] [ 20%] [32mBuilding CXX object CMakeFiles/costmap_converter_msgs__rosidl_typesupport_cpp.dir/rosidl_typesupport_cpp/costmap_converter_msgs/msg/obstacle_msg__type_support.cpp.o[0m
[6.969s] [ 23%] [32mBuilding CXX object CMakeFiles/costmap_converter_msgs__rosidl_typesupport_fastrtps_cpp.dir/rosidl_typesupport_fastrtps_cpp/costmap_converter_msgs/msg/detail/dds_fastrtps/obstacle_msg__type_support.cpp.o[0m
[7.419s] [ 25%] [32mBuilding CXX object CMakeFiles/costmap_converter_msgs__rosidl_typesupport_cpp.dir/rosidl_typesupport_cpp/costmap_converter_msgs/msg/obstacle_array_msg__type_support.cpp.o[0m
[8.253s] [ 28%] [32mBuilding CXX object CMakeFiles/costmap_converter_msgs__rosidl_typesupport_fastrtps_cpp.dir/rosidl_typesupport_fastrtps_cpp/costmap_converter_msgs/msg/detail/dds_fastrtps/obstacle_array_msg__type_support.cpp.o[0m
[8.326s] [ 30%] [32m[1mLinking CXX shared library libcostmap_converter_msgs__rosidl_typesupport_cpp.so[0m
[8.577s] [ 30%] Built target costmap_converter_msgs__rosidl_typesupport_cpp
[8.642s] [ 33%] [34m[1mGenerating C introspection for ROS interfaces[0m
[9.537s] [ 35%] [32mBuilding C object CMakeFiles/costmap_converter_msgs__rosidl_typesupport_introspection_c.dir/rosidl_typesupport_introspection_c/costmap_converter_msgs/msg/detail/obstacle_msg__type_support.c.o[0m
[9.797s] [ 38%] [32m[1mLinking CXX shared library libcostmap_converter_msgs__rosidl_typesupport_fastrtps_cpp.so[0m
[9.831s] [ 41%] [32mBuilding C object CMakeFiles/costmap_converter_msgs__rosidl_typesupport_introspection_c.dir/rosidl_typesupport_introspection_c/costmap_converter_msgs/msg/detail/obstacle_array_msg__type_support.c.o[0m
[10.061s] [ 43%] [32m[1mLinking C shared library libcostmap_converter_msgs__rosidl_typesupport_introspection_c.so[0m
[10.181s] [ 43%] Built target costmap_converter_msgs__rosidl_typesupport_fastrtps_cpp
[10.250s] [ 46%] [34m[1mGenerating C type support dispatch for ROS interfaces[0m
[10.276s] [ 46%] Built target costmap_converter_msgs__rosidl_typesupport_introspection_c
[10.340s] [ 48%] [34m[1mGenerating C++ introspection for ROS interfaces[0m
[11.015s] [ 51%] [32mBuilding CXX object CMakeFiles/costmap_converter_msgs__rosidl_typesupport_c.dir/rosidl_typesupport_c/costmap_converter_msgs/msg/obstacle_msg__type_support.cpp.o[0m
[11.174s] [ 53%] [32mBuilding CXX object CMakeFiles/costmap_converter_msgs__rosidl_typesupport_c.dir/rosidl_typesupport_c/costmap_converter_msgs/msg/obstacle_array_msg__type_support.cpp.o[0m
[11.229s] [ 56%] [32mBuilding CXX object CMakeFiles/costmap_converter_msgs__rosidl_typesupport_introspection_cpp.dir/rosidl_typesupport_introspection_cpp/costmap_converter_msgs/msg/detail/obstacle_msg__type_support.cpp.o[0m
[11.335s] [ 58%] [32m[1mLinking CXX shared library libcostmap_converter_msgs__rosidl_typesupport_c.so[0m
[11.577s] [ 58%] Built target costmap_converter_msgs__rosidl_typesupport_c
[12.476s] running egg_info
[12.482s] creating costmap_converter_msgs.egg-info
[12.482s] writing costmap_converter_msgs.egg-info/PKG-INFO
[12.489s] writing dependency_links to costmap_converter_msgs.egg-info/dependency_links.txt
[12.489s] writing top-level names to costmap_converter_msgs.egg-info/top_level.txt
[12.489s] writing manifest file 'costmap_converter_msgs.egg-info/SOURCES.txt'
[12.494s] reading manifest file 'costmap_converter_msgs.egg-info/SOURCES.txt'
[12.500s] writing manifest file 'costmap_converter_msgs.egg-info/SOURCES.txt'
[12.527s] [ 61%] [32mBuilding CXX object CMakeFiles/costmap_converter_msgs__rosidl_typesupport_introspection_cpp.dir/rosidl_typesupport_introspection_cpp/costmap_converter_msgs/msg/detail/obstacle_array_msg__type_support.cpp.o[0m
[12.620s] [ 61%] Built target ament_cmake_python_build_costmap_converter_msgs_egg
[12.683s] [ 64%] [34m[1mGenerating C type support for eProsima Fast-RTPS[0m
[13.343s] [ 66%] [32mBuilding CXX object CMakeFiles/costmap_converter_msgs__rosidl_typesupport_fastrtps_c.dir/rosidl_typesupport_fastrtps_c/costmap_converter_msgs/msg/detail/obstacle_msg__type_support_c.cpp.o[0m
[13.654s] [ 69%] [32m[1mLinking CXX shared library libcostmap_converter_msgs__rosidl_typesupport_introspection_cpp.so[0m
[13.850s] [ 69%] Built target costmap_converter_msgs__rosidl_typesupport_introspection_cpp
[13.899s] [ 71%] [32mBuilding CXX object CMakeFiles/costmap_converter_msgs__rosidl_typesupport_fastrtps_c.dir/rosidl_typesupport_fastrtps_c/costmap_converter_msgs/msg/detail/obstacle_array_msg__type_support_c.cpp.o[0m
[14.539s] [ 74%] [32m[1mLinking CXX shared library libcostmap_converter_msgs__rosidl_typesupport_fastrtps_c.so[0m
[14.719s] [ 74%] Built target costmap_converter_msgs__rosidl_typesupport_fastrtps_c
[14.782s] [ 74%] Built target costmap_converter_msgs
[14.844s] [ 76%] [34m[1mGenerating Python code for ROS interfaces[0m
[15.508s] [ 76%] Built target costmap_converter_msgs__py
[15.588s] [ 79%] [32mBuilding C object CMakeFiles/costmap_converter_msgs__rosidl_generator_py.dir/rosidl_generator_py/costmap_converter_msgs/msg/_obstacle_array_msg_s.c.o[0m
[15.593s] [ 82%] [32mBuilding C object CMakeFiles/costmap_converter_msgs__rosidl_generator_py.dir/rosidl_generator_py/costmap_converter_msgs/msg/_obstacle_msg_s.c.o[0m
[15.918s] [ 84%] [32m[1mLinking C shared library rosidl_generator_py/costmap_converter_msgs/libcostmap_converter_msgs__rosidl_generator_py.so[0m
[16.034s] [ 84%] Built target costmap_converter_msgs__rosidl_generator_py
[16.105s] [ 87%] [32mBuilding C object CMakeFiles/costmap_converter_msgs__rosidl_typesupport_fastrtps_c__pyext.dir/rosidl_generator_py/costmap_converter_msgs/_costmap_converter_msgs_s.ep.rosidl_typesupport_fastrtps_c.c.o[0m
[16.162s] [ 89%] [32mBuilding C object CMakeFiles/costmap_converter_msgs__rosidl_typesupport_introspection_c__pyext.dir/rosidl_generator_py/costmap_converter_msgs/_costmap_converter_msgs_s.ep.rosidl_typesupport_introspection_c.c.o[0m
[16.510s] [ 92%] [32m[1mLinking C shared library rosidl_generator_py/costmap_converter_msgs/costmap_converter_msgs_s__rosidl_typesupport_fastrtps_c.cpython-310-x86_64-linux-gnu.so[0m
[16.558s] [ 94%] [32m[1mLinking C shared library rosidl_generator_py/costmap_converter_msgs/costmap_converter_msgs_s__rosidl_typesupport_introspection_c.cpython-310-x86_64-linux-gnu.so[0m
[16.683s] [ 94%] Built target costmap_converter_msgs__rosidl_typesupport_introspection_c__pyext
[16.723s] [ 94%] Built target costmap_converter_msgs__rosidl_typesupport_fastrtps_c__pyext
[16.740s] [ 97%] [32mBuilding C object CMakeFiles/costmap_converter_msgs__rosidl_typesupport_c__pyext.dir/rosidl_generator_py/costmap_converter_msgs/_costmap_converter_msgs_s.ep.rosidl_typesupport_c.c.o[0m
[16.972s] [100%] [32m[1mLinking C shared library rosidl_generator_py/costmap_converter_msgs/costmap_converter_msgs_s__rosidl_typesupport_c.cpython-310-x86_64-linux-gnu.so[0m
[17.077s] [100%] Built target costmap_converter_msgs__rosidl_typesupport_c__pyext
[17.109s] Invoked command in '/home/allen/rm_ws/build/costmap_converter_msgs' returned '0': CMAKE_PREFIX_PATH=/opt/ros/humble /usr/bin/cmake --build /home/allen/rm_ws/build/costmap_converter_msgs -- -j2 -l2
[17.134s] Invoking command in '/home/allen/rm_ws/build/costmap_converter_msgs': CMAKE_PREFIX_PATH=/opt/ros/humble /usr/bin/cmake --install /home/allen/rm_ws/build/costmap_converter_msgs
[17.154s] -- Install configuration: ""
[17.154s] -- Execute custom install script
[17.154s] -- Symlinking: /home/allen/rm_ws/install/costmap_converter_msgs/share/ament_index/resource_index/rosidl_interfaces/costmap_converter_msgs
[17.181s] -- Symlinking: /home/allen/rm_ws/install/costmap_converter_msgs/include/costmap_converter_msgs/costmap_converter_msgs/msg/detail/obstacle_array_msg__functions.h
[17.204s] -- Symlinking: /home/allen/rm_ws/install/costmap_converter_msgs/include/costmap_converter_msgs/costmap_converter_msgs/msg/detail/obstacle_array_msg__struct.h
[17.227s] -- Symlinking: /home/allen/rm_ws/install/costmap_converter_msgs/include/costmap_converter_msgs/costmap_converter_msgs/msg/detail/obstacle_array_msg__type_support.h
[17.247s] -- Symlinking: /home/allen/rm_ws/install/costmap_converter_msgs/include/costmap_converter_msgs/costmap_converter_msgs/msg/detail/obstacle_msg__functions.h
[17.271s] -- Symlinking: /home/allen/rm_ws/install/costmap_converter_msgs/include/costmap_converter_msgs/costmap_converter_msgs/msg/detail/obstacle_msg__struct.h
[17.296s] -- Symlinking: /home/allen/rm_ws/install/costmap_converter_msgs/include/costmap_converter_msgs/costmap_converter_msgs/msg/detail/obstacle_msg__type_support.h
[17.318s] -- Symlinking: /home/allen/rm_ws/install/costmap_converter_msgs/include/costmap_converter_msgs/costmap_converter_msgs/msg/obstacle_array_msg.h
[17.339s] -- Symlinking: /home/allen/rm_ws/install/costmap_converter_msgs/include/costmap_converter_msgs/costmap_converter_msgs/msg/obstacle_msg.h
[17.361s] -- Symlinking: /home/allen/rm_ws/install/costmap_converter_msgs/include/costmap_converter_msgs/costmap_converter_msgs/msg/rosidl_generator_c__visibility_control.h
[17.385s] -- Symlinking: /home/allen/rm_ws/install/costmap_converter_msgs/share/costmap_converter_msgs/environment/library_path.sh
[17.412s] -- Symlinking: /home/allen/rm_ws/install/costmap_converter_msgs/share/costmap_converter_msgs/environment/library_path.dsv
[17.435s] -- Symlinking: /home/allen/rm_ws/install/costmap_converter_msgs/include/costmap_converter_msgs/costmap_converter_msgs/msg/detail/obstacle_array_msg__rosidl_typesupport_fastrtps_c.h
[17.457s] -- Symlinking: /home/allen/rm_ws/install/costmap_converter_msgs/include/costmap_converter_msgs/costmap_converter_msgs/msg/detail/obstacle_msg__rosidl_typesupport_fastrtps_c.h
[17.484s] -- Symlinking: /home/allen/rm_ws/install/costmap_converter_msgs/include/costmap_converter_msgs/costmap_converter_msgs/msg/rosidl_typesupport_fastrtps_c__visibility_control.h
[17.510s] -- Symlinking: /home/allen/rm_ws/install/costmap_converter_msgs/include/costmap_converter_msgs/costmap_converter_msgs/msg/detail/obstacle_array_msg__builder.hpp
[17.537s] -- Symlinking: /home/allen/rm_ws/install/costmap_converter_msgs/include/costmap_converter_msgs/costmap_converter_msgs/msg/detail/obstacle_array_msg__struct.hpp
[17.559s] -- Symlinking: /home/allen/rm_ws/install/costmap_converter_msgs/include/costmap_converter_msgs/costmap_converter_msgs/msg/detail/obstacle_array_msg__traits.hpp
[17.582s] -- Symlinking: /home/allen/rm_ws/install/costmap_converter_msgs/include/costmap_converter_msgs/costmap_converter_msgs/msg/detail/obstacle_array_msg__type_support.hpp
[17.607s] -- Symlinking: /home/allen/rm_ws/install/costmap_converter_msgs/include/costmap_converter_msgs/costmap_converter_msgs/msg/detail/obstacle_msg__builder.hpp
[17.632s] -- Symlinking: /home/allen/rm_ws/install/costmap_converter_msgs/include/costmap_converter_msgs/costmap_converter_msgs/msg/detail/obstacle_msg__struct.hpp
[17.657s] -- Symlinking: /home/allen/rm_ws/install/costmap_converter_msgs/include/costmap_converter_msgs/costmap_converter_msgs/msg/detail/obstacle_msg__traits.hpp
[17.682s] -- Symlinking: /home/allen/rm_ws/install/costmap_converter_msgs/include/costmap_converter_msgs/costmap_converter_msgs/msg/detail/obstacle_msg__type_support.hpp
[17.707s] -- Symlinking: /home/allen/rm_ws/install/costmap_converter_msgs/include/costmap_converter_msgs/costmap_converter_msgs/msg/obstacle_array_msg.hpp
[17.728s] -- Symlinking: /home/allen/rm_ws/install/costmap_converter_msgs/include/costmap_converter_msgs/costmap_converter_msgs/msg/obstacle_msg.hpp
[17.750s] -- Symlinking: /home/allen/rm_ws/install/costmap_converter_msgs/include/costmap_converter_msgs/costmap_converter_msgs/msg/rosidl_generator_cpp__visibility_control.hpp
[17.777s] -- Symlinking: /home/allen/rm_ws/install/costmap_converter_msgs/include/costmap_converter_msgs/costmap_converter_msgs/msg/detail/obstacle_array_msg__rosidl_typesupport_fastrtps_cpp.hpp
[17.803s] -- Symlinking: /home/allen/rm_ws/install/costmap_converter_msgs/include/costmap_converter_msgs/costmap_converter_msgs/msg/detail/obstacle_msg__rosidl_typesupport_fastrtps_cpp.hpp
[17.828s] -- Symlinking: /home/allen/rm_ws/install/costmap_converter_msgs/include/costmap_converter_msgs/costmap_converter_msgs/msg/rosidl_typesupport_fastrtps_cpp__visibility_control.h
[17.851s] -- Symlinking: /home/allen/rm_ws/install/costmap_converter_msgs/include/costmap_converter_msgs/costmap_converter_msgs/msg/detail/obstacle_array_msg__rosidl_typesupport_introspection_c.h
[17.876s] -- Symlinking: /home/allen/rm_ws/install/costmap_converter_msgs/include/costmap_converter_msgs/costmap_converter_msgs/msg/detail/obstacle_msg__rosidl_typesupport_introspection_c.h
[17.903s] -- Symlinking: /home/allen/rm_ws/install/costmap_converter_msgs/include/costmap_converter_msgs/costmap_converter_msgs/msg/rosidl_typesupport_introspection_c__visibility_control.h
[17.925s] -- Symlinking: /home/allen/rm_ws/install/costmap_converter_msgs/include/costmap_converter_msgs/costmap_converter_msgs/msg/detail/obstacle_array_msg__rosidl_typesupport_introspection_cpp.hpp
[17.950s] -- Symlinking: /home/allen/rm_ws/install/costmap_converter_msgs/include/costmap_converter_msgs/costmap_converter_msgs/msg/detail/obstacle_msg__rosidl_typesupport_introspection_cpp.hpp
[17.971s] -- Symlinking: /home/allen/rm_ws/install/costmap_converter_msgs/share/costmap_converter_msgs/environment/pythonpath.sh
[17.997s] -- Symlinking: /home/allen/rm_ws/install/costmap_converter_msgs/share/costmap_converter_msgs/environment/pythonpath.dsv
[18.021s] -- Symlinking: /home/allen/rm_ws/install/costmap_converter_msgs/local/lib/python3.10/dist-packages/costmap_converter_msgs-0.1.2-py3.10.egg-info/PKG-INFO
[18.044s] -- Symlinking: /home/allen/rm_ws/install/costmap_converter_msgs/local/lib/python3.10/dist-packages/costmap_converter_msgs-0.1.2-py3.10.egg-info/SOURCES.txt
[18.067s] -- Symlinking: /home/allen/rm_ws/install/costmap_converter_msgs/local/lib/python3.10/dist-packages/costmap_converter_msgs-0.1.2-py3.10.egg-info/dependency_links.txt
[18.094s] -- Symlinking: /home/allen/rm_ws/install/costmap_converter_msgs/local/lib/python3.10/dist-packages/costmap_converter_msgs-0.1.2-py3.10.egg-info/top_level.txt
[18.118s] -- Symlinking: /home/allen/rm_ws/install/costmap_converter_msgs/local/lib/python3.10/dist-packages/costmap_converter_msgs/__init__.py
[18.144s] -- Symlinking: /home/allen/rm_ws/install/costmap_converter_msgs/local/lib/python3.10/dist-packages/costmap_converter_msgs/_costmap_converter_msgs_s.ep.rosidl_typesupport_c.c
[18.166s] -- Symlinking: /home/allen/rm_ws/install/costmap_converter_msgs/local/lib/python3.10/dist-packages/costmap_converter_msgs/_costmap_converter_msgs_s.ep.rosidl_typesupport_fastrtps_c.c
[18.192s] -- Symlinking: /home/allen/rm_ws/install/costmap_converter_msgs/local/lib/python3.10/dist-packages/costmap_converter_msgs/_costmap_converter_msgs_s.ep.rosidl_typesupport_introspection_c.c
[18.219s] -- Symlinking: /home/allen/rm_ws/install/costmap_converter_msgs/local/lib/python3.10/dist-packages/costmap_converter_msgs/costmap_converter_msgs_s__rosidl_typesupport_c.cpython-310-x86_64-linux-gnu.so
[18.239s] -- Symlinking: /home/allen/rm_ws/install/costmap_converter_msgs/local/lib/python3.10/dist-packages/costmap_converter_msgs/costmap_converter_msgs_s__rosidl_typesupport_fastrtps_c.cpython-310-x86_64-linux-gnu.so
[18.266s] -- Symlinking: /home/allen/rm_ws/install/costmap_converter_msgs/local/lib/python3.10/dist-packages/costmap_converter_msgs/costmap_converter_msgs_s__rosidl_typesupport_introspection_c.cpython-310-x86_64-linux-gnu.so
[18.317s] -- Symlinking: /home/allen/rm_ws/install/costmap_converter_msgs/local/lib/python3.10/dist-packages/costmap_converter_msgs/libcostmap_converter_msgs__rosidl_generator_py.so
[18.362s] -- Symlinking: /home/allen/rm_ws/install/costmap_converter_msgs/local/lib/python3.10/dist-packages/costmap_converter_msgs/msg/__init__.py
[18.386s] -- Symlinking: /home/allen/rm_ws/install/costmap_converter_msgs/local/lib/python3.10/dist-packages/costmap_converter_msgs/msg/_obstacle_array_msg.py
[18.411s] -- Symlinking: /home/allen/rm_ws/install/costmap_converter_msgs/local/lib/python3.10/dist-packages/costmap_converter_msgs/msg/_obstacle_array_msg_s.c
[18.436s] -- Symlinking: /home/allen/rm_ws/install/costmap_converter_msgs/local/lib/python3.10/dist-packages/costmap_converter_msgs/msg/_obstacle_msg.py
[18.457s] -- Symlinking: /home/allen/rm_ws/install/costmap_converter_msgs/local/lib/python3.10/dist-packages/costmap_converter_msgs/msg/_obstacle_msg_s.c
[18.481s] -- Up-to-date symlink: /home/allen/rm_ws/install/costmap_converter_msgs/local/lib/python3.10/dist-packages/costmap_converter_msgs/costmap_converter_msgs_s__rosidl_typesupport_fastrtps_c.cpython-310-x86_64-linux-gnu.so
[18.482s] -- Up-to-date symlink: /home/allen/rm_ws/install/costmap_converter_msgs/local/lib/python3.10/dist-packages/costmap_converter_msgs/costmap_converter_msgs_s__rosidl_typesupport_introspection_c.cpython-310-x86_64-linux-gnu.so
[18.482s] -- Up-to-date symlink: /home/allen/rm_ws/install/costmap_converter_msgs/local/lib/python3.10/dist-packages/costmap_converter_msgs/costmap_converter_msgs_s__rosidl_typesupport_c.cpython-310-x86_64-linux-gnu.so
[18.483s] -- Symlinking: /home/allen/rm_ws/install/costmap_converter_msgs/share/costmap_converter_msgs/msg/ObstacleMsg.idl
[18.516s] -- Symlinking: /home/allen/rm_ws/install/costmap_converter_msgs/share/costmap_converter_msgs/msg/ObstacleArrayMsg.idl
[18.537s] -- Symlinking: /home/allen/rm_ws/install/costmap_converter_msgs/share/costmap_converter_msgs/msg/ObstacleMsg.msg
[18.560s] -- Symlinking: /home/allen/rm_ws/install/costmap_converter_msgs/share/costmap_converter_msgs/msg/ObstacleArrayMsg.msg
[18.586s] -- Symlinking: /home/allen/rm_ws/install/costmap_converter_msgs/share/ament_index/resource_index/package_run_dependencies/costmap_converter_msgs
[18.612s] -- Symlinking: /home/allen/rm_ws/install/costmap_converter_msgs/share/ament_index/resource_index/parent_prefix_path/costmap_converter_msgs
[18.636s] -- Symlinking: /home/allen/rm_ws/install/costmap_converter_msgs/share/costmap_converter_msgs/environment/ament_prefix_path.sh
[18.657s] -- Symlinking: /home/allen/rm_ws/install/costmap_converter_msgs/share/costmap_converter_msgs/environment/ament_prefix_path.dsv
[18.681s] -- Symlinking: /home/allen/rm_ws/install/costmap_converter_msgs/share/costmap_converter_msgs/environment/path.sh
[18.707s] -- Symlinking: /home/allen/rm_ws/install/costmap_converter_msgs/share/costmap_converter_msgs/environment/path.dsv
[18.733s] -- Symlinking: /home/allen/rm_ws/install/costmap_converter_msgs/share/costmap_converter_msgs/local_setup.bash
[18.758s] -- Symlinking: /home/allen/rm_ws/install/costmap_converter_msgs/share/costmap_converter_msgs/local_setup.sh
[18.781s] -- Symlinking: /home/allen/rm_ws/install/costmap_converter_msgs/share/costmap_converter_msgs/local_setup.zsh
[18.803s] -- Symlinking: /home/allen/rm_ws/install/costmap_converter_msgs/share/costmap_converter_msgs/local_setup.dsv
[18.827s] -- Symlinking: /home/allen/rm_ws/install/costmap_converter_msgs/share/costmap_converter_msgs/package.dsv
[18.851s] -- Symlinking: /home/allen/rm_ws/install/costmap_converter_msgs/share/ament_index/resource_index/packages/costmap_converter_msgs
[18.873s] -- Symlinking: /home/allen/rm_ws/install/costmap_converter_msgs/share/costmap_converter_msgs/cmake/rosidl_cmake-extras.cmake
[18.899s] -- Symlinking: /home/allen/rm_ws/install/costmap_converter_msgs/share/costmap_converter_msgs/cmake/ament_cmake_export_dependencies-extras.cmake
[18.923s] -- Symlinking: /home/allen/rm_ws/install/costmap_converter_msgs/share/costmap_converter_msgs/cmake/ament_cmake_export_include_directories-extras.cmake
[18.947s] -- Symlinking: /home/allen/rm_ws/install/costmap_converter_msgs/share/costmap_converter_msgs/cmake/ament_cmake_export_libraries-extras.cmake
[18.970s] -- Symlinking: /home/allen/rm_ws/install/costmap_converter_msgs/share/costmap_converter_msgs/cmake/ament_cmake_export_targets-extras.cmake
[18.993s] -- Symlinking: /home/allen/rm_ws/install/costmap_converter_msgs/share/costmap_converter_msgs/cmake/rosidl_cmake_export_typesupport_targets-extras.cmake
[19.018s] -- Symlinking: /home/allen/rm_ws/install/costmap_converter_msgs/share/costmap_converter_msgs/cmake/rosidl_cmake_export_typesupport_libraries-extras.cmake
[19.041s] -- Symlinking: /home/allen/rm_ws/install/costmap_converter_msgs/share/costmap_converter_msgs/cmake/costmap_converter_msgsConfig.cmake
[19.065s] -- Symlinking: /home/allen/rm_ws/install/costmap_converter_msgs/share/costmap_converter_msgs/cmake/costmap_converter_msgsConfig-version.cmake
[19.091s] -- Symlinking: /home/allen/rm_ws/install/costmap_converter_msgs/share/costmap_converter_msgs/package.xml
[19.114s] -- Installing: /home/allen/rm_ws/install/costmap_converter_msgs/lib/libcostmap_converter_msgs__rosidl_generator_c.so
[19.117s] -- Set runtime path of "/home/allen/rm_ws/install/costmap_converter_msgs/lib/libcostmap_converter_msgs__rosidl_generator_c.so" to ""
[19.118s] -- Installing: /home/allen/rm_ws/install/costmap_converter_msgs/lib/libcostmap_converter_msgs__rosidl_typesupport_fastrtps_c.so
[19.119s] -- Set runtime path of "/home/allen/rm_ws/install/costmap_converter_msgs/lib/libcostmap_converter_msgs__rosidl_typesupport_fastrtps_c.so" to ""
[19.119s] -- Installing: /home/allen/rm_ws/install/costmap_converter_msgs/lib/libcostmap_converter_msgs__rosidl_typesupport_fastrtps_cpp.so
[19.121s] -- Set runtime path of "/home/allen/rm_ws/install/costmap_converter_msgs/lib/libcostmap_converter_msgs__rosidl_typesupport_fastrtps_cpp.so" to ""
[19.122s] -- Installing: /home/allen/rm_ws/install/costmap_converter_msgs/lib/libcostmap_converter_msgs__rosidl_typesupport_introspection_c.so
[19.123s] -- Set runtime path of "/home/allen/rm_ws/install/costmap_converter_msgs/lib/libcostmap_converter_msgs__rosidl_typesupport_introspection_c.so" to ""
[19.126s] -- Installing: /home/allen/rm_ws/install/costmap_converter_msgs/lib/libcostmap_converter_msgs__rosidl_typesupport_c.so
[19.126s] -- Set runtime path of "/home/allen/rm_ws/install/costmap_converter_msgs/lib/libcostmap_converter_msgs__rosidl_typesupport_c.so" to ""
[19.126s] -- Installing: /home/allen/rm_ws/install/costmap_converter_msgs/lib/libcostmap_converter_msgs__rosidl_typesupport_introspection_cpp.so
[19.127s] -- Set runtime path of "/home/allen/rm_ws/install/costmap_converter_msgs/lib/libcostmap_converter_msgs__rosidl_typesupport_introspection_cpp.so" to ""
[19.128s] -- Installing: /home/allen/rm_ws/install/costmap_converter_msgs/lib/libcostmap_converter_msgs__rosidl_typesupport_cpp.so
[19.129s] -- Set runtime path of "/home/allen/rm_ws/install/costmap_converter_msgs/lib/libcostmap_converter_msgs__rosidl_typesupport_cpp.so" to ""
[19.178s] Listing '/home/allen/rm_ws/install/costmap_converter_msgs/local/lib/python3.10/dist-packages/costmap_converter_msgs'...
[19.178s] Compiling '/home/allen/rm_ws/install/costmap_converter_msgs/local/lib/python3.10/dist-packages/costmap_converter_msgs/__init__.py'...
[19.179s] Listing '/home/allen/rm_ws/install/costmap_converter_msgs/local/lib/python3.10/dist-packages/costmap_converter_msgs/msg'...
[19.179s] Compiling '/home/allen/rm_ws/install/costmap_converter_msgs/local/lib/python3.10/dist-packages/costmap_converter_msgs/msg/__init__.py'...
[19.179s] Compiling '/home/allen/rm_ws/install/costmap_converter_msgs/local/lib/python3.10/dist-packages/costmap_converter_msgs/msg/_obstacle_array_msg.py'...
[19.179s] Compiling '/home/allen/rm_ws/install/costmap_converter_msgs/local/lib/python3.10/dist-packages/costmap_converter_msgs/msg/_obstacle_msg.py'...
[19.185s] -- Installing: /home/allen/rm_ws/install/costmap_converter_msgs/lib/libcostmap_converter_msgs__rosidl_generator_py.so
[19.187s] -- Set runtime path of "/home/allen/rm_ws/install/costmap_converter_msgs/lib/libcostmap_converter_msgs__rosidl_generator_py.so" to ""
[19.187s] -- Installing: /home/allen/rm_ws/install/costmap_converter_msgs/share/costmap_converter_msgs/cmake/export_costmap_converter_msgs__rosidl_generator_cExport.cmake
[19.187s] -- Installing: /home/allen/rm_ws/install/costmap_converter_msgs/share/costmap_converter_msgs/cmake/export_costmap_converter_msgs__rosidl_generator_cExport-noconfig.cmake
[19.188s] -- Installing: /home/allen/rm_ws/install/costmap_converter_msgs/share/costmap_converter_msgs/cmake/export_costmap_converter_msgs__rosidl_typesupport_fastrtps_cExport.cmake
[19.188s] -- Installing: /home/allen/rm_ws/install/costmap_converter_msgs/share/costmap_converter_msgs/cmake/export_costmap_converter_msgs__rosidl_typesupport_fastrtps_cExport-noconfig.cmake
[19.189s] -- Installing: /home/allen/rm_ws/install/costmap_converter_msgs/share/costmap_converter_msgs/cmake/export_costmap_converter_msgs__rosidl_generator_cppExport.cmake
[19.191s] -- Installing: /home/allen/rm_ws/install/costmap_converter_msgs/share/costmap_converter_msgs/cmake/export_costmap_converter_msgs__rosidl_typesupport_fastrtps_cppExport.cmake
[19.191s] -- Installing: /home/allen/rm_ws/install/costmap_converter_msgs/share/costmap_converter_msgs/cmake/export_costmap_converter_msgs__rosidl_typesupport_fastrtps_cppExport-noconfig.cmake
[19.191s] -- Installing: /home/allen/rm_ws/install/costmap_converter_msgs/share/costmap_converter_msgs/cmake/costmap_converter_msgs__rosidl_typesupport_introspection_cExport.cmake
[19.192s] -- Installing: /home/allen/rm_ws/install/costmap_converter_msgs/share/costmap_converter_msgs/cmake/costmap_converter_msgs__rosidl_typesupport_introspection_cExport-noconfig.cmake
[19.194s] -- Installing: /home/allen/rm_ws/install/costmap_converter_msgs/share/costmap_converter_msgs/cmake/costmap_converter_msgs__rosidl_typesupport_cExport.cmake
[19.194s] -- Installing: /home/allen/rm_ws/install/costmap_converter_msgs/share/costmap_converter_msgs/cmake/costmap_converter_msgs__rosidl_typesupport_cExport-noconfig.cmake
[19.194s] -- Installing: /home/allen/rm_ws/install/costmap_converter_msgs/share/costmap_converter_msgs/cmake/costmap_converter_msgs__rosidl_typesupport_introspection_cppExport.cmake
[19.194s] -- Installing: /home/allen/rm_ws/install/costmap_converter_msgs/share/costmap_converter_msgs/cmake/costmap_converter_msgs__rosidl_typesupport_introspection_cppExport-noconfig.cmake
[19.197s] -- Installing: /home/allen/rm_ws/install/costmap_converter_msgs/share/costmap_converter_msgs/cmake/costmap_converter_msgs__rosidl_typesupport_cppExport.cmake
[19.197s] -- Installing: /home/allen/rm_ws/install/costmap_converter_msgs/share/costmap_converter_msgs/cmake/costmap_converter_msgs__rosidl_typesupport_cppExport-noconfig.cmake
[19.197s] -- Installing: /home/allen/rm_ws/install/costmap_converter_msgs/share/costmap_converter_msgs/cmake/export_costmap_converter_msgs__rosidl_generator_pyExport.cmake
[19.197s] -- Installing: /home/allen/rm_ws/install/costmap_converter_msgs/share/costmap_converter_msgs/cmake/export_costmap_converter_msgs__rosidl_generator_pyExport-noconfig.cmake
[19.201s] Invoked command in '/home/allen/rm_ws/build/costmap_converter_msgs' returned '0': CMAKE_PREFIX_PATH=/opt/ros/humble /usr/bin/cmake --install /home/allen/rm_ws/build/costmap_converter_msgs
