[0.041s] Invoking command in '/home/allen/rm_ws/build/teb_local_planner': CMAKE_PREFIX_PATH=/home/allen/rm_ws/install/teb_msgs:/home/allen/rm_ws/install/costmap_converter:/home/allen/rm_ws/install/costmap_converter_msgs:/home/allen/rm_ws/install/teb_local_planner:/home/allen/rm_ws/install/rmoss_gz_plugins:/home/allen/rm_ws/install/rmbot2:/home/allen/rm_ws/install/rm_navigation:/home/allen/rm_ws/install/rm_nav_bringup:/home/allen/rm_ws/install/fake_vel_transform:/opt/ros/humble LD_LIBRARY_PATH=/home/allen/rm_ws/install/teb_msgs/lib:/home/allen/rm_ws/install/costmap_converter/lib:/home/allen/rm_ws/install/costmap_converter_msgs/lib:/home/allen/rm_ws/install/teb_local_planner/lib:/home/allen/rm_ws/install/fake_vel_transform/lib:/usr/lib/x86_64-linux-gnu/gazebo-11/plugins:/opt/ros/humble/opt/rviz_ogre_vendor/lib:/opt/ros/humble/lib/x86_64-linux-gnu:/opt/ros/humble/opt/openvdb_vendor/lib:/opt/ros/humble/lib:/usr/local/lib:/usr/local/lib:/usr/local/lib /usr/bin/cmake --build /home/allen/rm_ws/build/teb_local_planner -- -j2 -l2
[0.262s] [100%] Built target teb_local_planner
[0.291s] Invoked command in '/home/allen/rm_ws/build/teb_local_planner' returned '0': CMAKE_PREFIX_PATH=/home/allen/rm_ws/install/teb_msgs:/home/allen/rm_ws/install/costmap_converter:/home/allen/rm_ws/install/costmap_converter_msgs:/home/allen/rm_ws/install/teb_local_planner:/home/allen/rm_ws/install/rmoss_gz_plugins:/home/allen/rm_ws/install/rmbot2:/home/allen/rm_ws/install/rm_navigation:/home/allen/rm_ws/install/rm_nav_bringup:/home/allen/rm_ws/install/fake_vel_transform:/opt/ros/humble LD_LIBRARY_PATH=/home/allen/rm_ws/install/teb_msgs/lib:/home/allen/rm_ws/install/costmap_converter/lib:/home/allen/rm_ws/install/costmap_converter_msgs/lib:/home/allen/rm_ws/install/teb_local_planner/lib:/home/allen/rm_ws/install/fake_vel_transform/lib:/usr/lib/x86_64-linux-gnu/gazebo-11/plugins:/opt/ros/humble/opt/rviz_ogre_vendor/lib:/opt/ros/humble/lib/x86_64-linux-gnu:/opt/ros/humble/opt/openvdb_vendor/lib:/opt/ros/humble/lib:/usr/local/lib:/usr/local/lib:/usr/local/lib /usr/bin/cmake --build /home/allen/rm_ws/build/teb_local_planner -- -j2 -l2
[0.295s] Invoking command in '/home/allen/rm_ws/build/teb_local_planner': CMAKE_PREFIX_PATH=/home/allen/rm_ws/install/teb_msgs:/home/allen/rm_ws/install/costmap_converter:/home/allen/rm_ws/install/costmap_converter_msgs:/home/allen/rm_ws/install/teb_local_planner:/home/allen/rm_ws/install/rmoss_gz_plugins:/home/allen/rm_ws/install/rmbot2:/home/allen/rm_ws/install/rm_navigation:/home/allen/rm_ws/install/rm_nav_bringup:/home/allen/rm_ws/install/fake_vel_transform:/opt/ros/humble LD_LIBRARY_PATH=/home/allen/rm_ws/install/teb_msgs/lib:/home/allen/rm_ws/install/costmap_converter/lib:/home/allen/rm_ws/install/costmap_converter_msgs/lib:/home/allen/rm_ws/install/teb_local_planner/lib:/home/allen/rm_ws/install/fake_vel_transform/lib:/usr/lib/x86_64-linux-gnu/gazebo-11/plugins:/opt/ros/humble/opt/rviz_ogre_vendor/lib:/opt/ros/humble/lib/x86_64-linux-gnu:/opt/ros/humble/opt/openvdb_vendor/lib:/opt/ros/humble/lib:/usr/local/lib:/usr/local/lib:/usr/local/lib /usr/bin/cmake --install /home/allen/rm_ws/build/teb_local_planner
[0.314s] -- Install configuration: "Release"
[0.315s] -- Execute custom install script
[0.316s] -- Up-to-date symlink: /home/allen/rm_ws/install/teb_local_planner/lib/libteb_local_planner.so
[0.318s] -- Up-to-date symlink: /home/allen/rm_ws/install/teb_local_planner/include//teb_local_planner/distance_calculations.h
[0.318s] -- Up-to-date symlink: /home/allen/rm_ws/install/teb_local_planner/include//teb_local_planner/equivalence_relations.h
[0.320s] -- Up-to-date symlink: /home/allen/rm_ws/install/teb_local_planner/include//teb_local_planner/g2o_types/base_teb_edges.h
[0.321s] -- Up-to-date symlink: /home/allen/rm_ws/install/teb_local_planner/include//teb_local_planner/g2o_types/edge_acceleration.h
[0.322s] -- Up-to-date symlink: /home/allen/rm_ws/install/teb_local_planner/include//teb_local_planner/g2o_types/edge_dynamic_obstacle.h
[0.323s] -- Up-to-date symlink: /home/allen/rm_ws/install/teb_local_planner/include//teb_local_planner/g2o_types/edge_kinematics.h
[0.324s] -- Up-to-date symlink: /home/allen/rm_ws/install/teb_local_planner/include//teb_local_planner/g2o_types/edge_obstacle.h
[0.324s] -- Up-to-date symlink: /home/allen/rm_ws/install/teb_local_planner/include//teb_local_planner/g2o_types/edge_prefer_rotdir.h
[0.325s] -- Up-to-date symlink: /home/allen/rm_ws/install/teb_local_planner/include//teb_local_planner/g2o_types/edge_shortest_path.h
[0.326s] -- Up-to-date symlink: /home/allen/rm_ws/install/teb_local_planner/include//teb_local_planner/g2o_types/edge_time_optimal.h
[0.327s] -- Up-to-date symlink: /home/allen/rm_ws/install/teb_local_planner/include//teb_local_planner/g2o_types/edge_velocity.h
[0.328s] -- Up-to-date symlink: /home/allen/rm_ws/install/teb_local_planner/include//teb_local_planner/g2o_types/edge_velocity_obstacle_ratio.h
[0.328s] -- Up-to-date symlink: /home/allen/rm_ws/install/teb_local_planner/include//teb_local_planner/g2o_types/edge_via_point.h
[0.329s] -- Up-to-date symlink: /home/allen/rm_ws/install/teb_local_planner/include//teb_local_planner/g2o_types/penalties.h
[0.330s] -- Up-to-date symlink: /home/allen/rm_ws/install/teb_local_planner/include//teb_local_planner/g2o_types/vertex_pose.h
[0.330s] -- Up-to-date symlink: /home/allen/rm_ws/install/teb_local_planner/include//teb_local_planner/g2o_types/vertex_timediff.h
[0.332s] -- Up-to-date symlink: /home/allen/rm_ws/install/teb_local_planner/include//teb_local_planner/graph_search.h
[0.333s] -- Up-to-date symlink: /home/allen/rm_ws/install/teb_local_planner/include//teb_local_planner/h_signature.h
[0.335s] -- Up-to-date symlink: /home/allen/rm_ws/install/teb_local_planner/include//teb_local_planner/homotopy_class_planner.h
[0.335s] -- Up-to-date symlink: /home/allen/rm_ws/install/teb_local_planner/include//teb_local_planner/homotopy_class_planner.hpp
[0.335s] -- Up-to-date symlink: /home/allen/rm_ws/install/teb_local_planner/include//teb_local_planner/misc.h
[0.335s] -- Up-to-date symlink: /home/allen/rm_ws/install/teb_local_planner/include//teb_local_planner/obstacles.h
[0.335s] -- Up-to-date symlink: /home/allen/rm_ws/install/teb_local_planner/include//teb_local_planner/optimal_planner.h
[0.335s] -- Up-to-date symlink: /home/allen/rm_ws/install/teb_local_planner/include//teb_local_planner/planner_interface.h
[0.337s] -- Up-to-date symlink: /home/allen/rm_ws/install/teb_local_planner/include//teb_local_planner/pose_se2.h
[0.338s] -- Up-to-date symlink: /home/allen/rm_ws/install/teb_local_planner/include//teb_local_planner/recovery_behaviors.h
[0.338s] -- Up-to-date symlink: /home/allen/rm_ws/install/teb_local_planner/include//teb_local_planner/robot_footprint_model.h
[0.338s] -- Up-to-date symlink: /home/allen/rm_ws/install/teb_local_planner/include//teb_local_planner/teb_config.h
[0.339s] -- Up-to-date symlink: /home/allen/rm_ws/install/teb_local_planner/include//teb_local_planner/teb_local_planner_ros.h
[0.340s] -- Up-to-date symlink: /home/allen/rm_ws/install/teb_local_planner/include//teb_local_planner/timed_elastic_band.h
[0.341s] -- Up-to-date symlink: /home/allen/rm_ws/install/teb_local_planner/include//teb_local_planner/timed_elastic_band.hpp
[0.342s] -- Up-to-date symlink: /home/allen/rm_ws/install/teb_local_planner/include//teb_local_planner/visualization.h
[0.343s] -- Up-to-date symlink: /home/allen/rm_ws/install/teb_local_planner/include//teb_local_planner/visualization.hpp
[0.343s] -- Up-to-date symlink: /home/allen/rm_ws/install/teb_local_planner/share/teb_local_planner_plugin.xml
[0.345s] -- Up-to-date symlink: /home/allen/rm_ws/install/teb_local_planner/lib/teb_local_planner/cmd_vel_to_ackermann_drive.py
[0.345s] -- Up-to-date symlink: /home/allen/rm_ws/install/teb_local_planner/share/teb_local_planner/params/teb_params.yaml
[0.346s] -- Up-to-date symlink: /home/allen/rm_ws/install/teb_local_planner/share/teb_local_planner/environment/library_path.sh
[0.347s] -- Up-to-date symlink: /home/allen/rm_ws/install/teb_local_planner/share/teb_local_planner/environment/library_path.dsv
[0.348s] -- Up-to-date symlink: /home/allen/rm_ws/install/teb_local_planner/share/teb_local_planner//teb_local_planner_plugin.xml
[0.349s] -- Up-to-date symlink: /home/allen/rm_ws/install/teb_local_planner/share/ament_index/resource_index/package_run_dependencies/teb_local_planner
[0.350s] -- Up-to-date symlink: /home/allen/rm_ws/install/teb_local_planner/share/ament_index/resource_index/parent_prefix_path/teb_local_planner
[0.351s] -- Up-to-date symlink: /home/allen/rm_ws/install/teb_local_planner/share/teb_local_planner/environment/ament_prefix_path.sh
[0.351s] -- Up-to-date symlink: /home/allen/rm_ws/install/teb_local_planner/share/teb_local_planner/environment/ament_prefix_path.dsv
[0.353s] -- Up-to-date symlink: /home/allen/rm_ws/install/teb_local_planner/share/teb_local_planner/environment/path.sh
[0.353s] -- Up-to-date symlink: /home/allen/rm_ws/install/teb_local_planner/share/teb_local_planner/environment/path.dsv
[0.354s] -- Up-to-date symlink: /home/allen/rm_ws/install/teb_local_planner/share/teb_local_planner/local_setup.bash
[0.356s] -- Up-to-date symlink: /home/allen/rm_ws/install/teb_local_planner/share/teb_local_planner/local_setup.sh
[0.356s] -- Up-to-date symlink: /home/allen/rm_ws/install/teb_local_planner/share/teb_local_planner/local_setup.zsh
[0.356s] -- Up-to-date symlink: /home/allen/rm_ws/install/teb_local_planner/share/teb_local_planner/local_setup.dsv
[0.356s] -- Symlinking: /home/allen/rm_ws/install/teb_local_planner/share/teb_local_planner/package.dsv
[0.380s] -- Up-to-date symlink: /home/allen/rm_ws/install/teb_local_planner/share/ament_index/resource_index/packages/teb_local_planner
[0.381s] -- Up-to-date symlink: /home/allen/rm_ws/install/teb_local_planner/share/ament_index/resource_index/nav2_core__pluginlib__plugin/teb_local_planner
[0.382s] -- Up-to-date symlink: /home/allen/rm_ws/install/teb_local_planner/share/teb_local_planner/cmake/ament_cmake_export_include_directories-extras.cmake
[0.383s] -- Up-to-date symlink: /home/allen/rm_ws/install/teb_local_planner/share/teb_local_planner/cmake/ament_cmake_export_libraries-extras.cmake
[0.384s] -- Up-to-date symlink: /home/allen/rm_ws/install/teb_local_planner/share/teb_local_planner/cmake/ament_cmake_export_dependencies-extras.cmake
[0.384s] -- Up-to-date symlink: /home/allen/rm_ws/install/teb_local_planner/share/teb_local_planner/cmake/teb_local_plannerConfig.cmake
[0.385s] -- Up-to-date symlink: /home/allen/rm_ws/install/teb_local_planner/share/teb_local_planner/cmake/teb_local_plannerConfig-version.cmake
[0.388s] -- Up-to-date symlink: /home/allen/rm_ws/install/teb_local_planner/share/teb_local_planner/package.xml
[0.390s] Invoked command in '/home/allen/rm_ws/build/teb_local_planner' returned '0': CMAKE_PREFIX_PATH=/home/allen/rm_ws/install/teb_msgs:/home/allen/rm_ws/install/costmap_converter:/home/allen/rm_ws/install/costmap_converter_msgs:/home/allen/rm_ws/install/teb_local_planner:/home/allen/rm_ws/install/rmoss_gz_plugins:/home/allen/rm_ws/install/rmbot2:/home/allen/rm_ws/install/rm_navigation:/home/allen/rm_ws/install/rm_nav_bringup:/home/allen/rm_ws/install/fake_vel_transform:/opt/ros/humble LD_LIBRARY_PATH=/home/allen/rm_ws/install/teb_msgs/lib:/home/allen/rm_ws/install/costmap_converter/lib:/home/allen/rm_ws/install/costmap_converter_msgs/lib:/home/allen/rm_ws/install/teb_local_planner/lib:/home/allen/rm_ws/install/fake_vel_transform/lib:/usr/lib/x86_64-linux-gnu/gazebo-11/plugins:/opt/ros/humble/opt/rviz_ogre_vendor/lib:/opt/ros/humble/lib/x86_64-linux-gnu:/opt/ros/humble/opt/openvdb_vendor/lib:/opt/ros/humble/lib:/usr/local/lib:/usr/local/lib:/usr/local/lib /usr/bin/cmake --install /home/allen/rm_ws/build/teb_local_planner
