[0.052s] Invoking command in '/home/allen/rm_ws/build/ros2_livox_simulation': CMAKE_PREFIX_PATH=/home/allen/rm_ws/install/livox_ros_driver2:/home/allen/rm_ws/install/ros2_livox_simulation:/home/allen/rm_ws/install/teb_local_planner:/home/allen/rm_ws/install/teb_msgs:/home/allen/rm_ws/install/rmoss_gz_plugins:/home/allen/rm_ws/install/rmbot2:/home/allen/rm_ws/install/rm_navigation:/home/allen/rm_ws/install/rm_nav_bringup:/home/allen/rm_ws/install/fake_vel_transform:/home/allen/rm_ws/install/costmap_converter:/home/allen/rm_ws/install/costmap_converter_msgs:/opt/ros/humble LD_LIBRARY_PATH=/home/allen/rm_ws/install/livox_ros_driver2/lib:/home/allen/rm_ws/install/ros2_livox_simulation/lib:/home/allen/rm_ws/install/teb_local_planner/lib:/home/allen/rm_ws/install/teb_msgs/lib:/home/allen/rm_ws/install/fake_vel_transform/lib:/home/allen/rm_ws/install/costmap_converter/lib:/home/allen/rm_ws/install/costmap_converter_msgs/lib:/usr/lib/x86_64-linux-gnu/gazebo-11/plugins:/opt/ros/humble/opt/rviz_ogre_vendor/lib:/opt/ros/humble/lib/x86_64-linux-gnu:/opt/ros/humble/opt/openvdb_vendor/lib:/opt/ros/humble/lib:/usr/local/lib:/usr/local/lib:/usr/local/lib:/usr/local/lib /usr/bin/cmake --build /home/allen/rm_ws/build/ros2_livox_simulation -- -j2 -l2
[0.253s] [35m[1mConsolidate compiler generated dependencies of target ros2_livox[0m
[0.431s] [100%] Built target ros2_livox
[0.479s] Invoked command in '/home/allen/rm_ws/build/ros2_livox_simulation' returned '0': CMAKE_PREFIX_PATH=/home/allen/rm_ws/install/livox_ros_driver2:/home/allen/rm_ws/install/ros2_livox_simulation:/home/allen/rm_ws/install/teb_local_planner:/home/allen/rm_ws/install/teb_msgs:/home/allen/rm_ws/install/rmoss_gz_plugins:/home/allen/rm_ws/install/rmbot2:/home/allen/rm_ws/install/rm_navigation:/home/allen/rm_ws/install/rm_nav_bringup:/home/allen/rm_ws/install/fake_vel_transform:/home/allen/rm_ws/install/costmap_converter:/home/allen/rm_ws/install/costmap_converter_msgs:/opt/ros/humble LD_LIBRARY_PATH=/home/allen/rm_ws/install/livox_ros_driver2/lib:/home/allen/rm_ws/install/ros2_livox_simulation/lib:/home/allen/rm_ws/install/teb_local_planner/lib:/home/allen/rm_ws/install/teb_msgs/lib:/home/allen/rm_ws/install/fake_vel_transform/lib:/home/allen/rm_ws/install/costmap_converter/lib:/home/allen/rm_ws/install/costmap_converter_msgs/lib:/usr/lib/x86_64-linux-gnu/gazebo-11/plugins:/opt/ros/humble/opt/rviz_ogre_vendor/lib:/opt/ros/humble/lib/x86_64-linux-gnu:/opt/ros/humble/opt/openvdb_vendor/lib:/opt/ros/humble/lib:/usr/local/lib:/usr/local/lib:/usr/local/lib:/usr/local/lib /usr/bin/cmake --build /home/allen/rm_ws/build/ros2_livox_simulation -- -j2 -l2
[0.479s] Invoking command in '/home/allen/rm_ws/build/ros2_livox_simulation': CMAKE_PREFIX_PATH=/home/allen/rm_ws/install/livox_ros_driver2:/home/allen/rm_ws/install/ros2_livox_simulation:/home/allen/rm_ws/install/teb_local_planner:/home/allen/rm_ws/install/teb_msgs:/home/allen/rm_ws/install/rmoss_gz_plugins:/home/allen/rm_ws/install/rmbot2:/home/allen/rm_ws/install/rm_navigation:/home/allen/rm_ws/install/rm_nav_bringup:/home/allen/rm_ws/install/fake_vel_transform:/home/allen/rm_ws/install/costmap_converter:/home/allen/rm_ws/install/costmap_converter_msgs:/opt/ros/humble LD_LIBRARY_PATH=/home/allen/rm_ws/install/livox_ros_driver2/lib:/home/allen/rm_ws/install/ros2_livox_simulation/lib:/home/allen/rm_ws/install/teb_local_planner/lib:/home/allen/rm_ws/install/teb_msgs/lib:/home/allen/rm_ws/install/fake_vel_transform/lib:/home/allen/rm_ws/install/costmap_converter/lib:/home/allen/rm_ws/install/costmap_converter_msgs/lib:/usr/lib/x86_64-linux-gnu/gazebo-11/plugins:/opt/ros/humble/opt/rviz_ogre_vendor/lib:/opt/ros/humble/lib/x86_64-linux-gnu:/opt/ros/humble/opt/openvdb_vendor/lib:/opt/ros/humble/lib:/usr/local/lib:/usr/local/lib:/usr/local/lib:/usr/local/lib /usr/bin/cmake --install /home/allen/rm_ws/build/ros2_livox_simulation
[0.515s] -- Install configuration: ""
[0.515s] -- Execute custom install script
[0.515s] -- Up-to-date symlink: /home/allen/rm_ws/install/ros2_livox_simulation/include/ros2_livox/csv_reader.hpp
[0.517s] -- Up-to-date symlink: /home/allen/rm_ws/install/ros2_livox_simulation/include/ros2_livox/livox_ode_multiray_shape.h
[0.517s] -- Up-to-date symlink: /home/allen/rm_ws/install/ros2_livox_simulation/include/ros2_livox/livox_points_plugin.h
[0.517s] -- Up-to-date symlink: /home/allen/rm_ws/install/ros2_livox_simulation/share/ros2_livox_simulation/environment/library_path.sh
[0.518s] -- Up-to-date symlink: /home/allen/rm_ws/install/ros2_livox_simulation/share/ros2_livox_simulation/environment/library_path.dsv
[0.518s] -- Up-to-date symlink: /home/allen/rm_ws/install/ros2_livox_simulation/lib/libros2_livox.so
[0.522s] -- Up-to-date symlink: /home/allen/rm_ws/install/ros2_livox_simulation/share/ros2_livox_simulation/scan_mode/mid360.csv
[0.522s] -- Up-to-date symlink: /home/allen/rm_ws/install/ros2_livox_simulation/share/ros2_livox_simulation/urdf/mid360.xacro
[0.522s] -- Up-to-date symlink: /home/allen/rm_ws/install/ros2_livox_simulation/share/ament_index/resource_index/package_run_dependencies/ros2_livox_simulation
[0.524s] -- Up-to-date symlink: /home/allen/rm_ws/install/ros2_livox_simulation/share/ament_index/resource_index/parent_prefix_path/ros2_livox_simulation
[0.525s] -- Up-to-date symlink: /home/allen/rm_ws/install/ros2_livox_simulation/share/ros2_livox_simulation/environment/ament_prefix_path.sh
[0.525s] -- Up-to-date symlink: /home/allen/rm_ws/install/ros2_livox_simulation/share/ros2_livox_simulation/environment/ament_prefix_path.dsv
[0.525s] -- Up-to-date symlink: /home/allen/rm_ws/install/ros2_livox_simulation/share/ros2_livox_simulation/environment/path.sh
[0.526s] -- Up-to-date symlink: /home/allen/rm_ws/install/ros2_livox_simulation/share/ros2_livox_simulation/environment/path.dsv
[0.527s] -- Up-to-date symlink: /home/allen/rm_ws/install/ros2_livox_simulation/share/ros2_livox_simulation/local_setup.bash
[0.529s] -- Up-to-date symlink: /home/allen/rm_ws/install/ros2_livox_simulation/share/ros2_livox_simulation/local_setup.sh
[0.529s] -- Up-to-date symlink: /home/allen/rm_ws/install/ros2_livox_simulation/share/ros2_livox_simulation/local_setup.zsh
[0.530s] -- Up-to-date symlink: /home/allen/rm_ws/install/ros2_livox_simulation/share/ros2_livox_simulation/local_setup.dsv
[0.531s] -- Symlinking: /home/allen/rm_ws/install/ros2_livox_simulation/share/ros2_livox_simulation/package.dsv
[0.562s] -- Up-to-date symlink: /home/allen/rm_ws/install/ros2_livox_simulation/share/ament_index/resource_index/packages/ros2_livox_simulation
[0.563s] -- Up-to-date symlink: /home/allen/rm_ws/install/ros2_livox_simulation/share/ros2_livox_simulation/cmake/ament_cmake_export_dependencies-extras.cmake
[0.564s] -- Up-to-date symlink: /home/allen/rm_ws/install/ros2_livox_simulation/share/ros2_livox_simulation/cmake/ament_cmake_export_include_directories-extras.cmake
[0.564s] -- Up-to-date symlink: /home/allen/rm_ws/install/ros2_livox_simulation/share/ros2_livox_simulation/cmake/ament_cmake_export_libraries-extras.cmake
[0.568s] -- Up-to-date symlink: /home/allen/rm_ws/install/ros2_livox_simulation/share/ros2_livox_simulation/cmake/ros2_livox_simulationConfig.cmake
[0.569s] -- Up-to-date symlink: /home/allen/rm_ws/install/ros2_livox_simulation/share/ros2_livox_simulation/cmake/ros2_livox_simulationConfig-version.cmake
[0.569s] -- Up-to-date symlink: /home/allen/rm_ws/install/ros2_livox_simulation/share/ros2_livox_simulation/package.xml
[0.574s] Invoked command in '/home/allen/rm_ws/build/ros2_livox_simulation' returned '0': CMAKE_PREFIX_PATH=/home/allen/rm_ws/install/livox_ros_driver2:/home/allen/rm_ws/install/ros2_livox_simulation:/home/allen/rm_ws/install/teb_local_planner:/home/allen/rm_ws/install/teb_msgs:/home/allen/rm_ws/install/rmoss_gz_plugins:/home/allen/rm_ws/install/rmbot2:/home/allen/rm_ws/install/rm_navigation:/home/allen/rm_ws/install/rm_nav_bringup:/home/allen/rm_ws/install/fake_vel_transform:/home/allen/rm_ws/install/costmap_converter:/home/allen/rm_ws/install/costmap_converter_msgs:/opt/ros/humble LD_LIBRARY_PATH=/home/allen/rm_ws/install/livox_ros_driver2/lib:/home/allen/rm_ws/install/ros2_livox_simulation/lib:/home/allen/rm_ws/install/teb_local_planner/lib:/home/allen/rm_ws/install/teb_msgs/lib:/home/allen/rm_ws/install/fake_vel_transform/lib:/home/allen/rm_ws/install/costmap_converter/lib:/home/allen/rm_ws/install/costmap_converter_msgs/lib:/usr/lib/x86_64-linux-gnu/gazebo-11/plugins:/opt/ros/humble/opt/rviz_ogre_vendor/lib:/opt/ros/humble/lib/x86_64-linux-gnu:/opt/ros/humble/opt/openvdb_vendor/lib:/opt/ros/humble/lib:/usr/local/lib:/usr/local/lib:/usr/local/lib:/usr/local/lib /usr/bin/cmake --install /home/allen/rm_ws/build/ros2_livox_simulation
