[0.027s] Invoking command in '/home/allen/rm_ws/build/costmap_converter': AMENT_PREFIX_PATH=/home/allen/rm_ws/install/costmap_converter_msgs:${AMENT_PREFIX_PATH} CMAKE_PREFIX_PATH=/home/allen/rm_ws/install/costmap_converter_msgs:/opt/ros/humble LD_LIBRARY_PATH=/home/allen/rm_ws/install/costmap_converter_msgs/lib:/usr/lib/x86_64-linux-gnu/gazebo-11/plugins:/opt/ros/humble/opt/rviz_ogre_vendor/lib:/opt/ros/humble/lib/x86_64-linux-gnu:/opt/ros/humble/opt/openvdb_vendor/lib:/opt/ros/humble/lib:/usr/local/lib PYTHONPATH=/home/allen/rm_ws/install/costmap_converter_msgs/local/lib/python3.10/dist-packages:${PYTHONPATH} /usr/bin/cmake /home/allen/rm_ws/src/rm_navigation/costmap_converter/costmap_converter -DAMENT_CMAKE_SYMLINK_INSTALL=1 -DCMAKE_INSTALL_PREFIX=/home/allen/rm_ws/install/costmap_converter
[0.153s] -- The C compiler identification is GNU 11.4.0
[0.266s] -- The CXX compiler identification is GNU 11.4.0
[0.281s] -- Detecting C compiler ABI info
[0.459s] -- Detecting C compiler ABI info - done
[0.466s] -- Check for working C compiler: /usr/bin/cc - skipped
[0.467s] -- Detecting C compile features
[0.468s] -- Detecting C compile features - done
[0.473s] -- Detecting CXX compiler ABI info
[0.665s] -- Detecting CXX compiler ABI info - done
[0.670s] -- Check for working CXX compiler: /usr/bin/c++ - skipped
[0.671s] -- Detecting CXX compile features
[0.673s] -- Detecting CXX compile features - done
[0.678s] -- Found ament_cmake: 1.3.11 (/opt/ros/humble/share/ament_cmake/cmake)
[0.919s] -- Found Python3: /usr/bin/python3 (found version "3.10.12") found components: Interpreter 
[1.007s] -- Override CMake install command with custom implementation using symlinks instead of copying resources
[1.053s] -- Found class_loader: 2.2.0 (/opt/ros/humble/share/class_loader/cmake)
[1.089s] -- Found costmap_converter_msgs: 0.1.2 (/home/allen/rm_ws/install/costmap_converter_msgs/share/costmap_converter_msgs/cmake)
[1.139s] -- Found rosidl_generator_c: 3.1.6 (/opt/ros/humble/share/rosidl_generator_c/cmake)
[1.157s] -- Found rosidl_adapter: 3.1.6 (/opt/ros/humble/share/rosidl_adapter/cmake)
[1.174s] -- Found rosidl_generator_cpp: 3.1.6 (/opt/ros/humble/share/rosidl_generator_cpp/cmake)
[1.198s] -- Using all available rosidl_typesupport_c: rosidl_typesupport_fastrtps_c;rosidl_typesupport_introspection_c
[1.225s] -- Using all available rosidl_typesupport_cpp: rosidl_typesupport_fastrtps_cpp;rosidl_typesupport_introspection_cpp
[1.319s] -- Found cv_bridge: 3.2.1 (/opt/ros/humble/share/cv_bridge/cmake)
[1.364s] -- Found nav2_costmap_2d: 1.1.17 (/opt/ros/humble/share/nav2_costmap_2d/cmake)
[1.459s] -- Found rmw_implementation_cmake: 6.1.2 (/opt/ros/humble/share/rmw_implementation_cmake/cmake)
[1.464s] -- Found rmw_cyclonedds_cpp: 1.3.4 (/opt/ros/humble/share/rmw_cyclonedds_cpp/cmake)
[1.501s] -- Using RMW implementation 'rmw_cyclonedds_cpp' as default
[1.519s] -- Looking for pthread.h
[1.689s] -- Looking for pthread.h - found
[1.689s] -- Performing Test CMAKE_HAVE_LIBC_PTHREAD
[1.865s] -- Performing Test CMAKE_HAVE_LIBC_PTHREAD - Success
[1.870s] -- Found Threads: TRUE  
[2.171s] -- Found Eigen3: TRUE (found version "3.4.0") 
[2.171s] -- Ensuring Eigen3 include directory is part of orocos-kdl CMake target
[2.402s] -- Found OpenCV: /usr (found version "4.5.4") 
[2.416s] -- Found ament_cmake_gtest: 1.3.11 (/opt/ros/humble/share/ament_cmake_gtest/cmake)
[2.422s] -- Found gtest sources under '/opt/ros/humble/src/gtest_vendor': C++ tests using 'Google Test' will be built
[2.525s] -- Configuring done
[3.116s] -- Generating done
[3.132s] -- Build files have been written to: /home/allen/rm_ws/build/costmap_converter
[3.162s] Invoked command in '/home/allen/rm_ws/build/costmap_converter' returned '0': AMENT_PREFIX_PATH=/home/allen/rm_ws/install/costmap_converter_msgs:${AMENT_PREFIX_PATH} CMAKE_PREFIX_PATH=/home/allen/rm_ws/install/costmap_converter_msgs:/opt/ros/humble LD_LIBRARY_PATH=/home/allen/rm_ws/install/costmap_converter_msgs/lib:/usr/lib/x86_64-linux-gnu/gazebo-11/plugins:/opt/ros/humble/opt/rviz_ogre_vendor/lib:/opt/ros/humble/lib/x86_64-linux-gnu:/opt/ros/humble/opt/openvdb_vendor/lib:/opt/ros/humble/lib:/usr/local/lib PYTHONPATH=/home/allen/rm_ws/install/costmap_converter_msgs/local/lib/python3.10/dist-packages:${PYTHONPATH} /usr/bin/cmake /home/allen/rm_ws/src/rm_navigation/costmap_converter/costmap_converter -DAMENT_CMAKE_SYMLINK_INSTALL=1 -DCMAKE_INSTALL_PREFIX=/home/allen/rm_ws/install/costmap_converter
[3.167s] Invoking command in '/home/allen/rm_ws/build/costmap_converter': AMENT_PREFIX_PATH=/home/allen/rm_ws/install/costmap_converter_msgs:${AMENT_PREFIX_PATH} CMAKE_PREFIX_PATH=/home/allen/rm_ws/install/costmap_converter_msgs:/opt/ros/humble LD_LIBRARY_PATH=/home/allen/rm_ws/install/costmap_converter_msgs/lib:/usr/lib/x86_64-linux-gnu/gazebo-11/plugins:/opt/ros/humble/opt/rviz_ogre_vendor/lib:/opt/ros/humble/lib/x86_64-linux-gnu:/opt/ros/humble/opt/openvdb_vendor/lib:/opt/ros/humble/lib:/usr/local/lib PYTHONPATH=/home/allen/rm_ws/install/costmap_converter_msgs/local/lib/python3.10/dist-packages:${PYTHONPATH} /usr/bin/cmake --build /home/allen/rm_ws/build/costmap_converter -- -j2 -l2
[3.361s] [  5%] [32mBuilding CXX object gtest/CMakeFiles/gtest_main.dir/src/gtest_main.cc.o[0m
[3.372s] [ 10%] [32mBuilding CXX object CMakeFiles/costmap_converter.dir/src/costmap_to_polygons.cpp.o[0m
[4.935s] [ 15%] [32m[1mLinking CXX static library libgtest_main.a[0m
[5.093s] [ 15%] Built target gtest_main
[5.199s] [ 21%] [32mBuilding CXX object gtest/CMakeFiles/gtest.dir/src/gtest-all.cc.o[0m
[16.908s] [ 26%] [32m[1mLinking CXX static library libgtest.a[0m
[17.118s] [ 26%] Built target gtest
[17.167s] [ 31%] [32mBuilding CXX object CMakeFiles/costmap_converter.dir/src/costmap_to_polygons_concave.cpp.o[0m
[19.729s] [ 36%] [32mBuilding CXX object CMakeFiles/costmap_converter.dir/src/costmap_to_lines_convex_hull.cpp.o[0m
[34.016s] [ 42%] [32mBuilding CXX object CMakeFiles/costmap_converter.dir/src/costmap_to_lines_ransac.cpp.o[0m
[44.961s] [ 47%] [32mBuilding CXX object CMakeFiles/costmap_converter.dir/src/costmap_to_dynamic_obstacles/costmap_to_dynamic_obstacles.cpp.o[0m
[66.328s] [ 52%] [32mBuilding CXX object CMakeFiles/costmap_converter.dir/src/costmap_to_dynamic_obstacles/background_subtractor.cpp.o[0m
[68.340s] [ 57%] [32mBuilding CXX object CMakeFiles/costmap_converter.dir/src/costmap_to_dynamic_obstacles/blob_detector.cpp.o[0m
[71.831s] [ 63%] [32mBuilding CXX object CMakeFiles/costmap_converter.dir/src/costmap_to_dynamic_obstacles/multitarget_tracker/Ctracker.cpp.o[0m
[74.868s] [ 68%] [32mBuilding CXX object CMakeFiles/costmap_converter.dir/src/costmap_to_dynamic_obstacles/multitarget_tracker/Kalman.cpp.o[0m
[77.934s] [ 73%] [32mBuilding CXX object CMakeFiles/costmap_converter.dir/src/costmap_to_dynamic_obstacles/multitarget_tracker/HungarianAlg.cpp.o[0m
[80.941s] [ 78%] [32m[1mLinking CXX shared library libcostmap_converter.so[0m
[81.703s] [ 78%] Built target costmap_converter
[81.754s] [ 84%] [32mBuilding CXX object CMakeFiles/standalone_converter.dir/src/costmap_converter_node.cpp.o[0m
[96.171s] [ 89%] [32m[1mLinking CXX executable standalone_converter[0m
[96.687s] [ 89%] Built target standalone_converter
[96.738s] [ 94%] [32mBuilding CXX object CMakeFiles/test_costmap_polygons.dir/test/costmap_polygons.cpp.o[0m
[106.526s] [100%] [32m[1mLinking CXX executable test_costmap_polygons[0m
[107.709s] [100%] Built target test_costmap_polygons
[107.734s] Invoked command in '/home/allen/rm_ws/build/costmap_converter' returned '0': AMENT_PREFIX_PATH=/home/allen/rm_ws/install/costmap_converter_msgs:${AMENT_PREFIX_PATH} CMAKE_PREFIX_PATH=/home/allen/rm_ws/install/costmap_converter_msgs:/opt/ros/humble LD_LIBRARY_PATH=/home/allen/rm_ws/install/costmap_converter_msgs/lib:/usr/lib/x86_64-linux-gnu/gazebo-11/plugins:/opt/ros/humble/opt/rviz_ogre_vendor/lib:/opt/ros/humble/lib/x86_64-linux-gnu:/opt/ros/humble/opt/openvdb_vendor/lib:/opt/ros/humble/lib:/usr/local/lib PYTHONPATH=/home/allen/rm_ws/install/costmap_converter_msgs/local/lib/python3.10/dist-packages:${PYTHONPATH} /usr/bin/cmake --build /home/allen/rm_ws/build/costmap_converter -- -j2 -l2
[107.739s] Invoking command in '/home/allen/rm_ws/build/costmap_converter': AMENT_PREFIX_PATH=/home/allen/rm_ws/install/costmap_converter_msgs:${AMENT_PREFIX_PATH} CMAKE_PREFIX_PATH=/home/allen/rm_ws/install/costmap_converter_msgs:/opt/ros/humble LD_LIBRARY_PATH=/home/allen/rm_ws/install/costmap_converter_msgs/lib:/usr/lib/x86_64-linux-gnu/gazebo-11/plugins:/opt/ros/humble/opt/rviz_ogre_vendor/lib:/opt/ros/humble/lib/x86_64-linux-gnu:/opt/ros/humble/opt/openvdb_vendor/lib:/opt/ros/humble/lib:/usr/local/lib PYTHONPATH=/home/allen/rm_ws/install/costmap_converter_msgs/local/lib/python3.10/dist-packages:${PYTHONPATH} /usr/bin/cmake --install /home/allen/rm_ws/build/costmap_converter
[107.755s] -- Install configuration: "Release"
[107.755s] -- Execute custom install script
[107.756s] -- Symlinking: /home/allen/rm_ws/install/costmap_converter/lib/libcostmap_converter.so
[107.777s] -- Symlinking: /home/allen/rm_ws/install/costmap_converter/bin/standalone_converter
[107.800s] -- Symlinking: /home/allen/rm_ws/install/costmap_converter/include//costmap_converter/costmap_converter_interface.h
[107.821s] -- Symlinking: /home/allen/rm_ws/install/costmap_converter/include//costmap_converter/costmap_to_dynamic_obstacles/background_subtractor.h
[107.842s] -- Symlinking: /home/allen/rm_ws/install/costmap_converter/include//costmap_converter/costmap_to_dynamic_obstacles/blob_detector.h
[107.861s] -- Symlinking: /home/allen/rm_ws/install/costmap_converter/include//costmap_converter/costmap_to_dynamic_obstacles/costmap_to_dynamic_obstacles.h
[107.882s] -- Symlinking: /home/allen/rm_ws/install/costmap_converter/include//costmap_converter/costmap_to_dynamic_obstacles/multitarget_tracker/Ctracker.h
[107.904s] -- Symlinking: /home/allen/rm_ws/install/costmap_converter/include//costmap_converter/costmap_to_dynamic_obstacles/multitarget_tracker/HungarianAlg.h
[107.925s] -- Symlinking: /home/allen/rm_ws/install/costmap_converter/include//costmap_converter/costmap_to_dynamic_obstacles/multitarget_tracker/Kalman.h
[107.944s] -- Symlinking: /home/allen/rm_ws/install/costmap_converter/include//costmap_converter/costmap_to_dynamic_obstacles/multitarget_tracker/README.md
[107.965s] -- Symlinking: /home/allen/rm_ws/install/costmap_converter/include//costmap_converter/costmap_to_dynamic_obstacles/multitarget_tracker/defines.h
[107.987s] -- Symlinking: /home/allen/rm_ws/install/costmap_converter/include//costmap_converter/costmap_to_lines_convex_hull.h
[108.011s] -- Symlinking: /home/allen/rm_ws/install/costmap_converter/include//costmap_converter/costmap_to_lines_ransac.h
[108.034s] -- Symlinking: /home/allen/rm_ws/install/costmap_converter/include//costmap_converter/costmap_to_polygons.h
[108.060s] -- Symlinking: /home/allen/rm_ws/install/costmap_converter/include//costmap_converter/costmap_to_polygons_concave.h
[108.081s] -- Symlinking: /home/allen/rm_ws/install/costmap_converter/include//costmap_converter/misc.h
[108.104s] -- Symlinking: /home/allen/rm_ws/install/costmap_converter/share/costmap_converter/environment/library_path.sh
[108.126s] -- Symlinking: /home/allen/rm_ws/install/costmap_converter/share/costmap_converter/environment/library_path.dsv
[108.147s] -- Symlinking: /home/allen/rm_ws/install/costmap_converter/share/costmap_converter//costmap_converter_plugins.xml
[108.169s] -- Symlinking: /home/allen/rm_ws/install/costmap_converter/share/ament_index/resource_index/package_run_dependencies/costmap_converter
[108.193s] -- Symlinking: /home/allen/rm_ws/install/costmap_converter/share/ament_index/resource_index/parent_prefix_path/costmap_converter
[108.214s] -- Symlinking: /home/allen/rm_ws/install/costmap_converter/share/costmap_converter/environment/ament_prefix_path.sh
[108.235s] -- Symlinking: /home/allen/rm_ws/install/costmap_converter/share/costmap_converter/environment/ament_prefix_path.dsv
[108.257s] -- Symlinking: /home/allen/rm_ws/install/costmap_converter/share/costmap_converter/environment/path.sh
[108.279s] -- Symlinking: /home/allen/rm_ws/install/costmap_converter/share/costmap_converter/environment/path.dsv
[108.299s] -- Symlinking: /home/allen/rm_ws/install/costmap_converter/share/costmap_converter/local_setup.bash
[108.319s] -- Symlinking: /home/allen/rm_ws/install/costmap_converter/share/costmap_converter/local_setup.sh
[108.340s] -- Symlinking: /home/allen/rm_ws/install/costmap_converter/share/costmap_converter/local_setup.zsh
[108.362s] -- Symlinking: /home/allen/rm_ws/install/costmap_converter/share/costmap_converter/local_setup.dsv
[108.383s] -- Symlinking: /home/allen/rm_ws/install/costmap_converter/share/costmap_converter/package.dsv
[108.404s] -- Symlinking: /home/allen/rm_ws/install/costmap_converter/share/ament_index/resource_index/packages/costmap_converter
[108.428s] -- Symlinking: /home/allen/rm_ws/install/costmap_converter/share/ament_index/resource_index/costmap_converter__pluginlib__plugin/costmap_converter
[108.450s] -- Symlinking: /home/allen/rm_ws/install/costmap_converter/share/costmap_converter/cmake/ament_cmake_export_include_directories-extras.cmake
[108.475s] -- Symlinking: /home/allen/rm_ws/install/costmap_converter/share/costmap_converter/cmake/ament_cmake_export_libraries-extras.cmake
[108.496s] -- Symlinking: /home/allen/rm_ws/install/costmap_converter/share/costmap_converter/cmake/ament_cmake_export_dependencies-extras.cmake
[108.517s] -- Symlinking: /home/allen/rm_ws/install/costmap_converter/share/costmap_converter/cmake/costmap_converterConfig.cmake
[108.538s] -- Symlinking: /home/allen/rm_ws/install/costmap_converter/share/costmap_converter/cmake/costmap_converterConfig-version.cmake
[108.559s] -- Symlinking: /home/allen/rm_ws/install/costmap_converter/share/costmap_converter/package.xml
[108.585s] Invoked command in '/home/allen/rm_ws/build/costmap_converter' returned '0': AMENT_PREFIX_PATH=/home/allen/rm_ws/install/costmap_converter_msgs:${AMENT_PREFIX_PATH} CMAKE_PREFIX_PATH=/home/allen/rm_ws/install/costmap_converter_msgs:/opt/ros/humble LD_LIBRARY_PATH=/home/allen/rm_ws/install/costmap_converter_msgs/lib:/usr/lib/x86_64-linux-gnu/gazebo-11/plugins:/opt/ros/humble/opt/rviz_ogre_vendor/lib:/opt/ros/humble/lib/x86_64-linux-gnu:/opt/ros/humble/opt/openvdb_vendor/lib:/opt/ros/humble/lib:/usr/local/lib PYTHONPATH=/home/allen/rm_ws/install/costmap_converter_msgs/local/lib/python3.10/dist-packages:${PYTHONPATH} /usr/bin/cmake --install /home/allen/rm_ws/build/costmap_converter
