[0.040s] Invoking command in '/home/allen/rm_ws/build/fake_vel_transform': CMAKE_PREFIX_PATH=${CMAKE_PREFIX_PATH}:/opt/ros/humble /usr/bin/cmake --build /home/allen/rm_ws/build/fake_vel_transform -- -j2 -l2
[0.314s] [ 50%] Built target fake_vel_transform
[0.401s] [100%] Built target fake_vel_transform_node
[0.435s] Invoked command in '/home/allen/rm_ws/build/fake_vel_transform' returned '0': CMAKE_PREFIX_PATH=${CMAKE_PREFIX_PATH}:/opt/ros/humble /usr/bin/cmake --build /home/allen/rm_ws/build/fake_vel_transform -- -j2 -l2
[0.441s] Invoking command in '/home/allen/rm_ws/build/fake_vel_transform': CMAKE_PREFIX_PATH=${CMAKE_PREFIX_PATH}:/opt/ros/humble /usr/bin/cmake --install /home/allen/rm_ws/build/fake_vel_transform
[0.469s] -- Install configuration: ""
[0.471s] -- Execute custom install script
[0.471s] -- Up-to-date symlink: /home/allen/rm_ws/install/fake_vel_transform/lib/fake_vel_transform/fake_vel_transform_node
[0.471s] -- Up-to-date symlink: /home/allen/rm_ws/install/fake_vel_transform/include/fake_vel_transform/fake_vel_transform.hpp
[0.472s] -- Up-to-date symlink: /home/allen/rm_ws/install/fake_vel_transform/share/fake_vel_transform/environment/library_path.sh
[0.473s] -- Up-to-date symlink: /home/allen/rm_ws/install/fake_vel_transform/share/fake_vel_transform/environment/library_path.dsv
[0.475s] -- Up-to-date symlink: /home/allen/rm_ws/install/fake_vel_transform/lib/libfake_vel_transform.so
[0.476s] -- Up-to-date symlink: /home/allen/rm_ws/install/fake_vel_transform/share/fake_vel_transform/launch/fake_vel_transform.launch.py
[0.476s] -- Up-to-date symlink: /home/allen/rm_ws/install/fake_vel_transform/share/ament_index/resource_index/package_run_dependencies/fake_vel_transform
[0.476s] -- Up-to-date symlink: /home/allen/rm_ws/install/fake_vel_transform/share/ament_index/resource_index/parent_prefix_path/fake_vel_transform
[0.477s] -- Up-to-date symlink: /home/allen/rm_ws/install/fake_vel_transform/share/fake_vel_transform/environment/ament_prefix_path.sh
[0.478s] -- Up-to-date symlink: /home/allen/rm_ws/install/fake_vel_transform/share/fake_vel_transform/environment/ament_prefix_path.dsv
[0.478s] -- Up-to-date symlink: /home/allen/rm_ws/install/fake_vel_transform/share/fake_vel_transform/environment/path.sh
[0.479s] -- Up-to-date symlink: /home/allen/rm_ws/install/fake_vel_transform/share/fake_vel_transform/environment/path.dsv
[0.479s] -- Up-to-date symlink: /home/allen/rm_ws/install/fake_vel_transform/share/fake_vel_transform/local_setup.bash
[0.479s] -- Up-to-date symlink: /home/allen/rm_ws/install/fake_vel_transform/share/fake_vel_transform/local_setup.sh
[0.479s] -- Up-to-date symlink: /home/allen/rm_ws/install/fake_vel_transform/share/fake_vel_transform/local_setup.zsh
[0.479s] -- Up-to-date symlink: /home/allen/rm_ws/install/fake_vel_transform/share/fake_vel_transform/local_setup.dsv
[0.479s] -- Symlinking: /home/allen/rm_ws/install/fake_vel_transform/share/fake_vel_transform/package.dsv
[0.509s] -- Up-to-date symlink: /home/allen/rm_ws/install/fake_vel_transform/share/ament_index/resource_index/packages/fake_vel_transform
[0.509s] -- Up-to-date symlink: /home/allen/rm_ws/install/fake_vel_transform/share/ament_index/resource_index/rclcpp_components/fake_vel_transform
[0.509s] -- Up-to-date symlink: /home/allen/rm_ws/install/fake_vel_transform/share/fake_vel_transform/cmake/ament_cmake_export_dependencies-extras.cmake
[0.509s] -- Up-to-date symlink: /home/allen/rm_ws/install/fake_vel_transform/share/fake_vel_transform/cmake/ament_cmake_export_include_directories-extras.cmake
[0.510s] -- Up-to-date symlink: /home/allen/rm_ws/install/fake_vel_transform/share/fake_vel_transform/cmake/ament_cmake_export_libraries-extras.cmake
[0.511s] -- Up-to-date symlink: /home/allen/rm_ws/install/fake_vel_transform/share/fake_vel_transform/cmake/fake_vel_transformConfig.cmake
[0.511s] -- Up-to-date symlink: /home/allen/rm_ws/install/fake_vel_transform/share/fake_vel_transform/cmake/fake_vel_transformConfig-version.cmake
[0.511s] -- Up-to-date symlink: /home/allen/rm_ws/install/fake_vel_transform/share/fake_vel_transform/package.xml
[0.515s] Invoked command in '/home/allen/rm_ws/build/fake_vel_transform' returned '0': CMAKE_PREFIX_PATH=${CMAKE_PREFIX_PATH}:/opt/ros/humble /usr/bin/cmake --install /home/allen/rm_ws/build/fake_vel_transform
