[0.047s] Invoking command in '/home/allen/rm_ws/build/rmbot2': CMAKE_PREFIX_PATH=${CMAKE_PREFIX_PATH}:/opt/ros/humble /usr/bin/cmake --build /home/allen/rm_ws/build/rmbot2 -- -j2 -l2
[0.256s] Invoked command in '/home/allen/rm_ws/build/rmbot2' returned '0': CMAKE_PREFIX_PATH=${CMAKE_PREFIX_PATH}:/opt/ros/humble /usr/bin/cmake --build /home/allen/rm_ws/build/rmbot2 -- -j2 -l2
[0.263s] Invoking command in '/home/allen/rm_ws/build/rmbot2': CMAKE_PREFIX_PATH=${CMAKE_PREFIX_PATH}:/opt/ros/humble /usr/bin/cmake --install /home/allen/rm_ws/build/rmbot2
[0.298s] -- Install configuration: ""
[0.299s] -- Execute custom install script
[0.301s] -- Up-to-date symlink: /home/allen/rm_ws/install/rmbot2/share/rmbot2/config/simulation/fastlio_mid360_sim.yaml
[0.303s] -- Up-to-date symlink: /home/allen/rm_ws/install/rmbot2/share/rmbot2/config/simulation/mapper_params_offline_async.yaml
[0.305s] -- Up-to-date symlink: /home/allen/rm_ws/install/rmbot2/share/rmbot2/config/simulation/mapper_params_online_async_sim.yaml
[0.305s] -- Up-to-date symlink: /home/allen/rm_ws/install/rmbot2/share/rmbot2/config/simulation/segmentation_sim.yaml
[0.305s] -- Up-to-date symlink: /home/allen/rm_ws/install/rmbot2/share/rmbot2/description/gazebo_control.xacro
[0.306s] -- Up-to-date symlink: /home/allen/rm_ws/install/rmbot2/share/rmbot2/description/gazebo_control2.xacro
[0.307s] -- Up-to-date symlink: /home/allen/rm_ws/install/rmbot2/share/rmbot2/description/gazebo_control3.xacro
[0.308s] -- Up-to-date symlink: /home/allen/rm_ws/install/rmbot2/share/rmbot2/description/gazebo_control4.xacro
[0.311s] -- Up-to-date symlink: /home/allen/rm_ws/install/rmbot2/share/rmbot2/description/inertial_macros.xacro
[0.311s] -- Up-to-date symlink: /home/allen/rm_ws/install/rmbot2/share/rmbot2/description/lidar.xacro
[0.311s] -- Up-to-date symlink: /home/allen/rm_ws/install/rmbot2/share/rmbot2/description/mid360.xacro
[0.311s] -- Up-to-date symlink: /home/allen/rm_ws/install/rmbot2/share/rmbot2/description/robot.urdf.xacro
[0.311s] -- Up-to-date symlink: /home/allen/rm_ws/install/rmbot2/share/rmbot2/description/robot_core2.xacro
[0.311s] -- Up-to-date symlink: /home/allen/rm_ws/install/rmbot2/share/rmbot2/description/robot_core3.xacro
[0.312s] -- Up-to-date symlink: /home/allen/rm_ws/install/rmbot2/share/rmbot2/description/robot_core_upper.xacro
[0.314s] -- Up-to-date symlink: /home/allen/rm_ws/install/rmbot2/share/rmbot2/description/robot_structure.xacro
[0.314s] -- Up-to-date symlink: /home/allen/rm_ws/install/rmbot2/share/rmbot2/description/wheel.xacro
[0.316s] -- Up-to-date symlink: /home/allen/rm_ws/install/rmbot2/share/rmbot2/launch/launch_world.launch.py
[0.317s] -- Up-to-date symlink: /home/allen/rm_ws/install/rmbot2/share/rmbot2/launch/lidar.launch.py
[0.318s] -- Up-to-date symlink: /home/allen/rm_ws/install/rmbot2/share/rmbot2/launch/mapping.launch.py
[0.319s] -- Up-to-date symlink: /home/allen/rm_ws/install/rmbot2/share/rmbot2/launch/nav.launch.py
[0.319s] -- Up-to-date symlink: /home/allen/rm_ws/install/rmbot2/share/rmbot2/launch/rsp.launch.py
[0.320s] -- Up-to-date symlink: /home/allen/rm_ws/install/rmbot2/share/rmbot2/launch/view.launch.py
[0.322s] -- Up-to-date symlink: /home/allen/rm_ws/install/rmbot2/share/rmbot2/world/RMUC2024_world/RMUC2024_world.world
[0.323s] -- Up-to-date symlink: /home/allen/rm_ws/install/rmbot2/share/rmbot2/world/RMUL2024_world/RMUL2024_world.world
[0.323s] -- Up-to-date symlink: /home/allen/rm_ws/install/rmbot2/share/rmbot2/world/RMUL2024_world/RMUL2024_world_dynamic_obstacles.world
[0.325s] -- Up-to-date symlink: /home/allen/rm_ws/install/rmbot2/share/rmbot2/world/RMUL2024_world/model.config
[0.326s] -- Up-to-date symlink: /home/allen/rm_ws/install/rmbot2/share/rmbot2/world/RMUL2024_world/model.sdf
[0.327s] -- Up-to-date symlink: /home/allen/rm_ws/install/rmbot2/share/rmbot2/world/RMUL2025NA_world/RMULNA2025_world.world
[0.328s] -- Up-to-date symlink: /home/allen/rm_ws/install/rmbot2/share/rmbot2/world/RMUL2025NA_world/RMULNA2025_world_dynamic_obstacles.world
[0.329s] -- Up-to-date symlink: /home/allen/rm_ws/install/rmbot2/share/rmbot2/world/RMUL2025NA_world/model.config
[0.330s] -- Up-to-date symlink: /home/allen/rm_ws/install/rmbot2/share/rmbot2/world/RMUL2025NA_world/model.sdf
[0.331s] -- Up-to-date symlink: /home/allen/rm_ws/install/rmbot2/share/rmbot2/map/rmul_map_save.pgm
[0.332s] -- Up-to-date symlink: /home/allen/rm_ws/install/rmbot2/share/rmbot2/map/rmul_map_save.yaml
[0.333s] -- Up-to-date symlink: /home/allen/rm_ws/install/rmbot2/share/rmbot2/map/rmul_map_serial.data
[0.334s] -- Up-to-date symlink: /home/allen/rm_ws/install/rmbot2/share/rmbot2/map/rmul_map_serial.posegraph
[0.335s] -- Up-to-date symlink: /home/allen/rm_ws/install/rmbot2/share/rmbot2/map/ul_map.data
[0.336s] -- Up-to-date symlink: /home/allen/rm_ws/install/rmbot2/share/rmbot2/map/ul_map.pgm
[0.336s] -- Up-to-date symlink: /home/allen/rm_ws/install/rmbot2/share/rmbot2/map/ul_map.posegraph
[0.337s] -- Up-to-date symlink: /home/allen/rm_ws/install/rmbot2/share/rmbot2/map/ul_map.yaml
[0.341s] -- Up-to-date symlink: /home/allen/rm_ws/install/rmbot2/share/rmbot2/meshes/RMUC2024_world/meshes/RMUC_2024.stl
[0.341s] -- Up-to-date symlink: /home/allen/rm_ws/install/rmbot2/share/rmbot2/meshes/RMUC2024_world/model.config
[0.343s] -- Up-to-date symlink: /home/allen/rm_ws/install/rmbot2/share/rmbot2/meshes/RMUC2024_world/model.sdf
[0.345s] -- Up-to-date symlink: /home/allen/rm_ws/install/rmbot2/share/rmbot2/meshes/RMUL2024_world/meshes/RMUL_2024.stl
[0.346s] -- Up-to-date symlink: /home/allen/rm_ws/install/rmbot2/share/rmbot2/meshes/mid360.stl
[0.347s] -- Up-to-date symlink: /home/allen/rm_ws/install/rmbot2/share/rmbot2/meshes/obstacles/obstacle1/model.config
[0.348s] -- Up-to-date symlink: /home/allen/rm_ws/install/rmbot2/share/rmbot2/meshes/obstacles/obstacle1/model.sdf
[0.349s] -- Up-to-date symlink: /home/allen/rm_ws/install/rmbot2/share/rmbot2/meshes/obstacles/obstacle10/model.config
[0.355s] -- Up-to-date symlink: /home/allen/rm_ws/install/rmbot2/share/rmbot2/meshes/obstacles/obstacle10/model.sdf
[0.356s] -- Up-to-date symlink: /home/allen/rm_ws/install/rmbot2/share/rmbot2/meshes/obstacles/obstacle11/model.config
[0.356s] -- Up-to-date symlink: /home/allen/rm_ws/install/rmbot2/share/rmbot2/meshes/obstacles/obstacle11/model.sdf
[0.356s] -- Up-to-date symlink: /home/allen/rm_ws/install/rmbot2/share/rmbot2/meshes/obstacles/obstacle12/model.config
[0.360s] -- Up-to-date symlink: /home/allen/rm_ws/install/rmbot2/share/rmbot2/meshes/obstacles/obstacle12/model.sdf
[0.361s] -- Up-to-date symlink: /home/allen/rm_ws/install/rmbot2/share/rmbot2/meshes/obstacles/obstacle2/model.config
[0.362s] -- Up-to-date symlink: /home/allen/rm_ws/install/rmbot2/share/rmbot2/meshes/obstacles/obstacle2/model.sdf
[0.363s] -- Up-to-date symlink: /home/allen/rm_ws/install/rmbot2/share/rmbot2/meshes/obstacles/obstacle3/model.config
[0.364s] -- Up-to-date symlink: /home/allen/rm_ws/install/rmbot2/share/rmbot2/meshes/obstacles/obstacle3/model.sdf
[0.365s] -- Up-to-date symlink: /home/allen/rm_ws/install/rmbot2/share/rmbot2/meshes/obstacles/obstacle4/model.config
[0.366s] -- Up-to-date symlink: /home/allen/rm_ws/install/rmbot2/share/rmbot2/meshes/obstacles/obstacle4/model.sdf
[0.367s] -- Up-to-date symlink: /home/allen/rm_ws/install/rmbot2/share/rmbot2/meshes/obstacles/obstacle5/model.config
[0.369s] -- Up-to-date symlink: /home/allen/rm_ws/install/rmbot2/share/rmbot2/meshes/obstacles/obstacle5/model.sdf
[0.369s] -- Up-to-date symlink: /home/allen/rm_ws/install/rmbot2/share/rmbot2/meshes/obstacles/obstacle6/model.config
[0.370s] -- Up-to-date symlink: /home/allen/rm_ws/install/rmbot2/share/rmbot2/meshes/obstacles/obstacle6/model.sdf
[0.370s] -- Up-to-date symlink: /home/allen/rm_ws/install/rmbot2/share/rmbot2/meshes/obstacles/obstacle7/model.config
[0.372s] -- Up-to-date symlink: /home/allen/rm_ws/install/rmbot2/share/rmbot2/meshes/obstacles/obstacle7/model.sdf
[0.372s] -- Up-to-date symlink: /home/allen/rm_ws/install/rmbot2/share/rmbot2/meshes/obstacles/obstacle8/model.config
[0.373s] -- Up-to-date symlink: /home/allen/rm_ws/install/rmbot2/share/rmbot2/meshes/obstacles/obstacle8/model.sdf
[0.374s] -- Up-to-date symlink: /home/allen/rm_ws/install/rmbot2/share/rmbot2/meshes/obstacles/obstacle9/model.config
[0.376s] -- Up-to-date symlink: /home/allen/rm_ws/install/rmbot2/share/rmbot2/meshes/obstacles/obstacle9/model.sdf
[0.376s] -- Up-to-date symlink: /home/allen/rm_ws/install/rmbot2/share/rmbot2/meshes/obstacles/obstacle_plugin/CMakeLists.txt
[0.376s] -- Up-to-date symlink: /home/allen/rm_ws/install/rmbot2/share/rmbot2/meshes/obstacles/obstacle_plugin/lib/libobstacle1.so
[0.377s] -- Up-to-date symlink: /home/allen/rm_ws/install/rmbot2/share/rmbot2/meshes/obstacles/obstacle_plugin/lib/libobstacle10.so
[0.379s] -- Up-to-date symlink: /home/allen/rm_ws/install/rmbot2/share/rmbot2/meshes/obstacles/obstacle_plugin/lib/libobstacle11.so
[0.379s] -- Up-to-date symlink: /home/allen/rm_ws/install/rmbot2/share/rmbot2/meshes/obstacles/obstacle_plugin/lib/libobstacle12.so
[0.381s] -- Up-to-date symlink: /home/allen/rm_ws/install/rmbot2/share/rmbot2/meshes/obstacles/obstacle_plugin/lib/libobstacle2.so
[0.382s] -- Up-to-date symlink: /home/allen/rm_ws/install/rmbot2/share/rmbot2/meshes/obstacles/obstacle_plugin/lib/libobstacle3.so
[0.383s] -- Up-to-date symlink: /home/allen/rm_ws/install/rmbot2/share/rmbot2/meshes/obstacles/obstacle_plugin/lib/libobstacle4.so
[0.384s] -- Up-to-date symlink: /home/allen/rm_ws/install/rmbot2/share/rmbot2/meshes/obstacles/obstacle_plugin/lib/libobstacle5.so
[0.384s] -- Up-to-date symlink: /home/allen/rm_ws/install/rmbot2/share/rmbot2/meshes/obstacles/obstacle_plugin/lib/libobstacle6.so
[0.386s] -- Up-to-date symlink: /home/allen/rm_ws/install/rmbot2/share/rmbot2/meshes/obstacles/obstacle_plugin/lib/libobstacle7.so
[0.387s] -- Up-to-date symlink: /home/allen/rm_ws/install/rmbot2/share/rmbot2/meshes/obstacles/obstacle_plugin/lib/libobstacle8.so
[0.388s] -- Up-to-date symlink: /home/allen/rm_ws/install/rmbot2/share/rmbot2/meshes/obstacles/obstacle_plugin/lib/libobstacle9.so
[0.388s] -- Up-to-date symlink: /home/allen/rm_ws/install/rmbot2/share/rmbot2/meshes/obstacles/obstacle_plugin/lib/libobstacles.so
[0.391s] -- Up-to-date symlink: /home/allen/rm_ws/install/rmbot2/share/rmbot2/meshes/obstacles/obstacle_plugin/obstacle1.cc
[0.391s] -- Up-to-date symlink: /home/allen/rm_ws/install/rmbot2/share/rmbot2/meshes/obstacles/obstacle_plugin/obstacle10.cc
[0.391s] -- Up-to-date symlink: /home/allen/rm_ws/install/rmbot2/share/rmbot2/meshes/obstacles/obstacle_plugin/obstacle11.cc
[0.391s] -- Up-to-date symlink: /home/allen/rm_ws/install/rmbot2/share/rmbot2/meshes/obstacles/obstacle_plugin/obstacle12.cc
[0.391s] -- Up-to-date symlink: /home/allen/rm_ws/install/rmbot2/share/rmbot2/meshes/obstacles/obstacle_plugin/obstacle13.cc
[0.394s] -- Up-to-date symlink: /home/allen/rm_ws/install/rmbot2/share/rmbot2/meshes/obstacles/obstacle_plugin/obstacle2.cc
[0.394s] -- Up-to-date symlink: /home/allen/rm_ws/install/rmbot2/share/rmbot2/meshes/obstacles/obstacle_plugin/obstacle3.cc
[0.394s] -- Up-to-date symlink: /home/allen/rm_ws/install/rmbot2/share/rmbot2/meshes/obstacles/obstacle_plugin/obstacle4.cc
[0.395s] -- Up-to-date symlink: /home/allen/rm_ws/install/rmbot2/share/rmbot2/meshes/obstacles/obstacle_plugin/obstacle5.cc
[0.397s] -- Up-to-date symlink: /home/allen/rm_ws/install/rmbot2/share/rmbot2/meshes/obstacles/obstacle_plugin/obstacle6.cc
[0.397s] -- Up-to-date symlink: /home/allen/rm_ws/install/rmbot2/share/rmbot2/meshes/obstacles/obstacle_plugin/obstacle7.cc
[0.398s] -- Up-to-date symlink: /home/allen/rm_ws/install/rmbot2/share/rmbot2/meshes/obstacles/obstacle_plugin/obstacle8.cc
[0.399s] -- Up-to-date symlink: /home/allen/rm_ws/install/rmbot2/share/rmbot2/meshes/obstacles/obstacle_plugin/obstacle9.cc
[0.400s] -- Up-to-date symlink: /home/allen/rm_ws/install/rmbot2/share/rmbot2/meshes/obstacles/obstacle_plugin/obstacles.cc
[0.402s] -- Up-to-date symlink: /home/allen/rm_ws/install/rmbot2/share/rmbot2/rviz/fastlio.rviz
[0.403s] -- Up-to-date symlink: /home/allen/rm_ws/install/rmbot2/share/rmbot2/rviz/gazebo.rviz
[0.403s] -- Up-to-date symlink: /home/allen/rm_ws/install/rmbot2/share/rmbot2/rviz/pointlio.rviz
[0.404s] -- Up-to-date symlink: /home/allen/rm_ws/install/rmbot2/share/rmbot2/rviz/rviz2.rviz
[0.405s] -- Up-to-date symlink: /home/allen/rm_ws/install/rmbot2/share/rmbot2/rviz/rviz_lidar.rviz
[0.406s] -- Up-to-date symlink: /home/allen/rm_ws/install/rmbot2/share/ament_index/resource_index/package_run_dependencies/rmbot2
[0.407s] -- Up-to-date symlink: /home/allen/rm_ws/install/rmbot2/share/ament_index/resource_index/parent_prefix_path/rmbot2
[0.409s] -- Up-to-date symlink: /home/allen/rm_ws/install/rmbot2/share/rmbot2/environment/ament_prefix_path.sh
[0.410s] -- Up-to-date symlink: /home/allen/rm_ws/install/rmbot2/share/rmbot2/environment/ament_prefix_path.dsv
[0.410s] -- Up-to-date symlink: /home/allen/rm_ws/install/rmbot2/share/rmbot2/environment/path.sh
[0.412s] -- Up-to-date symlink: /home/allen/rm_ws/install/rmbot2/share/rmbot2/environment/path.dsv
[0.414s] -- Up-to-date symlink: /home/allen/rm_ws/install/rmbot2/share/rmbot2/local_setup.bash
[0.416s] -- Up-to-date symlink: /home/allen/rm_ws/install/rmbot2/share/rmbot2/local_setup.sh
[0.416s] -- Up-to-date symlink: /home/allen/rm_ws/install/rmbot2/share/rmbot2/local_setup.zsh
[0.416s] -- Up-to-date symlink: /home/allen/rm_ws/install/rmbot2/share/rmbot2/local_setup.dsv
[0.416s] -- Symlinking: /home/allen/rm_ws/install/rmbot2/share/rmbot2/package.dsv
[0.448s] -- Up-to-date symlink: /home/allen/rm_ws/install/rmbot2/share/ament_index/resource_index/packages/rmbot2
[0.449s] -- Up-to-date symlink: /home/allen/rm_ws/install/rmbot2/share/rmbot2/cmake/rmbot2Config.cmake
[0.449s] -- Up-to-date symlink: /home/allen/rm_ws/install/rmbot2/share/rmbot2/cmake/rmbot2Config-version.cmake
[0.449s] -- Up-to-date symlink: /home/allen/rm_ws/install/rmbot2/share/rmbot2/package.xml
[0.456s] Invoked command in '/home/allen/rm_ws/build/rmbot2' returned '0': CMAKE_PREFIX_PATH=${CMAKE_PREFIX_PATH}:/opt/ros/humble /usr/bin/cmake --install /home/allen/rm_ws/build/rmbot2
