[0.015s] Invoking command in '/home/allen/rm_ws/build/costmap_converter_msgs': CMAKE_PREFIX_PATH=/opt/ros/humble /usr/bin/cmake /home/allen/rm_ws/src/rm_navigation/costmap_converter/costmap_converter_msgs -DAMENT_CMAKE_SYMLINK_INSTALL=1 -DCMAKE_INSTALL_PREFIX=/home/allen/rm_ws/install/costmap_converter_msgs
[0.144s] -- The C compiler identification is GNU 11.4.0
[0.235s] -- The CXX compiler identification is GNU 11.4.0
[0.248s] -- Detecting C compiler ABI info
[0.332s] -- Detecting C compiler ABI info - done
[0.338s] -- Check for working C compiler: /usr/bin/cc - skipped
[0.339s] -- Detecting C compile features
[0.341s] -- Detecting C compile features - done
[0.344s] -- Detecting CXX compiler ABI info
[0.431s] -- Detecting CXX compiler ABI info - done
[0.436s] -- Check for working CXX compiler: /usr/bin/c++ - skipped
[0.436s] -- Detecting CXX compile features
[0.437s] -- Detecting CXX compile features - done
[0.444s] -- Found ament_cmake: 1.3.11 (/opt/ros/humble/share/ament_cmake/cmake)
[0.581s] -- Found Python3: /usr/bin/python3 (found version "3.10.12") found components: Interpreter 
[0.646s] -- Override CMake install command with custom implementation using symlinks instead of copying resources
[0.696s] -- Found builtin_interfaces: 1.2.1 (/opt/ros/humble/share/builtin_interfaces/cmake)
[0.753s] -- Found rosidl_generator_c: 3.1.6 (/opt/ros/humble/share/rosidl_generator_c/cmake)
[0.762s] -- Found rosidl_adapter: 3.1.6 (/opt/ros/humble/share/rosidl_adapter/cmake)
[0.777s] -- Found rosidl_generator_cpp: 3.1.6 (/opt/ros/humble/share/rosidl_generator_cpp/cmake)
[0.797s] -- Using all available rosidl_typesupport_c: rosidl_typesupport_fastrtps_c;rosidl_typesupport_introspection_c
[0.822s] -- Using all available rosidl_typesupport_cpp: rosidl_typesupport_fastrtps_cpp;rosidl_typesupport_introspection_cpp
[0.844s] -- Found geometry_msgs: 4.2.4 (/opt/ros/humble/share/geometry_msgs/cmake)
[0.887s] -- Found rosidl_default_generators: 1.2.0 (/opt/ros/humble/share/rosidl_default_generators/cmake)
[1.174s] -- Found ament_cmake_ros: 0.10.0 (/opt/ros/humble/share/ament_cmake_ros/cmake)
[1.557s] -- Using all available rosidl_typesupport_c: rosidl_typesupport_fastrtps_c;rosidl_typesupport_introspection_c
[1.812s] -- Using all available rosidl_typesupport_cpp: rosidl_typesupport_fastrtps_cpp;rosidl_typesupport_introspection_cpp
[1.852s] -- Found PythonInterp: /usr/bin/python3 (found suitable version "3.10.12", minimum required is "3.6") 
[1.856s] -- Found python_cmake_module: 0.10.0 (/opt/ros/humble/share/python_cmake_module/cmake)
[1.900s] -- Found PythonLibs: /usr/lib/x86_64-linux-gnu/libpython3.10.so (found suitable version "3.10.12", minimum required is "3.5") 
[1.902s] -- Using PYTHON_EXECUTABLE: /usr/bin/python3
[1.903s] -- Using PYTHON_INCLUDE_DIRS: /usr/include/python3.10
[1.903s] -- Using PYTHON_LIBRARIES: /usr/lib/x86_64-linux-gnu/libpython3.10.so
[1.942s] -- Found PythonExtra: .so  
[2.071s] -- Configuring done
[2.163s] -- Generating done
[2.174s] -- Build files have been written to: /home/allen/rm_ws/build/costmap_converter_msgs
[2.184s] Invoked command in '/home/allen/rm_ws/build/costmap_converter_msgs' returned '0': CMAKE_PREFIX_PATH=/opt/ros/humble /usr/bin/cmake /home/allen/rm_ws/src/rm_navigation/costmap_converter/costmap_converter_msgs -DAMENT_CMAKE_SYMLINK_INSTALL=1 -DCMAKE_INSTALL_PREFIX=/home/allen/rm_ws/install/costmap_converter_msgs
[2.189s] Invoking command in '/home/allen/rm_ws/build/costmap_converter_msgs': CMAKE_PREFIX_PATH=/opt/ros/humble /usr/bin/cmake --build /home/allen/rm_ws/build/costmap_converter_msgs -- -j2 -l2
[2.332s] [  2%] [34m[1mGenerating C code for ROS interfaces[0m
[2.388s] [  5%] [34m[1mGenerating C++ code for ROS interfaces[0m
[3.251s] [  7%] [32mBuilding C object CMakeFiles/costmap_converter_msgs__rosidl_generator_c.dir/rosidl_generator_c/costmap_converter_msgs/msg/detail/obstacle_msg__functions.c.o[0m
[3.325s] [  7%] Built target costmap_converter_msgs__cpp
[3.375s] [ 10%] [32mBuilding C object CMakeFiles/costmap_converter_msgs__rosidl_generator_c.dir/rosidl_generator_c/costmap_converter_msgs/msg/detail/obstacle_array_msg__functions.c.o[0m
[3.388s] [ 10%] Built target ament_cmake_python_symlink_costmap_converter_msgs
[3.417s] [ 12%] [34m[1mGenerating C++ type support dispatch for ROS interfaces[0m
[3.487s] [ 15%] [32m[1mLinking C shared library libcostmap_converter_msgs__rosidl_generator_c.so[0m
[3.631s] [ 15%] Built target costmap_converter_msgs__rosidl_generator_c
[3.653s] [ 17%] [34m[1mGenerating C++ type support for eProsima Fast-RTPS[0m
[4.071s] [ 20%] [32mBuilding CXX object CMakeFiles/costmap_converter_msgs__rosidl_typesupport_cpp.dir/rosidl_typesupport_cpp/costmap_converter_msgs/msg/obstacle_msg__type_support.cpp.o[0m
[4.288s] [ 23%] [32mBuilding CXX object CMakeFiles/costmap_converter_msgs__rosidl_typesupport_fastrtps_cpp.dir/rosidl_typesupport_fastrtps_cpp/costmap_converter_msgs/msg/detail/dds_fastrtps/obstacle_msg__type_support.cpp.o[0m
[4.868s] [ 25%] [32mBuilding CXX object CMakeFiles/costmap_converter_msgs__rosidl_typesupport_cpp.dir/rosidl_typesupport_cpp/costmap_converter_msgs/msg/obstacle_array_msg__type_support.cpp.o[0m
[5.445s] [ 28%] [32mBuilding CXX object CMakeFiles/costmap_converter_msgs__rosidl_typesupport_fastrtps_cpp.dir/rosidl_typesupport_fastrtps_cpp/costmap_converter_msgs/msg/detail/dds_fastrtps/obstacle_array_msg__type_support.cpp.o[0m
[5.596s] [ 30%] [32m[1mLinking CXX shared library libcostmap_converter_msgs__rosidl_typesupport_cpp.so[0m
[5.721s] [ 30%] Built target costmap_converter_msgs__rosidl_typesupport_cpp
[5.752s] [ 33%] [34m[1mGenerating C introspection for ROS interfaces[0m
[6.276s] [ 35%] [32m[1mLinking CXX shared library libcostmap_converter_msgs__rosidl_typesupport_fastrtps_cpp.so[0m
[6.400s] [ 38%] [32mBuilding C object CMakeFiles/costmap_converter_msgs__rosidl_typesupport_introspection_c.dir/rosidl_typesupport_introspection_c/costmap_converter_msgs/msg/detail/obstacle_msg__type_support.c.o[0m
[6.408s] [ 38%] Built target costmap_converter_msgs__rosidl_typesupport_fastrtps_cpp
[6.420s] [ 41%] [32mBuilding C object CMakeFiles/costmap_converter_msgs__rosidl_typesupport_introspection_c.dir/rosidl_typesupport_introspection_c/costmap_converter_msgs/msg/detail/obstacle_array_msg__type_support.c.o[0m
[6.466s] [ 43%] [34m[1mGenerating C type support dispatch for ROS interfaces[0m
[6.530s] [ 46%] [32m[1mLinking C shared library libcostmap_converter_msgs__rosidl_typesupport_introspection_c.so[0m
[6.655s] [ 46%] Built target costmap_converter_msgs__rosidl_typesupport_introspection_c
[6.681s] [ 48%] [34m[1mGenerating C++ introspection for ROS interfaces[0m
[6.937s] [ 51%] [32mBuilding CXX object CMakeFiles/costmap_converter_msgs__rosidl_typesupport_c.dir/rosidl_typesupport_c/costmap_converter_msgs/msg/obstacle_msg__type_support.cpp.o[0m
[7.008s] [ 53%] [32mBuilding CXX object CMakeFiles/costmap_converter_msgs__rosidl_typesupport_c.dir/rosidl_typesupport_c/costmap_converter_msgs/msg/obstacle_array_msg__type_support.cpp.o[0m
[7.074s] [ 56%] [32m[1mLinking CXX shared library libcostmap_converter_msgs__rosidl_typesupport_c.so[0m
[7.125s] [ 56%] Built target costmap_converter_msgs__rosidl_typesupport_c
[7.358s] [ 58%] [32mBuilding CXX object CMakeFiles/costmap_converter_msgs__rosidl_typesupport_introspection_cpp.dir/rosidl_typesupport_introspection_cpp/costmap_converter_msgs/msg/detail/obstacle_msg__type_support.cpp.o[0m
[7.462s] running egg_info
[7.466s] creating costmap_converter_msgs.egg-info
[7.466s] writing costmap_converter_msgs.egg-info/PKG-INFO
[7.466s] writing dependency_links to costmap_converter_msgs.egg-info/dependency_links.txt
[7.466s] writing top-level names to costmap_converter_msgs.egg-info/top_level.txt
[7.466s] writing manifest file 'costmap_converter_msgs.egg-info/SOURCES.txt'
[7.470s] reading manifest file 'costmap_converter_msgs.egg-info/SOURCES.txt'
[7.470s] writing manifest file 'costmap_converter_msgs.egg-info/SOURCES.txt'
[7.536s] [ 58%] Built target ament_cmake_python_build_costmap_converter_msgs_egg
[7.562s] [ 61%] [34m[1mGenerating C type support for eProsima Fast-RTPS[0m
[8.138s] [ 64%] [32mBuilding CXX object CMakeFiles/costmap_converter_msgs__rosidl_typesupport_introspection_cpp.dir/rosidl_typesupport_introspection_cpp/costmap_converter_msgs/msg/detail/obstacle_array_msg__type_support.cpp.o[0m
[8.281s] [ 66%] [32mBuilding CXX object CMakeFiles/costmap_converter_msgs__rosidl_typesupport_fastrtps_c.dir/rosidl_typesupport_fastrtps_c/costmap_converter_msgs/msg/detail/obstacle_msg__type_support_c.cpp.o[0m
[8.700s] [ 69%] [32m[1mLinking CXX shared library libcostmap_converter_msgs__rosidl_typesupport_introspection_cpp.so[0m
[8.891s] [ 69%] Built target costmap_converter_msgs__rosidl_typesupport_introspection_cpp
[8.915s] [ 71%] [32mBuilding CXX object CMakeFiles/costmap_converter_msgs__rosidl_typesupport_fastrtps_c.dir/rosidl_typesupport_fastrtps_c/costmap_converter_msgs/msg/detail/obstacle_array_msg__type_support_c.cpp.o[0m
[9.471s] [ 74%] [32m[1mLinking CXX shared library libcostmap_converter_msgs__rosidl_typesupport_fastrtps_c.so[0m
[9.555s] [ 74%] Built target costmap_converter_msgs__rosidl_typesupport_fastrtps_c
[9.585s] [ 74%] Built target costmap_converter_msgs
[9.608s] [ 76%] [34m[1mGenerating Python code for ROS interfaces[0m
[10.337s] [ 76%] Built target costmap_converter_msgs__py
[10.364s] [ 79%] [32mBuilding C object CMakeFiles/costmap_converter_msgs__rosidl_generator_py.dir/rosidl_generator_py/costmap_converter_msgs/msg/_obstacle_msg_s.c.o[0m
[10.375s] [ 82%] [32mBuilding C object CMakeFiles/costmap_converter_msgs__rosidl_generator_py.dir/rosidl_generator_py/costmap_converter_msgs/msg/_obstacle_array_msg_s.c.o[0m
[10.517s] [ 84%] [32m[1mLinking C shared library rosidl_generator_py/costmap_converter_msgs/libcostmap_converter_msgs__rosidl_generator_py.so[0m
[10.562s] [ 84%] Built target costmap_converter_msgs__rosidl_generator_py
[10.593s] [ 87%] [32mBuilding C object CMakeFiles/costmap_converter_msgs__rosidl_typesupport_introspection_c__pyext.dir/rosidl_generator_py/costmap_converter_msgs/_costmap_converter_msgs_s.ep.rosidl_typesupport_introspection_c.c.o[0m
[10.609s] [ 89%] [32mBuilding C object CMakeFiles/costmap_converter_msgs__rosidl_typesupport_fastrtps_c__pyext.dir/rosidl_generator_py/costmap_converter_msgs/_costmap_converter_msgs_s.ep.rosidl_typesupport_fastrtps_c.c.o[0m
[10.765s] [ 92%] [32m[1mLinking C shared library rosidl_generator_py/costmap_converter_msgs/costmap_converter_msgs_s__rosidl_typesupport_fastrtps_c.cpython-310-x86_64-linux-gnu.so[0m
[10.772s] [ 94%] [32m[1mLinking C shared library rosidl_generator_py/costmap_converter_msgs/costmap_converter_msgs_s__rosidl_typesupport_introspection_c.cpython-310-x86_64-linux-gnu.so[0m
[10.822s] [ 94%] Built target costmap_converter_msgs__rosidl_typesupport_fastrtps_c__pyext
[10.853s] [ 94%] Built target costmap_converter_msgs__rosidl_typesupport_introspection_c__pyext
[10.861s] [ 97%] [32mBuilding C object CMakeFiles/costmap_converter_msgs__rosidl_typesupport_c__pyext.dir/rosidl_generator_py/costmap_converter_msgs/_costmap_converter_msgs_s.ep.rosidl_typesupport_c.c.o[0m
[10.959s] [100%] [32m[1mLinking C shared library rosidl_generator_py/costmap_converter_msgs/costmap_converter_msgs_s__rosidl_typesupport_c.cpython-310-x86_64-linux-gnu.so[0m
[11.007s] [100%] Built target costmap_converter_msgs__rosidl_typesupport_c__pyext
[11.023s] Invoked command in '/home/allen/rm_ws/build/costmap_converter_msgs' returned '0': CMAKE_PREFIX_PATH=/opt/ros/humble /usr/bin/cmake --build /home/allen/rm_ws/build/costmap_converter_msgs -- -j2 -l2
[11.037s] Invoking command in '/home/allen/rm_ws/build/costmap_converter_msgs': CMAKE_PREFIX_PATH=/opt/ros/humble /usr/bin/cmake --install /home/allen/rm_ws/build/costmap_converter_msgs
[11.048s] -- Install configuration: ""
[11.049s] -- Execute custom install script
[11.049s] -- Symlinking: /home/allen/rm_ws/install/costmap_converter_msgs/share/ament_index/resource_index/rosidl_interfaces/costmap_converter_msgs
[11.061s] -- Symlinking: /home/allen/rm_ws/install/costmap_converter_msgs/include/costmap_converter_msgs/costmap_converter_msgs/msg/detail/obstacle_array_msg__functions.h
[11.073s] -- Symlinking: /home/allen/rm_ws/install/costmap_converter_msgs/include/costmap_converter_msgs/costmap_converter_msgs/msg/detail/obstacle_array_msg__struct.h
[11.085s] -- Symlinking: /home/allen/rm_ws/install/costmap_converter_msgs/include/costmap_converter_msgs/costmap_converter_msgs/msg/detail/obstacle_array_msg__type_support.h
[11.096s] -- Symlinking: /home/allen/rm_ws/install/costmap_converter_msgs/include/costmap_converter_msgs/costmap_converter_msgs/msg/detail/obstacle_msg__functions.h
[11.107s] -- Symlinking: /home/allen/rm_ws/install/costmap_converter_msgs/include/costmap_converter_msgs/costmap_converter_msgs/msg/detail/obstacle_msg__struct.h
[11.118s] -- Symlinking: /home/allen/rm_ws/install/costmap_converter_msgs/include/costmap_converter_msgs/costmap_converter_msgs/msg/detail/obstacle_msg__type_support.h
[11.130s] -- Symlinking: /home/allen/rm_ws/install/costmap_converter_msgs/include/costmap_converter_msgs/costmap_converter_msgs/msg/obstacle_array_msg.h
[11.142s] -- Symlinking: /home/allen/rm_ws/install/costmap_converter_msgs/include/costmap_converter_msgs/costmap_converter_msgs/msg/obstacle_msg.h
[11.156s] -- Symlinking: /home/allen/rm_ws/install/costmap_converter_msgs/include/costmap_converter_msgs/costmap_converter_msgs/msg/rosidl_generator_c__visibility_control.h
[11.166s] -- Symlinking: /home/allen/rm_ws/install/costmap_converter_msgs/share/costmap_converter_msgs/environment/library_path.sh
[11.177s] -- Symlinking: /home/allen/rm_ws/install/costmap_converter_msgs/share/costmap_converter_msgs/environment/library_path.dsv
[11.190s] -- Symlinking: /home/allen/rm_ws/install/costmap_converter_msgs/include/costmap_converter_msgs/costmap_converter_msgs/msg/detail/obstacle_array_msg__rosidl_typesupport_fastrtps_c.h
[11.202s] -- Symlinking: /home/allen/rm_ws/install/costmap_converter_msgs/include/costmap_converter_msgs/costmap_converter_msgs/msg/detail/obstacle_msg__rosidl_typesupport_fastrtps_c.h
[11.215s] -- Symlinking: /home/allen/rm_ws/install/costmap_converter_msgs/include/costmap_converter_msgs/costmap_converter_msgs/msg/rosidl_typesupport_fastrtps_c__visibility_control.h
[11.226s] -- Symlinking: /home/allen/rm_ws/install/costmap_converter_msgs/include/costmap_converter_msgs/costmap_converter_msgs/msg/detail/obstacle_array_msg__builder.hpp
[11.239s] -- Symlinking: /home/allen/rm_ws/install/costmap_converter_msgs/include/costmap_converter_msgs/costmap_converter_msgs/msg/detail/obstacle_array_msg__struct.hpp
[11.251s] -- Symlinking: /home/allen/rm_ws/install/costmap_converter_msgs/include/costmap_converter_msgs/costmap_converter_msgs/msg/detail/obstacle_array_msg__traits.hpp
[11.262s] -- Symlinking: /home/allen/rm_ws/install/costmap_converter_msgs/include/costmap_converter_msgs/costmap_converter_msgs/msg/detail/obstacle_array_msg__type_support.hpp
[11.274s] -- Symlinking: /home/allen/rm_ws/install/costmap_converter_msgs/include/costmap_converter_msgs/costmap_converter_msgs/msg/detail/obstacle_msg__builder.hpp
[11.285s] -- Symlinking: /home/allen/rm_ws/install/costmap_converter_msgs/include/costmap_converter_msgs/costmap_converter_msgs/msg/detail/obstacle_msg__struct.hpp
[11.296s] -- Symlinking: /home/allen/rm_ws/install/costmap_converter_msgs/include/costmap_converter_msgs/costmap_converter_msgs/msg/detail/obstacle_msg__traits.hpp
[11.307s] -- Symlinking: /home/allen/rm_ws/install/costmap_converter_msgs/include/costmap_converter_msgs/costmap_converter_msgs/msg/detail/obstacle_msg__type_support.hpp
[11.318s] -- Symlinking: /home/allen/rm_ws/install/costmap_converter_msgs/include/costmap_converter_msgs/costmap_converter_msgs/msg/obstacle_array_msg.hpp
[11.329s] -- Symlinking: /home/allen/rm_ws/install/costmap_converter_msgs/include/costmap_converter_msgs/costmap_converter_msgs/msg/obstacle_msg.hpp
[11.342s] -- Symlinking: /home/allen/rm_ws/install/costmap_converter_msgs/include/costmap_converter_msgs/costmap_converter_msgs/msg/rosidl_generator_cpp__visibility_control.hpp
[11.352s] -- Symlinking: /home/allen/rm_ws/install/costmap_converter_msgs/include/costmap_converter_msgs/costmap_converter_msgs/msg/detail/obstacle_array_msg__rosidl_typesupport_fastrtps_cpp.hpp
[11.364s] -- Symlinking: /home/allen/rm_ws/install/costmap_converter_msgs/include/costmap_converter_msgs/costmap_converter_msgs/msg/detail/obstacle_msg__rosidl_typesupport_fastrtps_cpp.hpp
[11.374s] -- Symlinking: /home/allen/rm_ws/install/costmap_converter_msgs/include/costmap_converter_msgs/costmap_converter_msgs/msg/rosidl_typesupport_fastrtps_cpp__visibility_control.h
[11.386s] -- Symlinking: /home/allen/rm_ws/install/costmap_converter_msgs/include/costmap_converter_msgs/costmap_converter_msgs/msg/detail/obstacle_array_msg__rosidl_typesupport_introspection_c.h
[11.397s] -- Symlinking: /home/allen/rm_ws/install/costmap_converter_msgs/include/costmap_converter_msgs/costmap_converter_msgs/msg/detail/obstacle_msg__rosidl_typesupport_introspection_c.h
[11.410s] -- Symlinking: /home/allen/rm_ws/install/costmap_converter_msgs/include/costmap_converter_msgs/costmap_converter_msgs/msg/rosidl_typesupport_introspection_c__visibility_control.h
[11.421s] -- Symlinking: /home/allen/rm_ws/install/costmap_converter_msgs/include/costmap_converter_msgs/costmap_converter_msgs/msg/detail/obstacle_array_msg__rosidl_typesupport_introspection_cpp.hpp
[11.431s] -- Symlinking: /home/allen/rm_ws/install/costmap_converter_msgs/include/costmap_converter_msgs/costmap_converter_msgs/msg/detail/obstacle_msg__rosidl_typesupport_introspection_cpp.hpp
[11.447s] -- Symlinking: /home/allen/rm_ws/install/costmap_converter_msgs/share/costmap_converter_msgs/environment/pythonpath.sh
[11.458s] -- Symlinking: /home/allen/rm_ws/install/costmap_converter_msgs/share/costmap_converter_msgs/environment/pythonpath.dsv
[11.470s] -- Symlinking: /home/allen/rm_ws/install/costmap_converter_msgs/local/lib/python3.10/dist-packages/costmap_converter_msgs-0.1.2-py3.10.egg-info/PKG-INFO
[11.482s] -- Symlinking: /home/allen/rm_ws/install/costmap_converter_msgs/local/lib/python3.10/dist-packages/costmap_converter_msgs-0.1.2-py3.10.egg-info/SOURCES.txt
[11.492s] -- Symlinking: /home/allen/rm_ws/install/costmap_converter_msgs/local/lib/python3.10/dist-packages/costmap_converter_msgs-0.1.2-py3.10.egg-info/dependency_links.txt
[11.503s] -- Symlinking: /home/allen/rm_ws/install/costmap_converter_msgs/local/lib/python3.10/dist-packages/costmap_converter_msgs-0.1.2-py3.10.egg-info/top_level.txt
[11.516s] -- Symlinking: /home/allen/rm_ws/install/costmap_converter_msgs/local/lib/python3.10/dist-packages/costmap_converter_msgs/__init__.py
[11.527s] -- Symlinking: /home/allen/rm_ws/install/costmap_converter_msgs/local/lib/python3.10/dist-packages/costmap_converter_msgs/_costmap_converter_msgs_s.ep.rosidl_typesupport_c.c
[11.539s] -- Symlinking: /home/allen/rm_ws/install/costmap_converter_msgs/local/lib/python3.10/dist-packages/costmap_converter_msgs/_costmap_converter_msgs_s.ep.rosidl_typesupport_fastrtps_c.c
[11.551s] -- Symlinking: /home/allen/rm_ws/install/costmap_converter_msgs/local/lib/python3.10/dist-packages/costmap_converter_msgs/_costmap_converter_msgs_s.ep.rosidl_typesupport_introspection_c.c
[11.562s] -- Symlinking: /home/allen/rm_ws/install/costmap_converter_msgs/local/lib/python3.10/dist-packages/costmap_converter_msgs/costmap_converter_msgs_s__rosidl_typesupport_c.cpython-310-x86_64-linux-gnu.so
[11.573s] -- Symlinking: /home/allen/rm_ws/install/costmap_converter_msgs/local/lib/python3.10/dist-packages/costmap_converter_msgs/costmap_converter_msgs_s__rosidl_typesupport_fastrtps_c.cpython-310-x86_64-linux-gnu.so
[11.584s] -- Symlinking: /home/allen/rm_ws/install/costmap_converter_msgs/local/lib/python3.10/dist-packages/costmap_converter_msgs/costmap_converter_msgs_s__rosidl_typesupport_introspection_c.cpython-310-x86_64-linux-gnu.so
[11.597s] -- Symlinking: /home/allen/rm_ws/install/costmap_converter_msgs/local/lib/python3.10/dist-packages/costmap_converter_msgs/libcostmap_converter_msgs__rosidl_generator_py.so
[11.609s] -- Symlinking: /home/allen/rm_ws/install/costmap_converter_msgs/local/lib/python3.10/dist-packages/costmap_converter_msgs/msg/__init__.py
[11.621s] -- Symlinking: /home/allen/rm_ws/install/costmap_converter_msgs/local/lib/python3.10/dist-packages/costmap_converter_msgs/msg/_obstacle_array_msg.py
[11.632s] -- Symlinking: /home/allen/rm_ws/install/costmap_converter_msgs/local/lib/python3.10/dist-packages/costmap_converter_msgs/msg/_obstacle_array_msg_s.c
[11.648s] -- Symlinking: /home/allen/rm_ws/install/costmap_converter_msgs/local/lib/python3.10/dist-packages/costmap_converter_msgs/msg/_obstacle_msg.py
[11.659s] -- Symlinking: /home/allen/rm_ws/install/costmap_converter_msgs/local/lib/python3.10/dist-packages/costmap_converter_msgs/msg/_obstacle_msg_s.c
[11.671s] -- Up-to-date symlink: /home/allen/rm_ws/install/costmap_converter_msgs/local/lib/python3.10/dist-packages/costmap_converter_msgs/costmap_converter_msgs_s__rosidl_typesupport_fastrtps_c.cpython-310-x86_64-linux-gnu.so
[11.672s] -- Up-to-date symlink: /home/allen/rm_ws/install/costmap_converter_msgs/local/lib/python3.10/dist-packages/costmap_converter_msgs/costmap_converter_msgs_s__rosidl_typesupport_introspection_c.cpython-310-x86_64-linux-gnu.so
[11.672s] -- Up-to-date symlink: /home/allen/rm_ws/install/costmap_converter_msgs/local/lib/python3.10/dist-packages/costmap_converter_msgs/costmap_converter_msgs_s__rosidl_typesupport_c.cpython-310-x86_64-linux-gnu.so
[11.672s] -- Symlinking: /home/allen/rm_ws/install/costmap_converter_msgs/share/costmap_converter_msgs/msg/ObstacleMsg.idl
[11.684s] -- Symlinking: /home/allen/rm_ws/install/costmap_converter_msgs/share/costmap_converter_msgs/msg/ObstacleArrayMsg.idl
[11.696s] -- Symlinking: /home/allen/rm_ws/install/costmap_converter_msgs/share/costmap_converter_msgs/msg/ObstacleMsg.msg
[11.707s] -- Symlinking: /home/allen/rm_ws/install/costmap_converter_msgs/share/costmap_converter_msgs/msg/ObstacleArrayMsg.msg
[11.719s] -- Symlinking: /home/allen/rm_ws/install/costmap_converter_msgs/share/ament_index/resource_index/package_run_dependencies/costmap_converter_msgs
[11.731s] -- Symlinking: /home/allen/rm_ws/install/costmap_converter_msgs/share/ament_index/resource_index/parent_prefix_path/costmap_converter_msgs
[11.745s] -- Symlinking: /home/allen/rm_ws/install/costmap_converter_msgs/share/costmap_converter_msgs/environment/ament_prefix_path.sh
[11.755s] -- Symlinking: /home/allen/rm_ws/install/costmap_converter_msgs/share/costmap_converter_msgs/environment/ament_prefix_path.dsv
[11.767s] -- Symlinking: /home/allen/rm_ws/install/costmap_converter_msgs/share/costmap_converter_msgs/environment/path.sh
[11.778s] -- Symlinking: /home/allen/rm_ws/install/costmap_converter_msgs/share/costmap_converter_msgs/environment/path.dsv
[11.790s] -- Symlinking: /home/allen/rm_ws/install/costmap_converter_msgs/share/costmap_converter_msgs/local_setup.bash
[11.802s] -- Symlinking: /home/allen/rm_ws/install/costmap_converter_msgs/share/costmap_converter_msgs/local_setup.sh
[11.813s] -- Symlinking: /home/allen/rm_ws/install/costmap_converter_msgs/share/costmap_converter_msgs/local_setup.zsh
[11.826s] -- Symlinking: /home/allen/rm_ws/install/costmap_converter_msgs/share/costmap_converter_msgs/local_setup.dsv
[11.837s] -- Symlinking: /home/allen/rm_ws/install/costmap_converter_msgs/share/costmap_converter_msgs/package.dsv
[11.852s] -- Symlinking: /home/allen/rm_ws/install/costmap_converter_msgs/share/ament_index/resource_index/packages/costmap_converter_msgs
[11.864s] -- Symlinking: /home/allen/rm_ws/install/costmap_converter_msgs/share/costmap_converter_msgs/cmake/rosidl_cmake-extras.cmake
[11.874s] -- Symlinking: /home/allen/rm_ws/install/costmap_converter_msgs/share/costmap_converter_msgs/cmake/ament_cmake_export_dependencies-extras.cmake
[11.886s] -- Symlinking: /home/allen/rm_ws/install/costmap_converter_msgs/share/costmap_converter_msgs/cmake/ament_cmake_export_include_directories-extras.cmake
[11.897s] -- Symlinking: /home/allen/rm_ws/install/costmap_converter_msgs/share/costmap_converter_msgs/cmake/ament_cmake_export_libraries-extras.cmake
[11.908s] -- Symlinking: /home/allen/rm_ws/install/costmap_converter_msgs/share/costmap_converter_msgs/cmake/ament_cmake_export_targets-extras.cmake
[11.918s] -- Symlinking: /home/allen/rm_ws/install/costmap_converter_msgs/share/costmap_converter_msgs/cmake/rosidl_cmake_export_typesupport_targets-extras.cmake
[11.937s] -- Symlinking: /home/allen/rm_ws/install/costmap_converter_msgs/share/costmap_converter_msgs/cmake/rosidl_cmake_export_typesupport_libraries-extras.cmake
[11.954s] -- Symlinking: /home/allen/rm_ws/install/costmap_converter_msgs/share/costmap_converter_msgs/cmake/costmap_converter_msgsConfig.cmake
[11.965s] -- Symlinking: /home/allen/rm_ws/install/costmap_converter_msgs/share/costmap_converter_msgs/cmake/costmap_converter_msgsConfig-version.cmake
[11.976s] -- Symlinking: /home/allen/rm_ws/install/costmap_converter_msgs/share/costmap_converter_msgs/package.xml
[11.988s] -- Installing: /home/allen/rm_ws/install/costmap_converter_msgs/lib/libcostmap_converter_msgs__rosidl_generator_c.so
[11.989s] -- Set runtime path of "/home/allen/rm_ws/install/costmap_converter_msgs/lib/libcostmap_converter_msgs__rosidl_generator_c.so" to ""
[11.989s] -- Installing: /home/allen/rm_ws/install/costmap_converter_msgs/lib/libcostmap_converter_msgs__rosidl_typesupport_fastrtps_c.so
[11.989s] -- Set runtime path of "/home/allen/rm_ws/install/costmap_converter_msgs/lib/libcostmap_converter_msgs__rosidl_typesupport_fastrtps_c.so" to ""
[11.991s] -- Installing: /home/allen/rm_ws/install/costmap_converter_msgs/lib/libcostmap_converter_msgs__rosidl_typesupport_fastrtps_cpp.so
[11.992s] -- Set runtime path of "/home/allen/rm_ws/install/costmap_converter_msgs/lib/libcostmap_converter_msgs__rosidl_typesupport_fastrtps_cpp.so" to ""
[11.992s] -- Installing: /home/allen/rm_ws/install/costmap_converter_msgs/lib/libcostmap_converter_msgs__rosidl_typesupport_introspection_c.so
[11.994s] -- Set runtime path of "/home/allen/rm_ws/install/costmap_converter_msgs/lib/libcostmap_converter_msgs__rosidl_typesupport_introspection_c.so" to ""
[11.994s] -- Installing: /home/allen/rm_ws/install/costmap_converter_msgs/lib/libcostmap_converter_msgs__rosidl_typesupport_c.so
[11.995s] -- Set runtime path of "/home/allen/rm_ws/install/costmap_converter_msgs/lib/libcostmap_converter_msgs__rosidl_typesupport_c.so" to ""
[11.995s] -- Installing: /home/allen/rm_ws/install/costmap_converter_msgs/lib/libcostmap_converter_msgs__rosidl_typesupport_introspection_cpp.so
[11.996s] -- Set runtime path of "/home/allen/rm_ws/install/costmap_converter_msgs/lib/libcostmap_converter_msgs__rosidl_typesupport_introspection_cpp.so" to ""
[11.996s] -- Installing: /home/allen/rm_ws/install/costmap_converter_msgs/lib/libcostmap_converter_msgs__rosidl_typesupport_cpp.so
[11.996s] -- Set runtime path of "/home/allen/rm_ws/install/costmap_converter_msgs/lib/libcostmap_converter_msgs__rosidl_typesupport_cpp.so" to ""
[12.029s] Listing '/home/allen/rm_ws/install/costmap_converter_msgs/local/lib/python3.10/dist-packages/costmap_converter_msgs'...
[12.029s] Compiling '/home/allen/rm_ws/install/costmap_converter_msgs/local/lib/python3.10/dist-packages/costmap_converter_msgs/__init__.py'...
[12.029s] Listing '/home/allen/rm_ws/install/costmap_converter_msgs/local/lib/python3.10/dist-packages/costmap_converter_msgs/msg'...
[12.029s] Compiling '/home/allen/rm_ws/install/costmap_converter_msgs/local/lib/python3.10/dist-packages/costmap_converter_msgs/msg/__init__.py'...
[12.029s] Compiling '/home/allen/rm_ws/install/costmap_converter_msgs/local/lib/python3.10/dist-packages/costmap_converter_msgs/msg/_obstacle_array_msg.py'...
[12.029s] Compiling '/home/allen/rm_ws/install/costmap_converter_msgs/local/lib/python3.10/dist-packages/costmap_converter_msgs/msg/_obstacle_msg.py'...
[12.034s] -- Installing: /home/allen/rm_ws/install/costmap_converter_msgs/lib/libcostmap_converter_msgs__rosidl_generator_py.so
[12.034s] -- Set runtime path of "/home/allen/rm_ws/install/costmap_converter_msgs/lib/libcostmap_converter_msgs__rosidl_generator_py.so" to ""
[12.034s] -- Installing: /home/allen/rm_ws/install/costmap_converter_msgs/share/costmap_converter_msgs/cmake/export_costmap_converter_msgs__rosidl_generator_cExport.cmake
[12.034s] -- Installing: /home/allen/rm_ws/install/costmap_converter_msgs/share/costmap_converter_msgs/cmake/export_costmap_converter_msgs__rosidl_generator_cExport-noconfig.cmake
[12.035s] -- Installing: /home/allen/rm_ws/install/costmap_converter_msgs/share/costmap_converter_msgs/cmake/export_costmap_converter_msgs__rosidl_typesupport_fastrtps_cExport.cmake
[12.035s] -- Installing: /home/allen/rm_ws/install/costmap_converter_msgs/share/costmap_converter_msgs/cmake/export_costmap_converter_msgs__rosidl_typesupport_fastrtps_cExport-noconfig.cmake
[12.035s] -- Installing: /home/allen/rm_ws/install/costmap_converter_msgs/share/costmap_converter_msgs/cmake/export_costmap_converter_msgs__rosidl_generator_cppExport.cmake
[12.036s] -- Installing: /home/allen/rm_ws/install/costmap_converter_msgs/share/costmap_converter_msgs/cmake/export_costmap_converter_msgs__rosidl_typesupport_fastrtps_cppExport.cmake
[12.036s] -- Installing: /home/allen/rm_ws/install/costmap_converter_msgs/share/costmap_converter_msgs/cmake/export_costmap_converter_msgs__rosidl_typesupport_fastrtps_cppExport-noconfig.cmake
[12.036s] -- Installing: /home/allen/rm_ws/install/costmap_converter_msgs/share/costmap_converter_msgs/cmake/costmap_converter_msgs__rosidl_typesupport_introspection_cExport.cmake
[12.036s] -- Installing: /home/allen/rm_ws/install/costmap_converter_msgs/share/costmap_converter_msgs/cmake/costmap_converter_msgs__rosidl_typesupport_introspection_cExport-noconfig.cmake
[12.037s] -- Installing: /home/allen/rm_ws/install/costmap_converter_msgs/share/costmap_converter_msgs/cmake/costmap_converter_msgs__rosidl_typesupport_cExport.cmake
[12.037s] -- Installing: /home/allen/rm_ws/install/costmap_converter_msgs/share/costmap_converter_msgs/cmake/costmap_converter_msgs__rosidl_typesupport_cExport-noconfig.cmake
[12.037s] -- Installing: /home/allen/rm_ws/install/costmap_converter_msgs/share/costmap_converter_msgs/cmake/costmap_converter_msgs__rosidl_typesupport_introspection_cppExport.cmake
[12.037s] -- Installing: /home/allen/rm_ws/install/costmap_converter_msgs/share/costmap_converter_msgs/cmake/costmap_converter_msgs__rosidl_typesupport_introspection_cppExport-noconfig.cmake
[12.038s] -- Installing: /home/allen/rm_ws/install/costmap_converter_msgs/share/costmap_converter_msgs/cmake/costmap_converter_msgs__rosidl_typesupport_cppExport.cmake
[12.038s] -- Installing: /home/allen/rm_ws/install/costmap_converter_msgs/share/costmap_converter_msgs/cmake/costmap_converter_msgs__rosidl_typesupport_cppExport-noconfig.cmake
[12.039s] -- Installing: /home/allen/rm_ws/install/costmap_converter_msgs/share/costmap_converter_msgs/cmake/export_costmap_converter_msgs__rosidl_generator_pyExport.cmake
[12.039s] -- Installing: /home/allen/rm_ws/install/costmap_converter_msgs/share/costmap_converter_msgs/cmake/export_costmap_converter_msgs__rosidl_generator_pyExport-noconfig.cmake
[12.043s] Invoked command in '/home/allen/rm_ws/build/costmap_converter_msgs' returned '0': CMAKE_PREFIX_PATH=/opt/ros/humble /usr/bin/cmake --install /home/allen/rm_ws/build/costmap_converter_msgs
