[0.065s] Invoking command in '/home/allen/rm_ws/build/costmap_converter_msgs': CMAKE_PREFIX_PATH=${CMAKE_PREFIX_PATH}:/opt/ros/humble /usr/bin/cmake --build /home/allen/rm_ws/build/costmap_converter_msgs -- -j2 -l2
[0.488s] [ 10%] Built target costmap_converter_msgs__rosidl_generator_c
[0.492s] [ 12%] Built target costmap_converter_msgs__cpp
[0.637s] [ 23%] Built target costmap_converter_msgs__rosidl_typesupport_cpp
[0.775s] [ 33%] Built target costmap_converter_msgs__rosidl_typesupport_fastrtps_c
[0.776s] [ 33%] Built target ament_cmake_python_symlink_costmap_converter_msgs
[0.913s] [ 43%] Built target costmap_converter_msgs__rosidl_typesupport_introspection_c
[1.005s] [ 53%] Built target costmap_converter_msgs__rosidl_typesupport_fastrtps_cpp
[1.086s] [ 64%] Built target costmap_converter_msgs__rosidl_typesupport_c
[1.205s] [ 74%] Built target costmap_converter_msgs__rosidl_typesupport_introspection_cpp
[1.438s] [ 74%] Built target costmap_converter_msgs
[1.692s] [ 76%] Built target costmap_converter_msgs__py
[1.921s] [ 84%] Built target costmap_converter_msgs__rosidl_generator_py
[2.130s] [ 89%] Built target costmap_converter_msgs__rosidl_typesupport_fastrtps_c__pyext
[2.295s] running egg_info
[2.302s] writing costmap_converter_msgs.egg-info/PKG-INFO
[2.303s] writing dependency_links to costmap_converter_msgs.egg-info/dependency_links.txt
[2.303s] writing top-level names to costmap_converter_msgs.egg-info/top_level.txt
[2.314s] reading manifest file 'costmap_converter_msgs.egg-info/SOURCES.txt'
[2.322s] writing manifest file 'costmap_converter_msgs.egg-info/SOURCES.txt'
[2.394s] [ 94%] Built target costmap_converter_msgs__rosidl_typesupport_introspection_c__pyext
[2.489s] [ 94%] Built target ament_cmake_python_build_costmap_converter_msgs_egg
[2.599s] [100%] Built target costmap_converter_msgs__rosidl_typesupport_c__pyext
[2.682s] Invoked command in '/home/allen/rm_ws/build/costmap_converter_msgs' returned '0': CMAKE_PREFIX_PATH=${CMAKE_PREFIX_PATH}:/opt/ros/humble /usr/bin/cmake --build /home/allen/rm_ws/build/costmap_converter_msgs -- -j2 -l2
[2.742s] Invoking command in '/home/allen/rm_ws/build/costmap_converter_msgs': CMAKE_PREFIX_PATH=${CMAKE_PREFIX_PATH}:/opt/ros/humble /usr/bin/cmake --install /home/allen/rm_ws/build/costmap_converter_msgs
[2.809s] -- Install configuration: ""
[2.810s] -- Execute custom install script
[2.811s] -- Up-to-date symlink: /home/allen/rm_ws/install/costmap_converter_msgs/share/ament_index/resource_index/rosidl_interfaces/costmap_converter_msgs
[2.817s] -- Up-to-date symlink: /home/allen/rm_ws/install/costmap_converter_msgs/include/costmap_converter_msgs/costmap_converter_msgs/msg/detail/obstacle_array_msg__functions.h
[2.817s] -- Up-to-date symlink: /home/allen/rm_ws/install/costmap_converter_msgs/include/costmap_converter_msgs/costmap_converter_msgs/msg/detail/obstacle_array_msg__struct.h
[2.817s] -- Up-to-date symlink: /home/allen/rm_ws/install/costmap_converter_msgs/include/costmap_converter_msgs/costmap_converter_msgs/msg/detail/obstacle_array_msg__type_support.h
[2.819s] -- Up-to-date symlink: /home/allen/rm_ws/install/costmap_converter_msgs/include/costmap_converter_msgs/costmap_converter_msgs/msg/detail/obstacle_msg__functions.h
[2.823s] -- Up-to-date symlink: /home/allen/rm_ws/install/costmap_converter_msgs/include/costmap_converter_msgs/costmap_converter_msgs/msg/detail/obstacle_msg__struct.h
[2.823s] -- Up-to-date symlink: /home/allen/rm_ws/install/costmap_converter_msgs/include/costmap_converter_msgs/costmap_converter_msgs/msg/detail/obstacle_msg__type_support.h
[2.823s] -- Up-to-date symlink: /home/allen/rm_ws/install/costmap_converter_msgs/include/costmap_converter_msgs/costmap_converter_msgs/msg/obstacle_array_msg.h
[2.825s] -- Up-to-date symlink: /home/allen/rm_ws/install/costmap_converter_msgs/include/costmap_converter_msgs/costmap_converter_msgs/msg/obstacle_msg.h
[2.830s] -- Up-to-date symlink: /home/allen/rm_ws/install/costmap_converter_msgs/include/costmap_converter_msgs/costmap_converter_msgs/msg/rosidl_generator_c__visibility_control.h
[2.830s] -- Up-to-date symlink: /home/allen/rm_ws/install/costmap_converter_msgs/share/costmap_converter_msgs/environment/library_path.sh
[2.831s] -- Up-to-date symlink: /home/allen/rm_ws/install/costmap_converter_msgs/share/costmap_converter_msgs/environment/library_path.dsv
[2.839s] -- Up-to-date symlink: /home/allen/rm_ws/install/costmap_converter_msgs/include/costmap_converter_msgs/costmap_converter_msgs/msg/detail/obstacle_array_msg__rosidl_typesupport_fastrtps_c.h
[2.839s] -- Up-to-date symlink: /home/allen/rm_ws/install/costmap_converter_msgs/include/costmap_converter_msgs/costmap_converter_msgs/msg/detail/obstacle_msg__rosidl_typesupport_fastrtps_c.h
[2.840s] -- Up-to-date symlink: /home/allen/rm_ws/install/costmap_converter_msgs/include/costmap_converter_msgs/costmap_converter_msgs/msg/rosidl_typesupport_fastrtps_c__visibility_control.h
[2.844s] -- Up-to-date symlink: /home/allen/rm_ws/install/costmap_converter_msgs/include/costmap_converter_msgs/costmap_converter_msgs/msg/detail/obstacle_array_msg__builder.hpp
[2.845s] -- Up-to-date symlink: /home/allen/rm_ws/install/costmap_converter_msgs/include/costmap_converter_msgs/costmap_converter_msgs/msg/detail/obstacle_array_msg__struct.hpp
[2.847s] -- Up-to-date symlink: /home/allen/rm_ws/install/costmap_converter_msgs/include/costmap_converter_msgs/costmap_converter_msgs/msg/detail/obstacle_array_msg__traits.hpp
[2.847s] -- Up-to-date symlink: /home/allen/rm_ws/install/costmap_converter_msgs/include/costmap_converter_msgs/costmap_converter_msgs/msg/detail/obstacle_array_msg__type_support.hpp
[2.854s] -- Up-to-date symlink: /home/allen/rm_ws/install/costmap_converter_msgs/include/costmap_converter_msgs/costmap_converter_msgs/msg/detail/obstacle_msg__builder.hpp
[2.854s] -- Up-to-date symlink: /home/allen/rm_ws/install/costmap_converter_msgs/include/costmap_converter_msgs/costmap_converter_msgs/msg/detail/obstacle_msg__struct.hpp
[2.854s] -- Up-to-date symlink: /home/allen/rm_ws/install/costmap_converter_msgs/include/costmap_converter_msgs/costmap_converter_msgs/msg/detail/obstacle_msg__traits.hpp
[2.855s] -- Up-to-date symlink: /home/allen/rm_ws/install/costmap_converter_msgs/include/costmap_converter_msgs/costmap_converter_msgs/msg/detail/obstacle_msg__type_support.hpp
[2.855s] -- Up-to-date symlink: /home/allen/rm_ws/install/costmap_converter_msgs/include/costmap_converter_msgs/costmap_converter_msgs/msg/obstacle_array_msg.hpp
[2.855s] -- Up-to-date symlink: /home/allen/rm_ws/install/costmap_converter_msgs/include/costmap_converter_msgs/costmap_converter_msgs/msg/obstacle_msg.hpp
[2.855s] -- Up-to-date symlink: /home/allen/rm_ws/install/costmap_converter_msgs/include/costmap_converter_msgs/costmap_converter_msgs/msg/rosidl_generator_cpp__visibility_control.hpp
[2.861s] -- Up-to-date symlink: /home/allen/rm_ws/install/costmap_converter_msgs/include/costmap_converter_msgs/costmap_converter_msgs/msg/detail/obstacle_array_msg__rosidl_typesupport_fastrtps_cpp.hpp
[2.862s] -- Up-to-date symlink: /home/allen/rm_ws/install/costmap_converter_msgs/include/costmap_converter_msgs/costmap_converter_msgs/msg/detail/obstacle_msg__rosidl_typesupport_fastrtps_cpp.hpp
[2.862s] -- Up-to-date symlink: /home/allen/rm_ws/install/costmap_converter_msgs/include/costmap_converter_msgs/costmap_converter_msgs/msg/rosidl_typesupport_fastrtps_cpp__visibility_control.h
[2.866s] -- Up-to-date symlink: /home/allen/rm_ws/install/costmap_converter_msgs/include/costmap_converter_msgs/costmap_converter_msgs/msg/detail/obstacle_array_msg__rosidl_typesupport_introspection_c.h
[2.866s] -- Up-to-date symlink: /home/allen/rm_ws/install/costmap_converter_msgs/include/costmap_converter_msgs/costmap_converter_msgs/msg/detail/obstacle_msg__rosidl_typesupport_introspection_c.h
[2.869s] -- Up-to-date symlink: /home/allen/rm_ws/install/costmap_converter_msgs/include/costmap_converter_msgs/costmap_converter_msgs/msg/rosidl_typesupport_introspection_c__visibility_control.h
[2.870s] -- Up-to-date symlink: /home/allen/rm_ws/install/costmap_converter_msgs/include/costmap_converter_msgs/costmap_converter_msgs/msg/detail/obstacle_array_msg__rosidl_typesupport_introspection_cpp.hpp
[2.871s] -- Up-to-date symlink: /home/allen/rm_ws/install/costmap_converter_msgs/include/costmap_converter_msgs/costmap_converter_msgs/msg/detail/obstacle_msg__rosidl_typesupport_introspection_cpp.hpp
[2.874s] -- Up-to-date symlink: /home/allen/rm_ws/install/costmap_converter_msgs/share/costmap_converter_msgs/environment/pythonpath.sh
[2.876s] -- Up-to-date symlink: /home/allen/rm_ws/install/costmap_converter_msgs/share/costmap_converter_msgs/environment/pythonpath.dsv
[2.877s] -- Up-to-date symlink: /home/allen/rm_ws/install/costmap_converter_msgs/local/lib/python3.10/dist-packages/costmap_converter_msgs-0.1.2-py3.10.egg-info/PKG-INFO
[2.879s] -- Up-to-date symlink: /home/allen/rm_ws/install/costmap_converter_msgs/local/lib/python3.10/dist-packages/costmap_converter_msgs-0.1.2-py3.10.egg-info/SOURCES.txt
[2.880s] -- Up-to-date symlink: /home/allen/rm_ws/install/costmap_converter_msgs/local/lib/python3.10/dist-packages/costmap_converter_msgs-0.1.2-py3.10.egg-info/dependency_links.txt
[2.883s] -- Up-to-date symlink: /home/allen/rm_ws/install/costmap_converter_msgs/local/lib/python3.10/dist-packages/costmap_converter_msgs-0.1.2-py3.10.egg-info/top_level.txt
[2.884s] -- Up-to-date symlink: /home/allen/rm_ws/install/costmap_converter_msgs/local/lib/python3.10/dist-packages/costmap_converter_msgs/__init__.py
[2.885s] -- Up-to-date symlink: /home/allen/rm_ws/install/costmap_converter_msgs/local/lib/python3.10/dist-packages/costmap_converter_msgs/_costmap_converter_msgs_s.ep.rosidl_typesupport_c.c
[2.886s] -- Up-to-date symlink: /home/allen/rm_ws/install/costmap_converter_msgs/local/lib/python3.10/dist-packages/costmap_converter_msgs/_costmap_converter_msgs_s.ep.rosidl_typesupport_fastrtps_c.c
[2.888s] -- Up-to-date symlink: /home/allen/rm_ws/install/costmap_converter_msgs/local/lib/python3.10/dist-packages/costmap_converter_msgs/_costmap_converter_msgs_s.ep.rosidl_typesupport_introspection_c.c
[2.889s] -- Up-to-date symlink: /home/allen/rm_ws/install/costmap_converter_msgs/local/lib/python3.10/dist-packages/costmap_converter_msgs/costmap_converter_msgs_s__rosidl_typesupport_c.cpython-310-x86_64-linux-gnu.so
[2.890s] -- Up-to-date symlink: /home/allen/rm_ws/install/costmap_converter_msgs/local/lib/python3.10/dist-packages/costmap_converter_msgs/costmap_converter_msgs_s__rosidl_typesupport_fastrtps_c.cpython-310-x86_64-linux-gnu.so
[2.891s] -- Up-to-date symlink: /home/allen/rm_ws/install/costmap_converter_msgs/local/lib/python3.10/dist-packages/costmap_converter_msgs/costmap_converter_msgs_s__rosidl_typesupport_introspection_c.cpython-310-x86_64-linux-gnu.so
[2.892s] -- Up-to-date symlink: /home/allen/rm_ws/install/costmap_converter_msgs/local/lib/python3.10/dist-packages/costmap_converter_msgs/libcostmap_converter_msgs__rosidl_generator_py.so
[2.894s] -- Up-to-date symlink: /home/allen/rm_ws/install/costmap_converter_msgs/local/lib/python3.10/dist-packages/costmap_converter_msgs/msg/__init__.py
[2.895s] -- Up-to-date symlink: /home/allen/rm_ws/install/costmap_converter_msgs/local/lib/python3.10/dist-packages/costmap_converter_msgs/msg/_obstacle_array_msg.py
[2.897s] -- Up-to-date symlink: /home/allen/rm_ws/install/costmap_converter_msgs/local/lib/python3.10/dist-packages/costmap_converter_msgs/msg/_obstacle_array_msg_s.c
[2.897s] -- Up-to-date symlink: /home/allen/rm_ws/install/costmap_converter_msgs/local/lib/python3.10/dist-packages/costmap_converter_msgs/msg/_obstacle_msg.py
[2.897s] -- Up-to-date symlink: /home/allen/rm_ws/install/costmap_converter_msgs/local/lib/python3.10/dist-packages/costmap_converter_msgs/msg/_obstacle_msg_s.c
[2.898s] -- Up-to-date symlink: /home/allen/rm_ws/install/costmap_converter_msgs/local/lib/python3.10/dist-packages/costmap_converter_msgs/costmap_converter_msgs_s__rosidl_typesupport_fastrtps_c.cpython-310-x86_64-linux-gnu.so
[2.900s] -- Up-to-date symlink: /home/allen/rm_ws/install/costmap_converter_msgs/local/lib/python3.10/dist-packages/costmap_converter_msgs/costmap_converter_msgs_s__rosidl_typesupport_introspection_c.cpython-310-x86_64-linux-gnu.so
[2.901s] -- Up-to-date symlink: /home/allen/rm_ws/install/costmap_converter_msgs/local/lib/python3.10/dist-packages/costmap_converter_msgs/costmap_converter_msgs_s__rosidl_typesupport_c.cpython-310-x86_64-linux-gnu.so
[2.904s] -- Up-to-date symlink: /home/allen/rm_ws/install/costmap_converter_msgs/share/costmap_converter_msgs/msg/ObstacleMsg.idl
[2.905s] -- Up-to-date symlink: /home/allen/rm_ws/install/costmap_converter_msgs/share/costmap_converter_msgs/msg/ObstacleArrayMsg.idl
[2.906s] -- Up-to-date symlink: /home/allen/rm_ws/install/costmap_converter_msgs/share/costmap_converter_msgs/msg/ObstacleMsg.msg
[2.907s] -- Up-to-date symlink: /home/allen/rm_ws/install/costmap_converter_msgs/share/costmap_converter_msgs/msg/ObstacleArrayMsg.msg
[2.908s] -- Up-to-date symlink: /home/allen/rm_ws/install/costmap_converter_msgs/share/ament_index/resource_index/package_run_dependencies/costmap_converter_msgs
[2.910s] -- Up-to-date symlink: /home/allen/rm_ws/install/costmap_converter_msgs/share/ament_index/resource_index/parent_prefix_path/costmap_converter_msgs
[2.911s] -- Up-to-date symlink: /home/allen/rm_ws/install/costmap_converter_msgs/share/costmap_converter_msgs/environment/ament_prefix_path.sh
[2.913s] -- Up-to-date symlink: /home/allen/rm_ws/install/costmap_converter_msgs/share/costmap_converter_msgs/environment/ament_prefix_path.dsv
[2.914s] -- Up-to-date symlink: /home/allen/rm_ws/install/costmap_converter_msgs/share/costmap_converter_msgs/environment/path.sh
[2.915s] -- Up-to-date symlink: /home/allen/rm_ws/install/costmap_converter_msgs/share/costmap_converter_msgs/environment/path.dsv
[2.916s] -- Up-to-date symlink: /home/allen/rm_ws/install/costmap_converter_msgs/share/costmap_converter_msgs/local_setup.bash
[2.917s] -- Up-to-date symlink: /home/allen/rm_ws/install/costmap_converter_msgs/share/costmap_converter_msgs/local_setup.sh
[2.918s] -- Up-to-date symlink: /home/allen/rm_ws/install/costmap_converter_msgs/share/costmap_converter_msgs/local_setup.zsh
[2.919s] -- Up-to-date symlink: /home/allen/rm_ws/install/costmap_converter_msgs/share/costmap_converter_msgs/local_setup.dsv
[2.921s] -- Symlinking: /home/allen/rm_ws/install/costmap_converter_msgs/share/costmap_converter_msgs/package.dsv
[2.963s] -- Up-to-date symlink: /home/allen/rm_ws/install/costmap_converter_msgs/share/ament_index/resource_index/packages/costmap_converter_msgs
[2.968s] -- Up-to-date symlink: /home/allen/rm_ws/install/costmap_converter_msgs/share/costmap_converter_msgs/cmake/rosidl_cmake-extras.cmake
[2.968s] -- Up-to-date symlink: /home/allen/rm_ws/install/costmap_converter_msgs/share/costmap_converter_msgs/cmake/ament_cmake_export_dependencies-extras.cmake
[2.968s] -- Up-to-date symlink: /home/allen/rm_ws/install/costmap_converter_msgs/share/costmap_converter_msgs/cmake/ament_cmake_export_include_directories-extras.cmake
[2.968s] -- Up-to-date symlink: /home/allen/rm_ws/install/costmap_converter_msgs/share/costmap_converter_msgs/cmake/ament_cmake_export_libraries-extras.cmake
[2.969s] -- Up-to-date symlink: /home/allen/rm_ws/install/costmap_converter_msgs/share/costmap_converter_msgs/cmake/ament_cmake_export_targets-extras.cmake
[2.969s] -- Up-to-date symlink: /home/allen/rm_ws/install/costmap_converter_msgs/share/costmap_converter_msgs/cmake/rosidl_cmake_export_typesupport_targets-extras.cmake
[2.969s] -- Up-to-date symlink: /home/allen/rm_ws/install/costmap_converter_msgs/share/costmap_converter_msgs/cmake/rosidl_cmake_export_typesupport_libraries-extras.cmake
[2.969s] -- Up-to-date symlink: /home/allen/rm_ws/install/costmap_converter_msgs/share/costmap_converter_msgs/cmake/costmap_converter_msgsConfig.cmake
[2.970s] -- Up-to-date symlink: /home/allen/rm_ws/install/costmap_converter_msgs/share/costmap_converter_msgs/cmake/costmap_converter_msgsConfig-version.cmake
[2.973s] -- Up-to-date symlink: /home/allen/rm_ws/install/costmap_converter_msgs/share/costmap_converter_msgs/package.xml
[2.976s] -- Up-to-date: /home/allen/rm_ws/install/costmap_converter_msgs/lib/libcostmap_converter_msgs__rosidl_generator_c.so
[2.979s] -- Up-to-date: /home/allen/rm_ws/install/costmap_converter_msgs/lib/libcostmap_converter_msgs__rosidl_typesupport_fastrtps_c.so
[2.983s] -- Up-to-date: /home/allen/rm_ws/install/costmap_converter_msgs/lib/libcostmap_converter_msgs__rosidl_typesupport_fastrtps_cpp.so
[2.985s] -- Up-to-date: /home/allen/rm_ws/install/costmap_converter_msgs/lib/libcostmap_converter_msgs__rosidl_typesupport_introspection_c.so
[2.987s] -- Up-to-date: /home/allen/rm_ws/install/costmap_converter_msgs/lib/libcostmap_converter_msgs__rosidl_typesupport_c.so
[2.989s] -- Up-to-date: /home/allen/rm_ws/install/costmap_converter_msgs/lib/libcostmap_converter_msgs__rosidl_typesupport_introspection_cpp.so
[2.993s] -- Up-to-date: /home/allen/rm_ws/install/costmap_converter_msgs/lib/libcostmap_converter_msgs__rosidl_typesupport_cpp.so
[3.070s] Listing '/home/allen/rm_ws/install/costmap_converter_msgs/local/lib/python3.10/dist-packages/costmap_converter_msgs'...
[3.070s] Listing '/home/allen/rm_ws/install/costmap_converter_msgs/local/lib/python3.10/dist-packages/costmap_converter_msgs/msg'...
[3.079s] -- Up-to-date: /home/allen/rm_ws/install/costmap_converter_msgs/lib/libcostmap_converter_msgs__rosidl_generator_py.so
[3.085s] -- Up-to-date: /home/allen/rm_ws/install/costmap_converter_msgs/share/costmap_converter_msgs/cmake/export_costmap_converter_msgs__rosidl_generator_cExport.cmake
[3.086s] -- Up-to-date: /home/allen/rm_ws/install/costmap_converter_msgs/share/costmap_converter_msgs/cmake/export_costmap_converter_msgs__rosidl_generator_cExport-noconfig.cmake
[3.087s] -- Up-to-date: /home/allen/rm_ws/install/costmap_converter_msgs/share/costmap_converter_msgs/cmake/export_costmap_converter_msgs__rosidl_typesupport_fastrtps_cExport.cmake
[3.089s] -- Up-to-date: /home/allen/rm_ws/install/costmap_converter_msgs/share/costmap_converter_msgs/cmake/export_costmap_converter_msgs__rosidl_typesupport_fastrtps_cExport-noconfig.cmake
[3.089s] -- Up-to-date: /home/allen/rm_ws/install/costmap_converter_msgs/share/costmap_converter_msgs/cmake/export_costmap_converter_msgs__rosidl_generator_cppExport.cmake
[3.090s] -- Up-to-date: /home/allen/rm_ws/install/costmap_converter_msgs/share/costmap_converter_msgs/cmake/export_costmap_converter_msgs__rosidl_typesupport_fastrtps_cppExport.cmake
[3.091s] -- Up-to-date: /home/allen/rm_ws/install/costmap_converter_msgs/share/costmap_converter_msgs/cmake/export_costmap_converter_msgs__rosidl_typesupport_fastrtps_cppExport-noconfig.cmake
[3.091s] -- Up-to-date: /home/allen/rm_ws/install/costmap_converter_msgs/share/costmap_converter_msgs/cmake/costmap_converter_msgs__rosidl_typesupport_introspection_cExport.cmake
[3.092s] -- Up-to-date: /home/allen/rm_ws/install/costmap_converter_msgs/share/costmap_converter_msgs/cmake/costmap_converter_msgs__rosidl_typesupport_introspection_cExport-noconfig.cmake
[3.093s] -- Up-to-date: /home/allen/rm_ws/install/costmap_converter_msgs/share/costmap_converter_msgs/cmake/costmap_converter_msgs__rosidl_typesupport_cExport.cmake
[3.093s] -- Up-to-date: /home/allen/rm_ws/install/costmap_converter_msgs/share/costmap_converter_msgs/cmake/costmap_converter_msgs__rosidl_typesupport_cExport-noconfig.cmake
[3.094s] -- Up-to-date: /home/allen/rm_ws/install/costmap_converter_msgs/share/costmap_converter_msgs/cmake/costmap_converter_msgs__rosidl_typesupport_introspection_cppExport.cmake
[3.095s] -- Up-to-date: /home/allen/rm_ws/install/costmap_converter_msgs/share/costmap_converter_msgs/cmake/costmap_converter_msgs__rosidl_typesupport_introspection_cppExport-noconfig.cmake
[3.096s] -- Up-to-date: /home/allen/rm_ws/install/costmap_converter_msgs/share/costmap_converter_msgs/cmake/costmap_converter_msgs__rosidl_typesupport_cppExport.cmake
[3.096s] -- Up-to-date: /home/allen/rm_ws/install/costmap_converter_msgs/share/costmap_converter_msgs/cmake/costmap_converter_msgs__rosidl_typesupport_cppExport-noconfig.cmake
[3.098s] -- Up-to-date: /home/allen/rm_ws/install/costmap_converter_msgs/share/costmap_converter_msgs/cmake/export_costmap_converter_msgs__rosidl_generator_pyExport.cmake
[3.098s] -- Up-to-date: /home/allen/rm_ws/install/costmap_converter_msgs/share/costmap_converter_msgs/cmake/export_costmap_converter_msgs__rosidl_generator_pyExport-noconfig.cmake
[3.106s] Invoked command in '/home/allen/rm_ws/build/costmap_converter_msgs' returned '0': CMAKE_PREFIX_PATH=${CMAKE_PREFIX_PATH}:/opt/ros/humble /usr/bin/cmake --install /home/allen/rm_ws/build/costmap_converter_msgs
