[0.042s] Invoking command in '/home/allen/rm_ws/build/teb_msgs': CMAKE_PREFIX_PATH=/home/allen/rm_ws/install/costmap_converter_msgs:/home/allen/rm_ws/install/ros2_livox_simulation:/home/allen/rm_ws/install/livox_ros_driver2:/home/allen/rm_ws/install/teb_local_planner:/home/allen/rm_ws/install/teb_msgs:/home/allen/rm_ws/install/rmoss_gz_plugins:/home/allen/rm_ws/install/rmbot2:/home/allen/rm_ws/install/rm_navigation:/home/allen/rm_ws/install/rm_nav_bringup:/home/allen/rm_ws/install/fake_vel_transform:/home/allen/rm_ws/install/costmap_converter:/opt/ros/humble LD_LIBRARY_PATH=/home/allen/rm_ws/install/costmap_converter_msgs/lib:/home/allen/rm_ws/install/ros2_livox_simulation/lib:/home/allen/rm_ws/install/livox_ros_driver2/lib:/home/allen/rm_ws/install/teb_local_planner/lib:/home/allen/rm_ws/install/teb_msgs/lib:/home/allen/rm_ws/install/fake_vel_transform/lib:/home/allen/rm_ws/install/costmap_converter/lib:/usr/lib/x86_64-linux-gnu/gazebo-11/plugins:/opt/ros/humble/opt/rviz_ogre_vendor/lib:/opt/ros/humble/lib/x86_64-linux-gnu:/opt/ros/humble/opt/openvdb_vendor/lib:/opt/ros/humble/lib:/usr/local/lib:/usr/local/lib:/usr/local/lib:/usr/local/lib /usr/bin/cmake --build /home/allen/rm_ws/build/teb_msgs -- -j2 -l2
[0.263s] [  2%] Built target teb_msgs__cpp
[0.311s] [ 12%] Built target teb_msgs__rosidl_generator_c
[0.431s] [ 12%] Built target ament_cmake_python_symlink_teb_msgs
[0.451s] [ 23%] Built target teb_msgs__rosidl_typesupport_cpp
[0.559s] [ 34%] Built target teb_msgs__rosidl_typesupport_fastrtps_c
[0.634s] [ 44%] Built target teb_msgs__rosidl_typesupport_fastrtps_cpp
[0.749s] [ 55%] Built target teb_msgs__rosidl_typesupport_introspection_c
[0.807s] [ 65%] Built target teb_msgs__rosidl_typesupport_c
[0.862s] [ 76%] Built target teb_msgs__rosidl_typesupport_introspection_cpp
[1.002s] [ 76%] Built target teb_msgs
[1.137s] [ 78%] Built target teb_msgs__py
[1.315s] [ 87%] Built target teb_msgs__rosidl_generator_py
[1.500s] [ 91%] Built target teb_msgs__rosidl_typesupport_fastrtps_c__pyext
[1.677s] [ 95%] Built target teb_msgs__rosidl_typesupport_introspection_c__pyext
[1.741s] running egg_info
[1.742s] writing teb_msgs.egg-info/PKG-INFO
[1.745s] writing dependency_links to teb_msgs.egg-info/dependency_links.txt
[1.745s] writing top-level names to teb_msgs.egg-info/top_level.txt
[1.754s] reading manifest file 'teb_msgs.egg-info/SOURCES.txt'
[1.755s] writing manifest file 'teb_msgs.egg-info/SOURCES.txt'
[1.850s] [100%] Built target teb_msgs__rosidl_typesupport_c__pyext
[1.862s] [100%] Built target ament_cmake_python_build_teb_msgs_egg
[1.935s] Invoked command in '/home/allen/rm_ws/build/teb_msgs' returned '0': CMAKE_PREFIX_PATH=/home/allen/rm_ws/install/costmap_converter_msgs:/home/allen/rm_ws/install/ros2_livox_simulation:/home/allen/rm_ws/install/livox_ros_driver2:/home/allen/rm_ws/install/teb_local_planner:/home/allen/rm_ws/install/teb_msgs:/home/allen/rm_ws/install/rmoss_gz_plugins:/home/allen/rm_ws/install/rmbot2:/home/allen/rm_ws/install/rm_navigation:/home/allen/rm_ws/install/rm_nav_bringup:/home/allen/rm_ws/install/fake_vel_transform:/home/allen/rm_ws/install/costmap_converter:/opt/ros/humble LD_LIBRARY_PATH=/home/allen/rm_ws/install/costmap_converter_msgs/lib:/home/allen/rm_ws/install/ros2_livox_simulation/lib:/home/allen/rm_ws/install/livox_ros_driver2/lib:/home/allen/rm_ws/install/teb_local_planner/lib:/home/allen/rm_ws/install/teb_msgs/lib:/home/allen/rm_ws/install/fake_vel_transform/lib:/home/allen/rm_ws/install/costmap_converter/lib:/usr/lib/x86_64-linux-gnu/gazebo-11/plugins:/opt/ros/humble/opt/rviz_ogre_vendor/lib:/opt/ros/humble/lib/x86_64-linux-gnu:/opt/ros/humble/opt/openvdb_vendor/lib:/opt/ros/humble/lib:/usr/local/lib:/usr/local/lib:/usr/local/lib:/usr/local/lib /usr/bin/cmake --build /home/allen/rm_ws/build/teb_msgs -- -j2 -l2
[1.940s] Invoking command in '/home/allen/rm_ws/build/teb_msgs': CMAKE_PREFIX_PATH=/home/allen/rm_ws/install/costmap_converter_msgs:/home/allen/rm_ws/install/ros2_livox_simulation:/home/allen/rm_ws/install/livox_ros_driver2:/home/allen/rm_ws/install/teb_local_planner:/home/allen/rm_ws/install/teb_msgs:/home/allen/rm_ws/install/rmoss_gz_plugins:/home/allen/rm_ws/install/rmbot2:/home/allen/rm_ws/install/rm_navigation:/home/allen/rm_ws/install/rm_nav_bringup:/home/allen/rm_ws/install/fake_vel_transform:/home/allen/rm_ws/install/costmap_converter:/opt/ros/humble LD_LIBRARY_PATH=/home/allen/rm_ws/install/costmap_converter_msgs/lib:/home/allen/rm_ws/install/ros2_livox_simulation/lib:/home/allen/rm_ws/install/livox_ros_driver2/lib:/home/allen/rm_ws/install/teb_local_planner/lib:/home/allen/rm_ws/install/teb_msgs/lib:/home/allen/rm_ws/install/fake_vel_transform/lib:/home/allen/rm_ws/install/costmap_converter/lib:/usr/lib/x86_64-linux-gnu/gazebo-11/plugins:/opt/ros/humble/opt/rviz_ogre_vendor/lib:/opt/ros/humble/lib/x86_64-linux-gnu:/opt/ros/humble/opt/openvdb_vendor/lib:/opt/ros/humble/lib:/usr/local/lib:/usr/local/lib:/usr/local/lib:/usr/local/lib /usr/bin/cmake --install /home/allen/rm_ws/build/teb_msgs
[1.984s] -- Install configuration: ""
[1.990s] -- Execute custom install script
[1.994s] -- Up-to-date symlink: /home/allen/rm_ws/install/teb_msgs/share/ament_index/resource_index/rosidl_interfaces/teb_msgs
[1.997s] -- Up-to-date symlink: /home/allen/rm_ws/install/teb_msgs/include/teb_msgs/teb_msgs/msg/detail/feedback_msg__functions.h
[2.003s] -- Up-to-date symlink: /home/allen/rm_ws/install/teb_msgs/include/teb_msgs/teb_msgs/msg/detail/feedback_msg__struct.h
[2.003s] -- Up-to-date symlink: /home/allen/rm_ws/install/teb_msgs/include/teb_msgs/teb_msgs/msg/detail/feedback_msg__type_support.h
[2.008s] -- Up-to-date symlink: /home/allen/rm_ws/install/teb_msgs/include/teb_msgs/teb_msgs/msg/detail/trajectory_msg__functions.h
[2.009s] -- Up-to-date symlink: /home/allen/rm_ws/install/teb_msgs/include/teb_msgs/teb_msgs/msg/detail/trajectory_msg__struct.h
[2.010s] -- Up-to-date symlink: /home/allen/rm_ws/install/teb_msgs/include/teb_msgs/teb_msgs/msg/detail/trajectory_msg__type_support.h
[2.013s] -- Up-to-date symlink: /home/allen/rm_ws/install/teb_msgs/include/teb_msgs/teb_msgs/msg/detail/trajectory_point_msg__functions.h
[2.013s] -- Up-to-date symlink: /home/allen/rm_ws/install/teb_msgs/include/teb_msgs/teb_msgs/msg/detail/trajectory_point_msg__struct.h
[2.014s] -- Up-to-date symlink: /home/allen/rm_ws/install/teb_msgs/include/teb_msgs/teb_msgs/msg/detail/trajectory_point_msg__type_support.h
[2.015s] -- Up-to-date symlink: /home/allen/rm_ws/install/teb_msgs/include/teb_msgs/teb_msgs/msg/feedback_msg.h
[2.016s] -- Up-to-date symlink: /home/allen/rm_ws/install/teb_msgs/include/teb_msgs/teb_msgs/msg/rosidl_generator_c__visibility_control.h
[2.017s] -- Up-to-date symlink: /home/allen/rm_ws/install/teb_msgs/include/teb_msgs/teb_msgs/msg/trajectory_msg.h
[2.018s] -- Up-to-date symlink: /home/allen/rm_ws/install/teb_msgs/include/teb_msgs/teb_msgs/msg/trajectory_point_msg.h
[2.021s] -- Up-to-date symlink: /home/allen/rm_ws/install/teb_msgs/share/teb_msgs/environment/library_path.sh
[2.021s] -- Up-to-date symlink: /home/allen/rm_ws/install/teb_msgs/share/teb_msgs/environment/library_path.dsv
[2.022s] -- Up-to-date symlink: /home/allen/rm_ws/install/teb_msgs/include/teb_msgs/teb_msgs/msg/detail/feedback_msg__rosidl_typesupport_fastrtps_c.h
[2.023s] -- Up-to-date symlink: /home/allen/rm_ws/install/teb_msgs/include/teb_msgs/teb_msgs/msg/detail/trajectory_msg__rosidl_typesupport_fastrtps_c.h
[2.024s] -- Up-to-date symlink: /home/allen/rm_ws/install/teb_msgs/include/teb_msgs/teb_msgs/msg/detail/trajectory_point_msg__rosidl_typesupport_fastrtps_c.h
[2.025s] -- Up-to-date symlink: /home/allen/rm_ws/install/teb_msgs/include/teb_msgs/teb_msgs/msg/rosidl_typesupport_fastrtps_c__visibility_control.h
[2.027s] -- Up-to-date symlink: /home/allen/rm_ws/install/teb_msgs/include/teb_msgs/teb_msgs/msg/detail/feedback_msg__builder.hpp
[2.028s] -- Up-to-date symlink: /home/allen/rm_ws/install/teb_msgs/include/teb_msgs/teb_msgs/msg/detail/feedback_msg__struct.hpp
[2.029s] -- Up-to-date symlink: /home/allen/rm_ws/install/teb_msgs/include/teb_msgs/teb_msgs/msg/detail/feedback_msg__traits.hpp
[2.030s] -- Up-to-date symlink: /home/allen/rm_ws/install/teb_msgs/include/teb_msgs/teb_msgs/msg/detail/feedback_msg__type_support.hpp
[2.031s] -- Up-to-date symlink: /home/allen/rm_ws/install/teb_msgs/include/teb_msgs/teb_msgs/msg/detail/trajectory_msg__builder.hpp
[2.032s] -- Up-to-date symlink: /home/allen/rm_ws/install/teb_msgs/include/teb_msgs/teb_msgs/msg/detail/trajectory_msg__struct.hpp
[2.032s] -- Up-to-date symlink: /home/allen/rm_ws/install/teb_msgs/include/teb_msgs/teb_msgs/msg/detail/trajectory_msg__traits.hpp
[2.034s] -- Up-to-date symlink: /home/allen/rm_ws/install/teb_msgs/include/teb_msgs/teb_msgs/msg/detail/trajectory_msg__type_support.hpp
[2.035s] -- Up-to-date symlink: /home/allen/rm_ws/install/teb_msgs/include/teb_msgs/teb_msgs/msg/detail/trajectory_point_msg__builder.hpp
[2.036s] -- Up-to-date symlink: /home/allen/rm_ws/install/teb_msgs/include/teb_msgs/teb_msgs/msg/detail/trajectory_point_msg__struct.hpp
[2.038s] -- Up-to-date symlink: /home/allen/rm_ws/install/teb_msgs/include/teb_msgs/teb_msgs/msg/detail/trajectory_point_msg__traits.hpp
[2.038s] -- Up-to-date symlink: /home/allen/rm_ws/install/teb_msgs/include/teb_msgs/teb_msgs/msg/detail/trajectory_point_msg__type_support.hpp
[2.040s] -- Up-to-date symlink: /home/allen/rm_ws/install/teb_msgs/include/teb_msgs/teb_msgs/msg/feedback_msg.hpp
[2.040s] -- Up-to-date symlink: /home/allen/rm_ws/install/teb_msgs/include/teb_msgs/teb_msgs/msg/rosidl_generator_cpp__visibility_control.hpp
[2.042s] -- Up-to-date symlink: /home/allen/rm_ws/install/teb_msgs/include/teb_msgs/teb_msgs/msg/trajectory_msg.hpp
[2.042s] -- Up-to-date symlink: /home/allen/rm_ws/install/teb_msgs/include/teb_msgs/teb_msgs/msg/trajectory_point_msg.hpp
[2.042s] -- Up-to-date symlink: /home/allen/rm_ws/install/teb_msgs/include/teb_msgs/teb_msgs/msg/detail/feedback_msg__rosidl_typesupport_fastrtps_cpp.hpp
[2.043s] -- Up-to-date symlink: /home/allen/rm_ws/install/teb_msgs/include/teb_msgs/teb_msgs/msg/detail/trajectory_msg__rosidl_typesupport_fastrtps_cpp.hpp
[2.044s] -- Up-to-date symlink: /home/allen/rm_ws/install/teb_msgs/include/teb_msgs/teb_msgs/msg/detail/trajectory_point_msg__rosidl_typesupport_fastrtps_cpp.hpp
[2.045s] -- Up-to-date symlink: /home/allen/rm_ws/install/teb_msgs/include/teb_msgs/teb_msgs/msg/rosidl_typesupport_fastrtps_cpp__visibility_control.h
[2.047s] -- Up-to-date symlink: /home/allen/rm_ws/install/teb_msgs/include/teb_msgs/teb_msgs/msg/detail/feedback_msg__rosidl_typesupport_introspection_c.h
[2.049s] -- Up-to-date symlink: /home/allen/rm_ws/install/teb_msgs/include/teb_msgs/teb_msgs/msg/detail/trajectory_msg__rosidl_typesupport_introspection_c.h
[2.049s] -- Up-to-date symlink: /home/allen/rm_ws/install/teb_msgs/include/teb_msgs/teb_msgs/msg/detail/trajectory_point_msg__rosidl_typesupport_introspection_c.h
[2.050s] -- Up-to-date symlink: /home/allen/rm_ws/install/teb_msgs/include/teb_msgs/teb_msgs/msg/rosidl_typesupport_introspection_c__visibility_control.h
[2.052s] -- Up-to-date symlink: /home/allen/rm_ws/install/teb_msgs/include/teb_msgs/teb_msgs/msg/detail/feedback_msg__rosidl_typesupport_introspection_cpp.hpp
[2.053s] -- Up-to-date symlink: /home/allen/rm_ws/install/teb_msgs/include/teb_msgs/teb_msgs/msg/detail/trajectory_msg__rosidl_typesupport_introspection_cpp.hpp
[2.053s] -- Up-to-date symlink: /home/allen/rm_ws/install/teb_msgs/include/teb_msgs/teb_msgs/msg/detail/trajectory_point_msg__rosidl_typesupport_introspection_cpp.hpp
[2.055s] -- Up-to-date symlink: /home/allen/rm_ws/install/teb_msgs/share/teb_msgs/environment/pythonpath.sh
[2.055s] -- Up-to-date symlink: /home/allen/rm_ws/install/teb_msgs/share/teb_msgs/environment/pythonpath.dsv
[2.057s] -- Up-to-date symlink: /home/allen/rm_ws/install/teb_msgs/local/lib/python3.10/dist-packages/teb_msgs-0.0.1-py3.10.egg-info/PKG-INFO
[2.057s] -- Up-to-date symlink: /home/allen/rm_ws/install/teb_msgs/local/lib/python3.10/dist-packages/teb_msgs-0.0.1-py3.10.egg-info/SOURCES.txt
[2.058s] -- Up-to-date symlink: /home/allen/rm_ws/install/teb_msgs/local/lib/python3.10/dist-packages/teb_msgs-0.0.1-py3.10.egg-info/dependency_links.txt
[2.059s] -- Up-to-date symlink: /home/allen/rm_ws/install/teb_msgs/local/lib/python3.10/dist-packages/teb_msgs-0.0.1-py3.10.egg-info/top_level.txt
[2.062s] -- Up-to-date symlink: /home/allen/rm_ws/install/teb_msgs/local/lib/python3.10/dist-packages/teb_msgs/__init__.py
[2.062s] -- Up-to-date symlink: /home/allen/rm_ws/install/teb_msgs/local/lib/python3.10/dist-packages/teb_msgs/_teb_msgs_s.ep.rosidl_typesupport_c.c
[2.064s] -- Up-to-date symlink: /home/allen/rm_ws/install/teb_msgs/local/lib/python3.10/dist-packages/teb_msgs/_teb_msgs_s.ep.rosidl_typesupport_fastrtps_c.c
[2.064s] -- Up-to-date symlink: /home/allen/rm_ws/install/teb_msgs/local/lib/python3.10/dist-packages/teb_msgs/_teb_msgs_s.ep.rosidl_typesupport_introspection_c.c
[2.065s] -- Up-to-date symlink: /home/allen/rm_ws/install/teb_msgs/local/lib/python3.10/dist-packages/teb_msgs/libteb_msgs__rosidl_generator_py.so
[2.066s] -- Up-to-date symlink: /home/allen/rm_ws/install/teb_msgs/local/lib/python3.10/dist-packages/teb_msgs/msg/__init__.py
[2.067s] -- Up-to-date symlink: /home/allen/rm_ws/install/teb_msgs/local/lib/python3.10/dist-packages/teb_msgs/msg/_feedback_msg.py
[2.068s] -- Up-to-date symlink: /home/allen/rm_ws/install/teb_msgs/local/lib/python3.10/dist-packages/teb_msgs/msg/_feedback_msg_s.c
[2.069s] -- Up-to-date symlink: /home/allen/rm_ws/install/teb_msgs/local/lib/python3.10/dist-packages/teb_msgs/msg/_trajectory_msg.py
[2.070s] -- Up-to-date symlink: /home/allen/rm_ws/install/teb_msgs/local/lib/python3.10/dist-packages/teb_msgs/msg/_trajectory_msg_s.c
[2.070s] -- Up-to-date symlink: /home/allen/rm_ws/install/teb_msgs/local/lib/python3.10/dist-packages/teb_msgs/msg/_trajectory_point_msg.py
[2.076s] -- Up-to-date symlink: /home/allen/rm_ws/install/teb_msgs/local/lib/python3.10/dist-packages/teb_msgs/msg/_trajectory_point_msg_s.c
[2.076s] -- Up-to-date symlink: /home/allen/rm_ws/install/teb_msgs/local/lib/python3.10/dist-packages/teb_msgs/teb_msgs_s__rosidl_typesupport_c.cpython-310-x86_64-linux-gnu.so
[2.076s] -- Up-to-date symlink: /home/allen/rm_ws/install/teb_msgs/local/lib/python3.10/dist-packages/teb_msgs/teb_msgs_s__rosidl_typesupport_fastrtps_c.cpython-310-x86_64-linux-gnu.so
[2.076s] -- Up-to-date symlink: /home/allen/rm_ws/install/teb_msgs/local/lib/python3.10/dist-packages/teb_msgs/teb_msgs_s__rosidl_typesupport_introspection_c.cpython-310-x86_64-linux-gnu.so
[2.077s] -- Up-to-date symlink: /home/allen/rm_ws/install/teb_msgs/local/lib/python3.10/dist-packages/teb_msgs/teb_msgs_s__rosidl_typesupport_fastrtps_c.cpython-310-x86_64-linux-gnu.so
[2.078s] -- Up-to-date symlink: /home/allen/rm_ws/install/teb_msgs/local/lib/python3.10/dist-packages/teb_msgs/teb_msgs_s__rosidl_typesupport_introspection_c.cpython-310-x86_64-linux-gnu.so
[2.080s] -- Up-to-date symlink: /home/allen/rm_ws/install/teb_msgs/local/lib/python3.10/dist-packages/teb_msgs/teb_msgs_s__rosidl_typesupport_c.cpython-310-x86_64-linux-gnu.so
[2.081s] -- Up-to-date symlink: /home/allen/rm_ws/install/teb_msgs/share/teb_msgs/msg/FeedbackMsg.idl
[2.082s] -- Up-to-date symlink: /home/allen/rm_ws/install/teb_msgs/share/teb_msgs/msg/TrajectoryMsg.idl
[2.083s] -- Up-to-date symlink: /home/allen/rm_ws/install/teb_msgs/share/teb_msgs/msg/TrajectoryPointMsg.idl
[2.084s] -- Up-to-date symlink: /home/allen/rm_ws/install/teb_msgs/share/teb_msgs/msg/FeedbackMsg.msg
[2.085s] -- Up-to-date symlink: /home/allen/rm_ws/install/teb_msgs/share/teb_msgs/msg/TrajectoryMsg.msg
[2.086s] -- Up-to-date symlink: /home/allen/rm_ws/install/teb_msgs/share/teb_msgs/msg/TrajectoryPointMsg.msg
[2.088s] -- Up-to-date symlink: /home/allen/rm_ws/install/teb_msgs/share/ament_index/resource_index/package_run_dependencies/teb_msgs
[2.088s] -- Up-to-date symlink: /home/allen/rm_ws/install/teb_msgs/share/ament_index/resource_index/parent_prefix_path/teb_msgs
[2.089s] -- Up-to-date symlink: /home/allen/rm_ws/install/teb_msgs/share/teb_msgs/environment/ament_prefix_path.sh
[2.090s] -- Up-to-date symlink: /home/allen/rm_ws/install/teb_msgs/share/teb_msgs/environment/ament_prefix_path.dsv
[2.092s] -- Up-to-date symlink: /home/allen/rm_ws/install/teb_msgs/share/teb_msgs/environment/path.sh
[2.092s] -- Up-to-date symlink: /home/allen/rm_ws/install/teb_msgs/share/teb_msgs/environment/path.dsv
[2.093s] -- Up-to-date symlink: /home/allen/rm_ws/install/teb_msgs/share/teb_msgs/local_setup.bash
[2.094s] -- Up-to-date symlink: /home/allen/rm_ws/install/teb_msgs/share/teb_msgs/local_setup.sh
[2.095s] -- Up-to-date symlink: /home/allen/rm_ws/install/teb_msgs/share/teb_msgs/local_setup.zsh
[2.095s] -- Up-to-date symlink: /home/allen/rm_ws/install/teb_msgs/share/teb_msgs/local_setup.dsv
[2.097s] -- Symlinking: /home/allen/rm_ws/install/teb_msgs/share/teb_msgs/package.dsv
[2.126s] -- Up-to-date symlink: /home/allen/rm_ws/install/teb_msgs/share/ament_index/resource_index/packages/teb_msgs
[2.127s] -- Up-to-date symlink: /home/allen/rm_ws/install/teb_msgs/share/teb_msgs/cmake/rosidl_cmake-extras.cmake
[2.128s] -- Up-to-date symlink: /home/allen/rm_ws/install/teb_msgs/share/teb_msgs/cmake/ament_cmake_export_dependencies-extras.cmake
[2.129s] -- Up-to-date symlink: /home/allen/rm_ws/install/teb_msgs/share/teb_msgs/cmake/ament_cmake_export_include_directories-extras.cmake
[2.130s] -- Up-to-date symlink: /home/allen/rm_ws/install/teb_msgs/share/teb_msgs/cmake/ament_cmake_export_libraries-extras.cmake
[2.131s] -- Up-to-date symlink: /home/allen/rm_ws/install/teb_msgs/share/teb_msgs/cmake/ament_cmake_export_targets-extras.cmake
[2.132s] -- Up-to-date symlink: /home/allen/rm_ws/install/teb_msgs/share/teb_msgs/cmake/rosidl_cmake_export_typesupport_targets-extras.cmake
[2.133s] -- Up-to-date symlink: /home/allen/rm_ws/install/teb_msgs/share/teb_msgs/cmake/rosidl_cmake_export_typesupport_libraries-extras.cmake
[2.134s] -- Up-to-date symlink: /home/allen/rm_ws/install/teb_msgs/share/teb_msgs/cmake/teb_msgsConfig.cmake
[2.135s] -- Up-to-date symlink: /home/allen/rm_ws/install/teb_msgs/share/teb_msgs/cmake/teb_msgsConfig-version.cmake
[2.136s] -- Up-to-date symlink: /home/allen/rm_ws/install/teb_msgs/share/teb_msgs/package.xml
[2.138s] -- Up-to-date: /home/allen/rm_ws/install/teb_msgs/lib/libteb_msgs__rosidl_generator_c.so
[2.141s] -- Up-to-date: /home/allen/rm_ws/install/teb_msgs/lib/libteb_msgs__rosidl_typesupport_fastrtps_c.so
[2.143s] -- Up-to-date: /home/allen/rm_ws/install/teb_msgs/lib/libteb_msgs__rosidl_typesupport_fastrtps_cpp.so
[2.147s] -- Up-to-date: /home/allen/rm_ws/install/teb_msgs/lib/libteb_msgs__rosidl_typesupport_introspection_c.so
[2.149s] -- Up-to-date: /home/allen/rm_ws/install/teb_msgs/lib/libteb_msgs__rosidl_typesupport_c.so
[2.152s] -- Up-to-date: /home/allen/rm_ws/install/teb_msgs/lib/libteb_msgs__rosidl_typesupport_introspection_cpp.so
[2.154s] -- Up-to-date: /home/allen/rm_ws/install/teb_msgs/lib/libteb_msgs__rosidl_typesupport_cpp.so
[2.213s] Listing '/home/allen/rm_ws/install/teb_msgs/local/lib/python3.10/dist-packages/teb_msgs'...
[2.215s] Listing '/home/allen/rm_ws/install/teb_msgs/local/lib/python3.10/dist-packages/teb_msgs/msg'...
[2.221s] -- Up-to-date: /home/allen/rm_ws/install/teb_msgs/lib/libteb_msgs__rosidl_generator_py.so
[2.223s] -- Up-to-date: /home/allen/rm_ws/install/teb_msgs/share/teb_msgs/cmake/export_teb_msgs__rosidl_generator_cExport.cmake
[2.224s] -- Up-to-date: /home/allen/rm_ws/install/teb_msgs/share/teb_msgs/cmake/export_teb_msgs__rosidl_generator_cExport-noconfig.cmake
[2.224s] -- Up-to-date: /home/allen/rm_ws/install/teb_msgs/share/teb_msgs/cmake/export_teb_msgs__rosidl_typesupport_fastrtps_cExport.cmake
[2.225s] -- Up-to-date: /home/allen/rm_ws/install/teb_msgs/share/teb_msgs/cmake/export_teb_msgs__rosidl_typesupport_fastrtps_cExport-noconfig.cmake
[2.226s] -- Up-to-date: /home/allen/rm_ws/install/teb_msgs/share/teb_msgs/cmake/export_teb_msgs__rosidl_generator_cppExport.cmake
[2.227s] -- Up-to-date: /home/allen/rm_ws/install/teb_msgs/share/teb_msgs/cmake/export_teb_msgs__rosidl_typesupport_fastrtps_cppExport.cmake
[2.227s] -- Up-to-date: /home/allen/rm_ws/install/teb_msgs/share/teb_msgs/cmake/export_teb_msgs__rosidl_typesupport_fastrtps_cppExport-noconfig.cmake
[2.229s] -- Up-to-date: /home/allen/rm_ws/install/teb_msgs/share/teb_msgs/cmake/teb_msgs__rosidl_typesupport_introspection_cExport.cmake
[2.229s] -- Up-to-date: /home/allen/rm_ws/install/teb_msgs/share/teb_msgs/cmake/teb_msgs__rosidl_typesupport_introspection_cExport-noconfig.cmake
[2.230s] -- Up-to-date: /home/allen/rm_ws/install/teb_msgs/share/teb_msgs/cmake/teb_msgs__rosidl_typesupport_cExport.cmake
[2.230s] -- Up-to-date: /home/allen/rm_ws/install/teb_msgs/share/teb_msgs/cmake/teb_msgs__rosidl_typesupport_cExport-noconfig.cmake
[2.230s] -- Up-to-date: /home/allen/rm_ws/install/teb_msgs/share/teb_msgs/cmake/teb_msgs__rosidl_typesupport_introspection_cppExport.cmake
[2.230s] -- Up-to-date: /home/allen/rm_ws/install/teb_msgs/share/teb_msgs/cmake/teb_msgs__rosidl_typesupport_introspection_cppExport-noconfig.cmake
[2.230s] -- Up-to-date: /home/allen/rm_ws/install/teb_msgs/share/teb_msgs/cmake/teb_msgs__rosidl_typesupport_cppExport.cmake
[2.231s] -- Up-to-date: /home/allen/rm_ws/install/teb_msgs/share/teb_msgs/cmake/teb_msgs__rosidl_typesupport_cppExport-noconfig.cmake
[2.232s] -- Up-to-date: /home/allen/rm_ws/install/teb_msgs/share/teb_msgs/cmake/export_teb_msgs__rosidl_generator_pyExport.cmake
[2.233s] -- Up-to-date: /home/allen/rm_ws/install/teb_msgs/share/teb_msgs/cmake/export_teb_msgs__rosidl_generator_pyExport-noconfig.cmake
[2.241s] Invoked command in '/home/allen/rm_ws/build/teb_msgs' returned '0': CMAKE_PREFIX_PATH=/home/allen/rm_ws/install/costmap_converter_msgs:/home/allen/rm_ws/install/ros2_livox_simulation:/home/allen/rm_ws/install/livox_ros_driver2:/home/allen/rm_ws/install/teb_local_planner:/home/allen/rm_ws/install/teb_msgs:/home/allen/rm_ws/install/rmoss_gz_plugins:/home/allen/rm_ws/install/rmbot2:/home/allen/rm_ws/install/rm_navigation:/home/allen/rm_ws/install/rm_nav_bringup:/home/allen/rm_ws/install/fake_vel_transform:/home/allen/rm_ws/install/costmap_converter:/opt/ros/humble LD_LIBRARY_PATH=/home/allen/rm_ws/install/costmap_converter_msgs/lib:/home/allen/rm_ws/install/ros2_livox_simulation/lib:/home/allen/rm_ws/install/livox_ros_driver2/lib:/home/allen/rm_ws/install/teb_local_planner/lib:/home/allen/rm_ws/install/teb_msgs/lib:/home/allen/rm_ws/install/fake_vel_transform/lib:/home/allen/rm_ws/install/costmap_converter/lib:/usr/lib/x86_64-linux-gnu/gazebo-11/plugins:/opt/ros/humble/opt/rviz_ogre_vendor/lib:/opt/ros/humble/lib/x86_64-linux-gnu:/opt/ros/humble/opt/openvdb_vendor/lib:/opt/ros/humble/lib:/usr/local/lib:/usr/local/lib:/usr/local/lib:/usr/local/lib /usr/bin/cmake --install /home/allen/rm_ws/build/teb_msgs
