[0.024s] Invoking command in '/home/allen/rm_ws/build/rmoss_gz_plugins': CMAKE_PREFIX_PATH=/opt/ros/humble /usr/bin/cmake --build /home/allen/rm_ws/build/rmoss_gz_plugins -- -j2 -l2
[0.147s] [35m[1mConsolidate compiler generated dependencies of target MecanumDrive2[0m
[0.205s] [ 33%] Built target MecanumDrive2
[0.237s] [35m[1mConsolidate compiler generated dependencies of target ProjectileShooter[0m
[0.294s] [ 66%] Built target ProjectileShooter
[0.324s] [35m[1mConsolidate compiler generated dependencies of target LightBarController[0m
[0.386s] [100%] Built target LightBarController
[0.415s] Invoked command in '/home/allen/rm_ws/build/rmoss_gz_plugins' returned '0': CMAKE_PREFIX_PATH=/opt/ros/humble /usr/bin/cmake --build /home/allen/rm_ws/build/rmoss_gz_plugins -- -j2 -l2
[0.417s] Invoking command in '/home/allen/rm_ws/build/rmoss_gz_plugins': CMAKE_PREFIX_PATH=/opt/ros/humble /usr/bin/cmake --install /home/allen/rm_ws/build/rmoss_gz_plugins
[0.442s] -- Install configuration: ""
[0.443s] -- Execute custom install script
[0.444s] -- Up-to-date symlink: /home/allen/rm_ws/install/rmoss_gz_plugins/plugins/libMecanumDrive2.so
[0.445s] -- Up-to-date symlink: /home/allen/rm_ws/install/rmoss_gz_plugins/plugins/libProjectileShooter.so
[0.446s] -- Up-to-date symlink: /home/allen/rm_ws/install/rmoss_gz_plugins/plugins/libLightBarController.so
[0.447s] -- Up-to-date symlink: /home/allen/rm_ws/install/rmoss_gz_plugins/share/rmoss_gz_plugins/environment/gazebo.dsv
[0.449s] -- Up-to-date symlink: /home/allen/rm_ws/install/rmoss_gz_plugins/share/ament_index/resource_index/package_run_dependencies/rmoss_gz_plugins
[0.449s] -- Up-to-date symlink: /home/allen/rm_ws/install/rmoss_gz_plugins/share/ament_index/resource_index/parent_prefix_path/rmoss_gz_plugins
[0.449s] -- Up-to-date symlink: /home/allen/rm_ws/install/rmoss_gz_plugins/share/rmoss_gz_plugins/environment/ament_prefix_path.sh
[0.449s] -- Up-to-date symlink: /home/allen/rm_ws/install/rmoss_gz_plugins/share/rmoss_gz_plugins/environment/ament_prefix_path.dsv
[0.449s] -- Up-to-date symlink: /home/allen/rm_ws/install/rmoss_gz_plugins/share/rmoss_gz_plugins/environment/path.sh
[0.450s] -- Up-to-date symlink: /home/allen/rm_ws/install/rmoss_gz_plugins/share/rmoss_gz_plugins/environment/path.dsv
[0.450s] -- Up-to-date symlink: /home/allen/rm_ws/install/rmoss_gz_plugins/share/rmoss_gz_plugins/local_setup.bash
[0.452s] -- Up-to-date symlink: /home/allen/rm_ws/install/rmoss_gz_plugins/share/rmoss_gz_plugins/local_setup.sh
[0.452s] -- Up-to-date symlink: /home/allen/rm_ws/install/rmoss_gz_plugins/share/rmoss_gz_plugins/local_setup.zsh
[0.453s] -- Up-to-date symlink: /home/allen/rm_ws/install/rmoss_gz_plugins/share/rmoss_gz_plugins/local_setup.dsv
[0.454s] -- Symlinking: /home/allen/rm_ws/install/rmoss_gz_plugins/share/rmoss_gz_plugins/package.dsv
[0.481s] -- Up-to-date symlink: /home/allen/rm_ws/install/rmoss_gz_plugins/share/ament_index/resource_index/packages/rmoss_gz_plugins
[0.482s] -- Up-to-date symlink: /home/allen/rm_ws/install/rmoss_gz_plugins/share/rmoss_gz_plugins/cmake/rmoss_gz_pluginsConfig.cmake
[0.483s] -- Up-to-date symlink: /home/allen/rm_ws/install/rmoss_gz_plugins/share/rmoss_gz_plugins/cmake/rmoss_gz_pluginsConfig-version.cmake
[0.485s] -- Up-to-date symlink: /home/allen/rm_ws/install/rmoss_gz_plugins/share/rmoss_gz_plugins/package.xml
[0.488s] Invoked command in '/home/allen/rm_ws/build/rmoss_gz_plugins' returned '0': CMAKE_PREFIX_PATH=/opt/ros/humble /usr/bin/cmake --install /home/allen/rm_ws/build/rmoss_gz_plugins
